[2024-11-28T13:45:33.132+0000] {local_task_job_runner.py:120} INFO - ::group::Pre task execution logs
[2024-11-28T13:45:33.226+0000] {taskinstance.py:2076} INFO - Dependencies all met for dep_context=non-requeueable deps ti=<TaskInstance: weather_data_kafka_dag.run_spark_kafka_to_parquet manual__2024-11-28T13:35:22.394205+00:00 [queued]>
[2024-11-28T13:45:33.250+0000] {taskinstance.py:2076} INFO - Dependencies all met for dep_context=requeueable deps ti=<TaskInstance: weather_data_kafka_dag.run_spark_kafka_to_parquet manual__2024-11-28T13:35:22.394205+00:00 [queued]>
[2024-11-28T13:45:33.259+0000] {taskinstance.py:2306} INFO - Starting attempt 3 of 4
[2024-11-28T13:45:33.295+0000] {taskinstance.py:2330} INFO - Executing <Task(BashOperator): run_spark_kafka_to_parquet> on 2024-11-28 13:35:22.394205+00:00
[2024-11-28T13:45:33.311+0000] {logging_mixin.py:188} WARNING - /home/***/.local/lib/python3.12/site-packages/***/task/task_runner/standard_task_runner.py:62 DeprecationWarning: This process (pid=10031) is multi-threaded, use of fork() may lead to deadlocks in the child.
[2024-11-28T13:45:33.308+0000] {standard_task_runner.py:90} INFO - Running: ['***', 'tasks', 'run', 'weather_data_kafka_dag', 'run_spark_kafka_to_parquet', 'manual__2024-11-28T13:35:22.394205+00:00', '--job-id', '116', '--raw', '--subdir', 'DAGS_FOLDER/kafka_stream.py', '--cfg-path', '/tmp/tmpf_3cd42r']
[2024-11-28T13:45:33.313+0000] {standard_task_runner.py:64} INFO - Started process 10035 to run task
[2024-11-28T13:45:33.314+0000] {standard_task_runner.py:91} INFO - Job 116: Subtask run_spark_kafka_to_parquet
[2024-11-28T13:45:33.418+0000] {task_command.py:426} INFO - Running <TaskInstance: weather_data_kafka_dag.run_spark_kafka_to_parquet manual__2024-11-28T13:35:22.394205+00:00 [running]> on host cc9ad6cea7ef
[2024-11-28T13:45:33.585+0000] {taskinstance.py:2648} INFO - Exporting env vars: AIRFLOW_CTX_DAG_OWNER='admin' AIRFLOW_CTX_DAG_ID='weather_data_kafka_dag' AIRFLOW_CTX_TASK_ID='run_spark_kafka_to_parquet' AIRFLOW_CTX_EXECUTION_DATE='2024-11-28T13:35:22.394205+00:00' AIRFLOW_CTX_TRY_NUMBER='3' AIRFLOW_CTX_DAG_RUN_ID='manual__2024-11-28T13:35:22.394205+00:00'
[2024-11-28T13:45:33.587+0000] {taskinstance.py:430} INFO - ::endgroup::
[2024-11-28T13:45:33.618+0000] {subprocess.py:63} INFO - Tmp dir root location: /tmp
[2024-11-28T13:45:33.620+0000] {subprocess.py:75} INFO - Running command: ['/usr/bin/bash', '-c', '...']
[2024-11-28T13:45:33.633+0000] {subprocess.py:86} INFO - Output:
[2024-11-28T13:45:33.635+0000] {subprocess.py:93} INFO - /usr/bin/bash: line 1: ...: command not found
[2024-11-28T13:45:33.636+0000] {subprocess.py:97} INFO - Command exited with return code 127
[2024-11-28T13:45:33.638+0000] {taskinstance.py:441} INFO - ::group::Post task execution logs
[2024-11-28T13:45:33.654+0000] {taskinstance.py:2905} ERROR - Task failed with exception
Traceback (most recent call last):
  File "/home/airflow/.local/lib/python3.12/site-packages/airflow/models/taskinstance.py", line 465, in _execute_task
    result = _execute_callable(context=context, **execute_callable_kwargs)
             ^^^^^^^^^^^^^^^^^^^^^^^^^^^^^^^^^^^^^^^^^^^^^^^^^^^^^^^^^^^^^
  File "/home/airflow/.local/lib/python3.12/site-packages/airflow/models/taskinstance.py", line 432, in _execute_callable
    return execute_callable(context=context, **execute_callable_kwargs)
           ^^^^^^^^^^^^^^^^^^^^^^^^^^^^^^^^^^^^^^^^^^^^^^^^^^^^^^^^^^^^
  File "/home/airflow/.local/lib/python3.12/site-packages/airflow/models/baseoperator.py", line 401, in wrapper
    return func(self, *args, **kwargs)
           ^^^^^^^^^^^^^^^^^^^^^^^^^^^
  File "/home/airflow/.local/lib/python3.12/site-packages/airflow/operators/bash.py", line 243, in execute
    raise AirflowException(
airflow.exceptions.AirflowException: Bash command failed. The command returned a non-zero exit code 127.
[2024-11-28T13:45:33.662+0000] {taskinstance.py:1206} INFO - Marking task as UP_FOR_RETRY. dag_id=weather_data_kafka_dag, task_id=run_spark_kafka_to_parquet, run_id=manual__2024-11-28T13:35:22.394205+00:00, execution_date=20241128T133522, start_date=20241128T134533, end_date=20241128T134533
[2024-11-28T13:45:33.690+0000] {standard_task_runner.py:110} ERROR - Failed to execute job 116 for task run_spark_kafka_to_parquet (Bash command failed. The command returned a non-zero exit code 127.; 10035)
[2024-11-28T13:45:33.731+0000] {local_task_job_runner.py:243} INFO - Task exited with return code 1
[2024-11-28T13:45:33.755+0000] {taskinstance.py:3503} INFO - 0 downstream tasks scheduled from follow-on schedule check
[2024-11-28T13:45:33.759+0000] {local_task_job_runner.py:222} INFO - ::endgroup::
