[2024-12-03T20:27:55.814+0000] {local_task_job_runner.py:120} INFO - ::group::Pre task execution logs
[2024-12-03T20:27:55.861+0000] {taskinstance.py:2076} INFO - Dependencies all met for dep_context=non-requeueable deps ti=<TaskInstance: weather_data_kafka_dag.copy_spark_stream manual__2024-12-03T20:26:53.250868+00:00 [queued]>
[2024-12-03T20:27:55.877+0000] {taskinstance.py:2076} INFO - Dependencies all met for dep_context=requeueable deps ti=<TaskInstance: weather_data_kafka_dag.copy_spark_stream manual__2024-12-03T20:26:53.250868+00:00 [queued]>
[2024-12-03T20:27:55.878+0000] {taskinstance.py:2306} INFO - Starting attempt 1 of 4
[2024-12-03T20:27:55.901+0000] {taskinstance.py:2330} INFO - Executing <Task(BashOperator): copy_spark_stream> on 2024-12-03 20:26:53.250868+00:00
[2024-12-03T20:27:55.912+0000] {standard_task_runner.py:90} INFO - Running: ['***', 'tasks', 'run', 'weather_data_kafka_dag', 'copy_spark_stream', 'manual__2024-12-03T20:26:53.250868+00:00', '--job-id', '802', '--raw', '--subdir', 'DAGS_FOLDER/kafka_stream.py', '--cfg-path', '/tmp/tmpyu53xloj']
[2024-12-03T20:27:55.913+0000] {logging_mixin.py:188} WARNING - /home/***/.local/lib/python3.12/site-packages/***/task/task_runner/standard_task_runner.py:62 DeprecationWarning: This process (pid=4232) is multi-threaded, use of fork() may lead to deadlocks in the child.
[2024-12-03T20:27:55.916+0000] {standard_task_runner.py:91} INFO - Job 802: Subtask copy_spark_stream
[2024-12-03T20:27:55.916+0000] {standard_task_runner.py:64} INFO - Started process 4237 to run task
[2024-12-03T20:27:55.987+0000] {task_command.py:426} INFO - Running <TaskInstance: weather_data_kafka_dag.copy_spark_stream manual__2024-12-03T20:26:53.250868+00:00 [running]> on host 0f9edd113eb4
[2024-12-03T20:27:56.196+0000] {taskinstance.py:2648} INFO - Exporting env vars: AIRFLOW_CTX_DAG_OWNER='admin' AIRFLOW_CTX_DAG_ID='weather_data_kafka_dag' AIRFLOW_CTX_TASK_ID='copy_spark_stream' AIRFLOW_CTX_EXECUTION_DATE='2024-12-03T20:26:53.250868+00:00' AIRFLOW_CTX_TRY_NUMBER='1' AIRFLOW_CTX_DAG_RUN_ID='manual__2024-12-03T20:26:53.250868+00:00'
[2024-12-03T20:27:56.201+0000] {taskinstance.py:430} INFO - ::endgroup::
[2024-12-03T20:27:56.232+0000] {subprocess.py:63} INFO - Tmp dir root location: /tmp
[2024-12-03T20:27:56.234+0000] {subprocess.py:75} INFO - Running command: ['/usr/bin/bash', '-c', 'docker cp /opt/***/data/spark_stream.py spark-master:/spark_stream.py']
[2024-12-03T20:27:56.255+0000] {subprocess.py:86} INFO - Output:
[2024-12-03T20:27:56.357+0000] {subprocess.py:97} INFO - Command exited with return code 0
[2024-12-03T20:27:56.360+0000] {taskinstance.py:441} INFO - ::group::Post task execution logs
[2024-12-03T20:27:56.412+0000] {taskinstance.py:1206} INFO - Marking task as SUCCESS. dag_id=weather_data_kafka_dag, task_id=copy_spark_stream, run_id=manual__2024-12-03T20:26:53.250868+00:00, execution_date=20241203T202653, start_date=20241203T202755, end_date=20241203T202756
[2024-12-03T20:27:56.454+0000] {local_task_job_runner.py:243} INFO - Task exited with return code 0
[2024-12-03T20:27:56.490+0000] {taskinstance.py:3503} INFO - 1 downstream tasks scheduled from follow-on schedule check
[2024-12-03T20:27:56.493+0000] {local_task_job_runner.py:222} INFO - ::endgroup::
