[2024-11-28T13:39:31.624+0000] {local_task_job_runner.py:120} INFO - ::group::Pre task execution logs
[2024-11-28T13:39:31.686+0000] {taskinstance.py:2076} INFO - Dependencies all met for dep_context=non-requeueable deps ti=<TaskInstance: weather_data_kafka_dag.stream_data_from_apis manual__2024-11-28T13:39:28.945935+00:00 [queued]>
[2024-11-28T13:39:31.704+0000] {taskinstance.py:2076} INFO - Dependencies all met for dep_context=requeueable deps ti=<TaskInstance: weather_data_kafka_dag.stream_data_from_apis manual__2024-11-28T13:39:28.945935+00:00 [queued]>
[2024-11-28T13:39:31.713+0000] {taskinstance.py:2306} INFO - Starting attempt 1 of 4
[2024-11-28T13:39:31.743+0000] {taskinstance.py:2330} INFO - Executing <Task(PythonOperator): stream_data_from_apis> on 2024-11-28 13:39:28.945935+00:00
[2024-11-28T13:39:31.756+0000] {logging_mixin.py:188} WARNING - /home/***/.local/lib/python3.12/site-packages/***/task/task_runner/standard_task_runner.py:62 DeprecationWarning: This process (pid=9647) is multi-threaded, use of fork() may lead to deadlocks in the child.
[2024-11-28T13:39:31.760+0000] {standard_task_runner.py:64} INFO - Started process 9649 to run task
[2024-11-28T13:39:31.756+0000] {standard_task_runner.py:90} INFO - Running: ['***', 'tasks', 'run', 'weather_data_kafka_dag', 'stream_data_from_apis', 'manual__2024-11-28T13:39:28.945935+00:00', '--job-id', '107', '--raw', '--subdir', 'DAGS_FOLDER/kafka_stream.py', '--cfg-path', '/tmp/tmp643n078_']
[2024-11-28T13:39:31.762+0000] {standard_task_runner.py:91} INFO - Job 107: Subtask stream_data_from_apis
[2024-11-28T13:39:31.861+0000] {task_command.py:426} INFO - Running <TaskInstance: weather_data_kafka_dag.stream_data_from_apis manual__2024-11-28T13:39:28.945935+00:00 [running]> on host cc9ad6cea7ef
[2024-11-28T13:39:32.048+0000] {taskinstance.py:2648} INFO - Exporting env vars: AIRFLOW_CTX_DAG_OWNER='admin' AIRFLOW_CTX_DAG_ID='weather_data_kafka_dag' AIRFLOW_CTX_TASK_ID='stream_data_from_apis' AIRFLOW_CTX_EXECUTION_DATE='2024-11-28T13:39:28.945935+00:00' AIRFLOW_CTX_TRY_NUMBER='1' AIRFLOW_CTX_DAG_RUN_ID='manual__2024-11-28T13:39:28.945935+00:00'
[2024-11-28T13:39:32.051+0000] {taskinstance.py:430} INFO - ::endgroup::
[2024-11-28T13:39:32.086+0000] {conn.py:362} INFO - <BrokerConnection node_id=bootstrap-0 host=broker:9092 <connecting> [IPv4 ('172.18.0.8', 9092)]>: connecting to broker:9092 [('172.18.0.8', 9092) IPv4]
[2024-11-28T13:39:32.088+0000] {conn.py:957} INFO - Probing node bootstrap-0 broker version
[2024-11-28T13:39:32.090+0000] {conn.py:393} INFO - <BrokerConnection node_id=bootstrap-0 host=broker:9092 <connecting> [IPv4 ('172.18.0.8', 9092)]>: Connection complete.
[2024-11-28T13:39:32.196+0000] {conn.py:1019} INFO - Broker version identified as 2.6.0
[2024-11-28T13:39:32.197+0000] {conn.py:1020} INFO - Set configuration api_version=(2, 6, 0) to skip auto check_version requests on startup
[2024-11-28T13:39:32.212+0000] {kafka_stream.py:34} ERROR - Erreur lors de la lecture du fichier CSV: [Errno 2] No such file or directory: './morocco_cities.csv'
[2024-11-28T13:39:32.213+0000] {kafka_stream.py:86} ERROR - Aucune ville trouvée dans le fichier CSV.
[2024-11-28T13:39:32.215+0000] {conn.py:673} INFO - <BrokerConnection node_id=bootstrap-0 host=broker:9092 <connected> [IPv4 ('172.18.0.8', 9092)]>: Closing connection. 
[2024-11-28T13:39:32.217+0000] {python.py:237} INFO - Done. Returned value was: None
[2024-11-28T13:39:32.220+0000] {taskinstance.py:441} INFO - ::group::Post task execution logs
[2024-11-28T13:39:32.242+0000] {taskinstance.py:1206} INFO - Marking task as SUCCESS. dag_id=weather_data_kafka_dag, task_id=stream_data_from_apis, run_id=manual__2024-11-28T13:39:28.945935+00:00, execution_date=20241128T133928, start_date=20241128T133931, end_date=20241128T133932
[2024-11-28T13:39:32.298+0000] {local_task_job_runner.py:243} INFO - Task exited with return code 0
[2024-11-28T13:39:32.316+0000] {local_task_job_runner.py:222} INFO - ::endgroup::
