<<<<<<< HEAD
[2024-11-29T21:03:24.096+0000] {local_task_job_runner.py:120} INFO - ::group::Pre task execution logs
[2024-11-29T21:03:24.127+0000] {taskinstance.py:2076} INFO - Dependencies all met for dep_context=non-requeueable deps ti=<TaskInstance: weather_data_kafka_dag.store_openmeteo_data scheduled__2024-11-29T20:00:00+00:00 [queued]>
[2024-11-29T21:03:24.137+0000] {taskinstance.py:2076} INFO - Dependencies all met for dep_context=requeueable deps ti=<TaskInstance: weather_data_kafka_dag.store_openmeteo_data scheduled__2024-11-29T20:00:00+00:00 [queued]>
[2024-11-29T21:03:24.138+0000] {taskinstance.py:2306} INFO - Starting attempt 1 of 4
[2024-11-29T21:03:24.153+0000] {taskinstance.py:2330} INFO - Executing <Task(PythonOperator): store_openmeteo_data> on 2024-11-29 20:00:00+00:00
[2024-11-29T21:03:24.162+0000] {logging_mixin.py:188} WARNING - /home/***/.local/lib/python3.12/site-packages/***/task/task_runner/standard_task_runner.py:62 DeprecationWarning: This process (pid=11057) is multi-threaded, use of fork() may lead to deadlocks in the child.
[2024-11-29T21:03:24.163+0000] {standard_task_runner.py:64} INFO - Started process 11061 to run task
[2024-11-29T21:03:24.162+0000] {standard_task_runner.py:90} INFO - Running: ['***', 'tasks', 'run', 'weather_data_kafka_dag', 'store_openmeteo_data', 'scheduled__2024-11-29T20:00:00+00:00', '--job-id', '319', '--raw', '--subdir', 'DAGS_FOLDER/kafka_stream.py', '--cfg-path', '/tmp/tmpmr16g5mz']
[2024-11-29T21:03:24.164+0000] {standard_task_runner.py:91} INFO - Job 319: Subtask store_openmeteo_data
[2024-11-29T21:03:24.210+0000] {task_command.py:426} INFO - Running <TaskInstance: weather_data_kafka_dag.store_openmeteo_data scheduled__2024-11-29T20:00:00+00:00 [running]> on host 0741a2a1545f
[2024-11-29T21:03:24.284+0000] {taskinstance.py:2648} INFO - Exporting env vars: AIRFLOW_CTX_DAG_OWNER='admin' AIRFLOW_CTX_DAG_ID='weather_data_kafka_dag' AIRFLOW_CTX_TASK_ID='store_openmeteo_data' AIRFLOW_CTX_EXECUTION_DATE='2024-11-29T20:00:00+00:00' AIRFLOW_CTX_TRY_NUMBER='1' AIRFLOW_CTX_DAG_RUN_ID='scheduled__2024-11-29T20:00:00+00:00'
[2024-11-29T21:03:24.285+0000] {taskinstance.py:430} INFO - ::endgroup::
[2024-11-29T21:03:24.297+0000] {taskinstance.py:441} INFO - ::group::Post task execution logs
[2024-11-29T21:03:24.298+0000] {taskinstance.py:2905} ERROR - Task failed with exception
Traceback (most recent call last):
  File "/home/airflow/.local/lib/python3.12/site-packages/airflow/models/taskinstance.py", line 465, in _execute_task
    result = _execute_callable(context=context, **execute_callable_kwargs)
             ^^^^^^^^^^^^^^^^^^^^^^^^^^^^^^^^^^^^^^^^^^^^^^^^^^^^^^^^^^^^^
  File "/home/airflow/.local/lib/python3.12/site-packages/airflow/models/taskinstance.py", line 432, in _execute_callable
    return execute_callable(context=context, **execute_callable_kwargs)
           ^^^^^^^^^^^^^^^^^^^^^^^^^^^^^^^^^^^^^^^^^^^^^^^^^^^^^^^^^^^^
  File "/home/airflow/.local/lib/python3.12/site-packages/airflow/models/baseoperator.py", line 401, in wrapper
    return func(self, *args, **kwargs)
           ^^^^^^^^^^^^^^^^^^^^^^^^^^^
  File "/home/airflow/.local/lib/python3.12/site-packages/airflow/operators/python.py", line 235, in execute
    return_value = self.execute_callable()
                   ^^^^^^^^^^^^^^^^^^^^^^^
  File "/home/airflow/.local/lib/python3.12/site-packages/airflow/operators/python.py", line 252, in execute_callable
    return self.python_callable(*self.op_args, **self.op_kwargs)
           ^^^^^^^^^^^^^^^^^^^^^^^^^^^^^^^^^^^^^^^^^^^^^^^^^^^^^
  File "/opt/airflow/dags/kafka_stream.py", line 150, in store_openmeteo_data
    read_from_kafka_and_store(KAFKA_TOPIC_OPENMETEO, "openmeteo_data.parquet")
  File "/opt/airflow/dags/kafka_stream.py", line 141, in read_from_kafka_and_store
    logging.error(f"Error reading from Kafka topic {topic_name}: {e}")
                                                                  ^
NameError: name 'e' is not defined
[2024-11-29T21:03:24.309+0000] {taskinstance.py:1206} INFO - Marking task as UP_FOR_RETRY. dag_id=weather_data_kafka_dag, task_id=store_openmeteo_data, run_id=scheduled__2024-11-29T20:00:00+00:00, execution_date=20241129T200000, start_date=20241129T210324, end_date=20241129T210324
[2024-11-29T21:03:24.319+0000] {standard_task_runner.py:110} ERROR - Failed to execute job 319 for task store_openmeteo_data (name 'e' is not defined; 11061)
[2024-11-29T21:03:24.337+0000] {local_task_job_runner.py:243} INFO - Task exited with return code 1
[2024-11-29T21:03:24.350+0000] {taskinstance.py:3503} INFO - 0 downstream tasks scheduled from follow-on schedule check
[2024-11-29T21:03:24.353+0000] {local_task_job_runner.py:222} INFO - ::endgroup::
=======
[2024-11-29T21:02:05.034+0000] {local_task_job_runner.py:120} INFO - ::group::Pre task execution logs
[2024-11-29T21:02:05.101+0000] {taskinstance.py:2076} INFO - Dependencies all met for dep_context=non-requeueable deps ti=<TaskInstance: weather_data_kafka_dag.store_openmeteo_data scheduled__2024-11-29T20:00:00+00:00 [queued]>
[2024-11-29T21:02:05.119+0000] {taskinstance.py:2076} INFO - Dependencies all met for dep_context=requeueable deps ti=<TaskInstance: weather_data_kafka_dag.store_openmeteo_data scheduled__2024-11-29T20:00:00+00:00 [queued]>
[2024-11-29T21:02:05.121+0000] {taskinstance.py:2306} INFO - Starting attempt 1 of 4
[2024-11-29T21:02:05.141+0000] {taskinstance.py:2330} INFO - Executing <Task(PythonOperator): store_openmeteo_data> on 2024-11-29 20:00:00+00:00
[2024-11-29T21:02:05.151+0000] {logging_mixin.py:188} WARNING - /home/***/.local/lib/python3.12/site-packages/***/task/task_runner/standard_task_runner.py:62 DeprecationWarning: This process (pid=6347) is multi-threaded, use of fork() may lead to deadlocks in the child.
[2024-11-29T21:02:05.153+0000] {standard_task_runner.py:64} INFO - Started process 6351 to run task
[2024-11-29T21:02:05.152+0000] {standard_task_runner.py:90} INFO - Running: ['***', 'tasks', 'run', 'weather_data_kafka_dag', 'store_openmeteo_data', 'scheduled__2024-11-29T20:00:00+00:00', '--job-id', '66', '--raw', '--subdir', 'DAGS_FOLDER/kafka_stream.py', '--cfg-path', '/tmp/tmpjlhwi65_']
[2024-11-29T21:02:05.156+0000] {standard_task_runner.py:91} INFO - Job 66: Subtask store_openmeteo_data
[2024-11-29T21:02:05.251+0000] {task_command.py:426} INFO - Running <TaskInstance: weather_data_kafka_dag.store_openmeteo_data scheduled__2024-11-29T20:00:00+00:00 [running]> on host 8885fe629c2f
[2024-11-29T21:02:05.529+0000] {taskinstance.py:2648} INFO - Exporting env vars: AIRFLOW_CTX_DAG_OWNER='admin' AIRFLOW_CTX_DAG_ID='weather_data_kafka_dag' AIRFLOW_CTX_TASK_ID='store_openmeteo_data' AIRFLOW_CTX_EXECUTION_DATE='2024-11-29T20:00:00+00:00' AIRFLOW_CTX_TRY_NUMBER='1' AIRFLOW_CTX_DAG_RUN_ID='scheduled__2024-11-29T20:00:00+00:00'
[2024-11-29T21:02:05.533+0000] {taskinstance.py:430} INFO - ::endgroup::
[2024-11-29T21:02:05.574+0000] {conn.py:362} INFO - <BrokerConnection node_id=bootstrap-0 host=broker:9092 <connecting> [IPv4 ('172.23.0.9', 9092)]>: connecting to broker:9092 [('172.23.0.9', 9092) IPv4]
[2024-11-29T21:02:05.576+0000] {conn.py:957} INFO - Probing node bootstrap-0 broker version
[2024-11-29T21:02:05.579+0000] {conn.py:393} INFO - <BrokerConnection node_id=bootstrap-0 host=broker:9092 <connecting> [IPv4 ('172.23.0.9', 9092)]>: Connection complete.
[2024-11-29T21:02:05.683+0000] {conn.py:1019} INFO - Broker version identified as 2.6.0
[2024-11-29T21:02:05.684+0000] {conn.py:1020} INFO - Set configuration api_version=(2, 6, 0) to skip auto check_version requests on startup
[2024-11-29T21:02:05.687+0000] {consumer.py:122} WARNING - group_id is None: disabling auto-commit.
[2024-11-29T21:02:05.688+0000] {subscription_state.py:167} INFO - Updating subscribed topics to: ('openmeteo_raw',)
[2024-11-29T21:02:05.690+0000] {subscription_state.py:253} INFO - Updated partition assignment: [('openmeteo_raw', 0)]
[2024-11-29T21:02:05.693+0000] {conn.py:362} INFO - <BrokerConnection node_id=1 host=broker:9092 <connecting> [IPv4 ('172.23.0.9', 9092)]>: connecting to broker:9092 [('172.23.0.9', 9092) IPv4]
[2024-11-29T21:02:05.694+0000] {conn.py:393} INFO - <BrokerConnection node_id=1 host=broker:9092 <connecting> [IPv4 ('172.23.0.9', 9092)]>: Connection complete.
[2024-11-29T21:02:05.695+0000] {conn.py:673} INFO - <BrokerConnection node_id=bootstrap-0 host=broker:9092 <connected> [IPv4 ('172.23.0.9', 9092)]>: Closing connection. 
[2024-11-29T21:02:05.854+0000] {logging_mixin.py:188} INFO - Consumed 100 records from topic openmeteo_raw
[2024-11-29T21:02:06.137+0000] {logging_mixin.py:188} INFO - Data from openmeteo_raw stored in /opt/***/data/parquet_files/openmeteo_data.parquet
[2024-11-29T21:02:06.151+0000] {python.py:237} INFO - Done. Returned value was: None
[2024-11-29T21:02:06.152+0000] {taskinstance.py:441} INFO - ::group::Post task execution logs
[2024-11-29T21:02:06.180+0000] {taskinstance.py:1206} INFO - Marking task as SUCCESS. dag_id=weather_data_kafka_dag, task_id=store_openmeteo_data, run_id=scheduled__2024-11-29T20:00:00+00:00, execution_date=20241129T200000, start_date=20241129T210205, end_date=20241129T210206
[2024-11-29T21:02:06.263+0000] {local_task_job_runner.py:243} INFO - Task exited with return code 0
[2024-11-29T21:02:06.328+0000] {taskinstance.py:3503} INFO - 0 downstream tasks scheduled from follow-on schedule check
[2024-11-29T21:02:06.349+0000] {local_task_job_runner.py:222} INFO - ::endgroup::
>>>>>>> 604b8b813e1d85ccda3063889c3dd1126b7c5791
