[2024-12-03T11:07:04.449+0000] {local_task_job_runner.py:120} INFO - ::group::Pre task execution logs
[2024-12-03T11:07:04.557+0000] {taskinstance.py:2076} INFO - Dependencies all met for dep_context=non-requeueable deps ti=<TaskInstance: weather_data_kafka_dag.stream_data_from_apis scheduled__2024-12-02T00:00:00+00:00 [queued]>
[2024-12-03T11:07:04.573+0000] {taskinstance.py:2076} INFO - Dependencies all met for dep_context=requeueable deps ti=<TaskInstance: weather_data_kafka_dag.stream_data_from_apis scheduled__2024-12-02T00:00:00+00:00 [queued]>
[2024-12-03T11:07:04.575+0000] {taskinstance.py:2306} INFO - Starting attempt 1 of 4
[2024-12-03T11:07:04.607+0000] {taskinstance.py:2330} INFO - Executing <Task(PythonOperator): stream_data_from_apis> on 2024-12-02 00:00:00+00:00
[2024-12-03T11:07:04.626+0000] {logging_mixin.py:188} WARNING - /home/***/.local/lib/python3.12/site-packages/***/task/task_runner/standard_task_runner.py:62 DeprecationWarning: This process (pid=213) is multi-threaded, use of fork() may lead to deadlocks in the child.
[2024-12-03T11:07:04.628+0000] {standard_task_runner.py:64} INFO - Started process 220 to run task
[2024-12-03T11:07:04.631+0000] {standard_task_runner.py:90} INFO - Running: ['***', 'tasks', 'run', 'weather_data_kafka_dag', 'stream_data_from_apis', 'scheduled__2024-12-02T00:00:00+00:00', '--job-id', '641', '--raw', '--subdir', 'DAGS_FOLDER/kafka_stream.py', '--cfg-path', '/tmp/tmp7jolxsvc']
[2024-12-03T11:07:04.647+0000] {standard_task_runner.py:91} INFO - Job 641: Subtask stream_data_from_apis
[2024-12-03T11:07:04.818+0000] {task_command.py:426} INFO - Running <TaskInstance: weather_data_kafka_dag.stream_data_from_apis scheduled__2024-12-02T00:00:00+00:00 [running]> on host 0741a2a1545f
[2024-12-03T11:07:05.143+0000] {taskinstance.py:2648} INFO - Exporting env vars: AIRFLOW_CTX_DAG_OWNER='admin' AIRFLOW_CTX_DAG_ID='weather_data_kafka_dag' AIRFLOW_CTX_TASK_ID='stream_data_from_apis' AIRFLOW_CTX_EXECUTION_DATE='2024-12-02T00:00:00+00:00' AIRFLOW_CTX_TRY_NUMBER='1' AIRFLOW_CTX_DAG_RUN_ID='scheduled__2024-12-02T00:00:00+00:00'
[2024-12-03T11:07:05.156+0000] {taskinstance.py:430} INFO - ::endgroup::
[2024-12-03T11:07:05.327+0000] {conn.py:362} INFO - <BrokerConnection node_id=bootstrap-0 host=broker:9092 <connecting> [IPv4 ('172.18.0.12', 9092)]>: connecting to broker:9092 [('172.18.0.12', 9092) IPv4]
[2024-12-03T11:07:05.333+0000] {conn.py:957} INFO - Probing node bootstrap-0 broker version
[2024-12-03T11:07:05.343+0000] {conn.py:402} ERROR - Connect attempt to <BrokerConnection node_id=bootstrap-0 host=broker:9092 <connecting> [IPv4 ('172.18.0.12', 9092)]> returned error 111. Disconnecting.
[2024-12-03T11:07:05.344+0000] {conn.py:673} ERROR - <BrokerConnection node_id=bootstrap-0 host=broker:9092 <connecting> [IPv4 ('172.18.0.12', 9092)]>: Closing connection. KafkaConnectionError: 111 ECONNREFUSED
[2024-12-03T11:07:05.397+0000] {conn.py:362} INFO - <BrokerConnection node_id=bootstrap-0 host=broker:9092 <connecting> [IPv4 ('172.18.0.12', 9092)]>: connecting to broker:9092 [('172.18.0.12', 9092) IPv4]
[2024-12-03T11:07:05.403+0000] {conn.py:402} ERROR - Connect attempt to <BrokerConnection node_id=bootstrap-0 host=broker:9092 <connecting> [IPv4 ('172.18.0.12', 9092)]> returned error 111. Disconnecting.
[2024-12-03T11:07:05.414+0000] {conn.py:673} ERROR - <BrokerConnection node_id=bootstrap-0 host=broker:9092 <connecting> [IPv4 ('172.18.0.12', 9092)]>: Closing connection. KafkaConnectionError: 111 ECONNREFUSED
[2024-12-03T11:07:05.429+0000] {taskinstance.py:441} INFO - ::group::Post task execution logs
[2024-12-03T11:07:05.430+0000] {taskinstance.py:2905} ERROR - Task failed with exception
Traceback (most recent call last):
  File "/home/airflow/.local/lib/python3.12/site-packages/airflow/models/taskinstance.py", line 465, in _execute_task
    result = _execute_callable(context=context, **execute_callable_kwargs)
             ^^^^^^^^^^^^^^^^^^^^^^^^^^^^^^^^^^^^^^^^^^^^^^^^^^^^^^^^^^^^^
  File "/home/airflow/.local/lib/python3.12/site-packages/airflow/models/taskinstance.py", line 432, in _execute_callable
    return execute_callable(context=context, **execute_callable_kwargs)
           ^^^^^^^^^^^^^^^^^^^^^^^^^^^^^^^^^^^^^^^^^^^^^^^^^^^^^^^^^^^^
  File "/home/airflow/.local/lib/python3.12/site-packages/airflow/models/baseoperator.py", line 401, in wrapper
    return func(self, *args, **kwargs)
           ^^^^^^^^^^^^^^^^^^^^^^^^^^^
  File "/home/airflow/.local/lib/python3.12/site-packages/airflow/operators/python.py", line 235, in execute
    return_value = self.execute_callable()
                   ^^^^^^^^^^^^^^^^^^^^^^^
  File "/home/airflow/.local/lib/python3.12/site-packages/airflow/operators/python.py", line 252, in execute_callable
    return self.python_callable(*self.op_args, **self.op_kwargs)
           ^^^^^^^^^^^^^^^^^^^^^^^^^^^^^^^^^^^^^^^^^^^^^^^^^^^^^
  File "/opt/airflow/dags/kafka_stream.py", line 297, in stream_data
    producer = KafkaProducer(bootstrap_servers=KAFKA_SERVER, max_block_ms=5000)
               ^^^^^^^^^^^^^^^^^^^^^^^^^^^^^^^^^^^^^^^^^^^^^^^^^^^^^^^^^^^^^^^^
  File "/home/airflow/.local/lib/python3.12/site-packages/kafka/producer/kafka.py", line 383, in __init__
    client = self.config['kafka_client'](
             ^^^^^^^^^^^^^^^^^^^^^^^^^^^^
  File "/home/airflow/.local/lib/python3.12/site-packages/kafka/client_async.py", line 234, in __init__
    self.config['api_version'] = self.check_version(timeout=check_timeout)
                                 ^^^^^^^^^^^^^^^^^^^^^^^^^^^^^^^^^^^^^^^^^
  File "/home/airflow/.local/lib/python3.12/site-packages/kafka/client_async.py", line 902, in check_version
    raise Errors.NoBrokersAvailable()
kafka.errors.NoBrokersAvailable: NoBrokersAvailable
[2024-12-03T11:07:05.513+0000] {taskinstance.py:1206} INFO - Marking task as UP_FOR_RETRY. dag_id=weather_data_kafka_dag, task_id=stream_data_from_apis, run_id=scheduled__2024-12-02T00:00:00+00:00, execution_date=20241202T000000, start_date=20241203T110704, end_date=20241203T110705
[2024-12-03T11:07:05.567+0000] {standard_task_runner.py:110} ERROR - Failed to execute job 641 for task stream_data_from_apis (NoBrokersAvailable; 220)
[2024-12-03T11:07:05.604+0000] {local_task_job_runner.py:243} INFO - Task exited with return code 1
[2024-12-03T11:07:05.687+0000] {taskinstance.py:3503} INFO - 0 downstream tasks scheduled from follow-on schedule check
[2024-12-03T11:07:05.695+0000] {local_task_job_runner.py:222} INFO - ::endgroup::
