[2024-12-03T19:48:30.525+0000] {local_task_job_runner.py:120} INFO - ::group::Pre task execution logs
[2024-12-03T19:48:30.590+0000] {taskinstance.py:2076} INFO - Dependencies all met for dep_context=non-requeueable deps ti=<TaskInstance: weather_data_kafka_dag.spark_submit manual__2024-12-03T19:42:24.844684+00:00 [queued]>
[2024-12-03T19:48:30.611+0000] {taskinstance.py:2076} INFO - Dependencies all met for dep_context=requeueable deps ti=<TaskInstance: weather_data_kafka_dag.spark_submit manual__2024-12-03T19:42:24.844684+00:00 [queued]>
[2024-12-03T19:48:30.613+0000] {taskinstance.py:2306} INFO - Starting attempt 2 of 4
[2024-12-03T19:48:30.639+0000] {taskinstance.py:2330} INFO - Executing <Task(BashOperator): spark_submit> on 2024-12-03 19:42:24.844684+00:00
[2024-12-03T19:48:30.653+0000] {standard_task_runner.py:90} INFO - Running: ['***', 'tasks', 'run', 'weather_data_kafka_dag', 'spark_submit', 'manual__2024-12-03T19:42:24.844684+00:00', '--job-id', '780', '--raw', '--subdir', 'DAGS_FOLDER/kafka_stream.py', '--cfg-path', '/tmp/tmpuicbrg8j']
[2024-12-03T19:48:30.661+0000] {standard_task_runner.py:91} INFO - Job 780: Subtask spark_submit
[2024-12-03T19:48:30.662+0000] {logging_mixin.py:188} WARNING - /home/***/.local/lib/python3.12/site-packages/***/task/task_runner/standard_task_runner.py:62 DeprecationWarning: This process (pid=2889) is multi-threaded, use of fork() may lead to deadlocks in the child.
[2024-12-03T19:48:30.664+0000] {standard_task_runner.py:64} INFO - Started process 2891 to run task
[2024-12-03T19:48:30.767+0000] {task_command.py:426} INFO - Running <TaskInstance: weather_data_kafka_dag.spark_submit manual__2024-12-03T19:42:24.844684+00:00 [running]> on host 0f9edd113eb4
[2024-12-03T19:48:31.026+0000] {taskinstance.py:2648} INFO - Exporting env vars: AIRFLOW_CTX_DAG_OWNER='admin' AIRFLOW_CTX_DAG_ID='weather_data_kafka_dag' AIRFLOW_CTX_TASK_ID='spark_submit' AIRFLOW_CTX_EXECUTION_DATE='2024-12-03T19:42:24.844684+00:00' AIRFLOW_CTX_TRY_NUMBER='2' AIRFLOW_CTX_DAG_RUN_ID='manual__2024-12-03T19:42:24.844684+00:00'
[2024-12-03T19:48:31.032+0000] {taskinstance.py:430} INFO - ::endgroup::
[2024-12-03T19:48:31.075+0000] {subprocess.py:63} INFO - Tmp dir root location: /tmp
[2024-12-03T19:48:31.077+0000] {subprocess.py:75} INFO - Running command: ['/usr/bin/bash', '-c', 'docker exec  spark-master spark-submit --packages com.datastax.spark:spark-cassandra-connector_2.12:3.5.1 --py-files /dependencies.zip /spark_stream.py']
[2024-12-03T19:48:31.102+0000] {subprocess.py:86} INFO - Output:
[2024-12-03T19:48:35.491+0000] {subprocess.py:93} INFO - :: loading settings :: url = jar:file:/opt/bitnami/spark/jars/ivy-2.5.1.jar!/org/apache/ivy/core/settings/ivysettings.xml
[2024-12-03T19:48:35.929+0000] {subprocess.py:93} INFO - Ivy Default Cache set to: /opt/bitnami/spark/.ivy2/cache
[2024-12-03T19:48:35.933+0000] {subprocess.py:93} INFO - The jars for the packages stored in: /opt/bitnami/spark/.ivy2/jars
[2024-12-03T19:48:35.946+0000] {subprocess.py:93} INFO - com.datastax.spark#spark-cassandra-connector_2.12 added as a dependency
[2024-12-03T19:48:35.949+0000] {subprocess.py:93} INFO - :: resolving dependencies :: org.apache.spark#spark-submit-parent-dc8a8d79-0a4d-4ab2-9dd4-db0ae0768793;1.0
[2024-12-03T19:48:35.950+0000] {subprocess.py:93} INFO - 	confs: [default]
[2024-12-03T19:48:36.210+0000] {subprocess.py:93} INFO - 	found com.datastax.spark#spark-cassandra-connector_2.12;3.5.1 in central
[2024-12-03T19:48:36.281+0000] {subprocess.py:93} INFO - 	found com.datastax.spark#spark-cassandra-connector-driver_2.12;3.5.1 in central
[2024-12-03T19:48:36.386+0000] {subprocess.py:93} INFO - 	found org.scala-lang.modules#scala-collection-compat_2.12;2.11.0 in central
[2024-12-03T19:48:36.531+0000] {subprocess.py:93} INFO - 	found org.apache.cassandra#java-driver-core-shaded;4.18.1 in central
[2024-12-03T19:48:36.656+0000] {subprocess.py:93} INFO - 	found com.datastax.oss#native-protocol;1.5.1 in central
[2024-12-03T19:48:36.729+0000] {subprocess.py:93} INFO - 	found com.datastax.oss#java-driver-shaded-guava;25.1-jre-graal-sub-1 in central
[2024-12-03T19:48:36.768+0000] {subprocess.py:93} INFO - 	found com.typesafe#config;1.4.1 in central
[2024-12-03T19:48:36.841+0000] {subprocess.py:93} INFO - 	found org.slf4j#slf4j-api;1.7.26 in central
[2024-12-03T19:48:36.887+0000] {subprocess.py:93} INFO - 	found io.dropwizard.metrics#metrics-core;4.1.18 in central
[2024-12-03T19:48:36.942+0000] {subprocess.py:93} INFO - 	found org.hdrhistogram#HdrHistogram;2.1.12 in central
[2024-12-03T19:48:36.978+0000] {subprocess.py:93} INFO - 	found org.reactivestreams#reactive-streams;1.0.3 in central
[2024-12-03T19:48:37.047+0000] {subprocess.py:93} INFO - 	found org.apache.cassandra#java-driver-mapper-runtime;4.18.1 in central
[2024-12-03T19:48:37.131+0000] {subprocess.py:93} INFO - 	found org.apache.cassandra#java-driver-query-builder;4.18.1 in central
[2024-12-03T19:48:37.218+0000] {subprocess.py:93} INFO - 	found org.apache.commons#commons-lang3;3.10 in central
[2024-12-03T19:48:37.252+0000] {subprocess.py:93} INFO - 	found com.thoughtworks.paranamer#paranamer;2.8 in central
[2024-12-03T19:48:37.279+0000] {subprocess.py:93} INFO - 	found org.scala-lang#scala-reflect;2.12.19 in central
[2024-12-03T19:48:37.393+0000] {subprocess.py:93} INFO - :: resolution report :: resolve 1384ms :: artifacts dl 58ms
[2024-12-03T19:48:37.395+0000] {subprocess.py:93} INFO - 	:: modules in use:
[2024-12-03T19:48:37.396+0000] {subprocess.py:93} INFO - 	com.datastax.oss#java-driver-shaded-guava;25.1-jre-graal-sub-1 from central in [default]
[2024-12-03T19:48:37.397+0000] {subprocess.py:93} INFO - 	com.datastax.oss#native-protocol;1.5.1 from central in [default]
[2024-12-03T19:48:37.399+0000] {subprocess.py:93} INFO - 	com.datastax.spark#spark-cassandra-connector-driver_2.12;3.5.1 from central in [default]
[2024-12-03T19:48:37.405+0000] {subprocess.py:93} INFO - 	com.datastax.spark#spark-cassandra-connector_2.12;3.5.1 from central in [default]
[2024-12-03T19:48:37.406+0000] {subprocess.py:93} INFO - 	com.thoughtworks.paranamer#paranamer;2.8 from central in [default]
[2024-12-03T19:48:37.408+0000] {subprocess.py:93} INFO - 	com.typesafe#config;1.4.1 from central in [default]
[2024-12-03T19:48:37.409+0000] {subprocess.py:93} INFO - 	io.dropwizard.metrics#metrics-core;4.1.18 from central in [default]
[2024-12-03T19:48:37.415+0000] {subprocess.py:93} INFO - 	org.apache.cassandra#java-driver-core-shaded;4.18.1 from central in [default]
[2024-12-03T19:48:37.417+0000] {subprocess.py:93} INFO - 	org.apache.cassandra#java-driver-mapper-runtime;4.18.1 from central in [default]
[2024-12-03T19:48:37.418+0000] {subprocess.py:93} INFO - 	org.apache.cassandra#java-driver-query-builder;4.18.1 from central in [default]
[2024-12-03T19:48:37.430+0000] {subprocess.py:93} INFO - 	org.apache.commons#commons-lang3;3.10 from central in [default]
[2024-12-03T19:48:37.431+0000] {subprocess.py:93} INFO - 	org.hdrhistogram#HdrHistogram;2.1.12 from central in [default]
[2024-12-03T19:48:37.440+0000] {subprocess.py:93} INFO - 	org.reactivestreams#reactive-streams;1.0.3 from central in [default]
[2024-12-03T19:48:37.445+0000] {subprocess.py:93} INFO - 	org.scala-lang#scala-reflect;2.12.19 from central in [default]
[2024-12-03T19:48:37.446+0000] {subprocess.py:93} INFO - 	org.scala-lang.modules#scala-collection-compat_2.12;2.11.0 from central in [default]
[2024-12-03T19:48:37.447+0000] {subprocess.py:93} INFO - 	org.slf4j#slf4j-api;1.7.26 from central in [default]
[2024-12-03T19:48:37.454+0000] {subprocess.py:93} INFO - 	---------------------------------------------------------------------
[2024-12-03T19:48:37.465+0000] {subprocess.py:93} INFO - 	|                  |            modules            ||   artifacts   |
[2024-12-03T19:48:37.468+0000] {subprocess.py:93} INFO - 	|       conf       | number| search|dwnlded|evicted|| number|dwnlded|
[2024-12-03T19:48:37.480+0000] {subprocess.py:93} INFO - 	---------------------------------------------------------------------
[2024-12-03T19:48:37.481+0000] {subprocess.py:93} INFO - 	|      default     |   16  |   0   |   0   |   0   ||   16  |   0   |
[2024-12-03T19:48:37.482+0000] {subprocess.py:93} INFO - 	---------------------------------------------------------------------
[2024-12-03T19:48:37.483+0000] {subprocess.py:93} INFO - :: retrieving :: org.apache.spark#spark-submit-parent-dc8a8d79-0a4d-4ab2-9dd4-db0ae0768793
[2024-12-03T19:48:37.483+0000] {subprocess.py:93} INFO - 	confs: [default]
[2024-12-03T19:48:37.484+0000] {subprocess.py:93} INFO - 	0 artifacts copied, 16 already retrieved (0kB/35ms)
[2024-12-03T19:48:37.928+0000] {subprocess.py:93} INFO - 24/12/03 19:48:37 WARN NativeCodeLoader: Unable to load native-hadoop library for your platform... using builtin-java classes where applicable
[2024-12-03T19:48:42.807+0000] {subprocess.py:93} INFO - 24/12/03 19:48:42 INFO SparkContext: Running Spark version 3.5.1
[2024-12-03T19:48:42.810+0000] {subprocess.py:93} INFO - 24/12/03 19:48:42 INFO SparkContext: OS info Linux, 5.15.167.4-microsoft-standard-WSL2, amd64
[2024-12-03T19:48:42.814+0000] {subprocess.py:93} INFO - 24/12/03 19:48:42 INFO SparkContext: Java version 17.0.12
[2024-12-03T19:48:42.879+0000] {subprocess.py:93} INFO - 24/12/03 19:48:42 INFO ResourceUtils: ==============================================================
[2024-12-03T19:48:42.880+0000] {subprocess.py:93} INFO - 24/12/03 19:48:42 INFO ResourceUtils: No custom resources configured for spark.driver.
[2024-12-03T19:48:42.882+0000] {subprocess.py:93} INFO - 24/12/03 19:48:42 INFO ResourceUtils: ==============================================================
[2024-12-03T19:48:42.883+0000] {subprocess.py:93} INFO - 24/12/03 19:48:42 INFO SparkContext: Submitted application: SparkDataStreaming
[2024-12-03T19:48:42.932+0000] {subprocess.py:93} INFO - 24/12/03 19:48:42 INFO ResourceProfile: Default ResourceProfile created, executor resources: Map(cores -> name: cores, amount: 1, script: , vendor: , memory -> name: memory, amount: 1024, script: , vendor: , offHeap -> name: offHeap, amount: 0, script: , vendor: ), task resources: Map(cpus -> name: cpus, amount: 1.0)
[2024-12-03T19:48:42.958+0000] {subprocess.py:93} INFO - 24/12/03 19:48:42 INFO ResourceProfile: Limiting resource is cpu
[2024-12-03T19:48:42.961+0000] {subprocess.py:93} INFO - 24/12/03 19:48:42 INFO ResourceProfileManager: Added ResourceProfile id: 0
[2024-12-03T19:48:43.197+0000] {subprocess.py:93} INFO - 24/12/03 19:48:43 INFO SecurityManager: Changing view acls to: spark
[2024-12-03T19:48:43.199+0000] {subprocess.py:93} INFO - 24/12/03 19:48:43 INFO SecurityManager: Changing modify acls to: spark
[2024-12-03T19:48:43.206+0000] {subprocess.py:93} INFO - 24/12/03 19:48:43 INFO SecurityManager: Changing view acls groups to:
[2024-12-03T19:48:43.211+0000] {subprocess.py:93} INFO - 24/12/03 19:48:43 INFO SecurityManager: Changing modify acls groups to:
[2024-12-03T19:48:43.213+0000] {subprocess.py:93} INFO - 24/12/03 19:48:43 INFO SecurityManager: SecurityManager: authentication disabled; ui acls disabled; users with view permissions: spark; groups with view permissions: EMPTY; users with modify permissions: spark; groups with modify permissions: EMPTY
[2024-12-03T19:48:43.961+0000] {subprocess.py:93} INFO - 24/12/03 19:48:43 INFO Utils: Successfully started service 'sparkDriver' on port 40633.
[2024-12-03T19:48:44.041+0000] {subprocess.py:93} INFO - 24/12/03 19:48:44 INFO SparkEnv: Registering MapOutputTracker
[2024-12-03T19:48:44.212+0000] {subprocess.py:93} INFO - 24/12/03 19:48:44 INFO SparkEnv: Registering BlockManagerMaster
[2024-12-03T19:48:44.266+0000] {subprocess.py:93} INFO - 24/12/03 19:48:44 INFO BlockManagerMasterEndpoint: Using org.apache.spark.storage.DefaultTopologyMapper for getting topology information
[2024-12-03T19:48:44.271+0000] {subprocess.py:93} INFO - 24/12/03 19:48:44 INFO BlockManagerMasterEndpoint: BlockManagerMasterEndpoint up
[2024-12-03T19:48:44.281+0000] {subprocess.py:93} INFO - 24/12/03 19:48:44 INFO SparkEnv: Registering BlockManagerMasterHeartbeat
[2024-12-03T19:48:44.330+0000] {subprocess.py:93} INFO - 24/12/03 19:48:44 INFO DiskBlockManager: Created local directory at /tmp/blockmgr-f6eb9dac-4dd3-4924-b3f7-5e32ad871f23
[2024-12-03T19:48:44.367+0000] {subprocess.py:93} INFO - 24/12/03 19:48:44 INFO MemoryStore: MemoryStore started with capacity 434.4 MiB
[2024-12-03T19:48:44.412+0000] {subprocess.py:93} INFO - 24/12/03 19:48:44 INFO SparkEnv: Registering OutputCommitCoordinator
[2024-12-03T19:48:44.840+0000] {subprocess.py:93} INFO - 24/12/03 19:48:44 INFO JettyUtils: Start Jetty 0.0.0.0:4040 for SparkUI
[2024-12-03T19:48:44.962+0000] {subprocess.py:93} INFO - 24/12/03 19:48:44 INFO Utils: Successfully started service 'SparkUI' on port 4040.
[2024-12-03T19:48:45.029+0000] {subprocess.py:93} INFO - 24/12/03 19:48:45 INFO SparkContext: Added JAR file:///opt/bitnami/spark/.ivy2/jars/com.datastax.spark_spark-cassandra-connector_2.12-3.5.1.jar at spark://cea96c144870:40633/jars/com.datastax.spark_spark-cassandra-connector_2.12-3.5.1.jar with timestamp 1733255322784
[2024-12-03T19:48:45.032+0000] {subprocess.py:93} INFO - 24/12/03 19:48:45 INFO SparkContext: Added JAR file:///opt/bitnami/spark/.ivy2/jars/com.datastax.spark_spark-cassandra-connector-driver_2.12-3.5.1.jar at spark://cea96c144870:40633/jars/com.datastax.spark_spark-cassandra-connector-driver_2.12-3.5.1.jar with timestamp 1733255322784
[2024-12-03T19:48:45.033+0000] {subprocess.py:93} INFO - 24/12/03 19:48:45 INFO SparkContext: Added JAR file:///opt/bitnami/spark/.ivy2/jars/org.scala-lang.modules_scala-collection-compat_2.12-2.11.0.jar at spark://cea96c144870:40633/jars/org.scala-lang.modules_scala-collection-compat_2.12-2.11.0.jar with timestamp 1733255322784
[2024-12-03T19:48:45.034+0000] {subprocess.py:93} INFO - 24/12/03 19:48:45 INFO SparkContext: Added JAR file:///opt/bitnami/spark/.ivy2/jars/org.apache.cassandra_java-driver-core-shaded-4.18.1.jar at spark://cea96c144870:40633/jars/org.apache.cassandra_java-driver-core-shaded-4.18.1.jar with timestamp 1733255322784
[2024-12-03T19:48:45.036+0000] {subprocess.py:93} INFO - 24/12/03 19:48:45 INFO SparkContext: Added JAR file:///opt/bitnami/spark/.ivy2/jars/org.apache.cassandra_java-driver-mapper-runtime-4.18.1.jar at spark://cea96c144870:40633/jars/org.apache.cassandra_java-driver-mapper-runtime-4.18.1.jar with timestamp 1733255322784
[2024-12-03T19:48:45.038+0000] {subprocess.py:93} INFO - 24/12/03 19:48:45 INFO SparkContext: Added JAR file:///opt/bitnami/spark/.ivy2/jars/org.apache.commons_commons-lang3-3.10.jar at spark://cea96c144870:40633/jars/org.apache.commons_commons-lang3-3.10.jar with timestamp 1733255322784
[2024-12-03T19:48:45.039+0000] {subprocess.py:93} INFO - 24/12/03 19:48:45 INFO SparkContext: Added JAR file:///opt/bitnami/spark/.ivy2/jars/com.thoughtworks.paranamer_paranamer-2.8.jar at spark://cea96c144870:40633/jars/com.thoughtworks.paranamer_paranamer-2.8.jar with timestamp 1733255322784
[2024-12-03T19:48:45.041+0000] {subprocess.py:93} INFO - 24/12/03 19:48:45 INFO SparkContext: Added JAR file:///opt/bitnami/spark/.ivy2/jars/org.scala-lang_scala-reflect-2.12.19.jar at spark://cea96c144870:40633/jars/org.scala-lang_scala-reflect-2.12.19.jar with timestamp 1733255322784
[2024-12-03T19:48:45.042+0000] {subprocess.py:93} INFO - 24/12/03 19:48:45 INFO SparkContext: Added JAR file:///opt/bitnami/spark/.ivy2/jars/com.datastax.oss_native-protocol-1.5.1.jar at spark://cea96c144870:40633/jars/com.datastax.oss_native-protocol-1.5.1.jar with timestamp 1733255322784
[2024-12-03T19:48:45.046+0000] {subprocess.py:93} INFO - 24/12/03 19:48:45 INFO SparkContext: Added JAR file:///opt/bitnami/spark/.ivy2/jars/com.datastax.oss_java-driver-shaded-guava-25.1-jre-graal-sub-1.jar at spark://cea96c144870:40633/jars/com.datastax.oss_java-driver-shaded-guava-25.1-jre-graal-sub-1.jar with timestamp 1733255322784
[2024-12-03T19:48:45.048+0000] {subprocess.py:93} INFO - 24/12/03 19:48:45 INFO SparkContext: Added JAR file:///opt/bitnami/spark/.ivy2/jars/com.typesafe_config-1.4.1.jar at spark://cea96c144870:40633/jars/com.typesafe_config-1.4.1.jar with timestamp 1733255322784
[2024-12-03T19:48:45.049+0000] {subprocess.py:93} INFO - 24/12/03 19:48:45 INFO SparkContext: Added JAR file:///opt/bitnami/spark/.ivy2/jars/org.slf4j_slf4j-api-1.7.26.jar at spark://cea96c144870:40633/jars/org.slf4j_slf4j-api-1.7.26.jar with timestamp 1733255322784
[2024-12-03T19:48:45.050+0000] {subprocess.py:93} INFO - 24/12/03 19:48:45 INFO SparkContext: Added JAR file:///opt/bitnami/spark/.ivy2/jars/io.dropwizard.metrics_metrics-core-4.1.18.jar at spark://cea96c144870:40633/jars/io.dropwizard.metrics_metrics-core-4.1.18.jar with timestamp 1733255322784
[2024-12-03T19:48:45.051+0000] {subprocess.py:93} INFO - 24/12/03 19:48:45 INFO SparkContext: Added JAR file:///opt/bitnami/spark/.ivy2/jars/org.hdrhistogram_HdrHistogram-2.1.12.jar at spark://cea96c144870:40633/jars/org.hdrhistogram_HdrHistogram-2.1.12.jar with timestamp 1733255322784
[2024-12-03T19:48:45.052+0000] {subprocess.py:93} INFO - 24/12/03 19:48:45 INFO SparkContext: Added JAR file:///opt/bitnami/spark/.ivy2/jars/org.reactivestreams_reactive-streams-1.0.3.jar at spark://cea96c144870:40633/jars/org.reactivestreams_reactive-streams-1.0.3.jar with timestamp 1733255322784
[2024-12-03T19:48:45.053+0000] {subprocess.py:93} INFO - 24/12/03 19:48:45 INFO SparkContext: Added JAR file:///opt/bitnami/spark/.ivy2/jars/org.apache.cassandra_java-driver-query-builder-4.18.1.jar at spark://cea96c144870:40633/jars/org.apache.cassandra_java-driver-query-builder-4.18.1.jar with timestamp 1733255322784
[2024-12-03T19:48:45.054+0000] {subprocess.py:93} INFO - 24/12/03 19:48:45 INFO SparkContext: Added file file:///dependencies.zip at file:///dependencies.zip with timestamp 1733255322784
[2024-12-03T19:48:45.055+0000] {subprocess.py:93} INFO - 24/12/03 19:48:45 INFO Utils: Copying /dependencies.zip to /tmp/spark-e1589f87-22ff-4bbd-be08-1f0d6ad94a96/userFiles-2e5c8650-9e73-46d3-acc7-988bc66f0722/dependencies.zip
[2024-12-03T19:48:45.104+0000] {subprocess.py:93} INFO - 24/12/03 19:48:45 INFO SparkContext: Added file file:///opt/bitnami/spark/.ivy2/jars/com.datastax.spark_spark-cassandra-connector_2.12-3.5.1.jar at file:///opt/bitnami/spark/.ivy2/jars/com.datastax.spark_spark-cassandra-connector_2.12-3.5.1.jar with timestamp 1733255322784
[2024-12-03T19:48:45.105+0000] {subprocess.py:93} INFO - 24/12/03 19:48:45 INFO Utils: Copying /opt/bitnami/spark/.ivy2/jars/com.datastax.spark_spark-cassandra-connector_2.12-3.5.1.jar to /tmp/spark-e1589f87-22ff-4bbd-be08-1f0d6ad94a96/userFiles-2e5c8650-9e73-46d3-acc7-988bc66f0722/com.datastax.spark_spark-cassandra-connector_2.12-3.5.1.jar
[2024-12-03T19:48:45.113+0000] {subprocess.py:93} INFO - 24/12/03 19:48:45 INFO SparkContext: Added file file:///opt/bitnami/spark/.ivy2/jars/com.datastax.spark_spark-cassandra-connector-driver_2.12-3.5.1.jar at file:///opt/bitnami/spark/.ivy2/jars/com.datastax.spark_spark-cassandra-connector-driver_2.12-3.5.1.jar with timestamp 1733255322784
[2024-12-03T19:48:45.114+0000] {subprocess.py:93} INFO - 24/12/03 19:48:45 INFO Utils: Copying /opt/bitnami/spark/.ivy2/jars/com.datastax.spark_spark-cassandra-connector-driver_2.12-3.5.1.jar to /tmp/spark-e1589f87-22ff-4bbd-be08-1f0d6ad94a96/userFiles-2e5c8650-9e73-46d3-acc7-988bc66f0722/com.datastax.spark_spark-cassandra-connector-driver_2.12-3.5.1.jar
[2024-12-03T19:48:45.122+0000] {subprocess.py:93} INFO - 24/12/03 19:48:45 INFO SparkContext: Added file file:///opt/bitnami/spark/.ivy2/jars/org.scala-lang.modules_scala-collection-compat_2.12-2.11.0.jar at file:///opt/bitnami/spark/.ivy2/jars/org.scala-lang.modules_scala-collection-compat_2.12-2.11.0.jar with timestamp 1733255322784
[2024-12-03T19:48:45.123+0000] {subprocess.py:93} INFO - 24/12/03 19:48:45 INFO Utils: Copying /opt/bitnami/spark/.ivy2/jars/org.scala-lang.modules_scala-collection-compat_2.12-2.11.0.jar to /tmp/spark-e1589f87-22ff-4bbd-be08-1f0d6ad94a96/userFiles-2e5c8650-9e73-46d3-acc7-988bc66f0722/org.scala-lang.modules_scala-collection-compat_2.12-2.11.0.jar
[2024-12-03T19:48:45.129+0000] {subprocess.py:93} INFO - 24/12/03 19:48:45 INFO SparkContext: Added file file:///opt/bitnami/spark/.ivy2/jars/org.apache.cassandra_java-driver-core-shaded-4.18.1.jar at file:///opt/bitnami/spark/.ivy2/jars/org.apache.cassandra_java-driver-core-shaded-4.18.1.jar with timestamp 1733255322784
[2024-12-03T19:48:45.130+0000] {subprocess.py:93} INFO - 24/12/03 19:48:45 INFO Utils: Copying /opt/bitnami/spark/.ivy2/jars/org.apache.cassandra_java-driver-core-shaded-4.18.1.jar to /tmp/spark-e1589f87-22ff-4bbd-be08-1f0d6ad94a96/userFiles-2e5c8650-9e73-46d3-acc7-988bc66f0722/org.apache.cassandra_java-driver-core-shaded-4.18.1.jar
[2024-12-03T19:48:45.146+0000] {subprocess.py:93} INFO - 24/12/03 19:48:45 INFO SparkContext: Added file file:///opt/bitnami/spark/.ivy2/jars/org.apache.cassandra_java-driver-mapper-runtime-4.18.1.jar at file:///opt/bitnami/spark/.ivy2/jars/org.apache.cassandra_java-driver-mapper-runtime-4.18.1.jar with timestamp 1733255322784
[2024-12-03T19:48:45.147+0000] {subprocess.py:93} INFO - 24/12/03 19:48:45 INFO Utils: Copying /opt/bitnami/spark/.ivy2/jars/org.apache.cassandra_java-driver-mapper-runtime-4.18.1.jar to /tmp/spark-e1589f87-22ff-4bbd-be08-1f0d6ad94a96/userFiles-2e5c8650-9e73-46d3-acc7-988bc66f0722/org.apache.cassandra_java-driver-mapper-runtime-4.18.1.jar
[2024-12-03T19:48:45.155+0000] {subprocess.py:93} INFO - 24/12/03 19:48:45 INFO SparkContext: Added file file:///opt/bitnami/spark/.ivy2/jars/org.apache.commons_commons-lang3-3.10.jar at file:///opt/bitnami/spark/.ivy2/jars/org.apache.commons_commons-lang3-3.10.jar with timestamp 1733255322784
[2024-12-03T19:48:45.156+0000] {subprocess.py:93} INFO - 24/12/03 19:48:45 INFO Utils: Copying /opt/bitnami/spark/.ivy2/jars/org.apache.commons_commons-lang3-3.10.jar to /tmp/spark-e1589f87-22ff-4bbd-be08-1f0d6ad94a96/userFiles-2e5c8650-9e73-46d3-acc7-988bc66f0722/org.apache.commons_commons-lang3-3.10.jar
[2024-12-03T19:48:45.164+0000] {subprocess.py:93} INFO - 24/12/03 19:48:45 INFO SparkContext: Added file file:///opt/bitnami/spark/.ivy2/jars/com.thoughtworks.paranamer_paranamer-2.8.jar at file:///opt/bitnami/spark/.ivy2/jars/com.thoughtworks.paranamer_paranamer-2.8.jar with timestamp 1733255322784
[2024-12-03T19:48:45.165+0000] {subprocess.py:93} INFO - 24/12/03 19:48:45 INFO Utils: Copying /opt/bitnami/spark/.ivy2/jars/com.thoughtworks.paranamer_paranamer-2.8.jar to /tmp/spark-e1589f87-22ff-4bbd-be08-1f0d6ad94a96/userFiles-2e5c8650-9e73-46d3-acc7-988bc66f0722/com.thoughtworks.paranamer_paranamer-2.8.jar
[2024-12-03T19:48:45.172+0000] {subprocess.py:93} INFO - 24/12/03 19:48:45 INFO SparkContext: Added file file:///opt/bitnami/spark/.ivy2/jars/org.scala-lang_scala-reflect-2.12.19.jar at file:///opt/bitnami/spark/.ivy2/jars/org.scala-lang_scala-reflect-2.12.19.jar with timestamp 1733255322784
[2024-12-03T19:48:45.173+0000] {subprocess.py:93} INFO - 24/12/03 19:48:45 INFO Utils: Copying /opt/bitnami/spark/.ivy2/jars/org.scala-lang_scala-reflect-2.12.19.jar to /tmp/spark-e1589f87-22ff-4bbd-be08-1f0d6ad94a96/userFiles-2e5c8650-9e73-46d3-acc7-988bc66f0722/org.scala-lang_scala-reflect-2.12.19.jar
[2024-12-03T19:48:45.182+0000] {subprocess.py:93} INFO - 24/12/03 19:48:45 INFO SparkContext: Added file file:///opt/bitnami/spark/.ivy2/jars/com.datastax.oss_native-protocol-1.5.1.jar at file:///opt/bitnami/spark/.ivy2/jars/com.datastax.oss_native-protocol-1.5.1.jar with timestamp 1733255322784
[2024-12-03T19:48:45.183+0000] {subprocess.py:93} INFO - 24/12/03 19:48:45 INFO Utils: Copying /opt/bitnami/spark/.ivy2/jars/com.datastax.oss_native-protocol-1.5.1.jar to /tmp/spark-e1589f87-22ff-4bbd-be08-1f0d6ad94a96/userFiles-2e5c8650-9e73-46d3-acc7-988bc66f0722/com.datastax.oss_native-protocol-1.5.1.jar
[2024-12-03T19:48:45.191+0000] {subprocess.py:93} INFO - 24/12/03 19:48:45 INFO SparkContext: Added file file:///opt/bitnami/spark/.ivy2/jars/com.datastax.oss_java-driver-shaded-guava-25.1-jre-graal-sub-1.jar at file:///opt/bitnami/spark/.ivy2/jars/com.datastax.oss_java-driver-shaded-guava-25.1-jre-graal-sub-1.jar with timestamp 1733255322784
[2024-12-03T19:48:45.193+0000] {subprocess.py:93} INFO - 24/12/03 19:48:45 INFO Utils: Copying /opt/bitnami/spark/.ivy2/jars/com.datastax.oss_java-driver-shaded-guava-25.1-jre-graal-sub-1.jar to /tmp/spark-e1589f87-22ff-4bbd-be08-1f0d6ad94a96/userFiles-2e5c8650-9e73-46d3-acc7-988bc66f0722/com.datastax.oss_java-driver-shaded-guava-25.1-jre-graal-sub-1.jar
[2024-12-03T19:48:45.202+0000] {subprocess.py:93} INFO - 24/12/03 19:48:45 INFO SparkContext: Added file file:///opt/bitnami/spark/.ivy2/jars/com.typesafe_config-1.4.1.jar at file:///opt/bitnami/spark/.ivy2/jars/com.typesafe_config-1.4.1.jar with timestamp 1733255322784
[2024-12-03T19:48:45.203+0000] {subprocess.py:93} INFO - 24/12/03 19:48:45 INFO Utils: Copying /opt/bitnami/spark/.ivy2/jars/com.typesafe_config-1.4.1.jar to /tmp/spark-e1589f87-22ff-4bbd-be08-1f0d6ad94a96/userFiles-2e5c8650-9e73-46d3-acc7-988bc66f0722/com.typesafe_config-1.4.1.jar
[2024-12-03T19:48:45.210+0000] {subprocess.py:93} INFO - 24/12/03 19:48:45 INFO SparkContext: Added file file:///opt/bitnami/spark/.ivy2/jars/org.slf4j_slf4j-api-1.7.26.jar at file:///opt/bitnami/spark/.ivy2/jars/org.slf4j_slf4j-api-1.7.26.jar with timestamp 1733255322784
[2024-12-03T19:48:45.211+0000] {subprocess.py:93} INFO - 24/12/03 19:48:45 INFO Utils: Copying /opt/bitnami/spark/.ivy2/jars/org.slf4j_slf4j-api-1.7.26.jar to /tmp/spark-e1589f87-22ff-4bbd-be08-1f0d6ad94a96/userFiles-2e5c8650-9e73-46d3-acc7-988bc66f0722/org.slf4j_slf4j-api-1.7.26.jar
[2024-12-03T19:48:45.218+0000] {subprocess.py:93} INFO - 24/12/03 19:48:45 INFO SparkContext: Added file file:///opt/bitnami/spark/.ivy2/jars/io.dropwizard.metrics_metrics-core-4.1.18.jar at file:///opt/bitnami/spark/.ivy2/jars/io.dropwizard.metrics_metrics-core-4.1.18.jar with timestamp 1733255322784
[2024-12-03T19:48:45.219+0000] {subprocess.py:93} INFO - 24/12/03 19:48:45 INFO Utils: Copying /opt/bitnami/spark/.ivy2/jars/io.dropwizard.metrics_metrics-core-4.1.18.jar to /tmp/spark-e1589f87-22ff-4bbd-be08-1f0d6ad94a96/userFiles-2e5c8650-9e73-46d3-acc7-988bc66f0722/io.dropwizard.metrics_metrics-core-4.1.18.jar
[2024-12-03T19:48:45.224+0000] {subprocess.py:93} INFO - 24/12/03 19:48:45 INFO SparkContext: Added file file:///opt/bitnami/spark/.ivy2/jars/org.hdrhistogram_HdrHistogram-2.1.12.jar at file:///opt/bitnami/spark/.ivy2/jars/org.hdrhistogram_HdrHistogram-2.1.12.jar with timestamp 1733255322784
[2024-12-03T19:48:45.225+0000] {subprocess.py:93} INFO - 24/12/03 19:48:45 INFO Utils: Copying /opt/bitnami/spark/.ivy2/jars/org.hdrhistogram_HdrHistogram-2.1.12.jar to /tmp/spark-e1589f87-22ff-4bbd-be08-1f0d6ad94a96/userFiles-2e5c8650-9e73-46d3-acc7-988bc66f0722/org.hdrhistogram_HdrHistogram-2.1.12.jar
[2024-12-03T19:48:45.232+0000] {subprocess.py:93} INFO - 24/12/03 19:48:45 INFO SparkContext: Added file file:///opt/bitnami/spark/.ivy2/jars/org.reactivestreams_reactive-streams-1.0.3.jar at file:///opt/bitnami/spark/.ivy2/jars/org.reactivestreams_reactive-streams-1.0.3.jar with timestamp 1733255322784
[2024-12-03T19:48:45.233+0000] {subprocess.py:93} INFO - 24/12/03 19:48:45 INFO Utils: Copying /opt/bitnami/spark/.ivy2/jars/org.reactivestreams_reactive-streams-1.0.3.jar to /tmp/spark-e1589f87-22ff-4bbd-be08-1f0d6ad94a96/userFiles-2e5c8650-9e73-46d3-acc7-988bc66f0722/org.reactivestreams_reactive-streams-1.0.3.jar
[2024-12-03T19:48:45.239+0000] {subprocess.py:93} INFO - 24/12/03 19:48:45 INFO SparkContext: Added file file:///opt/bitnami/spark/.ivy2/jars/org.apache.cassandra_java-driver-query-builder-4.18.1.jar at file:///opt/bitnami/spark/.ivy2/jars/org.apache.cassandra_java-driver-query-builder-4.18.1.jar with timestamp 1733255322784
[2024-12-03T19:48:45.240+0000] {subprocess.py:93} INFO - 24/12/03 19:48:45 INFO Utils: Copying /opt/bitnami/spark/.ivy2/jars/org.apache.cassandra_java-driver-query-builder-4.18.1.jar to /tmp/spark-e1589f87-22ff-4bbd-be08-1f0d6ad94a96/userFiles-2e5c8650-9e73-46d3-acc7-988bc66f0722/org.apache.cassandra_java-driver-query-builder-4.18.1.jar
[2024-12-03T19:48:45.350+0000] {subprocess.py:93} INFO - 24/12/03 19:48:45 INFO Executor: Starting executor ID driver on host cea96c144870
[2024-12-03T19:48:45.353+0000] {subprocess.py:93} INFO - 24/12/03 19:48:45 INFO Executor: OS info Linux, 5.15.167.4-microsoft-standard-WSL2, amd64
[2024-12-03T19:48:45.354+0000] {subprocess.py:93} INFO - 24/12/03 19:48:45 INFO Executor: Java version 17.0.12
[2024-12-03T19:48:45.362+0000] {subprocess.py:93} INFO - 24/12/03 19:48:45 INFO Executor: Starting executor with user classpath (userClassPathFirst = false): ''
[2024-12-03T19:48:45.364+0000] {subprocess.py:93} INFO - 24/12/03 19:48:45 INFO Executor: Created or updated repl class loader org.apache.spark.util.MutableURLClassLoader@57854394 for default.
[2024-12-03T19:48:45.385+0000] {subprocess.py:93} INFO - 24/12/03 19:48:45 INFO Executor: Fetching file:///opt/bitnami/spark/.ivy2/jars/com.typesafe_config-1.4.1.jar with timestamp 1733255322784
[2024-12-03T19:48:45.433+0000] {subprocess.py:93} INFO - 24/12/03 19:48:45 INFO Utils: /opt/bitnami/spark/.ivy2/jars/com.typesafe_config-1.4.1.jar has been previously copied to /tmp/spark-e1589f87-22ff-4bbd-be08-1f0d6ad94a96/userFiles-2e5c8650-9e73-46d3-acc7-988bc66f0722/com.typesafe_config-1.4.1.jar
[2024-12-03T19:48:45.440+0000] {subprocess.py:93} INFO - 24/12/03 19:48:45 INFO Executor: Fetching file:///opt/bitnami/spark/.ivy2/jars/org.scala-lang.modules_scala-collection-compat_2.12-2.11.0.jar with timestamp 1733255322784
[2024-12-03T19:48:45.451+0000] {subprocess.py:93} INFO - 24/12/03 19:48:45 INFO Utils: /opt/bitnami/spark/.ivy2/jars/org.scala-lang.modules_scala-collection-compat_2.12-2.11.0.jar has been previously copied to /tmp/spark-e1589f87-22ff-4bbd-be08-1f0d6ad94a96/userFiles-2e5c8650-9e73-46d3-acc7-988bc66f0722/org.scala-lang.modules_scala-collection-compat_2.12-2.11.0.jar
[2024-12-03T19:48:45.455+0000] {subprocess.py:93} INFO - 24/12/03 19:48:45 INFO Executor: Fetching file:///opt/bitnami/spark/.ivy2/jars/org.hdrhistogram_HdrHistogram-2.1.12.jar with timestamp 1733255322784
[2024-12-03T19:48:45.463+0000] {subprocess.py:93} INFO - 24/12/03 19:48:45 INFO Utils: /opt/bitnami/spark/.ivy2/jars/org.hdrhistogram_HdrHistogram-2.1.12.jar has been previously copied to /tmp/spark-e1589f87-22ff-4bbd-be08-1f0d6ad94a96/userFiles-2e5c8650-9e73-46d3-acc7-988bc66f0722/org.hdrhistogram_HdrHistogram-2.1.12.jar
[2024-12-03T19:48:45.467+0000] {subprocess.py:93} INFO - 24/12/03 19:48:45 INFO Executor: Fetching file:///opt/bitnami/spark/.ivy2/jars/com.datastax.oss_native-protocol-1.5.1.jar with timestamp 1733255322784
[2024-12-03T19:48:45.468+0000] {subprocess.py:93} INFO - 24/12/03 19:48:45 INFO Utils: /opt/bitnami/spark/.ivy2/jars/com.datastax.oss_native-protocol-1.5.1.jar has been previously copied to /tmp/spark-e1589f87-22ff-4bbd-be08-1f0d6ad94a96/userFiles-2e5c8650-9e73-46d3-acc7-988bc66f0722/com.datastax.oss_native-protocol-1.5.1.jar
[2024-12-03T19:48:45.474+0000] {subprocess.py:93} INFO - 24/12/03 19:48:45 INFO Executor: Fetching file:///dependencies.zip with timestamp 1733255322784
[2024-12-03T19:48:45.503+0000] {subprocess.py:93} INFO - 24/12/03 19:48:45 INFO Utils: /dependencies.zip has been previously copied to /tmp/spark-e1589f87-22ff-4bbd-be08-1f0d6ad94a96/userFiles-2e5c8650-9e73-46d3-acc7-988bc66f0722/dependencies.zip
[2024-12-03T19:48:45.508+0000] {subprocess.py:93} INFO - 24/12/03 19:48:45 INFO Executor: Fetching file:///opt/bitnami/spark/.ivy2/jars/org.reactivestreams_reactive-streams-1.0.3.jar with timestamp 1733255322784
[2024-12-03T19:48:45.509+0000] {subprocess.py:93} INFO - 24/12/03 19:48:45 INFO Utils: /opt/bitnami/spark/.ivy2/jars/org.reactivestreams_reactive-streams-1.0.3.jar has been previously copied to /tmp/spark-e1589f87-22ff-4bbd-be08-1f0d6ad94a96/userFiles-2e5c8650-9e73-46d3-acc7-988bc66f0722/org.reactivestreams_reactive-streams-1.0.3.jar
[2024-12-03T19:48:45.514+0000] {subprocess.py:93} INFO - 24/12/03 19:48:45 INFO Executor: Fetching file:///opt/bitnami/spark/.ivy2/jars/org.apache.cassandra_java-driver-mapper-runtime-4.18.1.jar with timestamp 1733255322784
[2024-12-03T19:48:45.515+0000] {subprocess.py:93} INFO - 24/12/03 19:48:45 INFO Utils: /opt/bitnami/spark/.ivy2/jars/org.apache.cassandra_java-driver-mapper-runtime-4.18.1.jar has been previously copied to /tmp/spark-e1589f87-22ff-4bbd-be08-1f0d6ad94a96/userFiles-2e5c8650-9e73-46d3-acc7-988bc66f0722/org.apache.cassandra_java-driver-mapper-runtime-4.18.1.jar
[2024-12-03T19:48:45.520+0000] {subprocess.py:93} INFO - 24/12/03 19:48:45 INFO Executor: Fetching file:///opt/bitnami/spark/.ivy2/jars/org.apache.cassandra_java-driver-core-shaded-4.18.1.jar with timestamp 1733255322784
[2024-12-03T19:48:45.527+0000] {subprocess.py:93} INFO - 24/12/03 19:48:45 INFO Utils: /opt/bitnami/spark/.ivy2/jars/org.apache.cassandra_java-driver-core-shaded-4.18.1.jar has been previously copied to /tmp/spark-e1589f87-22ff-4bbd-be08-1f0d6ad94a96/userFiles-2e5c8650-9e73-46d3-acc7-988bc66f0722/org.apache.cassandra_java-driver-core-shaded-4.18.1.jar
[2024-12-03T19:48:45.532+0000] {subprocess.py:93} INFO - 24/12/03 19:48:45 INFO Executor: Fetching file:///opt/bitnami/spark/.ivy2/jars/com.datastax.oss_java-driver-shaded-guava-25.1-jre-graal-sub-1.jar with timestamp 1733255322784
[2024-12-03T19:48:45.537+0000] {subprocess.py:93} INFO - 24/12/03 19:48:45 INFO Utils: /opt/bitnami/spark/.ivy2/jars/com.datastax.oss_java-driver-shaded-guava-25.1-jre-graal-sub-1.jar has been previously copied to /tmp/spark-e1589f87-22ff-4bbd-be08-1f0d6ad94a96/userFiles-2e5c8650-9e73-46d3-acc7-988bc66f0722/com.datastax.oss_java-driver-shaded-guava-25.1-jre-graal-sub-1.jar
[2024-12-03T19:48:45.542+0000] {subprocess.py:93} INFO - 24/12/03 19:48:45 INFO Executor: Fetching file:///opt/bitnami/spark/.ivy2/jars/org.apache.cassandra_java-driver-query-builder-4.18.1.jar with timestamp 1733255322784
[2024-12-03T19:48:45.543+0000] {subprocess.py:93} INFO - 24/12/03 19:48:45 INFO Utils: /opt/bitnami/spark/.ivy2/jars/org.apache.cassandra_java-driver-query-builder-4.18.1.jar has been previously copied to /tmp/spark-e1589f87-22ff-4bbd-be08-1f0d6ad94a96/userFiles-2e5c8650-9e73-46d3-acc7-988bc66f0722/org.apache.cassandra_java-driver-query-builder-4.18.1.jar
[2024-12-03T19:48:45.549+0000] {subprocess.py:93} INFO - 24/12/03 19:48:45 INFO Executor: Fetching file:///opt/bitnami/spark/.ivy2/jars/com.datastax.spark_spark-cassandra-connector_2.12-3.5.1.jar with timestamp 1733255322784
[2024-12-03T19:48:45.551+0000] {subprocess.py:93} INFO - 24/12/03 19:48:45 INFO Utils: /opt/bitnami/spark/.ivy2/jars/com.datastax.spark_spark-cassandra-connector_2.12-3.5.1.jar has been previously copied to /tmp/spark-e1589f87-22ff-4bbd-be08-1f0d6ad94a96/userFiles-2e5c8650-9e73-46d3-acc7-988bc66f0722/com.datastax.spark_spark-cassandra-connector_2.12-3.5.1.jar
[2024-12-03T19:48:45.558+0000] {subprocess.py:93} INFO - 24/12/03 19:48:45 INFO Executor: Fetching file:///opt/bitnami/spark/.ivy2/jars/org.apache.commons_commons-lang3-3.10.jar with timestamp 1733255322784
[2024-12-03T19:48:45.559+0000] {subprocess.py:93} INFO - 24/12/03 19:48:45 INFO Utils: /opt/bitnami/spark/.ivy2/jars/org.apache.commons_commons-lang3-3.10.jar has been previously copied to /tmp/spark-e1589f87-22ff-4bbd-be08-1f0d6ad94a96/userFiles-2e5c8650-9e73-46d3-acc7-988bc66f0722/org.apache.commons_commons-lang3-3.10.jar
[2024-12-03T19:48:45.566+0000] {subprocess.py:93} INFO - 24/12/03 19:48:45 INFO Executor: Fetching file:///opt/bitnami/spark/.ivy2/jars/com.thoughtworks.paranamer_paranamer-2.8.jar with timestamp 1733255322784
[2024-12-03T19:48:45.567+0000] {subprocess.py:93} INFO - 24/12/03 19:48:45 INFO Utils: /opt/bitnami/spark/.ivy2/jars/com.thoughtworks.paranamer_paranamer-2.8.jar has been previously copied to /tmp/spark-e1589f87-22ff-4bbd-be08-1f0d6ad94a96/userFiles-2e5c8650-9e73-46d3-acc7-988bc66f0722/com.thoughtworks.paranamer_paranamer-2.8.jar
[2024-12-03T19:48:45.573+0000] {subprocess.py:93} INFO - 24/12/03 19:48:45 INFO Executor: Fetching file:///opt/bitnami/spark/.ivy2/jars/org.slf4j_slf4j-api-1.7.26.jar with timestamp 1733255322784
[2024-12-03T19:48:45.574+0000] {subprocess.py:93} INFO - 24/12/03 19:48:45 INFO Utils: /opt/bitnami/spark/.ivy2/jars/org.slf4j_slf4j-api-1.7.26.jar has been previously copied to /tmp/spark-e1589f87-22ff-4bbd-be08-1f0d6ad94a96/userFiles-2e5c8650-9e73-46d3-acc7-988bc66f0722/org.slf4j_slf4j-api-1.7.26.jar
[2024-12-03T19:48:45.580+0000] {subprocess.py:93} INFO - 24/12/03 19:48:45 INFO Executor: Fetching file:///opt/bitnami/spark/.ivy2/jars/org.scala-lang_scala-reflect-2.12.19.jar with timestamp 1733255322784
[2024-12-03T19:48:45.585+0000] {subprocess.py:93} INFO - 24/12/03 19:48:45 INFO Utils: /opt/bitnami/spark/.ivy2/jars/org.scala-lang_scala-reflect-2.12.19.jar has been previously copied to /tmp/spark-e1589f87-22ff-4bbd-be08-1f0d6ad94a96/userFiles-2e5c8650-9e73-46d3-acc7-988bc66f0722/org.scala-lang_scala-reflect-2.12.19.jar
[2024-12-03T19:48:45.589+0000] {subprocess.py:93} INFO - 24/12/03 19:48:45 INFO Executor: Fetching file:///opt/bitnami/spark/.ivy2/jars/com.datastax.spark_spark-cassandra-connector-driver_2.12-3.5.1.jar with timestamp 1733255322784
[2024-12-03T19:48:45.591+0000] {subprocess.py:93} INFO - 24/12/03 19:48:45 INFO Utils: /opt/bitnami/spark/.ivy2/jars/com.datastax.spark_spark-cassandra-connector-driver_2.12-3.5.1.jar has been previously copied to /tmp/spark-e1589f87-22ff-4bbd-be08-1f0d6ad94a96/userFiles-2e5c8650-9e73-46d3-acc7-988bc66f0722/com.datastax.spark_spark-cassandra-connector-driver_2.12-3.5.1.jar
[2024-12-03T19:48:45.598+0000] {subprocess.py:93} INFO - 24/12/03 19:48:45 INFO Executor: Fetching file:///opt/bitnami/spark/.ivy2/jars/io.dropwizard.metrics_metrics-core-4.1.18.jar with timestamp 1733255322784
[2024-12-03T19:48:45.600+0000] {subprocess.py:93} INFO - 24/12/03 19:48:45 INFO Utils: /opt/bitnami/spark/.ivy2/jars/io.dropwizard.metrics_metrics-core-4.1.18.jar has been previously copied to /tmp/spark-e1589f87-22ff-4bbd-be08-1f0d6ad94a96/userFiles-2e5c8650-9e73-46d3-acc7-988bc66f0722/io.dropwizard.metrics_metrics-core-4.1.18.jar
[2024-12-03T19:48:45.610+0000] {subprocess.py:93} INFO - 24/12/03 19:48:45 INFO Executor: Fetching spark://cea96c144870:40633/jars/com.datastax.spark_spark-cassandra-connector_2.12-3.5.1.jar with timestamp 1733255322784
[2024-12-03T19:48:45.681+0000] {subprocess.py:93} INFO - 24/12/03 19:48:45 INFO TransportClientFactory: Successfully created connection to cea96c144870/172.18.0.9:40633 after 51 ms (0 ms spent in bootstraps)
[2024-12-03T19:48:45.696+0000] {subprocess.py:93} INFO - 24/12/03 19:48:45 INFO Utils: Fetching spark://cea96c144870:40633/jars/com.datastax.spark_spark-cassandra-connector_2.12-3.5.1.jar to /tmp/spark-e1589f87-22ff-4bbd-be08-1f0d6ad94a96/userFiles-2e5c8650-9e73-46d3-acc7-988bc66f0722/fetchFileTemp8130022460451596718.tmp
[2024-12-03T19:48:45.752+0000] {subprocess.py:93} INFO - 24/12/03 19:48:45 INFO Utils: /tmp/spark-e1589f87-22ff-4bbd-be08-1f0d6ad94a96/userFiles-2e5c8650-9e73-46d3-acc7-988bc66f0722/fetchFileTemp8130022460451596718.tmp has been previously copied to /tmp/spark-e1589f87-22ff-4bbd-be08-1f0d6ad94a96/userFiles-2e5c8650-9e73-46d3-acc7-988bc66f0722/com.datastax.spark_spark-cassandra-connector_2.12-3.5.1.jar
[2024-12-03T19:48:45.768+0000] {subprocess.py:93} INFO - 24/12/03 19:48:45 INFO Executor: Adding file:/tmp/spark-e1589f87-22ff-4bbd-be08-1f0d6ad94a96/userFiles-2e5c8650-9e73-46d3-acc7-988bc66f0722/com.datastax.spark_spark-cassandra-connector_2.12-3.5.1.jar to class loader default
[2024-12-03T19:48:45.769+0000] {subprocess.py:93} INFO - 24/12/03 19:48:45 INFO Executor: Fetching spark://cea96c144870:40633/jars/org.apache.commons_commons-lang3-3.10.jar with timestamp 1733255322784
[2024-12-03T19:48:45.770+0000] {subprocess.py:93} INFO - 24/12/03 19:48:45 INFO Utils: Fetching spark://cea96c144870:40633/jars/org.apache.commons_commons-lang3-3.10.jar to /tmp/spark-e1589f87-22ff-4bbd-be08-1f0d6ad94a96/userFiles-2e5c8650-9e73-46d3-acc7-988bc66f0722/fetchFileTemp3771596863982389391.tmp
[2024-12-03T19:48:45.778+0000] {subprocess.py:93} INFO - 24/12/03 19:48:45 INFO Utils: /tmp/spark-e1589f87-22ff-4bbd-be08-1f0d6ad94a96/userFiles-2e5c8650-9e73-46d3-acc7-988bc66f0722/fetchFileTemp3771596863982389391.tmp has been previously copied to /tmp/spark-e1589f87-22ff-4bbd-be08-1f0d6ad94a96/userFiles-2e5c8650-9e73-46d3-acc7-988bc66f0722/org.apache.commons_commons-lang3-3.10.jar
[2024-12-03T19:48:45.786+0000] {subprocess.py:93} INFO - 24/12/03 19:48:45 INFO Executor: Adding file:/tmp/spark-e1589f87-22ff-4bbd-be08-1f0d6ad94a96/userFiles-2e5c8650-9e73-46d3-acc7-988bc66f0722/org.apache.commons_commons-lang3-3.10.jar to class loader default
[2024-12-03T19:48:45.787+0000] {subprocess.py:93} INFO - 24/12/03 19:48:45 INFO Executor: Fetching spark://cea96c144870:40633/jars/com.datastax.oss_java-driver-shaded-guava-25.1-jre-graal-sub-1.jar with timestamp 1733255322784
[2024-12-03T19:48:45.788+0000] {subprocess.py:93} INFO - 24/12/03 19:48:45 INFO Utils: Fetching spark://cea96c144870:40633/jars/com.datastax.oss_java-driver-shaded-guava-25.1-jre-graal-sub-1.jar to /tmp/spark-e1589f87-22ff-4bbd-be08-1f0d6ad94a96/userFiles-2e5c8650-9e73-46d3-acc7-988bc66f0722/fetchFileTemp12379860949142221777.tmp
[2024-12-03T19:48:45.812+0000] {subprocess.py:93} INFO - 24/12/03 19:48:45 INFO Utils: /tmp/spark-e1589f87-22ff-4bbd-be08-1f0d6ad94a96/userFiles-2e5c8650-9e73-46d3-acc7-988bc66f0722/fetchFileTemp12379860949142221777.tmp has been previously copied to /tmp/spark-e1589f87-22ff-4bbd-be08-1f0d6ad94a96/userFiles-2e5c8650-9e73-46d3-acc7-988bc66f0722/com.datastax.oss_java-driver-shaded-guava-25.1-jre-graal-sub-1.jar
[2024-12-03T19:48:45.821+0000] {subprocess.py:93} INFO - 24/12/03 19:48:45 INFO Executor: Adding file:/tmp/spark-e1589f87-22ff-4bbd-be08-1f0d6ad94a96/userFiles-2e5c8650-9e73-46d3-acc7-988bc66f0722/com.datastax.oss_java-driver-shaded-guava-25.1-jre-graal-sub-1.jar to class loader default
[2024-12-03T19:48:45.823+0000] {subprocess.py:93} INFO - 24/12/03 19:48:45 INFO Executor: Fetching spark://cea96c144870:40633/jars/org.scala-lang_scala-reflect-2.12.19.jar with timestamp 1733255322784
[2024-12-03T19:48:45.824+0000] {subprocess.py:93} INFO - 24/12/03 19:48:45 INFO Utils: Fetching spark://cea96c144870:40633/jars/org.scala-lang_scala-reflect-2.12.19.jar to /tmp/spark-e1589f87-22ff-4bbd-be08-1f0d6ad94a96/userFiles-2e5c8650-9e73-46d3-acc7-988bc66f0722/fetchFileTemp9259908036207874734.tmp
[2024-12-03T19:48:45.852+0000] {subprocess.py:93} INFO - 24/12/03 19:48:45 INFO Utils: /tmp/spark-e1589f87-22ff-4bbd-be08-1f0d6ad94a96/userFiles-2e5c8650-9e73-46d3-acc7-988bc66f0722/fetchFileTemp9259908036207874734.tmp has been previously copied to /tmp/spark-e1589f87-22ff-4bbd-be08-1f0d6ad94a96/userFiles-2e5c8650-9e73-46d3-acc7-988bc66f0722/org.scala-lang_scala-reflect-2.12.19.jar
[2024-12-03T19:48:45.863+0000] {subprocess.py:93} INFO - 24/12/03 19:48:45 INFO Executor: Adding file:/tmp/spark-e1589f87-22ff-4bbd-be08-1f0d6ad94a96/userFiles-2e5c8650-9e73-46d3-acc7-988bc66f0722/org.scala-lang_scala-reflect-2.12.19.jar to class loader default
[2024-12-03T19:48:45.864+0000] {subprocess.py:93} INFO - 24/12/03 19:48:45 INFO Executor: Fetching spark://cea96c144870:40633/jars/com.datastax.oss_native-protocol-1.5.1.jar with timestamp 1733255322784
[2024-12-03T19:48:45.866+0000] {subprocess.py:93} INFO - 24/12/03 19:48:45 INFO Utils: Fetching spark://cea96c144870:40633/jars/com.datastax.oss_native-protocol-1.5.1.jar to /tmp/spark-e1589f87-22ff-4bbd-be08-1f0d6ad94a96/userFiles-2e5c8650-9e73-46d3-acc7-988bc66f0722/fetchFileTemp9629336288507192559.tmp
[2024-12-03T19:48:45.871+0000] {subprocess.py:93} INFO - 24/12/03 19:48:45 INFO Utils: /tmp/spark-e1589f87-22ff-4bbd-be08-1f0d6ad94a96/userFiles-2e5c8650-9e73-46d3-acc7-988bc66f0722/fetchFileTemp9629336288507192559.tmp has been previously copied to /tmp/spark-e1589f87-22ff-4bbd-be08-1f0d6ad94a96/userFiles-2e5c8650-9e73-46d3-acc7-988bc66f0722/com.datastax.oss_native-protocol-1.5.1.jar
[2024-12-03T19:48:45.880+0000] {subprocess.py:93} INFO - 24/12/03 19:48:45 INFO Executor: Adding file:/tmp/spark-e1589f87-22ff-4bbd-be08-1f0d6ad94a96/userFiles-2e5c8650-9e73-46d3-acc7-988bc66f0722/com.datastax.oss_native-protocol-1.5.1.jar to class loader default
[2024-12-03T19:48:45.882+0000] {subprocess.py:93} INFO - 24/12/03 19:48:45 INFO Executor: Fetching spark://cea96c144870:40633/jars/org.apache.cassandra_java-driver-mapper-runtime-4.18.1.jar with timestamp 1733255322784
[2024-12-03T19:48:45.883+0000] {subprocess.py:93} INFO - 24/12/03 19:48:45 INFO Utils: Fetching spark://cea96c144870:40633/jars/org.apache.cassandra_java-driver-mapper-runtime-4.18.1.jar to /tmp/spark-e1589f87-22ff-4bbd-be08-1f0d6ad94a96/userFiles-2e5c8650-9e73-46d3-acc7-988bc66f0722/fetchFileTemp11496244270723599233.tmp
[2024-12-03T19:48:45.885+0000] {subprocess.py:93} INFO - 24/12/03 19:48:45 INFO Utils: /tmp/spark-e1589f87-22ff-4bbd-be08-1f0d6ad94a96/userFiles-2e5c8650-9e73-46d3-acc7-988bc66f0722/fetchFileTemp11496244270723599233.tmp has been previously copied to /tmp/spark-e1589f87-22ff-4bbd-be08-1f0d6ad94a96/userFiles-2e5c8650-9e73-46d3-acc7-988bc66f0722/org.apache.cassandra_java-driver-mapper-runtime-4.18.1.jar
[2024-12-03T19:48:45.891+0000] {subprocess.py:93} INFO - 24/12/03 19:48:45 INFO Executor: Adding file:/tmp/spark-e1589f87-22ff-4bbd-be08-1f0d6ad94a96/userFiles-2e5c8650-9e73-46d3-acc7-988bc66f0722/org.apache.cassandra_java-driver-mapper-runtime-4.18.1.jar to class loader default
[2024-12-03T19:48:45.893+0000] {subprocess.py:93} INFO - 24/12/03 19:48:45 INFO Executor: Fetching spark://cea96c144870:40633/jars/com.datastax.spark_spark-cassandra-connector-driver_2.12-3.5.1.jar with timestamp 1733255322784
[2024-12-03T19:48:45.893+0000] {subprocess.py:93} INFO - 24/12/03 19:48:45 INFO Utils: Fetching spark://cea96c144870:40633/jars/com.datastax.spark_spark-cassandra-connector-driver_2.12-3.5.1.jar to /tmp/spark-e1589f87-22ff-4bbd-be08-1f0d6ad94a96/userFiles-2e5c8650-9e73-46d3-acc7-988bc66f0722/fetchFileTemp5028765996283027563.tmp
[2024-12-03T19:48:45.905+0000] {subprocess.py:93} INFO - 24/12/03 19:48:45 INFO Utils: /tmp/spark-e1589f87-22ff-4bbd-be08-1f0d6ad94a96/userFiles-2e5c8650-9e73-46d3-acc7-988bc66f0722/fetchFileTemp5028765996283027563.tmp has been previously copied to /tmp/spark-e1589f87-22ff-4bbd-be08-1f0d6ad94a96/userFiles-2e5c8650-9e73-46d3-acc7-988bc66f0722/com.datastax.spark_spark-cassandra-connector-driver_2.12-3.5.1.jar
[2024-12-03T19:48:45.913+0000] {subprocess.py:93} INFO - 24/12/03 19:48:45 INFO Executor: Adding file:/tmp/spark-e1589f87-22ff-4bbd-be08-1f0d6ad94a96/userFiles-2e5c8650-9e73-46d3-acc7-988bc66f0722/com.datastax.spark_spark-cassandra-connector-driver_2.12-3.5.1.jar to class loader default
[2024-12-03T19:48:45.914+0000] {subprocess.py:93} INFO - 24/12/03 19:48:45 INFO Executor: Fetching spark://cea96c144870:40633/jars/com.typesafe_config-1.4.1.jar with timestamp 1733255322784
[2024-12-03T19:48:45.916+0000] {subprocess.py:93} INFO - 24/12/03 19:48:45 INFO Utils: Fetching spark://cea96c144870:40633/jars/com.typesafe_config-1.4.1.jar to /tmp/spark-e1589f87-22ff-4bbd-be08-1f0d6ad94a96/userFiles-2e5c8650-9e73-46d3-acc7-988bc66f0722/fetchFileTemp9336759251293835043.tmp
[2024-12-03T19:48:45.920+0000] {subprocess.py:93} INFO - 24/12/03 19:48:45 INFO Utils: /tmp/spark-e1589f87-22ff-4bbd-be08-1f0d6ad94a96/userFiles-2e5c8650-9e73-46d3-acc7-988bc66f0722/fetchFileTemp9336759251293835043.tmp has been previously copied to /tmp/spark-e1589f87-22ff-4bbd-be08-1f0d6ad94a96/userFiles-2e5c8650-9e73-46d3-acc7-988bc66f0722/com.typesafe_config-1.4.1.jar
[2024-12-03T19:48:45.926+0000] {subprocess.py:93} INFO - 24/12/03 19:48:45 INFO Executor: Adding file:/tmp/spark-e1589f87-22ff-4bbd-be08-1f0d6ad94a96/userFiles-2e5c8650-9e73-46d3-acc7-988bc66f0722/com.typesafe_config-1.4.1.jar to class loader default
[2024-12-03T19:48:45.935+0000] {subprocess.py:93} INFO - 24/12/03 19:48:45 INFO Executor: Fetching spark://cea96c144870:40633/jars/org.slf4j_slf4j-api-1.7.26.jar with timestamp 1733255322784
[2024-12-03T19:48:45.937+0000] {subprocess.py:93} INFO - 24/12/03 19:48:45 INFO Utils: Fetching spark://cea96c144870:40633/jars/org.slf4j_slf4j-api-1.7.26.jar to /tmp/spark-e1589f87-22ff-4bbd-be08-1f0d6ad94a96/userFiles-2e5c8650-9e73-46d3-acc7-988bc66f0722/fetchFileTemp10094494275136843252.tmp
[2024-12-03T19:48:45.938+0000] {subprocess.py:93} INFO - 24/12/03 19:48:45 INFO Utils: /tmp/spark-e1589f87-22ff-4bbd-be08-1f0d6ad94a96/userFiles-2e5c8650-9e73-46d3-acc7-988bc66f0722/fetchFileTemp10094494275136843252.tmp has been previously copied to /tmp/spark-e1589f87-22ff-4bbd-be08-1f0d6ad94a96/userFiles-2e5c8650-9e73-46d3-acc7-988bc66f0722/org.slf4j_slf4j-api-1.7.26.jar
[2024-12-03T19:48:45.943+0000] {subprocess.py:93} INFO - 24/12/03 19:48:45 INFO Executor: Adding file:/tmp/spark-e1589f87-22ff-4bbd-be08-1f0d6ad94a96/userFiles-2e5c8650-9e73-46d3-acc7-988bc66f0722/org.slf4j_slf4j-api-1.7.26.jar to class loader default
[2024-12-03T19:48:45.944+0000] {subprocess.py:93} INFO - 24/12/03 19:48:45 INFO Executor: Fetching spark://cea96c144870:40633/jars/org.hdrhistogram_HdrHistogram-2.1.12.jar with timestamp 1733255322784
[2024-12-03T19:48:45.945+0000] {subprocess.py:93} INFO - 24/12/03 19:48:45 INFO Utils: Fetching spark://cea96c144870:40633/jars/org.hdrhistogram_HdrHistogram-2.1.12.jar to /tmp/spark-e1589f87-22ff-4bbd-be08-1f0d6ad94a96/userFiles-2e5c8650-9e73-46d3-acc7-988bc66f0722/fetchFileTemp13147749059114467209.tmp
[2024-12-03T19:48:45.951+0000] {subprocess.py:93} INFO - 24/12/03 19:48:45 INFO Utils: /tmp/spark-e1589f87-22ff-4bbd-be08-1f0d6ad94a96/userFiles-2e5c8650-9e73-46d3-acc7-988bc66f0722/fetchFileTemp13147749059114467209.tmp has been previously copied to /tmp/spark-e1589f87-22ff-4bbd-be08-1f0d6ad94a96/userFiles-2e5c8650-9e73-46d3-acc7-988bc66f0722/org.hdrhistogram_HdrHistogram-2.1.12.jar
[2024-12-03T19:48:45.958+0000] {subprocess.py:93} INFO - 24/12/03 19:48:45 INFO Executor: Adding file:/tmp/spark-e1589f87-22ff-4bbd-be08-1f0d6ad94a96/userFiles-2e5c8650-9e73-46d3-acc7-988bc66f0722/org.hdrhistogram_HdrHistogram-2.1.12.jar to class loader default
[2024-12-03T19:48:45.959+0000] {subprocess.py:93} INFO - 24/12/03 19:48:45 INFO Executor: Fetching spark://cea96c144870:40633/jars/org.reactivestreams_reactive-streams-1.0.3.jar with timestamp 1733255322784
[2024-12-03T19:48:45.960+0000] {subprocess.py:93} INFO - 24/12/03 19:48:45 INFO Utils: Fetching spark://cea96c144870:40633/jars/org.reactivestreams_reactive-streams-1.0.3.jar to /tmp/spark-e1589f87-22ff-4bbd-be08-1f0d6ad94a96/userFiles-2e5c8650-9e73-46d3-acc7-988bc66f0722/fetchFileTemp5041794515066701346.tmp
[2024-12-03T19:48:45.963+0000] {subprocess.py:93} INFO - 24/12/03 19:48:45 INFO Utils: /tmp/spark-e1589f87-22ff-4bbd-be08-1f0d6ad94a96/userFiles-2e5c8650-9e73-46d3-acc7-988bc66f0722/fetchFileTemp5041794515066701346.tmp has been previously copied to /tmp/spark-e1589f87-22ff-4bbd-be08-1f0d6ad94a96/userFiles-2e5c8650-9e73-46d3-acc7-988bc66f0722/org.reactivestreams_reactive-streams-1.0.3.jar
[2024-12-03T19:48:45.970+0000] {subprocess.py:93} INFO - 24/12/03 19:48:45 INFO Executor: Adding file:/tmp/spark-e1589f87-22ff-4bbd-be08-1f0d6ad94a96/userFiles-2e5c8650-9e73-46d3-acc7-988bc66f0722/org.reactivestreams_reactive-streams-1.0.3.jar to class loader default
[2024-12-03T19:48:45.971+0000] {subprocess.py:93} INFO - 24/12/03 19:48:45 INFO Executor: Fetching spark://cea96c144870:40633/jars/io.dropwizard.metrics_metrics-core-4.1.18.jar with timestamp 1733255322784
[2024-12-03T19:48:45.972+0000] {subprocess.py:93} INFO - 24/12/03 19:48:45 INFO Utils: Fetching spark://cea96c144870:40633/jars/io.dropwizard.metrics_metrics-core-4.1.18.jar to /tmp/spark-e1589f87-22ff-4bbd-be08-1f0d6ad94a96/userFiles-2e5c8650-9e73-46d3-acc7-988bc66f0722/fetchFileTemp11921983135353814997.tmp
[2024-12-03T19:48:45.975+0000] {subprocess.py:93} INFO - 24/12/03 19:48:45 INFO Utils: /tmp/spark-e1589f87-22ff-4bbd-be08-1f0d6ad94a96/userFiles-2e5c8650-9e73-46d3-acc7-988bc66f0722/fetchFileTemp11921983135353814997.tmp has been previously copied to /tmp/spark-e1589f87-22ff-4bbd-be08-1f0d6ad94a96/userFiles-2e5c8650-9e73-46d3-acc7-988bc66f0722/io.dropwizard.metrics_metrics-core-4.1.18.jar
[2024-12-03T19:48:45.982+0000] {subprocess.py:93} INFO - 24/12/03 19:48:45 INFO Executor: Adding file:/tmp/spark-e1589f87-22ff-4bbd-be08-1f0d6ad94a96/userFiles-2e5c8650-9e73-46d3-acc7-988bc66f0722/io.dropwizard.metrics_metrics-core-4.1.18.jar to class loader default
[2024-12-03T19:48:45.983+0000] {subprocess.py:93} INFO - 24/12/03 19:48:45 INFO Executor: Fetching spark://cea96c144870:40633/jars/org.scala-lang.modules_scala-collection-compat_2.12-2.11.0.jar with timestamp 1733255322784
[2024-12-03T19:48:45.984+0000] {subprocess.py:93} INFO - 24/12/03 19:48:45 INFO Utils: Fetching spark://cea96c144870:40633/jars/org.scala-lang.modules_scala-collection-compat_2.12-2.11.0.jar to /tmp/spark-e1589f87-22ff-4bbd-be08-1f0d6ad94a96/userFiles-2e5c8650-9e73-46d3-acc7-988bc66f0722/fetchFileTemp14084856801708984799.tmp
[2024-12-03T19:48:45.993+0000] {subprocess.py:93} INFO - 24/12/03 19:48:45 INFO Utils: /tmp/spark-e1589f87-22ff-4bbd-be08-1f0d6ad94a96/userFiles-2e5c8650-9e73-46d3-acc7-988bc66f0722/fetchFileTemp14084856801708984799.tmp has been previously copied to /tmp/spark-e1589f87-22ff-4bbd-be08-1f0d6ad94a96/userFiles-2e5c8650-9e73-46d3-acc7-988bc66f0722/org.scala-lang.modules_scala-collection-compat_2.12-2.11.0.jar
[2024-12-03T19:48:46.004+0000] {subprocess.py:93} INFO - 24/12/03 19:48:45 INFO Executor: Adding file:/tmp/spark-e1589f87-22ff-4bbd-be08-1f0d6ad94a96/userFiles-2e5c8650-9e73-46d3-acc7-988bc66f0722/org.scala-lang.modules_scala-collection-compat_2.12-2.11.0.jar to class loader default
[2024-12-03T19:48:46.005+0000] {subprocess.py:93} INFO - 24/12/03 19:48:46 INFO Executor: Fetching spark://cea96c144870:40633/jars/org.apache.cassandra_java-driver-core-shaded-4.18.1.jar with timestamp 1733255322784
[2024-12-03T19:48:46.006+0000] {subprocess.py:93} INFO - 24/12/03 19:48:46 INFO Utils: Fetching spark://cea96c144870:40633/jars/org.apache.cassandra_java-driver-core-shaded-4.18.1.jar to /tmp/spark-e1589f87-22ff-4bbd-be08-1f0d6ad94a96/userFiles-2e5c8650-9e73-46d3-acc7-988bc66f0722/fetchFileTemp2689015232691774214.tmp
[2024-12-03T19:48:46.051+0000] {subprocess.py:93} INFO - 24/12/03 19:48:46 INFO Utils: /tmp/spark-e1589f87-22ff-4bbd-be08-1f0d6ad94a96/userFiles-2e5c8650-9e73-46d3-acc7-988bc66f0722/fetchFileTemp2689015232691774214.tmp has been previously copied to /tmp/spark-e1589f87-22ff-4bbd-be08-1f0d6ad94a96/userFiles-2e5c8650-9e73-46d3-acc7-988bc66f0722/org.apache.cassandra_java-driver-core-shaded-4.18.1.jar
[2024-12-03T19:48:46.065+0000] {subprocess.py:93} INFO - 24/12/03 19:48:46 INFO Executor: Adding file:/tmp/spark-e1589f87-22ff-4bbd-be08-1f0d6ad94a96/userFiles-2e5c8650-9e73-46d3-acc7-988bc66f0722/org.apache.cassandra_java-driver-core-shaded-4.18.1.jar to class loader default
[2024-12-03T19:48:46.066+0000] {subprocess.py:93} INFO - 24/12/03 19:48:46 INFO Executor: Fetching spark://cea96c144870:40633/jars/org.apache.cassandra_java-driver-query-builder-4.18.1.jar with timestamp 1733255322784
[2024-12-03T19:48:46.067+0000] {subprocess.py:93} INFO - 24/12/03 19:48:46 INFO Utils: Fetching spark://cea96c144870:40633/jars/org.apache.cassandra_java-driver-query-builder-4.18.1.jar to /tmp/spark-e1589f87-22ff-4bbd-be08-1f0d6ad94a96/userFiles-2e5c8650-9e73-46d3-acc7-988bc66f0722/fetchFileTemp6402532048438973801.tmp
[2024-12-03T19:48:46.071+0000] {subprocess.py:93} INFO - 24/12/03 19:48:46 INFO Utils: /tmp/spark-e1589f87-22ff-4bbd-be08-1f0d6ad94a96/userFiles-2e5c8650-9e73-46d3-acc7-988bc66f0722/fetchFileTemp6402532048438973801.tmp has been previously copied to /tmp/spark-e1589f87-22ff-4bbd-be08-1f0d6ad94a96/userFiles-2e5c8650-9e73-46d3-acc7-988bc66f0722/org.apache.cassandra_java-driver-query-builder-4.18.1.jar
[2024-12-03T19:48:46.081+0000] {subprocess.py:93} INFO - 24/12/03 19:48:46 INFO Executor: Adding file:/tmp/spark-e1589f87-22ff-4bbd-be08-1f0d6ad94a96/userFiles-2e5c8650-9e73-46d3-acc7-988bc66f0722/org.apache.cassandra_java-driver-query-builder-4.18.1.jar to class loader default
[2024-12-03T19:48:46.083+0000] {subprocess.py:93} INFO - 24/12/03 19:48:46 INFO Executor: Fetching spark://cea96c144870:40633/jars/com.thoughtworks.paranamer_paranamer-2.8.jar with timestamp 1733255322784
[2024-12-03T19:48:46.084+0000] {subprocess.py:93} INFO - 24/12/03 19:48:46 INFO Utils: Fetching spark://cea96c144870:40633/jars/com.thoughtworks.paranamer_paranamer-2.8.jar to /tmp/spark-e1589f87-22ff-4bbd-be08-1f0d6ad94a96/userFiles-2e5c8650-9e73-46d3-acc7-988bc66f0722/fetchFileTemp1329432527605194291.tmp
[2024-12-03T19:48:46.086+0000] {subprocess.py:93} INFO - 24/12/03 19:48:46 INFO Utils: /tmp/spark-e1589f87-22ff-4bbd-be08-1f0d6ad94a96/userFiles-2e5c8650-9e73-46d3-acc7-988bc66f0722/fetchFileTemp1329432527605194291.tmp has been previously copied to /tmp/spark-e1589f87-22ff-4bbd-be08-1f0d6ad94a96/userFiles-2e5c8650-9e73-46d3-acc7-988bc66f0722/com.thoughtworks.paranamer_paranamer-2.8.jar
[2024-12-03T19:48:46.092+0000] {subprocess.py:93} INFO - 24/12/03 19:48:46 INFO Executor: Adding file:/tmp/spark-e1589f87-22ff-4bbd-be08-1f0d6ad94a96/userFiles-2e5c8650-9e73-46d3-acc7-988bc66f0722/com.thoughtworks.paranamer_paranamer-2.8.jar to class loader default
[2024-12-03T19:48:46.109+0000] {subprocess.py:93} INFO - 24/12/03 19:48:46 INFO Utils: Successfully started service 'org.apache.spark.network.netty.NettyBlockTransferService' on port 40707.
[2024-12-03T19:48:46.110+0000] {subprocess.py:93} INFO - 24/12/03 19:48:46 INFO NettyBlockTransferService: Server created on cea96c144870:40707
[2024-12-03T19:48:46.112+0000] {subprocess.py:93} INFO - 24/12/03 19:48:46 INFO BlockManager: Using org.apache.spark.storage.RandomBlockReplicationPolicy for block replication policy
[2024-12-03T19:48:46.125+0000] {subprocess.py:93} INFO - 24/12/03 19:48:46 INFO BlockManagerMaster: Registering BlockManager BlockManagerId(driver, cea96c144870, 40707, None)
[2024-12-03T19:48:46.132+0000] {subprocess.py:93} INFO - 24/12/03 19:48:46 INFO BlockManagerMasterEndpoint: Registering block manager cea96c144870:40707 with 434.4 MiB RAM, BlockManagerId(driver, cea96c144870, 40707, None)
[2024-12-03T19:48:46.136+0000] {subprocess.py:93} INFO - 24/12/03 19:48:46 INFO BlockManagerMaster: Registered BlockManager BlockManagerId(driver, cea96c144870, 40707, None)
[2024-12-03T19:48:46.137+0000] {subprocess.py:93} INFO - 24/12/03 19:48:46 INFO BlockManager: Initialized BlockManager: BlockManagerId(driver, cea96c144870, 40707, None)
[2024-12-03T19:48:46.895+0000] {subprocess.py:93} INFO - 2024-12-03 19:48:46,892 - __main__ - INFO - Spark connection created successfully
[2024-12-03T19:48:56.898+0000] {subprocess.py:93} INFO - 2024-12-03 19:48:56,893 - __main__ - INFO - Number of rows in merged_df: 32
[2024-12-03T19:49:01.093+0000] {subprocess.py:93} INFO - +----------+--------+---------+-------------------+-----+----------+--------+--------+---------+----------+----------+----------+--------+----------+-------+----------+----------+-------------------+--------------------+------+----+-------------+-------+--------+------------------+--------------------+------------+----------------+---------+----------------------+
[2024-12-03T19:49:01.096+0000] {subprocess.py:93} INFO - | city_name|latitude|longitude|weather_description| temp|feels_like|humidity|pressure|sea_level|grnd_level|visibility|wind_speed|wind_deg|clouds_all|country|   sunrise|    sunset|               time|apparent_temperature|is_day|rain|precipitation|showers|snowfall|    temperature_2m|relative_humidity_2m|pressure_msl|surface_pressure|elevation|temperature_feels_like|
[2024-12-03T19:49:01.097+0000] {subprocess.py:93} INFO - +----------+--------+---------+-------------------+-----+----------+--------+--------+---------+----------+----------+----------+--------+----------+-------+----------+----------+-------------------+--------------------+------+----+-------------+-------+--------+------------------+--------------------+------------+----------------+---------+----------------------+
[2024-12-03T19:49:01.098+0000] {subprocess.py:93} INFO - |Casablanca| 33.5928|  -7.6192| [scattered clouds]|20.96|     20.89|    68.5|    1025|     1025|      1016|      6000|      2.06|      60|        40|     MA|1733210336|1733246537|2024-12-03 12:31:58|                21.6|     1| 0.0|          0.0|    0.0|     0.0|             21.03|                  69|      1025.6|          1023.1|     21.0|                21.245|
[2024-12-03T19:49:01.099+0000] {subprocess.py:93} INFO - |     Rabat| 33.9911|  -6.8401| [scattered clouds]|22.04|     21.97|    64.5|    1024|     1024|      1017|      5000|      2.06|     300|        40|     MA|1733210206|1733246293|2024-12-03 12:33:04|                21.5|     1| 0.0|          0.0|    0.0|     0.0|21.619999999999997|                  65|      1025.3|          1017.0|     70.0|                21.735|
[2024-12-03T19:49:01.100+0000] {subprocess.py:93} INFO - |       Fes| 34.0372|  -4.9998|        [clear sky]|20.14|     19.31|    43.0|    1024|     1024|       975|     10000|       3.6|     320|         0|     MA|1733209771|1733245845|2024-12-03 12:36:04|                19.3|     1| 0.0|          0.0|    0.0|     0.0|             20.47|                  44|      1024.7|           978.4|    400.0|                19.305|
[2024-12-03T19:49:01.101+0000] {subprocess.py:93} INFO - | Marrakesh| 31.6315|  -8.0083|        [clear sky]|23.04|     22.21|    28.0|    1023|     1023|       968|     10000|      1.03|       0|         0|     MA|1733210157|1733246903|2024-12-03 12:37:00|                21.0|     1| 0.0|          0.0|    0.0|     0.0|             23.27|                  25|      1024.1|           972.0|    456.0|                21.605|
[2024-12-03T19:49:01.102+0000] {subprocess.py:93} INFO - |    Agadir| 30.4202|  -9.5982|        [clear sky]|27.25|      27.1|    50.5|    1023|     1023|      1006|     10000|      3.08|     279|         0|     MA|1733210376|1733247447|2024-12-03 12:34:31|                24.7|     1| 0.0|          0.0|    0.0|     0.0|            25.475|                  60|      1023.8|          1019.7|     35.0|                  25.9|
[2024-12-03T19:49:01.106+0000] {subprocess.py:93} INFO - |   Tangier| 35.7806|  -5.8137| [scattered clouds]|19.64|     20.11|    82.5|    1023|     1023|      1017|      6000|      4.12|     210|        40|     MA|1733210223|1733245783|2024-12-03 12:36:10|                19.6|     1| 0.0|          0.0|    0.0|     0.0|             19.82|                  71|      1024.2|          1015.7|     72.0|                19.855|
[2024-12-03T19:49:01.109+0000] {subprocess.py:93} INFO - |    Meknes| 33.9776|   -5.525|        [clear sky]|20.49|     20.03|    53.0|    1024|     1024|       967|      8000|      2.57|     300|         0|     MA|1733209888|1733245979|2024-12-03 12:37:03|                17.6|     1| 0.0|          0.0|    0.0|     0.0|            19.945|                  51|      1025.3|           964.6|    526.0|                18.815|
[2024-12-03T19:49:01.110+0000] {subprocess.py:93} INFO - |     Oujda| 34.6805|  -1.9076|        [clear sky]|22.35|     21.35|    27.5|    1021|     1021|       944|     10000|      4.63|     310|         0|     MA|1733209122|1733245009|2024-12-03 12:33:04|                18.7|     1| 0.0|          0.0|    0.0|     0.0|            22.225|                  28|      1023.0|           959.8|    555.0|                20.025|
[2024-12-03T19:49:01.111+0000] {subprocess.py:93} INFO - |   Kenitra|  34.261|  -6.5802|        [clear sky]|22.42|     22.47|    66.5|    1024|     1024|      1021|     10000|      4.25|     290|         1|     MA|1733210182|1733246192|2024-12-03 12:33:20|                22.2|     1| 0.0|          0.0|    0.0|     0.0|22.060000000000002|                  66|      1025.1|          1023.8|     11.0|                22.335|
[2024-12-03T19:49:01.112+0000] {subprocess.py:93} INFO - |      Safi| 32.1667|  -8.8333|        [clear sky]|22.22|     21.72|    53.5|    1024|     1024|       989|     10000|      4.26|      34|         0|     MA|1733210428|1733247028|2024-12-03 12:37:06|                20.9|     1| 0.0|          0.0|    0.0|     0.0|             22.16|                  60|      1025.2|          1021.1|     35.0|                 21.31|
[2024-12-03T19:49:01.115+0000] {subprocess.py:93} INFO - +----------+--------+---------+-------------------+-----+----------+--------+--------+---------+----------+----------+----------+--------+----------+-------+----------+----------+-------------------+--------------------+------+----+-------------+-------+--------+------------------+--------------------+------------+----------------+---------+----------------------+
[2024-12-03T19:49:01.116+0000] {subprocess.py:93} INFO - only showing top 10 rows
[2024-12-03T19:49:01.117+0000] {subprocess.py:93} INFO - 
[2024-12-03T19:49:01.296+0000] {subprocess.py:93} INFO - 2024-12-03 19:49:01,294 - cassandra.cluster - WARNING - Cluster.__init__ called with contact_points specified, but no load_balancing_policy. In the next major version, this will raise an error; please specify a load-balancing policy. (contact_points = ['cassandra_db'], lbp = None)
[2024-12-03T19:49:01.307+0000] {subprocess.py:93} INFO - 2024-12-03 19:49:01,305 - cassandra.cluster - WARNING - Downgrading core protocol version from 66 to 65 for 172.18.0.8:9042. To avoid this, it is best practice to explicitly set Cluster(protocol_version) to the version supported by your cluster. http://datastax.github.io/python-driver/api/cassandra/cluster.html#cassandra.cluster.Cluster.protocol_version
[2024-12-03T19:49:01.311+0000] {subprocess.py:93} INFO - 2024-12-03 19:49:01,310 - cassandra.cluster - WARNING - Downgrading core protocol version from 65 to 5 for 172.18.0.8:9042. To avoid this, it is best practice to explicitly set Cluster(protocol_version) to the version supported by your cluster. http://datastax.github.io/python-driver/api/cassandra/cluster.html#cassandra.cluster.Cluster.protocol_version
[2024-12-03T19:49:01.329+0000] {subprocess.py:93} INFO - 2024-12-03 19:49:01,328 - cassandra.policies - INFO - Using datacenter 'datacenter1' for DCAwareRoundRobinPolicy (via host '172.18.0.8:9042'); if incorrect, please specify a local_dc to the constructor, or limit contact points to local cluster nodes
[2024-12-03T19:49:01.457+0000] {subprocess.py:93} INFO - 2024-12-03 19:49:01,453 - __main__ - INFO - Cassandra connection created successfully
[2024-12-03T19:49:01.466+0000] {subprocess.py:93} INFO - 2024-12-03 19:49:01,465 - __main__ - INFO - Keyspace created successfully
[2024-12-03T19:49:01.476+0000] {subprocess.py:93} INFO - 2024-12-03 19:49:01,474 - __main__ - INFO - Table created successfully
[2024-12-03T19:49:02.556+0000] {subprocess.py:93} INFO - 2024-12-03 19:49:02,554 - __main__ - INFO - Inserted data: Casablanca at 2024-12-03 12:31:58
[2024-12-03T19:49:02.574+0000] {subprocess.py:93} INFO - 2024-12-03 19:49:02,573 - __main__ - INFO - Data inserted successfully for Casablanca at 2024-12-03 12:31:58
[2024-12-03T19:49:02.596+0000] {subprocess.py:93} INFO - 2024-12-03 19:49:02,594 - __main__ - INFO - Inserted data: Rabat at 2024-12-03 12:33:04
[2024-12-03T19:49:02.603+0000] {subprocess.py:93} INFO - 2024-12-03 19:49:02,602 - __main__ - INFO - Data inserted successfully for Rabat at 2024-12-03 12:33:04
[2024-12-03T19:49:02.610+0000] {subprocess.py:93} INFO - 2024-12-03 19:49:02,609 - __main__ - INFO - Inserted data: Fes at 2024-12-03 12:36:04
[2024-12-03T19:49:02.624+0000] {subprocess.py:93} INFO - 2024-12-03 19:49:02,622 - __main__ - INFO - Data inserted successfully for Fes at 2024-12-03 12:36:04
[2024-12-03T19:49:02.632+0000] {subprocess.py:93} INFO - 2024-12-03 19:49:02,631 - __main__ - INFO - Inserted data: Marrakesh at 2024-12-03 12:37:00
[2024-12-03T19:49:02.645+0000] {subprocess.py:93} INFO - 2024-12-03 19:49:02,643 - __main__ - INFO - Data inserted successfully for Marrakesh at 2024-12-03 12:37:00
[2024-12-03T19:49:02.663+0000] {subprocess.py:93} INFO - 2024-12-03 19:49:02,661 - __main__ - INFO - Inserted data: Agadir at 2024-12-03 12:34:31
[2024-12-03T19:49:02.674+0000] {subprocess.py:93} INFO - 2024-12-03 19:49:02,673 - __main__ - INFO - Data inserted successfully for Agadir at 2024-12-03 12:34:31
[2024-12-03T19:49:02.685+0000] {subprocess.py:93} INFO - 2024-12-03 19:49:02,683 - __main__ - INFO - Inserted data: Tangier at 2024-12-03 12:36:10
[2024-12-03T19:49:02.692+0000] {subprocess.py:93} INFO - 2024-12-03 19:49:02,690 - __main__ - INFO - Data inserted successfully for Tangier at 2024-12-03 12:36:10
[2024-12-03T19:49:02.698+0000] {subprocess.py:93} INFO - 2024-12-03 19:49:02,696 - __main__ - INFO - Inserted data: Meknes at 2024-12-03 12:37:03
[2024-12-03T19:49:02.704+0000] {subprocess.py:93} INFO - 2024-12-03 19:49:02,703 - __main__ - INFO - Data inserted successfully for Meknes at 2024-12-03 12:37:03
[2024-12-03T19:49:02.712+0000] {subprocess.py:93} INFO - 2024-12-03 19:49:02,710 - __main__ - INFO - Inserted data: Oujda at 2024-12-03 12:33:04
[2024-12-03T19:49:02.718+0000] {subprocess.py:93} INFO - 2024-12-03 19:49:02,717 - __main__ - INFO - Data inserted successfully for Oujda at 2024-12-03 12:33:04
[2024-12-03T19:49:02.723+0000] {subprocess.py:93} INFO - 2024-12-03 19:49:02,722 - __main__ - INFO - Inserted data: Kenitra at 2024-12-03 12:33:20
[2024-12-03T19:49:02.732+0000] {subprocess.py:93} INFO - 2024-12-03 19:49:02,731 - __main__ - INFO - Data inserted successfully for Kenitra at 2024-12-03 12:33:20
[2024-12-03T19:49:02.741+0000] {subprocess.py:93} INFO - 2024-12-03 19:49:02,738 - __main__ - INFO - Inserted data: Safi at 2024-12-03 12:37:06
[2024-12-03T19:49:02.748+0000] {subprocess.py:93} INFO - 2024-12-03 19:49:02,747 - __main__ - INFO - Data inserted successfully for Safi at 2024-12-03 12:37:06
[2024-12-03T19:49:02.757+0000] {subprocess.py:93} INFO - 2024-12-03 19:49:02,755 - __main__ - INFO - Inserted data: El Jadida at 2024-12-03 12:37:07
[2024-12-03T19:49:02.765+0000] {subprocess.py:93} INFO - 2024-12-03 19:49:02,763 - __main__ - INFO - Data inserted successfully for El Jadida at 2024-12-03 12:37:07
[2024-12-03T19:49:02.774+0000] {subprocess.py:93} INFO - 2024-12-03 19:49:02,772 - __main__ - INFO - Inserted data: Nador at 2024-12-03 12:37:08
[2024-12-03T19:49:02.781+0000] {subprocess.py:93} INFO - 2024-12-03 19:49:02,780 - __main__ - INFO - Data inserted successfully for Nador at 2024-12-03 12:37:08
[2024-12-03T19:49:02.788+0000] {subprocess.py:93} INFO - 2024-12-03 19:49:02,787 - __main__ - INFO - Inserted data: Khemisset at 2024-12-03 12:37:09
[2024-12-03T19:49:02.796+0000] {subprocess.py:93} INFO - 2024-12-03 19:49:02,795 - __main__ - INFO - Data inserted successfully for Khemisset at 2024-12-03 12:37:09
[2024-12-03T19:49:02.802+0000] {subprocess.py:93} INFO - 2024-12-03 19:49:02,801 - __main__ - INFO - Inserted data: Settat at 2024-12-03 12:36:17
[2024-12-03T19:49:02.809+0000] {subprocess.py:93} INFO - 2024-12-03 19:49:02,808 - __main__ - INFO - Data inserted successfully for Settat at 2024-12-03 12:36:17
[2024-12-03T19:49:02.816+0000] {subprocess.py:93} INFO - 2024-12-03 19:49:02,815 - __main__ - INFO - Inserted data: Larache at 2024-12-03 12:37:10
[2024-12-03T19:49:02.824+0000] {subprocess.py:93} INFO - 2024-12-03 19:49:02,822 - __main__ - INFO - Data inserted successfully for Larache at 2024-12-03 12:37:10
[2024-12-03T19:49:02.830+0000] {subprocess.py:93} INFO - 2024-12-03 19:49:02,827 - __main__ - INFO - Inserted data: Guelmim at 2024-12-03 12:32:28
[2024-12-03T19:49:02.840+0000] {subprocess.py:93} INFO - 2024-12-03 19:49:02,838 - __main__ - INFO - Data inserted successfully for Guelmim at 2024-12-03 12:32:28
[2024-12-03T19:49:02.846+0000] {subprocess.py:93} INFO - 2024-12-03 19:49:02,845 - __main__ - INFO - Inserted data: Taza at 2024-12-03 12:37:11
[2024-12-03T19:49:02.853+0000] {subprocess.py:93} INFO - 2024-12-03 19:49:02,851 - __main__ - INFO - Data inserted successfully for Taza at 2024-12-03 12:37:11
[2024-12-03T19:49:02.858+0000] {subprocess.py:93} INFO - 2024-12-03 19:49:02,857 - __main__ - INFO - Inserted data: Beni Mellal at 2024-12-03 12:37:13
[2024-12-03T19:49:02.867+0000] {subprocess.py:93} INFO - 2024-12-03 19:49:02,866 - __main__ - INFO - Data inserted successfully for Beni Mellal at 2024-12-03 12:37:13
[2024-12-03T19:49:02.873+0000] {subprocess.py:93} INFO - 2024-12-03 19:49:02,872 - __main__ - INFO - Inserted data: Mohammedia at 2024-12-03 12:37:14
[2024-12-03T19:49:02.882+0000] {subprocess.py:93} INFO - 2024-12-03 19:49:02,880 - __main__ - INFO - Data inserted successfully for Mohammedia at 2024-12-03 12:37:14
[2024-12-03T19:49:02.888+0000] {subprocess.py:93} INFO - 2024-12-03 19:49:02,887 - __main__ - INFO - Inserted data: Ksar el-Kebir at 2024-12-03 12:37:15
[2024-12-03T19:49:02.895+0000] {subprocess.py:93} INFO - 2024-12-03 19:49:02,893 - __main__ - INFO - Data inserted successfully for Ksar el-Kebir at 2024-12-03 12:37:15
[2024-12-03T19:49:02.900+0000] {subprocess.py:93} INFO - 2024-12-03 19:49:02,899 - __main__ - INFO - Inserted data: Al Hoceima at 2024-12-03 12:37:17
[2024-12-03T19:49:02.908+0000] {subprocess.py:93} INFO - 2024-12-03 19:49:02,907 - __main__ - INFO - Data inserted successfully for Al Hoceima at 2024-12-03 12:37:17
[2024-12-03T19:49:02.916+0000] {subprocess.py:93} INFO - 2024-12-03 19:49:02,915 - __main__ - INFO - Inserted data: Berkane at 2024-12-03 12:37:17
[2024-12-03T19:49:02.923+0000] {subprocess.py:93} INFO - 2024-12-03 19:49:02,921 - __main__ - INFO - Data inserted successfully for Berkane at 2024-12-03 12:37:17
[2024-12-03T19:49:02.932+0000] {subprocess.py:93} INFO - 2024-12-03 19:49:02,930 - __main__ - INFO - Inserted data: Taourirt at 2024-12-03 12:37:18
[2024-12-03T19:49:02.938+0000] {subprocess.py:93} INFO - 2024-12-03 19:49:02,936 - __main__ - INFO - Data inserted successfully for Taourirt at 2024-12-03 12:37:18
[2024-12-03T19:49:02.944+0000] {subprocess.py:93} INFO - 2024-12-03 19:49:02,943 - __main__ - INFO - Inserted data: Errachidia at 2024-12-03 12:37:19
[2024-12-03T19:49:02.951+0000] {subprocess.py:93} INFO - 2024-12-03 19:49:02,949 - __main__ - INFO - Data inserted successfully for Errachidia at 2024-12-03 12:37:19
[2024-12-03T19:49:02.958+0000] {subprocess.py:93} INFO - 2024-12-03 19:49:02,957 - __main__ - INFO - Inserted data: Oued Zem at 2024-12-03 12:37:20
[2024-12-03T19:49:02.965+0000] {subprocess.py:93} INFO - 2024-12-03 19:49:02,963 - __main__ - INFO - Data inserted successfully for Oued Zem at 2024-12-03 12:37:20
[2024-12-03T19:49:02.972+0000] {subprocess.py:93} INFO - 2024-12-03 19:49:02,970 - __main__ - INFO - Inserted data: Sidi Slimane at 2024-12-03 12:34:32
[2024-12-03T19:49:02.978+0000] {subprocess.py:93} INFO - 2024-12-03 19:49:02,976 - __main__ - INFO - Data inserted successfully for Sidi Slimane at 2024-12-03 12:34:32
[2024-12-03T19:49:02.982+0000] {subprocess.py:93} INFO - 2024-12-03 19:49:02,980 - __main__ - INFO - Inserted data: Sidi Kacem at 2024-12-03 12:37:22
[2024-12-03T19:49:02.988+0000] {subprocess.py:93} INFO - 2024-12-03 19:49:02,986 - __main__ - INFO - Data inserted successfully for Sidi Kacem at 2024-12-03 12:37:22
[2024-12-03T19:49:02.994+0000] {subprocess.py:93} INFO - 2024-12-03 19:49:02,992 - __main__ - INFO - Inserted data: Azrou at 2024-12-03 12:37:23
[2024-12-03T19:49:03.001+0000] {subprocess.py:93} INFO - 2024-12-03 19:49:02,998 - __main__ - INFO - Data inserted successfully for Azrou at 2024-12-03 12:37:23
[2024-12-03T19:49:03.008+0000] {subprocess.py:93} INFO - 2024-12-03 19:49:03,006 - __main__ - INFO - Inserted data: Midelt at 2024-12-03 12:37:23
[2024-12-03T19:49:03.014+0000] {subprocess.py:93} INFO - 2024-12-03 19:49:03,012 - __main__ - INFO - Data inserted successfully for Midelt at 2024-12-03 12:37:23
[2024-12-03T19:49:03.024+0000] {subprocess.py:93} INFO - 2024-12-03 19:49:03,022 - __main__ - INFO - Inserted data: Ifrane at 2024-12-03 12:37:24
[2024-12-03T19:49:03.029+0000] {subprocess.py:93} INFO - 2024-12-03 19:49:03,028 - __main__ - INFO - Data inserted successfully for Ifrane at 2024-12-03 12:37:24
[2024-12-03T19:49:03.039+0000] {subprocess.py:93} INFO - 2024-12-03 19:49:03,037 - __main__ - INFO - Inserted data: Chefchaouen at 2024-12-03 12:37:25
[2024-12-03T19:49:03.046+0000] {subprocess.py:93} INFO - 2024-12-03 19:49:03,044 - __main__ - INFO - Data inserted successfully for Chefchaouen at 2024-12-03 12:37:25
[2024-12-03T19:49:03.050+0000] {subprocess.py:93} INFO - 2024-12-03 19:49:03,049 - __main__ - INFO - Inserted data: Laayoune at 2024-12-03 12:37:26
[2024-12-03T19:49:03.057+0000] {subprocess.py:93} INFO - 2024-12-03 19:49:03,055 - __main__ - INFO - Data inserted successfully for Laayoune at 2024-12-03 12:37:26
[2024-12-03T19:49:03.059+0000] {subprocess.py:93} INFO - 2024-12-03 19:49:03,057 - py4j.clientserver - INFO - Closing down clientserver connection
[2024-12-03T19:49:03.348+0000] {subprocess.py:97} INFO - Command exited with return code 0
[2024-12-03T19:49:03.349+0000] {taskinstance.py:441} INFO - ::group::Post task execution logs
[2024-12-03T19:49:03.387+0000] {taskinstance.py:1206} INFO - Marking task as SUCCESS. dag_id=weather_data_kafka_dag, task_id=spark_submit, run_id=manual__2024-12-03T19:42:24.844684+00:00, execution_date=20241203T194224, start_date=20241203T194830, end_date=20241203T194903
[2024-12-03T19:49:03.453+0000] {local_task_job_runner.py:243} INFO - Task exited with return code 0
[2024-12-03T19:49:03.488+0000] {taskinstance.py:3503} INFO - 0 downstream tasks scheduled from follow-on schedule check
[2024-12-03T19:49:03.499+0000] {local_task_job_runner.py:222} INFO - ::endgroup::
