[2024-12-03T20:14:44.864+0000] {local_task_job_runner.py:120} INFO - ::group::Pre task execution logs
[2024-12-03T20:14:44.932+0000] {taskinstance.py:2076} INFO - Dependencies all met for dep_context=non-requeueable deps ti=<TaskInstance: weather_data_kafka_dag.spark_submit manual__2024-12-03T20:10:45.760339+00:00 [queued]>
[2024-12-03T20:14:44.952+0000] {taskinstance.py:2076} INFO - Dependencies all met for dep_context=requeueable deps ti=<TaskInstance: weather_data_kafka_dag.spark_submit manual__2024-12-03T20:10:45.760339+00:00 [queued]>
[2024-12-03T20:14:44.954+0000] {taskinstance.py:2306} INFO - Starting attempt 1 of 4
[2024-12-03T20:14:44.981+0000] {taskinstance.py:2330} INFO - Executing <Task(BashOperator): spark_submit> on 2024-12-03 20:10:45.760339+00:00
[2024-12-03T20:14:44.995+0000] {logging_mixin.py:188} WARNING - /home/***/.local/lib/python3.12/site-packages/***/task/task_runner/standard_task_runner.py:62 DeprecationWarning: This process (pid=3822) is multi-threaded, use of fork() may lead to deadlocks in the child.
[2024-12-03T20:14:44.998+0000] {standard_task_runner.py:64} INFO - Started process 3824 to run task
[2024-12-03T20:14:44.996+0000] {standard_task_runner.py:90} INFO - Running: ['***', 'tasks', 'run', 'weather_data_kafka_dag', 'spark_submit', 'manual__2024-12-03T20:10:45.760339+00:00', '--job-id', '797', '--raw', '--subdir', 'DAGS_FOLDER/kafka_stream.py', '--cfg-path', '/tmp/tmpkup5tehw']
[2024-12-03T20:14:45.000+0000] {standard_task_runner.py:91} INFO - Job 797: Subtask spark_submit
[2024-12-03T20:14:45.090+0000] {task_command.py:426} INFO - Running <TaskInstance: weather_data_kafka_dag.spark_submit manual__2024-12-03T20:10:45.760339+00:00 [running]> on host 0f9edd113eb4
[2024-12-03T20:14:45.286+0000] {taskinstance.py:2648} INFO - Exporting env vars: AIRFLOW_CTX_DAG_OWNER='admin' AIRFLOW_CTX_DAG_ID='weather_data_kafka_dag' AIRFLOW_CTX_TASK_ID='spark_submit' AIRFLOW_CTX_EXECUTION_DATE='2024-12-03T20:10:45.760339+00:00' AIRFLOW_CTX_TRY_NUMBER='1' AIRFLOW_CTX_DAG_RUN_ID='manual__2024-12-03T20:10:45.760339+00:00'
[2024-12-03T20:14:45.288+0000] {taskinstance.py:430} INFO - ::endgroup::
[2024-12-03T20:14:45.316+0000] {subprocess.py:63} INFO - Tmp dir root location: /tmp
[2024-12-03T20:14:45.318+0000] {subprocess.py:75} INFO - Running command: ['/usr/bin/bash', '-c', 'docker exec  spark-master spark-submit --packages com.datastax.spark:spark-cassandra-connector_2.12:3.5.1 --py-files /dependencies.zip /spark_stream.py']
[2024-12-03T20:14:45.337+0000] {subprocess.py:86} INFO - Output:
[2024-12-03T20:14:48.288+0000] {subprocess.py:93} INFO - :: loading settings :: url = jar:file:/opt/bitnami/spark/jars/ivy-2.5.1.jar!/org/apache/ivy/core/settings/ivysettings.xml
[2024-12-03T20:14:48.404+0000] {subprocess.py:93} INFO - Ivy Default Cache set to: /opt/bitnami/spark/.ivy2/cache
[2024-12-03T20:14:48.405+0000] {subprocess.py:93} INFO - The jars for the packages stored in: /opt/bitnami/spark/.ivy2/jars
[2024-12-03T20:14:48.413+0000] {subprocess.py:93} INFO - com.datastax.spark#spark-cassandra-connector_2.12 added as a dependency
[2024-12-03T20:14:48.415+0000] {subprocess.py:93} INFO - :: resolving dependencies :: org.apache.spark#spark-submit-parent-32c3b571-da65-422e-b93b-93e1c66d49e4;1.0
[2024-12-03T20:14:48.416+0000] {subprocess.py:93} INFO - 	confs: [default]
[2024-12-03T20:14:48.598+0000] {subprocess.py:93} INFO - 	found com.datastax.spark#spark-cassandra-connector_2.12;3.5.1 in central
[2024-12-03T20:14:48.652+0000] {subprocess.py:93} INFO - 	found com.datastax.spark#spark-cassandra-connector-driver_2.12;3.5.1 in central
[2024-12-03T20:14:48.692+0000] {subprocess.py:93} INFO - 	found org.scala-lang.modules#scala-collection-compat_2.12;2.11.0 in central
[2024-12-03T20:14:48.755+0000] {subprocess.py:93} INFO - 	found org.apache.cassandra#java-driver-core-shaded;4.18.1 in central
[2024-12-03T20:14:48.789+0000] {subprocess.py:93} INFO - 	found com.datastax.oss#native-protocol;1.5.1 in central
[2024-12-03T20:14:48.824+0000] {subprocess.py:93} INFO - 	found com.datastax.oss#java-driver-shaded-guava;25.1-jre-graal-sub-1 in central
[2024-12-03T20:14:48.857+0000] {subprocess.py:93} INFO - 	found com.typesafe#config;1.4.1 in central
[2024-12-03T20:14:48.885+0000] {subprocess.py:93} INFO - 	found org.slf4j#slf4j-api;1.7.26 in central
[2024-12-03T20:14:48.960+0000] {subprocess.py:93} INFO - 	found io.dropwizard.metrics#metrics-core;4.1.18 in central
[2024-12-03T20:14:49.001+0000] {subprocess.py:93} INFO - 	found org.hdrhistogram#HdrHistogram;2.1.12 in central
[2024-12-03T20:14:49.080+0000] {subprocess.py:93} INFO - 	found org.reactivestreams#reactive-streams;1.0.3 in central
[2024-12-03T20:14:49.127+0000] {subprocess.py:93} INFO - 	found org.apache.cassandra#java-driver-mapper-runtime;4.18.1 in central
[2024-12-03T20:14:49.151+0000] {subprocess.py:93} INFO - 	found org.apache.cassandra#java-driver-query-builder;4.18.1 in central
[2024-12-03T20:14:49.170+0000] {subprocess.py:93} INFO - 	found org.apache.commons#commons-lang3;3.10 in central
[2024-12-03T20:14:49.185+0000] {subprocess.py:93} INFO - 	found com.thoughtworks.paranamer#paranamer;2.8 in central
[2024-12-03T20:14:49.201+0000] {subprocess.py:93} INFO - 	found org.scala-lang#scala-reflect;2.12.19 in central
[2024-12-03T20:14:49.240+0000] {subprocess.py:93} INFO - :: resolution report :: resolve 806ms :: artifacts dl 19ms
[2024-12-03T20:14:49.241+0000] {subprocess.py:93} INFO - 	:: modules in use:
[2024-12-03T20:14:49.242+0000] {subprocess.py:93} INFO - 	com.datastax.oss#java-driver-shaded-guava;25.1-jre-graal-sub-1 from central in [default]
[2024-12-03T20:14:49.243+0000] {subprocess.py:93} INFO - 	com.datastax.oss#native-protocol;1.5.1 from central in [default]
[2024-12-03T20:14:49.244+0000] {subprocess.py:93} INFO - 	com.datastax.spark#spark-cassandra-connector-driver_2.12;3.5.1 from central in [default]
[2024-12-03T20:14:49.245+0000] {subprocess.py:93} INFO - 	com.datastax.spark#spark-cassandra-connector_2.12;3.5.1 from central in [default]
[2024-12-03T20:14:49.245+0000] {subprocess.py:93} INFO - 	com.thoughtworks.paranamer#paranamer;2.8 from central in [default]
[2024-12-03T20:14:49.246+0000] {subprocess.py:93} INFO - 	com.typesafe#config;1.4.1 from central in [default]
[2024-12-03T20:14:49.247+0000] {subprocess.py:93} INFO - 	io.dropwizard.metrics#metrics-core;4.1.18 from central in [default]
[2024-12-03T20:14:49.248+0000] {subprocess.py:93} INFO - 	org.apache.cassandra#java-driver-core-shaded;4.18.1 from central in [default]
[2024-12-03T20:14:49.248+0000] {subprocess.py:93} INFO - 	org.apache.cassandra#java-driver-mapper-runtime;4.18.1 from central in [default]
[2024-12-03T20:14:49.249+0000] {subprocess.py:93} INFO - 	org.apache.cassandra#java-driver-query-builder;4.18.1 from central in [default]
[2024-12-03T20:14:49.250+0000] {subprocess.py:93} INFO - 	org.apache.commons#commons-lang3;3.10 from central in [default]
[2024-12-03T20:14:49.250+0000] {subprocess.py:93} INFO - 	org.hdrhistogram#HdrHistogram;2.1.12 from central in [default]
[2024-12-03T20:14:49.251+0000] {subprocess.py:93} INFO - 	org.reactivestreams#reactive-streams;1.0.3 from central in [default]
[2024-12-03T20:14:49.252+0000] {subprocess.py:93} INFO - 	org.scala-lang#scala-reflect;2.12.19 from central in [default]
[2024-12-03T20:14:49.253+0000] {subprocess.py:93} INFO - 	org.scala-lang.modules#scala-collection-compat_2.12;2.11.0 from central in [default]
[2024-12-03T20:14:49.253+0000] {subprocess.py:93} INFO - 	org.slf4j#slf4j-api;1.7.26 from central in [default]
[2024-12-03T20:14:49.254+0000] {subprocess.py:93} INFO - 	---------------------------------------------------------------------
[2024-12-03T20:14:49.255+0000] {subprocess.py:93} INFO - 	|                  |            modules            ||   artifacts   |
[2024-12-03T20:14:49.255+0000] {subprocess.py:93} INFO - 	|       conf       | number| search|dwnlded|evicted|| number|dwnlded|
[2024-12-03T20:14:49.256+0000] {subprocess.py:93} INFO - 	---------------------------------------------------------------------
[2024-12-03T20:14:49.257+0000] {subprocess.py:93} INFO - 	|      default     |   16  |   0   |   0   |   0   ||   16  |   0   |
[2024-12-03T20:14:49.258+0000] {subprocess.py:93} INFO - 	---------------------------------------------------------------------
[2024-12-03T20:14:49.258+0000] {subprocess.py:93} INFO - :: retrieving :: org.apache.spark#spark-submit-parent-32c3b571-da65-422e-b93b-93e1c66d49e4
[2024-12-03T20:14:49.259+0000] {subprocess.py:93} INFO - 	confs: [default]
[2024-12-03T20:14:49.272+0000] {subprocess.py:93} INFO - 	0 artifacts copied, 16 already retrieved (0kB/14ms)
[2024-12-03T20:14:49.519+0000] {subprocess.py:93} INFO - 24/12/03 20:14:49 WARN NativeCodeLoader: Unable to load native-hadoop library for your platform... using builtin-java classes where applicable
[2024-12-03T20:14:52.077+0000] {subprocess.py:93} INFO - 24/12/03 20:14:52 INFO SparkContext: Running Spark version 3.5.1
[2024-12-03T20:14:52.078+0000] {subprocess.py:93} INFO - 24/12/03 20:14:52 INFO SparkContext: OS info Linux, 5.15.167.4-microsoft-standard-WSL2, amd64
[2024-12-03T20:14:52.079+0000] {subprocess.py:93} INFO - 24/12/03 20:14:52 INFO SparkContext: Java version 17.0.12
[2024-12-03T20:14:52.115+0000] {subprocess.py:93} INFO - 24/12/03 20:14:52 INFO ResourceUtils: ==============================================================
[2024-12-03T20:14:52.116+0000] {subprocess.py:93} INFO - 24/12/03 20:14:52 INFO ResourceUtils: No custom resources configured for spark.driver.
[2024-12-03T20:14:52.117+0000] {subprocess.py:93} INFO - 24/12/03 20:14:52 INFO ResourceUtils: ==============================================================
[2024-12-03T20:14:52.118+0000] {subprocess.py:93} INFO - 24/12/03 20:14:52 INFO SparkContext: Submitted application: SparkDataStreaming
[2024-12-03T20:14:52.149+0000] {subprocess.py:93} INFO - 24/12/03 20:14:52 INFO ResourceProfile: Default ResourceProfile created, executor resources: Map(cores -> name: cores, amount: 1, script: , vendor: , memory -> name: memory, amount: 1024, script: , vendor: , offHeap -> name: offHeap, amount: 0, script: , vendor: ), task resources: Map(cpus -> name: cpus, amount: 1.0)
[2024-12-03T20:14:52.162+0000] {subprocess.py:93} INFO - 24/12/03 20:14:52 INFO ResourceProfile: Limiting resource is cpu
[2024-12-03T20:14:52.163+0000] {subprocess.py:93} INFO - 24/12/03 20:14:52 INFO ResourceProfileManager: Added ResourceProfile id: 0
[2024-12-03T20:14:52.244+0000] {subprocess.py:93} INFO - 24/12/03 20:14:52 INFO SecurityManager: Changing view acls to: spark
[2024-12-03T20:14:52.245+0000] {subprocess.py:93} INFO - 24/12/03 20:14:52 INFO SecurityManager: Changing modify acls to: spark
[2024-12-03T20:14:52.246+0000] {subprocess.py:93} INFO - 24/12/03 20:14:52 INFO SecurityManager: Changing view acls groups to:
[2024-12-03T20:14:52.248+0000] {subprocess.py:93} INFO - 24/12/03 20:14:52 INFO SecurityManager: Changing modify acls groups to:
[2024-12-03T20:14:52.249+0000] {subprocess.py:93} INFO - 24/12/03 20:14:52 INFO SecurityManager: SecurityManager: authentication disabled; ui acls disabled; users with view permissions: spark; groups with view permissions: EMPTY; users with modify permissions: spark; groups with modify permissions: EMPTY
[2024-12-03T20:14:52.577+0000] {subprocess.py:93} INFO - 24/12/03 20:14:52 INFO Utils: Successfully started service 'sparkDriver' on port 43813.
[2024-12-03T20:14:52.622+0000] {subprocess.py:93} INFO - 24/12/03 20:14:52 INFO SparkEnv: Registering MapOutputTracker
[2024-12-03T20:14:52.673+0000] {subprocess.py:93} INFO - 24/12/03 20:14:52 INFO SparkEnv: Registering BlockManagerMaster
[2024-12-03T20:14:52.696+0000] {subprocess.py:93} INFO - 24/12/03 20:14:52 INFO BlockManagerMasterEndpoint: Using org.apache.spark.storage.DefaultTopologyMapper for getting topology information
[2024-12-03T20:14:52.697+0000] {subprocess.py:93} INFO - 24/12/03 20:14:52 INFO BlockManagerMasterEndpoint: BlockManagerMasterEndpoint up
[2024-12-03T20:14:52.702+0000] {subprocess.py:93} INFO - 24/12/03 20:14:52 INFO SparkEnv: Registering BlockManagerMasterHeartbeat
[2024-12-03T20:14:52.729+0000] {subprocess.py:93} INFO - 24/12/03 20:14:52 INFO DiskBlockManager: Created local directory at /tmp/blockmgr-3a25562b-c363-4650-b69a-b28a8e69c4ff
[2024-12-03T20:14:52.749+0000] {subprocess.py:93} INFO - 24/12/03 20:14:52 INFO MemoryStore: MemoryStore started with capacity 434.4 MiB
[2024-12-03T20:14:52.769+0000] {subprocess.py:93} INFO - 24/12/03 20:14:52 INFO SparkEnv: Registering OutputCommitCoordinator
[2024-12-03T20:14:52.951+0000] {subprocess.py:93} INFO - 24/12/03 20:14:52 INFO JettyUtils: Start Jetty 0.0.0.0:4040 for SparkUI
[2024-12-03T20:14:53.042+0000] {subprocess.py:93} INFO - 24/12/03 20:14:53 INFO Utils: Successfully started service 'SparkUI' on port 4040.
[2024-12-03T20:14:53.108+0000] {subprocess.py:93} INFO - 24/12/03 20:14:53 INFO SparkContext: Added JAR file:///opt/bitnami/spark/.ivy2/jars/com.datastax.spark_spark-cassandra-connector_2.12-3.5.1.jar at spark://cea96c144870:43813/jars/com.datastax.spark_spark-cassandra-connector_2.12-3.5.1.jar with timestamp 1733256892066
[2024-12-03T20:14:53.109+0000] {subprocess.py:93} INFO - 24/12/03 20:14:53 INFO SparkContext: Added JAR file:///opt/bitnami/spark/.ivy2/jars/com.datastax.spark_spark-cassandra-connector-driver_2.12-3.5.1.jar at spark://cea96c144870:43813/jars/com.datastax.spark_spark-cassandra-connector-driver_2.12-3.5.1.jar with timestamp 1733256892066
[2024-12-03T20:14:53.110+0000] {subprocess.py:93} INFO - 24/12/03 20:14:53 INFO SparkContext: Added JAR file:///opt/bitnami/spark/.ivy2/jars/org.scala-lang.modules_scala-collection-compat_2.12-2.11.0.jar at spark://cea96c144870:43813/jars/org.scala-lang.modules_scala-collection-compat_2.12-2.11.0.jar with timestamp 1733256892066
[2024-12-03T20:14:53.111+0000] {subprocess.py:93} INFO - 24/12/03 20:14:53 INFO SparkContext: Added JAR file:///opt/bitnami/spark/.ivy2/jars/org.apache.cassandra_java-driver-core-shaded-4.18.1.jar at spark://cea96c144870:43813/jars/org.apache.cassandra_java-driver-core-shaded-4.18.1.jar with timestamp 1733256892066
[2024-12-03T20:14:53.112+0000] {subprocess.py:93} INFO - 24/12/03 20:14:53 INFO SparkContext: Added JAR file:///opt/bitnami/spark/.ivy2/jars/org.apache.cassandra_java-driver-mapper-runtime-4.18.1.jar at spark://cea96c144870:43813/jars/org.apache.cassandra_java-driver-mapper-runtime-4.18.1.jar with timestamp 1733256892066
[2024-12-03T20:14:53.113+0000] {subprocess.py:93} INFO - 24/12/03 20:14:53 INFO SparkContext: Added JAR file:///opt/bitnami/spark/.ivy2/jars/org.apache.commons_commons-lang3-3.10.jar at spark://cea96c144870:43813/jars/org.apache.commons_commons-lang3-3.10.jar with timestamp 1733256892066
[2024-12-03T20:14:53.114+0000] {subprocess.py:93} INFO - 24/12/03 20:14:53 INFO SparkContext: Added JAR file:///opt/bitnami/spark/.ivy2/jars/com.thoughtworks.paranamer_paranamer-2.8.jar at spark://cea96c144870:43813/jars/com.thoughtworks.paranamer_paranamer-2.8.jar with timestamp 1733256892066
[2024-12-03T20:14:53.115+0000] {subprocess.py:93} INFO - 24/12/03 20:14:53 INFO SparkContext: Added JAR file:///opt/bitnami/spark/.ivy2/jars/org.scala-lang_scala-reflect-2.12.19.jar at spark://cea96c144870:43813/jars/org.scala-lang_scala-reflect-2.12.19.jar with timestamp 1733256892066
[2024-12-03T20:14:53.115+0000] {subprocess.py:93} INFO - 24/12/03 20:14:53 INFO SparkContext: Added JAR file:///opt/bitnami/spark/.ivy2/jars/com.datastax.oss_native-protocol-1.5.1.jar at spark://cea96c144870:43813/jars/com.datastax.oss_native-protocol-1.5.1.jar with timestamp 1733256892066
[2024-12-03T20:14:53.116+0000] {subprocess.py:93} INFO - 24/12/03 20:14:53 INFO SparkContext: Added JAR file:///opt/bitnami/spark/.ivy2/jars/com.datastax.oss_java-driver-shaded-guava-25.1-jre-graal-sub-1.jar at spark://cea96c144870:43813/jars/com.datastax.oss_java-driver-shaded-guava-25.1-jre-graal-sub-1.jar with timestamp 1733256892066
[2024-12-03T20:14:53.117+0000] {subprocess.py:93} INFO - 24/12/03 20:14:53 INFO SparkContext: Added JAR file:///opt/bitnami/spark/.ivy2/jars/com.typesafe_config-1.4.1.jar at spark://cea96c144870:43813/jars/com.typesafe_config-1.4.1.jar with timestamp 1733256892066
[2024-12-03T20:14:53.117+0000] {subprocess.py:93} INFO - 24/12/03 20:14:53 INFO SparkContext: Added JAR file:///opt/bitnami/spark/.ivy2/jars/org.slf4j_slf4j-api-1.7.26.jar at spark://cea96c144870:43813/jars/org.slf4j_slf4j-api-1.7.26.jar with timestamp 1733256892066
[2024-12-03T20:14:53.118+0000] {subprocess.py:93} INFO - 24/12/03 20:14:53 INFO SparkContext: Added JAR file:///opt/bitnami/spark/.ivy2/jars/io.dropwizard.metrics_metrics-core-4.1.18.jar at spark://cea96c144870:43813/jars/io.dropwizard.metrics_metrics-core-4.1.18.jar with timestamp 1733256892066
[2024-12-03T20:14:53.119+0000] {subprocess.py:93} INFO - 24/12/03 20:14:53 INFO SparkContext: Added JAR file:///opt/bitnami/spark/.ivy2/jars/org.hdrhistogram_HdrHistogram-2.1.12.jar at spark://cea96c144870:43813/jars/org.hdrhistogram_HdrHistogram-2.1.12.jar with timestamp 1733256892066
[2024-12-03T20:14:53.120+0000] {subprocess.py:93} INFO - 24/12/03 20:14:53 INFO SparkContext: Added JAR file:///opt/bitnami/spark/.ivy2/jars/org.reactivestreams_reactive-streams-1.0.3.jar at spark://cea96c144870:43813/jars/org.reactivestreams_reactive-streams-1.0.3.jar with timestamp 1733256892066
[2024-12-03T20:14:53.121+0000] {subprocess.py:93} INFO - 24/12/03 20:14:53 INFO SparkContext: Added JAR file:///opt/bitnami/spark/.ivy2/jars/org.apache.cassandra_java-driver-query-builder-4.18.1.jar at spark://cea96c144870:43813/jars/org.apache.cassandra_java-driver-query-builder-4.18.1.jar with timestamp 1733256892066
[2024-12-03T20:14:53.121+0000] {subprocess.py:93} INFO - 24/12/03 20:14:53 INFO SparkContext: Added file file:///dependencies.zip at file:///dependencies.zip with timestamp 1733256892066
[2024-12-03T20:14:53.123+0000] {subprocess.py:93} INFO - 24/12/03 20:14:53 INFO Utils: Copying /dependencies.zip to /tmp/spark-68ac88af-e647-4863-b637-5d6349fb8c0d/userFiles-35e90a4b-7542-4896-ab3c-92c796870624/dependencies.zip
[2024-12-03T20:14:53.155+0000] {subprocess.py:93} INFO - 24/12/03 20:14:53 INFO SparkContext: Added file file:///opt/bitnami/spark/.ivy2/jars/com.datastax.spark_spark-cassandra-connector_2.12-3.5.1.jar at file:///opt/bitnami/spark/.ivy2/jars/com.datastax.spark_spark-cassandra-connector_2.12-3.5.1.jar with timestamp 1733256892066
[2024-12-03T20:14:53.156+0000] {subprocess.py:93} INFO - 24/12/03 20:14:53 INFO Utils: Copying /opt/bitnami/spark/.ivy2/jars/com.datastax.spark_spark-cassandra-connector_2.12-3.5.1.jar to /tmp/spark-68ac88af-e647-4863-b637-5d6349fb8c0d/userFiles-35e90a4b-7542-4896-ab3c-92c796870624/com.datastax.spark_spark-cassandra-connector_2.12-3.5.1.jar
[2024-12-03T20:14:53.163+0000] {subprocess.py:93} INFO - 24/12/03 20:14:53 INFO SparkContext: Added file file:///opt/bitnami/spark/.ivy2/jars/com.datastax.spark_spark-cassandra-connector-driver_2.12-3.5.1.jar at file:///opt/bitnami/spark/.ivy2/jars/com.datastax.spark_spark-cassandra-connector-driver_2.12-3.5.1.jar with timestamp 1733256892066
[2024-12-03T20:14:53.164+0000] {subprocess.py:93} INFO - 24/12/03 20:14:53 INFO Utils: Copying /opt/bitnami/spark/.ivy2/jars/com.datastax.spark_spark-cassandra-connector-driver_2.12-3.5.1.jar to /tmp/spark-68ac88af-e647-4863-b637-5d6349fb8c0d/userFiles-35e90a4b-7542-4896-ab3c-92c796870624/com.datastax.spark_spark-cassandra-connector-driver_2.12-3.5.1.jar
[2024-12-03T20:14:53.170+0000] {subprocess.py:93} INFO - 24/12/03 20:14:53 INFO SparkContext: Added file file:///opt/bitnami/spark/.ivy2/jars/org.scala-lang.modules_scala-collection-compat_2.12-2.11.0.jar at file:///opt/bitnami/spark/.ivy2/jars/org.scala-lang.modules_scala-collection-compat_2.12-2.11.0.jar with timestamp 1733256892066
[2024-12-03T20:14:53.171+0000] {subprocess.py:93} INFO - 24/12/03 20:14:53 INFO Utils: Copying /opt/bitnami/spark/.ivy2/jars/org.scala-lang.modules_scala-collection-compat_2.12-2.11.0.jar to /tmp/spark-68ac88af-e647-4863-b637-5d6349fb8c0d/userFiles-35e90a4b-7542-4896-ab3c-92c796870624/org.scala-lang.modules_scala-collection-compat_2.12-2.11.0.jar
[2024-12-03T20:14:53.177+0000] {subprocess.py:93} INFO - 24/12/03 20:14:53 INFO SparkContext: Added file file:///opt/bitnami/spark/.ivy2/jars/org.apache.cassandra_java-driver-core-shaded-4.18.1.jar at file:///opt/bitnami/spark/.ivy2/jars/org.apache.cassandra_java-driver-core-shaded-4.18.1.jar with timestamp 1733256892066
[2024-12-03T20:14:53.178+0000] {subprocess.py:93} INFO - 24/12/03 20:14:53 INFO Utils: Copying /opt/bitnami/spark/.ivy2/jars/org.apache.cassandra_java-driver-core-shaded-4.18.1.jar to /tmp/spark-68ac88af-e647-4863-b637-5d6349fb8c0d/userFiles-35e90a4b-7542-4896-ab3c-92c796870624/org.apache.cassandra_java-driver-core-shaded-4.18.1.jar
[2024-12-03T20:14:53.189+0000] {subprocess.py:93} INFO - 24/12/03 20:14:53 INFO SparkContext: Added file file:///opt/bitnami/spark/.ivy2/jars/org.apache.cassandra_java-driver-mapper-runtime-4.18.1.jar at file:///opt/bitnami/spark/.ivy2/jars/org.apache.cassandra_java-driver-mapper-runtime-4.18.1.jar with timestamp 1733256892066
[2024-12-03T20:14:53.190+0000] {subprocess.py:93} INFO - 24/12/03 20:14:53 INFO Utils: Copying /opt/bitnami/spark/.ivy2/jars/org.apache.cassandra_java-driver-mapper-runtime-4.18.1.jar to /tmp/spark-68ac88af-e647-4863-b637-5d6349fb8c0d/userFiles-35e90a4b-7542-4896-ab3c-92c796870624/org.apache.cassandra_java-driver-mapper-runtime-4.18.1.jar
[2024-12-03T20:14:53.196+0000] {subprocess.py:93} INFO - 24/12/03 20:14:53 INFO SparkContext: Added file file:///opt/bitnami/spark/.ivy2/jars/org.apache.commons_commons-lang3-3.10.jar at file:///opt/bitnami/spark/.ivy2/jars/org.apache.commons_commons-lang3-3.10.jar with timestamp 1733256892066
[2024-12-03T20:14:53.197+0000] {subprocess.py:93} INFO - 24/12/03 20:14:53 INFO Utils: Copying /opt/bitnami/spark/.ivy2/jars/org.apache.commons_commons-lang3-3.10.jar to /tmp/spark-68ac88af-e647-4863-b637-5d6349fb8c0d/userFiles-35e90a4b-7542-4896-ab3c-92c796870624/org.apache.commons_commons-lang3-3.10.jar
[2024-12-03T20:14:53.206+0000] {subprocess.py:93} INFO - 24/12/03 20:14:53 INFO SparkContext: Added file file:///opt/bitnami/spark/.ivy2/jars/com.thoughtworks.paranamer_paranamer-2.8.jar at file:///opt/bitnami/spark/.ivy2/jars/com.thoughtworks.paranamer_paranamer-2.8.jar with timestamp 1733256892066
[2024-12-03T20:14:53.207+0000] {subprocess.py:93} INFO - 24/12/03 20:14:53 INFO Utils: Copying /opt/bitnami/spark/.ivy2/jars/com.thoughtworks.paranamer_paranamer-2.8.jar to /tmp/spark-68ac88af-e647-4863-b637-5d6349fb8c0d/userFiles-35e90a4b-7542-4896-ab3c-92c796870624/com.thoughtworks.paranamer_paranamer-2.8.jar
[2024-12-03T20:14:53.213+0000] {subprocess.py:93} INFO - 24/12/03 20:14:53 INFO SparkContext: Added file file:///opt/bitnami/spark/.ivy2/jars/org.scala-lang_scala-reflect-2.12.19.jar at file:///opt/bitnami/spark/.ivy2/jars/org.scala-lang_scala-reflect-2.12.19.jar with timestamp 1733256892066
[2024-12-03T20:14:53.215+0000] {subprocess.py:93} INFO - 24/12/03 20:14:53 INFO Utils: Copying /opt/bitnami/spark/.ivy2/jars/org.scala-lang_scala-reflect-2.12.19.jar to /tmp/spark-68ac88af-e647-4863-b637-5d6349fb8c0d/userFiles-35e90a4b-7542-4896-ab3c-92c796870624/org.scala-lang_scala-reflect-2.12.19.jar
[2024-12-03T20:14:53.228+0000] {subprocess.py:93} INFO - 24/12/03 20:14:53 INFO SparkContext: Added file file:///opt/bitnami/spark/.ivy2/jars/com.datastax.oss_native-protocol-1.5.1.jar at file:///opt/bitnami/spark/.ivy2/jars/com.datastax.oss_native-protocol-1.5.1.jar with timestamp 1733256892066
[2024-12-03T20:14:53.229+0000] {subprocess.py:93} INFO - 24/12/03 20:14:53 INFO Utils: Copying /opt/bitnami/spark/.ivy2/jars/com.datastax.oss_native-protocol-1.5.1.jar to /tmp/spark-68ac88af-e647-4863-b637-5d6349fb8c0d/userFiles-35e90a4b-7542-4896-ab3c-92c796870624/com.datastax.oss_native-protocol-1.5.1.jar
[2024-12-03T20:14:53.236+0000] {subprocess.py:93} INFO - 24/12/03 20:14:53 INFO SparkContext: Added file file:///opt/bitnami/spark/.ivy2/jars/com.datastax.oss_java-driver-shaded-guava-25.1-jre-graal-sub-1.jar at file:///opt/bitnami/spark/.ivy2/jars/com.datastax.oss_java-driver-shaded-guava-25.1-jre-graal-sub-1.jar with timestamp 1733256892066
[2024-12-03T20:14:53.237+0000] {subprocess.py:93} INFO - 24/12/03 20:14:53 INFO Utils: Copying /opt/bitnami/spark/.ivy2/jars/com.datastax.oss_java-driver-shaded-guava-25.1-jre-graal-sub-1.jar to /tmp/spark-68ac88af-e647-4863-b637-5d6349fb8c0d/userFiles-35e90a4b-7542-4896-ab3c-92c796870624/com.datastax.oss_java-driver-shaded-guava-25.1-jre-graal-sub-1.jar
[2024-12-03T20:14:53.248+0000] {subprocess.py:93} INFO - 24/12/03 20:14:53 INFO SparkContext: Added file file:///opt/bitnami/spark/.ivy2/jars/com.typesafe_config-1.4.1.jar at file:///opt/bitnami/spark/.ivy2/jars/com.typesafe_config-1.4.1.jar with timestamp 1733256892066
[2024-12-03T20:14:53.249+0000] {subprocess.py:93} INFO - 24/12/03 20:14:53 INFO Utils: Copying /opt/bitnami/spark/.ivy2/jars/com.typesafe_config-1.4.1.jar to /tmp/spark-68ac88af-e647-4863-b637-5d6349fb8c0d/userFiles-35e90a4b-7542-4896-ab3c-92c796870624/com.typesafe_config-1.4.1.jar
[2024-12-03T20:14:53.256+0000] {subprocess.py:93} INFO - 24/12/03 20:14:53 INFO SparkContext: Added file file:///opt/bitnami/spark/.ivy2/jars/org.slf4j_slf4j-api-1.7.26.jar at file:///opt/bitnami/spark/.ivy2/jars/org.slf4j_slf4j-api-1.7.26.jar with timestamp 1733256892066
[2024-12-03T20:14:53.257+0000] {subprocess.py:93} INFO - 24/12/03 20:14:53 INFO Utils: Copying /opt/bitnami/spark/.ivy2/jars/org.slf4j_slf4j-api-1.7.26.jar to /tmp/spark-68ac88af-e647-4863-b637-5d6349fb8c0d/userFiles-35e90a4b-7542-4896-ab3c-92c796870624/org.slf4j_slf4j-api-1.7.26.jar
[2024-12-03T20:14:53.264+0000] {subprocess.py:93} INFO - 24/12/03 20:14:53 INFO SparkContext: Added file file:///opt/bitnami/spark/.ivy2/jars/io.dropwizard.metrics_metrics-core-4.1.18.jar at file:///opt/bitnami/spark/.ivy2/jars/io.dropwizard.metrics_metrics-core-4.1.18.jar with timestamp 1733256892066
[2024-12-03T20:14:53.265+0000] {subprocess.py:93} INFO - 24/12/03 20:14:53 INFO Utils: Copying /opt/bitnami/spark/.ivy2/jars/io.dropwizard.metrics_metrics-core-4.1.18.jar to /tmp/spark-68ac88af-e647-4863-b637-5d6349fb8c0d/userFiles-35e90a4b-7542-4896-ab3c-92c796870624/io.dropwizard.metrics_metrics-core-4.1.18.jar
[2024-12-03T20:14:53.273+0000] {subprocess.py:93} INFO - 24/12/03 20:14:53 INFO SparkContext: Added file file:///opt/bitnami/spark/.ivy2/jars/org.hdrhistogram_HdrHistogram-2.1.12.jar at file:///opt/bitnami/spark/.ivy2/jars/org.hdrhistogram_HdrHistogram-2.1.12.jar with timestamp 1733256892066
[2024-12-03T20:14:53.274+0000] {subprocess.py:93} INFO - 24/12/03 20:14:53 INFO Utils: Copying /opt/bitnami/spark/.ivy2/jars/org.hdrhistogram_HdrHistogram-2.1.12.jar to /tmp/spark-68ac88af-e647-4863-b637-5d6349fb8c0d/userFiles-35e90a4b-7542-4896-ab3c-92c796870624/org.hdrhistogram_HdrHistogram-2.1.12.jar
[2024-12-03T20:14:53.280+0000] {subprocess.py:93} INFO - 24/12/03 20:14:53 INFO SparkContext: Added file file:///opt/bitnami/spark/.ivy2/jars/org.reactivestreams_reactive-streams-1.0.3.jar at file:///opt/bitnami/spark/.ivy2/jars/org.reactivestreams_reactive-streams-1.0.3.jar with timestamp 1733256892066
[2024-12-03T20:14:53.281+0000] {subprocess.py:93} INFO - 24/12/03 20:14:53 INFO Utils: Copying /opt/bitnami/spark/.ivy2/jars/org.reactivestreams_reactive-streams-1.0.3.jar to /tmp/spark-68ac88af-e647-4863-b637-5d6349fb8c0d/userFiles-35e90a4b-7542-4896-ab3c-92c796870624/org.reactivestreams_reactive-streams-1.0.3.jar
[2024-12-03T20:14:53.286+0000] {subprocess.py:93} INFO - 24/12/03 20:14:53 INFO SparkContext: Added file file:///opt/bitnami/spark/.ivy2/jars/org.apache.cassandra_java-driver-query-builder-4.18.1.jar at file:///opt/bitnami/spark/.ivy2/jars/org.apache.cassandra_java-driver-query-builder-4.18.1.jar with timestamp 1733256892066
[2024-12-03T20:14:53.288+0000] {subprocess.py:93} INFO - 24/12/03 20:14:53 INFO Utils: Copying /opt/bitnami/spark/.ivy2/jars/org.apache.cassandra_java-driver-query-builder-4.18.1.jar to /tmp/spark-68ac88af-e647-4863-b637-5d6349fb8c0d/userFiles-35e90a4b-7542-4896-ab3c-92c796870624/org.apache.cassandra_java-driver-query-builder-4.18.1.jar
[2024-12-03T20:14:53.391+0000] {subprocess.py:93} INFO - 24/12/03 20:14:53 INFO Executor: Starting executor ID driver on host cea96c144870
[2024-12-03T20:14:53.392+0000] {subprocess.py:93} INFO - 24/12/03 20:14:53 INFO Executor: OS info Linux, 5.15.167.4-microsoft-standard-WSL2, amd64
[2024-12-03T20:14:53.394+0000] {subprocess.py:93} INFO - 24/12/03 20:14:53 INFO Executor: Java version 17.0.12
[2024-12-03T20:14:53.409+0000] {subprocess.py:93} INFO - 24/12/03 20:14:53 INFO Executor: Starting executor with user classpath (userClassPathFirst = false): ''
[2024-12-03T20:14:53.411+0000] {subprocess.py:93} INFO - 24/12/03 20:14:53 INFO Executor: Created or updated repl class loader org.apache.spark.util.MutableURLClassLoader@3cfe0e2a for default.
[2024-12-03T20:14:53.438+0000] {subprocess.py:93} INFO - 24/12/03 20:14:53 INFO Executor: Fetching file:///opt/bitnami/spark/.ivy2/jars/com.typesafe_config-1.4.1.jar with timestamp 1733256892066
[2024-12-03T20:14:53.485+0000] {subprocess.py:93} INFO - 24/12/03 20:14:53 INFO Utils: /opt/bitnami/spark/.ivy2/jars/com.typesafe_config-1.4.1.jar has been previously copied to /tmp/spark-68ac88af-e647-4863-b637-5d6349fb8c0d/userFiles-35e90a4b-7542-4896-ab3c-92c796870624/com.typesafe_config-1.4.1.jar
[2024-12-03T20:14:53.493+0000] {subprocess.py:93} INFO - 24/12/03 20:14:53 INFO Executor: Fetching file:///opt/bitnami/spark/.ivy2/jars/org.scala-lang.modules_scala-collection-compat_2.12-2.11.0.jar with timestamp 1733256892066
[2024-12-03T20:14:53.500+0000] {subprocess.py:93} INFO - 24/12/03 20:14:53 INFO Utils: /opt/bitnami/spark/.ivy2/jars/org.scala-lang.modules_scala-collection-compat_2.12-2.11.0.jar has been previously copied to /tmp/spark-68ac88af-e647-4863-b637-5d6349fb8c0d/userFiles-35e90a4b-7542-4896-ab3c-92c796870624/org.scala-lang.modules_scala-collection-compat_2.12-2.11.0.jar
[2024-12-03T20:14:53.508+0000] {subprocess.py:93} INFO - 24/12/03 20:14:53 INFO Executor: Fetching file:///opt/bitnami/spark/.ivy2/jars/org.hdrhistogram_HdrHistogram-2.1.12.jar with timestamp 1733256892066
[2024-12-03T20:14:53.509+0000] {subprocess.py:93} INFO - 24/12/03 20:14:53 INFO Utils: /opt/bitnami/spark/.ivy2/jars/org.hdrhistogram_HdrHistogram-2.1.12.jar has been previously copied to /tmp/spark-68ac88af-e647-4863-b637-5d6349fb8c0d/userFiles-35e90a4b-7542-4896-ab3c-92c796870624/org.hdrhistogram_HdrHistogram-2.1.12.jar
[2024-12-03T20:14:53.522+0000] {subprocess.py:93} INFO - 24/12/03 20:14:53 INFO Executor: Fetching file:///opt/bitnami/spark/.ivy2/jars/com.datastax.oss_native-protocol-1.5.1.jar with timestamp 1733256892066
[2024-12-03T20:14:53.526+0000] {subprocess.py:93} INFO - 24/12/03 20:14:53 INFO Utils: /opt/bitnami/spark/.ivy2/jars/com.datastax.oss_native-protocol-1.5.1.jar has been previously copied to /tmp/spark-68ac88af-e647-4863-b637-5d6349fb8c0d/userFiles-35e90a4b-7542-4896-ab3c-92c796870624/com.datastax.oss_native-protocol-1.5.1.jar
[2024-12-03T20:14:53.534+0000] {subprocess.py:93} INFO - 24/12/03 20:14:53 INFO Executor: Fetching file:///dependencies.zip with timestamp 1733256892066
[2024-12-03T20:14:53.582+0000] {subprocess.py:93} INFO - 24/12/03 20:14:53 INFO Utils: /dependencies.zip has been previously copied to /tmp/spark-68ac88af-e647-4863-b637-5d6349fb8c0d/userFiles-35e90a4b-7542-4896-ab3c-92c796870624/dependencies.zip
[2024-12-03T20:14:53.591+0000] {subprocess.py:93} INFO - 24/12/03 20:14:53 INFO Executor: Fetching file:///opt/bitnami/spark/.ivy2/jars/org.reactivestreams_reactive-streams-1.0.3.jar with timestamp 1733256892066
[2024-12-03T20:14:53.593+0000] {subprocess.py:93} INFO - 24/12/03 20:14:53 INFO Utils: /opt/bitnami/spark/.ivy2/jars/org.reactivestreams_reactive-streams-1.0.3.jar has been previously copied to /tmp/spark-68ac88af-e647-4863-b637-5d6349fb8c0d/userFiles-35e90a4b-7542-4896-ab3c-92c796870624/org.reactivestreams_reactive-streams-1.0.3.jar
[2024-12-03T20:14:53.602+0000] {subprocess.py:93} INFO - 24/12/03 20:14:53 INFO Executor: Fetching file:///opt/bitnami/spark/.ivy2/jars/org.apache.cassandra_java-driver-mapper-runtime-4.18.1.jar with timestamp 1733256892066
[2024-12-03T20:14:53.605+0000] {subprocess.py:93} INFO - 24/12/03 20:14:53 INFO Utils: /opt/bitnami/spark/.ivy2/jars/org.apache.cassandra_java-driver-mapper-runtime-4.18.1.jar has been previously copied to /tmp/spark-68ac88af-e647-4863-b637-5d6349fb8c0d/userFiles-35e90a4b-7542-4896-ab3c-92c796870624/org.apache.cassandra_java-driver-mapper-runtime-4.18.1.jar
[2024-12-03T20:14:53.614+0000] {subprocess.py:93} INFO - 24/12/03 20:14:53 INFO Executor: Fetching file:///opt/bitnami/spark/.ivy2/jars/org.apache.cassandra_java-driver-core-shaded-4.18.1.jar with timestamp 1733256892066
[2024-12-03T20:14:53.627+0000] {subprocess.py:93} INFO - 24/12/03 20:14:53 INFO Utils: /opt/bitnami/spark/.ivy2/jars/org.apache.cassandra_java-driver-core-shaded-4.18.1.jar has been previously copied to /tmp/spark-68ac88af-e647-4863-b637-5d6349fb8c0d/userFiles-35e90a4b-7542-4896-ab3c-92c796870624/org.apache.cassandra_java-driver-core-shaded-4.18.1.jar
[2024-12-03T20:14:53.637+0000] {subprocess.py:93} INFO - 24/12/03 20:14:53 INFO Executor: Fetching file:///opt/bitnami/spark/.ivy2/jars/com.datastax.oss_java-driver-shaded-guava-25.1-jre-graal-sub-1.jar with timestamp 1733256892066
[2024-12-03T20:14:53.643+0000] {subprocess.py:93} INFO - 24/12/03 20:14:53 INFO Utils: /opt/bitnami/spark/.ivy2/jars/com.datastax.oss_java-driver-shaded-guava-25.1-jre-graal-sub-1.jar has been previously copied to /tmp/spark-68ac88af-e647-4863-b637-5d6349fb8c0d/userFiles-35e90a4b-7542-4896-ab3c-92c796870624/com.datastax.oss_java-driver-shaded-guava-25.1-jre-graal-sub-1.jar
[2024-12-03T20:14:53.651+0000] {subprocess.py:93} INFO - 24/12/03 20:14:53 INFO Executor: Fetching file:///opt/bitnami/spark/.ivy2/jars/org.apache.cassandra_java-driver-query-builder-4.18.1.jar with timestamp 1733256892066
[2024-12-03T20:14:53.653+0000] {subprocess.py:93} INFO - 24/12/03 20:14:53 INFO Utils: /opt/bitnami/spark/.ivy2/jars/org.apache.cassandra_java-driver-query-builder-4.18.1.jar has been previously copied to /tmp/spark-68ac88af-e647-4863-b637-5d6349fb8c0d/userFiles-35e90a4b-7542-4896-ab3c-92c796870624/org.apache.cassandra_java-driver-query-builder-4.18.1.jar
[2024-12-03T20:14:53.662+0000] {subprocess.py:93} INFO - 24/12/03 20:14:53 INFO Executor: Fetching file:///opt/bitnami/spark/.ivy2/jars/com.datastax.spark_spark-cassandra-connector_2.12-3.5.1.jar with timestamp 1733256892066
[2024-12-03T20:14:53.668+0000] {subprocess.py:93} INFO - 24/12/03 20:14:53 INFO Utils: /opt/bitnami/spark/.ivy2/jars/com.datastax.spark_spark-cassandra-connector_2.12-3.5.1.jar has been previously copied to /tmp/spark-68ac88af-e647-4863-b637-5d6349fb8c0d/userFiles-35e90a4b-7542-4896-ab3c-92c796870624/com.datastax.spark_spark-cassandra-connector_2.12-3.5.1.jar
[2024-12-03T20:14:53.678+0000] {subprocess.py:93} INFO - 24/12/03 20:14:53 INFO Executor: Fetching file:///opt/bitnami/spark/.ivy2/jars/org.apache.commons_commons-lang3-3.10.jar with timestamp 1733256892066
[2024-12-03T20:14:53.680+0000] {subprocess.py:93} INFO - 24/12/03 20:14:53 INFO Utils: /opt/bitnami/spark/.ivy2/jars/org.apache.commons_commons-lang3-3.10.jar has been previously copied to /tmp/spark-68ac88af-e647-4863-b637-5d6349fb8c0d/userFiles-35e90a4b-7542-4896-ab3c-92c796870624/org.apache.commons_commons-lang3-3.10.jar
[2024-12-03T20:14:53.690+0000] {subprocess.py:93} INFO - 24/12/03 20:14:53 INFO Executor: Fetching file:///opt/bitnami/spark/.ivy2/jars/com.thoughtworks.paranamer_paranamer-2.8.jar with timestamp 1733256892066
[2024-12-03T20:14:53.691+0000] {subprocess.py:93} INFO - 24/12/03 20:14:53 INFO Utils: /opt/bitnami/spark/.ivy2/jars/com.thoughtworks.paranamer_paranamer-2.8.jar has been previously copied to /tmp/spark-68ac88af-e647-4863-b637-5d6349fb8c0d/userFiles-35e90a4b-7542-4896-ab3c-92c796870624/com.thoughtworks.paranamer_paranamer-2.8.jar
[2024-12-03T20:14:53.702+0000] {subprocess.py:93} INFO - 24/12/03 20:14:53 INFO Executor: Fetching file:///opt/bitnami/spark/.ivy2/jars/org.slf4j_slf4j-api-1.7.26.jar with timestamp 1733256892066
[2024-12-03T20:14:53.704+0000] {subprocess.py:93} INFO - 24/12/03 20:14:53 INFO Utils: /opt/bitnami/spark/.ivy2/jars/org.slf4j_slf4j-api-1.7.26.jar has been previously copied to /tmp/spark-68ac88af-e647-4863-b637-5d6349fb8c0d/userFiles-35e90a4b-7542-4896-ab3c-92c796870624/org.slf4j_slf4j-api-1.7.26.jar
[2024-12-03T20:14:53.717+0000] {subprocess.py:93} INFO - 24/12/03 20:14:53 INFO Executor: Fetching file:///opt/bitnami/spark/.ivy2/jars/org.scala-lang_scala-reflect-2.12.19.jar with timestamp 1733256892066
[2024-12-03T20:14:53.726+0000] {subprocess.py:93} INFO - 24/12/03 20:14:53 INFO Utils: /opt/bitnami/spark/.ivy2/jars/org.scala-lang_scala-reflect-2.12.19.jar has been previously copied to /tmp/spark-68ac88af-e647-4863-b637-5d6349fb8c0d/userFiles-35e90a4b-7542-4896-ab3c-92c796870624/org.scala-lang_scala-reflect-2.12.19.jar
[2024-12-03T20:14:53.736+0000] {subprocess.py:93} INFO - 24/12/03 20:14:53 INFO Executor: Fetching file:///opt/bitnami/spark/.ivy2/jars/com.datastax.spark_spark-cassandra-connector-driver_2.12-3.5.1.jar with timestamp 1733256892066
[2024-12-03T20:14:53.739+0000] {subprocess.py:93} INFO - 24/12/03 20:14:53 INFO Utils: /opt/bitnami/spark/.ivy2/jars/com.datastax.spark_spark-cassandra-connector-driver_2.12-3.5.1.jar has been previously copied to /tmp/spark-68ac88af-e647-4863-b637-5d6349fb8c0d/userFiles-35e90a4b-7542-4896-ab3c-92c796870624/com.datastax.spark_spark-cassandra-connector-driver_2.12-3.5.1.jar
[2024-12-03T20:14:53.748+0000] {subprocess.py:93} INFO - 24/12/03 20:14:53 INFO Executor: Fetching file:///opt/bitnami/spark/.ivy2/jars/io.dropwizard.metrics_metrics-core-4.1.18.jar with timestamp 1733256892066
[2024-12-03T20:14:53.750+0000] {subprocess.py:93} INFO - 24/12/03 20:14:53 INFO Utils: /opt/bitnami/spark/.ivy2/jars/io.dropwizard.metrics_metrics-core-4.1.18.jar has been previously copied to /tmp/spark-68ac88af-e647-4863-b637-5d6349fb8c0d/userFiles-35e90a4b-7542-4896-ab3c-92c796870624/io.dropwizard.metrics_metrics-core-4.1.18.jar
[2024-12-03T20:14:53.764+0000] {subprocess.py:93} INFO - 24/12/03 20:14:53 INFO Executor: Fetching spark://cea96c144870:43813/jars/com.datastax.spark_spark-cassandra-connector-driver_2.12-3.5.1.jar with timestamp 1733256892066
[2024-12-03T20:14:53.829+0000] {subprocess.py:93} INFO - 24/12/03 20:14:53 INFO TransportClientFactory: Successfully created connection to cea96c144870/172.18.0.9:43813 after 45 ms (0 ms spent in bootstraps)
[2024-12-03T20:14:53.843+0000] {subprocess.py:93} INFO - 24/12/03 20:14:53 INFO Utils: Fetching spark://cea96c144870:43813/jars/com.datastax.spark_spark-cassandra-connector-driver_2.12-3.5.1.jar to /tmp/spark-68ac88af-e647-4863-b637-5d6349fb8c0d/userFiles-35e90a4b-7542-4896-ab3c-92c796870624/fetchFileTemp2657606872326372431.tmp
[2024-12-03T20:14:53.895+0000] {subprocess.py:93} INFO - 24/12/03 20:14:53 INFO Utils: /tmp/spark-68ac88af-e647-4863-b637-5d6349fb8c0d/userFiles-35e90a4b-7542-4896-ab3c-92c796870624/fetchFileTemp2657606872326372431.tmp has been previously copied to /tmp/spark-68ac88af-e647-4863-b637-5d6349fb8c0d/userFiles-35e90a4b-7542-4896-ab3c-92c796870624/com.datastax.spark_spark-cassandra-connector-driver_2.12-3.5.1.jar
[2024-12-03T20:14:53.910+0000] {subprocess.py:93} INFO - 24/12/03 20:14:53 INFO Executor: Adding file:/tmp/spark-68ac88af-e647-4863-b637-5d6349fb8c0d/userFiles-35e90a4b-7542-4896-ab3c-92c796870624/com.datastax.spark_spark-cassandra-connector-driver_2.12-3.5.1.jar to class loader default
[2024-12-03T20:14:53.911+0000] {subprocess.py:93} INFO - 24/12/03 20:14:53 INFO Executor: Fetching spark://cea96c144870:43813/jars/com.thoughtworks.paranamer_paranamer-2.8.jar with timestamp 1733256892066
[2024-12-03T20:14:53.913+0000] {subprocess.py:93} INFO - 24/12/03 20:14:53 INFO Utils: Fetching spark://cea96c144870:43813/jars/com.thoughtworks.paranamer_paranamer-2.8.jar to /tmp/spark-68ac88af-e647-4863-b637-5d6349fb8c0d/userFiles-35e90a4b-7542-4896-ab3c-92c796870624/fetchFileTemp16718360479959858524.tmp
[2024-12-03T20:14:53.916+0000] {subprocess.py:93} INFO - 24/12/03 20:14:53 INFO Utils: /tmp/spark-68ac88af-e647-4863-b637-5d6349fb8c0d/userFiles-35e90a4b-7542-4896-ab3c-92c796870624/fetchFileTemp16718360479959858524.tmp has been previously copied to /tmp/spark-68ac88af-e647-4863-b637-5d6349fb8c0d/userFiles-35e90a4b-7542-4896-ab3c-92c796870624/com.thoughtworks.paranamer_paranamer-2.8.jar
[2024-12-03T20:14:53.923+0000] {subprocess.py:93} INFO - 24/12/03 20:14:53 INFO Executor: Adding file:/tmp/spark-68ac88af-e647-4863-b637-5d6349fb8c0d/userFiles-35e90a4b-7542-4896-ab3c-92c796870624/com.thoughtworks.paranamer_paranamer-2.8.jar to class loader default
[2024-12-03T20:14:53.925+0000] {subprocess.py:93} INFO - 24/12/03 20:14:53 INFO Executor: Fetching spark://cea96c144870:43813/jars/org.hdrhistogram_HdrHistogram-2.1.12.jar with timestamp 1733256892066
[2024-12-03T20:14:53.926+0000] {subprocess.py:93} INFO - 24/12/03 20:14:53 INFO Utils: Fetching spark://cea96c144870:43813/jars/org.hdrhistogram_HdrHistogram-2.1.12.jar to /tmp/spark-68ac88af-e647-4863-b637-5d6349fb8c0d/userFiles-35e90a4b-7542-4896-ab3c-92c796870624/fetchFileTemp12844567018126237454.tmp
[2024-12-03T20:14:53.931+0000] {subprocess.py:93} INFO - 24/12/03 20:14:53 INFO Utils: /tmp/spark-68ac88af-e647-4863-b637-5d6349fb8c0d/userFiles-35e90a4b-7542-4896-ab3c-92c796870624/fetchFileTemp12844567018126237454.tmp has been previously copied to /tmp/spark-68ac88af-e647-4863-b637-5d6349fb8c0d/userFiles-35e90a4b-7542-4896-ab3c-92c796870624/org.hdrhistogram_HdrHistogram-2.1.12.jar
[2024-12-03T20:14:53.937+0000] {subprocess.py:93} INFO - 24/12/03 20:14:53 INFO Executor: Adding file:/tmp/spark-68ac88af-e647-4863-b637-5d6349fb8c0d/userFiles-35e90a4b-7542-4896-ab3c-92c796870624/org.hdrhistogram_HdrHistogram-2.1.12.jar to class loader default
[2024-12-03T20:14:53.938+0000] {subprocess.py:93} INFO - 24/12/03 20:14:53 INFO Executor: Fetching spark://cea96c144870:43813/jars/org.apache.cassandra_java-driver-mapper-runtime-4.18.1.jar with timestamp 1733256892066
[2024-12-03T20:14:53.939+0000] {subprocess.py:93} INFO - 24/12/03 20:14:53 INFO Utils: Fetching spark://cea96c144870:43813/jars/org.apache.cassandra_java-driver-mapper-runtime-4.18.1.jar to /tmp/spark-68ac88af-e647-4863-b637-5d6349fb8c0d/userFiles-35e90a4b-7542-4896-ab3c-92c796870624/fetchFileTemp9120600383063375749.tmp
[2024-12-03T20:14:53.943+0000] {subprocess.py:93} INFO - 24/12/03 20:14:53 INFO Utils: /tmp/spark-68ac88af-e647-4863-b637-5d6349fb8c0d/userFiles-35e90a4b-7542-4896-ab3c-92c796870624/fetchFileTemp9120600383063375749.tmp has been previously copied to /tmp/spark-68ac88af-e647-4863-b637-5d6349fb8c0d/userFiles-35e90a4b-7542-4896-ab3c-92c796870624/org.apache.cassandra_java-driver-mapper-runtime-4.18.1.jar
[2024-12-03T20:14:53.950+0000] {subprocess.py:93} INFO - 24/12/03 20:14:53 INFO Executor: Adding file:/tmp/spark-68ac88af-e647-4863-b637-5d6349fb8c0d/userFiles-35e90a4b-7542-4896-ab3c-92c796870624/org.apache.cassandra_java-driver-mapper-runtime-4.18.1.jar to class loader default
[2024-12-03T20:14:53.951+0000] {subprocess.py:93} INFO - 24/12/03 20:14:53 INFO Executor: Fetching spark://cea96c144870:43813/jars/org.apache.cassandra_java-driver-query-builder-4.18.1.jar with timestamp 1733256892066
[2024-12-03T20:14:53.952+0000] {subprocess.py:93} INFO - 24/12/03 20:14:53 INFO Utils: Fetching spark://cea96c144870:43813/jars/org.apache.cassandra_java-driver-query-builder-4.18.1.jar to /tmp/spark-68ac88af-e647-4863-b637-5d6349fb8c0d/userFiles-35e90a4b-7542-4896-ab3c-92c796870624/fetchFileTemp5831792102805212864.tmp
[2024-12-03T20:14:53.959+0000] {subprocess.py:93} INFO - 24/12/03 20:14:53 INFO Utils: /tmp/spark-68ac88af-e647-4863-b637-5d6349fb8c0d/userFiles-35e90a4b-7542-4896-ab3c-92c796870624/fetchFileTemp5831792102805212864.tmp has been previously copied to /tmp/spark-68ac88af-e647-4863-b637-5d6349fb8c0d/userFiles-35e90a4b-7542-4896-ab3c-92c796870624/org.apache.cassandra_java-driver-query-builder-4.18.1.jar
[2024-12-03T20:14:53.964+0000] {subprocess.py:93} INFO - 24/12/03 20:14:53 INFO Executor: Adding file:/tmp/spark-68ac88af-e647-4863-b637-5d6349fb8c0d/userFiles-35e90a4b-7542-4896-ab3c-92c796870624/org.apache.cassandra_java-driver-query-builder-4.18.1.jar to class loader default
[2024-12-03T20:14:53.966+0000] {subprocess.py:93} INFO - 24/12/03 20:14:53 INFO Executor: Fetching spark://cea96c144870:43813/jars/org.scala-lang.modules_scala-collection-compat_2.12-2.11.0.jar with timestamp 1733256892066
[2024-12-03T20:14:53.967+0000] {subprocess.py:93} INFO - 24/12/03 20:14:53 INFO Utils: Fetching spark://cea96c144870:43813/jars/org.scala-lang.modules_scala-collection-compat_2.12-2.11.0.jar to /tmp/spark-68ac88af-e647-4863-b637-5d6349fb8c0d/userFiles-35e90a4b-7542-4896-ab3c-92c796870624/fetchFileTemp3040467503986012174.tmp
[2024-12-03T20:14:53.973+0000] {subprocess.py:93} INFO - 24/12/03 20:14:53 INFO Utils: /tmp/spark-68ac88af-e647-4863-b637-5d6349fb8c0d/userFiles-35e90a4b-7542-4896-ab3c-92c796870624/fetchFileTemp3040467503986012174.tmp has been previously copied to /tmp/spark-68ac88af-e647-4863-b637-5d6349fb8c0d/userFiles-35e90a4b-7542-4896-ab3c-92c796870624/org.scala-lang.modules_scala-collection-compat_2.12-2.11.0.jar
[2024-12-03T20:14:53.980+0000] {subprocess.py:93} INFO - 24/12/03 20:14:53 INFO Executor: Adding file:/tmp/spark-68ac88af-e647-4863-b637-5d6349fb8c0d/userFiles-35e90a4b-7542-4896-ab3c-92c796870624/org.scala-lang.modules_scala-collection-compat_2.12-2.11.0.jar to class loader default
[2024-12-03T20:14:53.982+0000] {subprocess.py:93} INFO - 24/12/03 20:14:53 INFO Executor: Fetching spark://cea96c144870:43813/jars/com.datastax.oss_java-driver-shaded-guava-25.1-jre-graal-sub-1.jar with timestamp 1733256892066
[2024-12-03T20:14:53.984+0000] {subprocess.py:93} INFO - 24/12/03 20:14:53 INFO Utils: Fetching spark://cea96c144870:43813/jars/com.datastax.oss_java-driver-shaded-guava-25.1-jre-graal-sub-1.jar to /tmp/spark-68ac88af-e647-4863-b637-5d6349fb8c0d/userFiles-35e90a4b-7542-4896-ab3c-92c796870624/fetchFileTemp16699254348466451780.tmp
[2024-12-03T20:14:54.019+0000] {subprocess.py:93} INFO - 24/12/03 20:14:54 INFO Utils: /tmp/spark-68ac88af-e647-4863-b637-5d6349fb8c0d/userFiles-35e90a4b-7542-4896-ab3c-92c796870624/fetchFileTemp16699254348466451780.tmp has been previously copied to /tmp/spark-68ac88af-e647-4863-b637-5d6349fb8c0d/userFiles-35e90a4b-7542-4896-ab3c-92c796870624/com.datastax.oss_java-driver-shaded-guava-25.1-jre-graal-sub-1.jar
[2024-12-03T20:14:54.028+0000] {subprocess.py:93} INFO - 24/12/03 20:14:54 INFO Executor: Adding file:/tmp/spark-68ac88af-e647-4863-b637-5d6349fb8c0d/userFiles-35e90a4b-7542-4896-ab3c-92c796870624/com.datastax.oss_java-driver-shaded-guava-25.1-jre-graal-sub-1.jar to class loader default
[2024-12-03T20:14:54.030+0000] {subprocess.py:93} INFO - 24/12/03 20:14:54 INFO Executor: Fetching spark://cea96c144870:43813/jars/org.apache.commons_commons-lang3-3.10.jar with timestamp 1733256892066
[2024-12-03T20:14:54.031+0000] {subprocess.py:93} INFO - 24/12/03 20:14:54 INFO Utils: Fetching spark://cea96c144870:43813/jars/org.apache.commons_commons-lang3-3.10.jar to /tmp/spark-68ac88af-e647-4863-b637-5d6349fb8c0d/userFiles-35e90a4b-7542-4896-ab3c-92c796870624/fetchFileTemp8307921205775593967.tmp
[2024-12-03T20:14:54.039+0000] {subprocess.py:93} INFO - 24/12/03 20:14:54 INFO Utils: /tmp/spark-68ac88af-e647-4863-b637-5d6349fb8c0d/userFiles-35e90a4b-7542-4896-ab3c-92c796870624/fetchFileTemp8307921205775593967.tmp has been previously copied to /tmp/spark-68ac88af-e647-4863-b637-5d6349fb8c0d/userFiles-35e90a4b-7542-4896-ab3c-92c796870624/org.apache.commons_commons-lang3-3.10.jar
[2024-12-03T20:14:54.046+0000] {subprocess.py:93} INFO - 24/12/03 20:14:54 INFO Executor: Adding file:/tmp/spark-68ac88af-e647-4863-b637-5d6349fb8c0d/userFiles-35e90a4b-7542-4896-ab3c-92c796870624/org.apache.commons_commons-lang3-3.10.jar to class loader default
[2024-12-03T20:14:54.047+0000] {subprocess.py:93} INFO - 24/12/03 20:14:54 INFO Executor: Fetching spark://cea96c144870:43813/jars/org.reactivestreams_reactive-streams-1.0.3.jar with timestamp 1733256892066
[2024-12-03T20:14:54.049+0000] {subprocess.py:93} INFO - 24/12/03 20:14:54 INFO Utils: Fetching spark://cea96c144870:43813/jars/org.reactivestreams_reactive-streams-1.0.3.jar to /tmp/spark-68ac88af-e647-4863-b637-5d6349fb8c0d/userFiles-35e90a4b-7542-4896-ab3c-92c796870624/fetchFileTemp9025661855755183092.tmp
[2024-12-03T20:14:54.051+0000] {subprocess.py:93} INFO - 24/12/03 20:14:54 INFO Utils: /tmp/spark-68ac88af-e647-4863-b637-5d6349fb8c0d/userFiles-35e90a4b-7542-4896-ab3c-92c796870624/fetchFileTemp9025661855755183092.tmp has been previously copied to /tmp/spark-68ac88af-e647-4863-b637-5d6349fb8c0d/userFiles-35e90a4b-7542-4896-ab3c-92c796870624/org.reactivestreams_reactive-streams-1.0.3.jar
[2024-12-03T20:14:54.059+0000] {subprocess.py:93} INFO - 24/12/03 20:14:54 INFO Executor: Adding file:/tmp/spark-68ac88af-e647-4863-b637-5d6349fb8c0d/userFiles-35e90a4b-7542-4896-ab3c-92c796870624/org.reactivestreams_reactive-streams-1.0.3.jar to class loader default
[2024-12-03T20:14:54.061+0000] {subprocess.py:93} INFO - 24/12/03 20:14:54 INFO Executor: Fetching spark://cea96c144870:43813/jars/com.datastax.spark_spark-cassandra-connector_2.12-3.5.1.jar with timestamp 1733256892066
[2024-12-03T20:14:54.062+0000] {subprocess.py:93} INFO - 24/12/03 20:14:54 INFO Utils: Fetching spark://cea96c144870:43813/jars/com.datastax.spark_spark-cassandra-connector_2.12-3.5.1.jar to /tmp/spark-68ac88af-e647-4863-b637-5d6349fb8c0d/userFiles-35e90a4b-7542-4896-ab3c-92c796870624/fetchFileTemp12501168913177394904.tmp
[2024-12-03T20:14:54.078+0000] {subprocess.py:93} INFO - 24/12/03 20:14:54 INFO Utils: /tmp/spark-68ac88af-e647-4863-b637-5d6349fb8c0d/userFiles-35e90a4b-7542-4896-ab3c-92c796870624/fetchFileTemp12501168913177394904.tmp has been previously copied to /tmp/spark-68ac88af-e647-4863-b637-5d6349fb8c0d/userFiles-35e90a4b-7542-4896-ab3c-92c796870624/com.datastax.spark_spark-cassandra-connector_2.12-3.5.1.jar
[2024-12-03T20:14:54.092+0000] {subprocess.py:93} INFO - 24/12/03 20:14:54 INFO Executor: Adding file:/tmp/spark-68ac88af-e647-4863-b637-5d6349fb8c0d/userFiles-35e90a4b-7542-4896-ab3c-92c796870624/com.datastax.spark_spark-cassandra-connector_2.12-3.5.1.jar to class loader default
[2024-12-03T20:14:54.095+0000] {subprocess.py:93} INFO - 24/12/03 20:14:54 INFO Executor: Fetching spark://cea96c144870:43813/jars/org.slf4j_slf4j-api-1.7.26.jar with timestamp 1733256892066
[2024-12-03T20:14:54.096+0000] {subprocess.py:93} INFO - 24/12/03 20:14:54 INFO Utils: Fetching spark://cea96c144870:43813/jars/org.slf4j_slf4j-api-1.7.26.jar to /tmp/spark-68ac88af-e647-4863-b637-5d6349fb8c0d/userFiles-35e90a4b-7542-4896-ab3c-92c796870624/fetchFileTemp14293963935814111764.tmp
[2024-12-03T20:14:54.097+0000] {subprocess.py:93} INFO - 24/12/03 20:14:54 INFO Utils: /tmp/spark-68ac88af-e647-4863-b637-5d6349fb8c0d/userFiles-35e90a4b-7542-4896-ab3c-92c796870624/fetchFileTemp14293963935814111764.tmp has been previously copied to /tmp/spark-68ac88af-e647-4863-b637-5d6349fb8c0d/userFiles-35e90a4b-7542-4896-ab3c-92c796870624/org.slf4j_slf4j-api-1.7.26.jar
[2024-12-03T20:14:54.104+0000] {subprocess.py:93} INFO - 24/12/03 20:14:54 INFO Executor: Adding file:/tmp/spark-68ac88af-e647-4863-b637-5d6349fb8c0d/userFiles-35e90a4b-7542-4896-ab3c-92c796870624/org.slf4j_slf4j-api-1.7.26.jar to class loader default
[2024-12-03T20:14:54.107+0000] {subprocess.py:93} INFO - 24/12/03 20:14:54 INFO Executor: Fetching spark://cea96c144870:43813/jars/org.scala-lang_scala-reflect-2.12.19.jar with timestamp 1733256892066
[2024-12-03T20:14:54.108+0000] {subprocess.py:93} INFO - 24/12/03 20:14:54 INFO Utils: Fetching spark://cea96c144870:43813/jars/org.scala-lang_scala-reflect-2.12.19.jar to /tmp/spark-68ac88af-e647-4863-b637-5d6349fb8c0d/userFiles-35e90a4b-7542-4896-ab3c-92c796870624/fetchFileTemp16477219904720917103.tmp
[2024-12-03T20:14:54.144+0000] {subprocess.py:93} INFO - 24/12/03 20:14:54 INFO Utils: /tmp/spark-68ac88af-e647-4863-b637-5d6349fb8c0d/userFiles-35e90a4b-7542-4896-ab3c-92c796870624/fetchFileTemp16477219904720917103.tmp has been previously copied to /tmp/spark-68ac88af-e647-4863-b637-5d6349fb8c0d/userFiles-35e90a4b-7542-4896-ab3c-92c796870624/org.scala-lang_scala-reflect-2.12.19.jar
[2024-12-03T20:14:54.155+0000] {subprocess.py:93} INFO - 24/12/03 20:14:54 INFO Executor: Adding file:/tmp/spark-68ac88af-e647-4863-b637-5d6349fb8c0d/userFiles-35e90a4b-7542-4896-ab3c-92c796870624/org.scala-lang_scala-reflect-2.12.19.jar to class loader default
[2024-12-03T20:14:54.157+0000] {subprocess.py:93} INFO - 24/12/03 20:14:54 INFO Executor: Fetching spark://cea96c144870:43813/jars/com.datastax.oss_native-protocol-1.5.1.jar with timestamp 1733256892066
[2024-12-03T20:14:54.159+0000] {subprocess.py:93} INFO - 24/12/03 20:14:54 INFO Utils: Fetching spark://cea96c144870:43813/jars/com.datastax.oss_native-protocol-1.5.1.jar to /tmp/spark-68ac88af-e647-4863-b637-5d6349fb8c0d/userFiles-35e90a4b-7542-4896-ab3c-92c796870624/fetchFileTemp8383953255481380692.tmp
[2024-12-03T20:14:54.163+0000] {subprocess.py:93} INFO - 24/12/03 20:14:54 INFO Utils: /tmp/spark-68ac88af-e647-4863-b637-5d6349fb8c0d/userFiles-35e90a4b-7542-4896-ab3c-92c796870624/fetchFileTemp8383953255481380692.tmp has been previously copied to /tmp/spark-68ac88af-e647-4863-b637-5d6349fb8c0d/userFiles-35e90a4b-7542-4896-ab3c-92c796870624/com.datastax.oss_native-protocol-1.5.1.jar
[2024-12-03T20:14:54.171+0000] {subprocess.py:93} INFO - 24/12/03 20:14:54 INFO Executor: Adding file:/tmp/spark-68ac88af-e647-4863-b637-5d6349fb8c0d/userFiles-35e90a4b-7542-4896-ab3c-92c796870624/com.datastax.oss_native-protocol-1.5.1.jar to class loader default
[2024-12-03T20:14:54.173+0000] {subprocess.py:93} INFO - 24/12/03 20:14:54 INFO Executor: Fetching spark://cea96c144870:43813/jars/org.apache.cassandra_java-driver-core-shaded-4.18.1.jar with timestamp 1733256892066
[2024-12-03T20:14:54.174+0000] {subprocess.py:93} INFO - 24/12/03 20:14:54 INFO Utils: Fetching spark://cea96c144870:43813/jars/org.apache.cassandra_java-driver-core-shaded-4.18.1.jar to /tmp/spark-68ac88af-e647-4863-b637-5d6349fb8c0d/userFiles-35e90a4b-7542-4896-ab3c-92c796870624/fetchFileTemp13876864297538565246.tmp
[2024-12-03T20:14:54.240+0000] {subprocess.py:93} INFO - 24/12/03 20:14:54 INFO Utils: /tmp/spark-68ac88af-e647-4863-b637-5d6349fb8c0d/userFiles-35e90a4b-7542-4896-ab3c-92c796870624/fetchFileTemp13876864297538565246.tmp has been previously copied to /tmp/spark-68ac88af-e647-4863-b637-5d6349fb8c0d/userFiles-35e90a4b-7542-4896-ab3c-92c796870624/org.apache.cassandra_java-driver-core-shaded-4.18.1.jar
[2024-12-03T20:14:54.250+0000] {subprocess.py:93} INFO - 24/12/03 20:14:54 INFO Executor: Adding file:/tmp/spark-68ac88af-e647-4863-b637-5d6349fb8c0d/userFiles-35e90a4b-7542-4896-ab3c-92c796870624/org.apache.cassandra_java-driver-core-shaded-4.18.1.jar to class loader default
[2024-12-03T20:14:54.251+0000] {subprocess.py:93} INFO - 24/12/03 20:14:54 INFO Executor: Fetching spark://cea96c144870:43813/jars/io.dropwizard.metrics_metrics-core-4.1.18.jar with timestamp 1733256892066
[2024-12-03T20:14:54.252+0000] {subprocess.py:93} INFO - 24/12/03 20:14:54 INFO Utils: Fetching spark://cea96c144870:43813/jars/io.dropwizard.metrics_metrics-core-4.1.18.jar to /tmp/spark-68ac88af-e647-4863-b637-5d6349fb8c0d/userFiles-35e90a4b-7542-4896-ab3c-92c796870624/fetchFileTemp7536048832739262321.tmp
[2024-12-03T20:14:54.256+0000] {subprocess.py:93} INFO - 24/12/03 20:14:54 INFO Utils: /tmp/spark-68ac88af-e647-4863-b637-5d6349fb8c0d/userFiles-35e90a4b-7542-4896-ab3c-92c796870624/fetchFileTemp7536048832739262321.tmp has been previously copied to /tmp/spark-68ac88af-e647-4863-b637-5d6349fb8c0d/userFiles-35e90a4b-7542-4896-ab3c-92c796870624/io.dropwizard.metrics_metrics-core-4.1.18.jar
[2024-12-03T20:14:54.262+0000] {subprocess.py:93} INFO - 24/12/03 20:14:54 INFO Executor: Adding file:/tmp/spark-68ac88af-e647-4863-b637-5d6349fb8c0d/userFiles-35e90a4b-7542-4896-ab3c-92c796870624/io.dropwizard.metrics_metrics-core-4.1.18.jar to class loader default
[2024-12-03T20:14:54.264+0000] {subprocess.py:93} INFO - 24/12/03 20:14:54 INFO Executor: Fetching spark://cea96c144870:43813/jars/com.typesafe_config-1.4.1.jar with timestamp 1733256892066
[2024-12-03T20:14:54.265+0000] {subprocess.py:93} INFO - 24/12/03 20:14:54 INFO Utils: Fetching spark://cea96c144870:43813/jars/com.typesafe_config-1.4.1.jar to /tmp/spark-68ac88af-e647-4863-b637-5d6349fb8c0d/userFiles-35e90a4b-7542-4896-ab3c-92c796870624/fetchFileTemp9795237253177004884.tmp
[2024-12-03T20:14:54.270+0000] {subprocess.py:93} INFO - 24/12/03 20:14:54 INFO Utils: /tmp/spark-68ac88af-e647-4863-b637-5d6349fb8c0d/userFiles-35e90a4b-7542-4896-ab3c-92c796870624/fetchFileTemp9795237253177004884.tmp has been previously copied to /tmp/spark-68ac88af-e647-4863-b637-5d6349fb8c0d/userFiles-35e90a4b-7542-4896-ab3c-92c796870624/com.typesafe_config-1.4.1.jar
[2024-12-03T20:14:54.278+0000] {subprocess.py:93} INFO - 24/12/03 20:14:54 INFO Executor: Adding file:/tmp/spark-68ac88af-e647-4863-b637-5d6349fb8c0d/userFiles-35e90a4b-7542-4896-ab3c-92c796870624/com.typesafe_config-1.4.1.jar to class loader default
[2024-12-03T20:14:54.300+0000] {subprocess.py:93} INFO - 24/12/03 20:14:54 INFO Utils: Successfully started service 'org.apache.spark.network.netty.NettyBlockTransferService' on port 45497.
[2024-12-03T20:14:54.302+0000] {subprocess.py:93} INFO - 24/12/03 20:14:54 INFO NettyBlockTransferService: Server created on cea96c144870:45497
[2024-12-03T20:14:54.304+0000] {subprocess.py:93} INFO - 24/12/03 20:14:54 INFO BlockManager: Using org.apache.spark.storage.RandomBlockReplicationPolicy for block replication policy
[2024-12-03T20:14:54.317+0000] {subprocess.py:93} INFO - 24/12/03 20:14:54 INFO BlockManagerMaster: Registering BlockManager BlockManagerId(driver, cea96c144870, 45497, None)
[2024-12-03T20:14:54.324+0000] {subprocess.py:93} INFO - 24/12/03 20:14:54 INFO BlockManagerMasterEndpoint: Registering block manager cea96c144870:45497 with 434.4 MiB RAM, BlockManagerId(driver, cea96c144870, 45497, None)
[2024-12-03T20:14:54.327+0000] {subprocess.py:93} INFO - 24/12/03 20:14:54 INFO BlockManagerMaster: Registered BlockManager BlockManagerId(driver, cea96c144870, 45497, None)
[2024-12-03T20:14:54.330+0000] {subprocess.py:93} INFO - 24/12/03 20:14:54 INFO BlockManager: Initialized BlockManager: BlockManagerId(driver, cea96c144870, 45497, None)
[2024-12-03T20:14:55.158+0000] {subprocess.py:93} INFO - 2024-12-03 20:14:55,155 - __main__ - INFO - Spark connection created successfully
[2024-12-03T20:15:05.111+0000] {subprocess.py:93} INFO - 2024-12-03 20:15:05,109 - __main__ - INFO - Number of rows in merged_df: 32
[2024-12-03T20:15:08.314+0000] {subprocess.py:93} INFO - +----------+--------+---------+-------------------+-----+----------+--------+--------+---------+----------+----------+----------+--------+----------+-------+----------+----------+-------------------+--------------------+------+----+-------------+-------+--------+--------------+--------------------+------------+----------------+---------+----------------------+
[2024-12-03T20:15:08.315+0000] {subprocess.py:93} INFO - | city_name|latitude|longitude|weather_description| temp|feels_like|humidity|pressure|sea_level|grnd_level|visibility|wind_speed|wind_deg|clouds_all|country|   sunrise|    sunset|               time|apparent_temperature|is_day|rain|precipitation|showers|snowfall|temperature_2m|relative_humidity_2m|pressure_msl|surface_pressure|elevation|temperature_feels_like|
[2024-12-03T20:15:08.316+0000] {subprocess.py:93} INFO - +----------+--------+---------+-------------------+-----+----------+--------+--------+---------+----------+----------+----------+--------+----------+-------+----------+----------+-------------------+--------------------+------+----+-------------+-------+--------+--------------+--------------------+------------+----------------+---------+----------------------+
[2024-12-03T20:15:08.317+0000] {subprocess.py:93} INFO - |Casablanca| 33.5928|  -7.6192|       [few clouds]|17.96|     17.95|    80.5|    1027|     1027|      1018|     10000|      1.79|      40|        21|     MA|1733210336|1733246537|2024-12-03 20:06:42|                18.3|     0| 0.0|          0.0|    0.0|     0.0|         17.98|                  79|      1026.1|          1023.6|     21.0|                18.125|
[2024-12-03T20:15:08.318+0000] {subprocess.py:93} INFO - |     Rabat| 33.9911|  -6.8401| [scattered clouds]|18.04|      18.2|    83.5|    1026|     1026|      1019|      5000|      2.57|     360|        40|     MA|1733210206|1733246293|2024-12-03 20:06:30|                18.3|     0| 0.0|          0.0|    0.0|     0.0|         17.92|                  79|      1026.0|          1017.6|     70.0|                 18.25|
[2024-12-03T20:15:08.319+0000] {subprocess.py:93} INFO - |       Fes| 34.0372|  -4.9998|        [clear sky]|13.14|     12.96|    89.0|    1026|     1026|       977|     10000|      2.57|     230|         0|     MA|1733209771|1733245845|2024-12-03 20:10:17|                14.7|     0| 0.0|          0.0|    0.0|     0.0|         14.02|                  84|      1025.7|           978.4|    400.0|                 13.83|
[2024-12-03T20:15:08.319+0000] {subprocess.py:93} INFO - | Marrakesh| 31.6315|  -8.0083|        [clear sky]|19.04|      18.1|    44.0|    1025|     1025|       970|     10000|      1.03|       0|         0|     MA|1733210157|1733246903|2024-12-03 20:06:37|                16.6|     0| 0.0|          0.0|    0.0|     0.0|         18.57|                  46|      1024.6|           971.5|    456.0|                 17.35|
[2024-12-03T20:15:08.320+0000] {subprocess.py:93} INFO - |    Agadir| 30.4202|  -9.5982|        [clear sky]|20.25|     19.51|    41.0|    1023|     1023|      1006|     10000|      0.48|       6|         0|     MA|1733210376|1733247447|2024-12-03 20:07:58|                18.6|     0| 0.0|          0.0|    0.0|     0.0|        20.375|                  37|      1022.9|          1018.7|     35.0|                19.055|
[2024-12-03T20:15:08.321+0000] {subprocess.py:93} INFO - |   Tangier| 35.7806|  -5.8137| [scattered clouds]|17.64|     17.76|    88.5|    1025|     1025|      1019|      6000|      4.12|     310|        40|     MA|1733210223|1733245783|2024-12-03 20:08:45|                17.0|     0| 0.0|          0.0|    0.0|     0.0|         16.87|                  89|      1024.9|          1016.2|     72.0|    17.380000000000003|
[2024-12-03T20:15:08.322+0000] {subprocess.py:93} INFO - |    Meknes| 33.9776|   -5.525|        [clear sky]|14.09|     13.93|    91.5|    1027|     1027|       969|     10000|      2.69|     291|         0|     MA|1733209888|1733245979|2024-12-03 20:10:25|                14.9|     0| 0.0|          0.0|    0.0|     0.0|        14.395|                  92|      1026.2|           964.5|    526.0|                14.415|
[2024-12-03T20:15:08.323+0000] {subprocess.py:93} INFO - |     Oujda| 34.6805|  -1.9076|        [clear sky]|14.35|     13.98|    84.0|    1023|     1023|       945|     10000|      5.14|     350|         0|     MA|1733209122|1733245009|2024-12-03 20:11:01|                12.1|     0| 0.0|          0.0|    0.0|     0.0|        13.575|                  86|      1024.1|           958.8|    555.0|                 13.04|
[2024-12-03T20:15:08.324+0000] {subprocess.py:93} INFO - |   Kenitra|  34.261|  -6.5802| [scattered clouds]|18.42|     18.43|    81.5|    1026|     1026|      1023|     10000|      2.98|     324|        31|     MA|1733210182|1733246192|2024-12-03 20:12:25|                18.4|     0| 0.0|          0.0|    0.0|     0.0|         17.91|                  82|      1025.8|          1024.5|     11.0|                18.415|
[2024-12-03T20:15:08.324+0000] {subprocess.py:93} INFO - |      Safi| 32.1667|  -8.8333|        [clear sky]|16.39|     16.15|    82.0|    1026|     1026|       990|     10000|      5.24|      31|         0|     MA|1733210428|1733247028|2024-12-03 20:12:39|                16.6|     0| 0.0|          0.0|    0.0|     0.0|        16.945|                  85|      1025.5|          1021.3|     35.0|                16.375|
[2024-12-03T20:15:08.325+0000] {subprocess.py:93} INFO - +----------+--------+---------+-------------------+-----+----------+--------+--------+---------+----------+----------+----------+--------+----------+-------+----------+----------+-------------------+--------------------+------+----+-------------+-------+--------+--------------+--------------------+------------+----------------+---------+----------------------+
[2024-12-03T20:15:08.326+0000] {subprocess.py:93} INFO - only showing top 10 rows
[2024-12-03T20:15:08.326+0000] {subprocess.py:93} INFO - 
[2024-12-03T20:15:08.472+0000] {subprocess.py:93} INFO - 2024-12-03 20:15:08,469 - cassandra.cluster - WARNING - Cluster.__init__ called with contact_points specified, but no load_balancing_policy. In the next major version, this will raise an error; please specify a load-balancing policy. (contact_points = ['cassandra_db'], lbp = None)
[2024-12-03T20:15:08.490+0000] {subprocess.py:93} INFO - 2024-12-03 20:15:08,487 - cassandra.cluster - WARNING - Downgrading core protocol version from 66 to 65 for 172.18.0.8:9042. To avoid this, it is best practice to explicitly set Cluster(protocol_version) to the version supported by your cluster. http://datastax.github.io/python-driver/api/cassandra/cluster.html#cassandra.cluster.Cluster.protocol_version
[2024-12-03T20:15:08.494+0000] {subprocess.py:93} INFO - 2024-12-03 20:15:08,492 - cassandra.cluster - WARNING - Downgrading core protocol version from 65 to 5 for 172.18.0.8:9042. To avoid this, it is best practice to explicitly set Cluster(protocol_version) to the version supported by your cluster. http://datastax.github.io/python-driver/api/cassandra/cluster.html#cassandra.cluster.Cluster.protocol_version
[2024-12-03T20:15:08.517+0000] {subprocess.py:93} INFO - 2024-12-03 20:15:08,514 - cassandra.policies - INFO - Using datacenter 'datacenter1' for DCAwareRoundRobinPolicy (via host '172.18.0.8:9042'); if incorrect, please specify a local_dc to the constructor, or limit contact points to local cluster nodes
[2024-12-03T20:15:08.588+0000] {subprocess.py:93} INFO - 2024-12-03 20:15:08,585 - __main__ - INFO - Cassandra connection created successfully
[2024-12-03T20:15:08.593+0000] {subprocess.py:93} INFO - 2024-12-03 20:15:08,590 - __main__ - INFO - Keyspace created successfully
[2024-12-03T20:15:08.597+0000] {subprocess.py:93} INFO - 2024-12-03 20:15:08,595 - __main__ - INFO - Table created successfully
[2024-12-03T20:15:09.191+0000] {subprocess.py:93} INFO - 2024-12-03 20:15:09,189 - __main__ - INFO - Inserted data: Casablanca at 2024-12-03 20:06:42
[2024-12-03T20:15:09.200+0000] {subprocess.py:93} INFO - 2024-12-03 20:15:09,198 - __main__ - INFO - Data inserted successfully for Casablanca at 2024-12-03 20:06:42
[2024-12-03T20:15:09.205+0000] {subprocess.py:93} INFO - 2024-12-03 20:15:09,203 - __main__ - INFO - Inserted data: Rabat at 2024-12-03 20:06:30
[2024-12-03T20:15:09.211+0000] {subprocess.py:93} INFO - 2024-12-03 20:15:09,209 - __main__ - INFO - Data inserted successfully for Rabat at 2024-12-03 20:06:30
[2024-12-03T20:15:09.215+0000] {subprocess.py:93} INFO - 2024-12-03 20:15:09,213 - __main__ - INFO - Inserted data: Fes at 2024-12-03 20:10:17
[2024-12-03T20:15:09.220+0000] {subprocess.py:93} INFO - 2024-12-03 20:15:09,218 - __main__ - INFO - Data inserted successfully for Fes at 2024-12-03 20:10:17
[2024-12-03T20:15:09.224+0000] {subprocess.py:93} INFO - 2024-12-03 20:15:09,222 - __main__ - INFO - Inserted data: Marrakesh at 2024-12-03 20:06:37
[2024-12-03T20:15:09.229+0000] {subprocess.py:93} INFO - 2024-12-03 20:15:09,228 - __main__ - INFO - Data inserted successfully for Marrakesh at 2024-12-03 20:06:37
[2024-12-03T20:15:09.234+0000] {subprocess.py:93} INFO - 2024-12-03 20:15:09,232 - __main__ - INFO - Inserted data: Agadir at 2024-12-03 20:07:58
[2024-12-03T20:15:09.238+0000] {subprocess.py:93} INFO - 2024-12-03 20:15:09,236 - __main__ - INFO - Data inserted successfully for Agadir at 2024-12-03 20:07:58
[2024-12-03T20:15:09.242+0000] {subprocess.py:93} INFO - 2024-12-03 20:15:09,240 - __main__ - INFO - Inserted data: Tangier at 2024-12-03 20:08:45
[2024-12-03T20:15:09.246+0000] {subprocess.py:93} INFO - 2024-12-03 20:15:09,245 - __main__ - INFO - Data inserted successfully for Tangier at 2024-12-03 20:08:45
[2024-12-03T20:15:09.251+0000] {subprocess.py:93} INFO - 2024-12-03 20:15:09,249 - __main__ - INFO - Inserted data: Meknes at 2024-12-03 20:10:25
[2024-12-03T20:15:09.255+0000] {subprocess.py:93} INFO - 2024-12-03 20:15:09,253 - __main__ - INFO - Data inserted successfully for Meknes at 2024-12-03 20:10:25
[2024-12-03T20:15:09.259+0000] {subprocess.py:93} INFO - 2024-12-03 20:15:09,257 - __main__ - INFO - Inserted data: Oujda at 2024-12-03 20:11:01
[2024-12-03T20:15:09.263+0000] {subprocess.py:93} INFO - 2024-12-03 20:15:09,262 - __main__ - INFO - Data inserted successfully for Oujda at 2024-12-03 20:11:01
[2024-12-03T20:15:09.267+0000] {subprocess.py:93} INFO - 2024-12-03 20:15:09,265 - __main__ - INFO - Inserted data: Kenitra at 2024-12-03 20:12:25
[2024-12-03T20:15:09.271+0000] {subprocess.py:93} INFO - 2024-12-03 20:15:09,270 - __main__ - INFO - Data inserted successfully for Kenitra at 2024-12-03 20:12:25
[2024-12-03T20:15:09.275+0000] {subprocess.py:93} INFO - 2024-12-03 20:15:09,273 - __main__ - INFO - Inserted data: Safi at 2024-12-03 20:12:39
[2024-12-03T20:15:09.279+0000] {subprocess.py:93} INFO - 2024-12-03 20:15:09,278 - __main__ - INFO - Data inserted successfully for Safi at 2024-12-03 20:12:39
[2024-12-03T20:15:09.283+0000] {subprocess.py:93} INFO - 2024-12-03 20:15:09,281 - __main__ - INFO - Inserted data: El Jadida at 2024-12-03 20:12:49
[2024-12-03T20:15:09.288+0000] {subprocess.py:93} INFO - 2024-12-03 20:15:09,286 - __main__ - INFO - Data inserted successfully for El Jadida at 2024-12-03 20:12:49
[2024-12-03T20:15:09.292+0000] {subprocess.py:93} INFO - 2024-12-03 20:15:09,290 - __main__ - INFO - Inserted data: Nador at 2024-12-03 20:11:12
[2024-12-03T20:15:09.296+0000] {subprocess.py:93} INFO - 2024-12-03 20:15:09,294 - __main__ - INFO - Data inserted successfully for Nador at 2024-12-03 20:11:12
[2024-12-03T20:15:09.300+0000] {subprocess.py:93} INFO - 2024-12-03 20:15:09,298 - __main__ - INFO - Inserted data: Khemisset at 2024-12-03 20:12:53
[2024-12-03T20:15:09.305+0000] {subprocess.py:93} INFO - 2024-12-03 20:15:09,303 - __main__ - INFO - Data inserted successfully for Khemisset at 2024-12-03 20:12:53
[2024-12-03T20:15:09.310+0000] {subprocess.py:93} INFO - 2024-12-03 20:15:09,309 - __main__ - INFO - Inserted data: Settat at 2024-12-03 20:12:59
[2024-12-03T20:15:09.315+0000] {subprocess.py:93} INFO - 2024-12-03 20:15:09,313 - __main__ - INFO - Data inserted successfully for Settat at 2024-12-03 20:12:59
[2024-12-03T20:15:09.319+0000] {subprocess.py:93} INFO - 2024-12-03 20:15:09,317 - __main__ - INFO - Inserted data: Larache at 2024-12-03 20:08:07
[2024-12-03T20:15:09.324+0000] {subprocess.py:93} INFO - 2024-12-03 20:15:09,322 - __main__ - INFO - Data inserted successfully for Larache at 2024-12-03 20:08:07
[2024-12-03T20:15:09.327+0000] {subprocess.py:93} INFO - 2024-12-03 20:15:09,325 - __main__ - INFO - Inserted data: Guelmim at 2024-12-03 20:11:55
[2024-12-03T20:15:09.331+0000] {subprocess.py:93} INFO - 2024-12-03 20:15:09,330 - __main__ - INFO - Data inserted successfully for Guelmim at 2024-12-03 20:11:55
[2024-12-03T20:15:09.335+0000] {subprocess.py:93} INFO - 2024-12-03 20:15:09,333 - __main__ - INFO - Inserted data: Taza at 2024-12-03 20:13:03
[2024-12-03T20:15:09.340+0000] {subprocess.py:93} INFO - 2024-12-03 20:15:09,338 - __main__ - INFO - Data inserted successfully for Taza at 2024-12-03 20:13:03
[2024-12-03T20:15:09.343+0000] {subprocess.py:93} INFO - 2024-12-03 20:15:09,342 - __main__ - INFO - Inserted data: Beni Mellal at 2024-12-03 20:13:06
[2024-12-03T20:15:09.348+0000] {subprocess.py:93} INFO - 2024-12-03 20:15:09,346 - __main__ - INFO - Data inserted successfully for Beni Mellal at 2024-12-03 20:13:06
[2024-12-03T20:15:09.352+0000] {subprocess.py:93} INFO - 2024-12-03 20:15:09,350 - __main__ - INFO - Inserted data: Mohammedia at 2024-12-03 20:13:07
[2024-12-03T20:15:09.356+0000] {subprocess.py:93} INFO - 2024-12-03 20:15:09,355 - __main__ - INFO - Data inserted successfully for Mohammedia at 2024-12-03 20:13:07
[2024-12-03T20:15:09.360+0000] {subprocess.py:93} INFO - 2024-12-03 20:15:09,359 - __main__ - INFO - Inserted data: Ksar el-Kebir at 2024-12-03 20:13:11
[2024-12-03T20:15:09.365+0000] {subprocess.py:93} INFO - 2024-12-03 20:15:09,363 - __main__ - INFO - Data inserted successfully for Ksar el-Kebir at 2024-12-03 20:13:11
[2024-12-03T20:15:09.369+0000] {subprocess.py:93} INFO - 2024-12-03 20:15:09,367 - __main__ - INFO - Inserted data: Al Hoceima at 2024-12-03 20:13:35
[2024-12-03T20:15:09.373+0000] {subprocess.py:93} INFO - 2024-12-03 20:15:09,371 - __main__ - INFO - Data inserted successfully for Al Hoceima at 2024-12-03 20:13:35
[2024-12-03T20:15:09.378+0000] {subprocess.py:93} INFO - 2024-12-03 20:15:09,376 - __main__ - INFO - Inserted data: Berkane at 2024-12-03 20:11:40
[2024-12-03T20:15:09.385+0000] {subprocess.py:93} INFO - 2024-12-03 20:15:09,383 - __main__ - INFO - Data inserted successfully for Berkane at 2024-12-03 20:11:40
[2024-12-03T20:15:09.390+0000] {subprocess.py:93} INFO - 2024-12-03 20:15:09,388 - __main__ - INFO - Inserted data: Taourirt at 2024-12-03 20:13:41
[2024-12-03T20:15:09.395+0000] {subprocess.py:93} INFO - 2024-12-03 20:15:09,393 - __main__ - INFO - Data inserted successfully for Taourirt at 2024-12-03 20:13:41
[2024-12-03T20:15:09.401+0000] {subprocess.py:93} INFO - 2024-12-03 20:15:09,399 - __main__ - INFO - Inserted data: Errachidia at 2024-12-03 20:13:56
[2024-12-03T20:15:09.406+0000] {subprocess.py:93} INFO - 2024-12-03 20:15:09,404 - __main__ - INFO - Data inserted successfully for Errachidia at 2024-12-03 20:13:56
[2024-12-03T20:15:09.409+0000] {subprocess.py:93} INFO - 2024-12-03 20:15:09,407 - __main__ - INFO - Inserted data: Oued Zem at 2024-12-03 20:14:10
[2024-12-03T20:15:09.417+0000] {subprocess.py:93} INFO - 2024-12-03 20:15:09,414 - __main__ - INFO - Data inserted successfully for Oued Zem at 2024-12-03 20:14:10
[2024-12-03T20:15:09.422+0000] {subprocess.py:93} INFO - 2024-12-03 20:15:09,420 - __main__ - INFO - Inserted data: Sidi Slimane at 2024-12-03 20:14:16
[2024-12-03T20:15:09.430+0000] {subprocess.py:93} INFO - 2024-12-03 20:15:09,426 - __main__ - INFO - Data inserted successfully for Sidi Slimane at 2024-12-03 20:14:16
[2024-12-03T20:15:09.435+0000] {subprocess.py:93} INFO - 2024-12-03 20:15:09,433 - __main__ - INFO - Inserted data: Sidi Kacem at 2024-12-03 20:14:22
[2024-12-03T20:15:09.441+0000] {subprocess.py:93} INFO - 2024-12-03 20:15:09,438 - __main__ - INFO - Data inserted successfully for Sidi Kacem at 2024-12-03 20:14:22
[2024-12-03T20:15:09.446+0000] {subprocess.py:93} INFO - 2024-12-03 20:15:09,443 - __main__ - INFO - Inserted data: Azrou at 2024-12-03 20:14:28
[2024-12-03T20:15:09.453+0000] {subprocess.py:93} INFO - 2024-12-03 20:15:09,451 - __main__ - INFO - Data inserted successfully for Azrou at 2024-12-03 20:14:28
[2024-12-03T20:15:09.458+0000] {subprocess.py:93} INFO - 2024-12-03 20:15:09,456 - __main__ - INFO - Inserted data: Midelt at 2024-12-03 20:14:31
[2024-12-03T20:15:09.466+0000] {subprocess.py:93} INFO - 2024-12-03 20:15:09,462 - __main__ - INFO - Data inserted successfully for Midelt at 2024-12-03 20:14:31
[2024-12-03T20:15:09.471+0000] {subprocess.py:93} INFO - 2024-12-03 20:15:09,468 - __main__ - INFO - Inserted data: Ifrane at 2024-12-03 20:14:32
[2024-12-03T20:15:09.477+0000] {subprocess.py:93} INFO - 2024-12-03 20:15:09,474 - __main__ - INFO - Data inserted successfully for Ifrane at 2024-12-03 20:14:32
[2024-12-03T20:15:09.482+0000] {subprocess.py:93} INFO - 2024-12-03 20:15:09,479 - __main__ - INFO - Inserted data: Chefchaouen at 2024-12-03 20:14:33
[2024-12-03T20:15:09.488+0000] {subprocess.py:93} INFO - 2024-12-03 20:15:09,486 - __main__ - INFO - Data inserted successfully for Chefchaouen at 2024-12-03 20:14:33
[2024-12-03T20:15:09.493+0000] {subprocess.py:93} INFO - 2024-12-03 20:15:09,491 - __main__ - INFO - Inserted data: Laayoune at 2024-12-03 20:14:36
[2024-12-03T20:15:09.502+0000] {subprocess.py:93} INFO - 2024-12-03 20:15:09,499 - __main__ - INFO - Data inserted successfully for Laayoune at 2024-12-03 20:14:36
[2024-12-03T20:15:09.504+0000] {subprocess.py:93} INFO - 2024-12-03 20:15:09,502 - py4j.clientserver - INFO - Closing down clientserver connection
[2024-12-03T20:15:09.954+0000] {subprocess.py:97} INFO - Command exited with return code 0
[2024-12-03T20:15:09.956+0000] {taskinstance.py:441} INFO - ::group::Post task execution logs
[2024-12-03T20:15:10.003+0000] {taskinstance.py:1206} INFO - Marking task as SUCCESS. dag_id=weather_data_kafka_dag, task_id=spark_submit, run_id=manual__2024-12-03T20:10:45.760339+00:00, execution_date=20241203T201045, start_date=20241203T201444, end_date=20241203T201510
[2024-12-03T20:15:10.067+0000] {local_task_job_runner.py:243} INFO - Task exited with return code 0
[2024-12-03T20:15:10.127+0000] {taskinstance.py:3503} INFO - 0 downstream tasks scheduled from follow-on schedule check
[2024-12-03T20:15:10.140+0000] {local_task_job_runner.py:222} INFO - ::endgroup::
