[2024-12-01T14:52:22.312+0000] {local_task_job_runner.py:120} INFO - ::group::Pre task execution logs
[2024-12-01T14:52:22.502+0000] {taskinstance.py:2076} INFO - Dependencies all met for dep_context=non-requeueable deps ti=<TaskInstance: weather_data_kafka_dag.stream_data_from_apis scheduled__2024-12-01T10:00:00+00:00 [queued]>
[2024-12-01T14:52:22.570+0000] {taskinstance.py:2076} INFO - Dependencies all met for dep_context=requeueable deps ti=<TaskInstance: weather_data_kafka_dag.stream_data_from_apis scheduled__2024-12-01T10:00:00+00:00 [queued]>
[2024-12-01T14:52:22.572+0000] {taskinstance.py:2306} INFO - Starting attempt 1 of 4
[2024-12-01T14:52:22.637+0000] {taskinstance.py:2330} INFO - Executing <Task(PythonOperator): stream_data_from_apis> on 2024-12-01 10:00:00+00:00
[2024-12-01T14:52:22.648+0000] {standard_task_runner.py:90} INFO - Running: ['***', 'tasks', 'run', 'weather_data_kafka_dag', 'stream_data_from_apis', 'scheduled__2024-12-01T10:00:00+00:00', '--job-id', '542', '--raw', '--subdir', 'DAGS_FOLDER/kafka_stream.py', '--cfg-path', '/tmp/tmpdgu0hpqt']
[2024-12-01T14:52:22.655+0000] {standard_task_runner.py:91} INFO - Job 542: Subtask stream_data_from_apis
[2024-12-01T14:52:22.674+0000] {logging_mixin.py:188} WARNING - /home/***/.local/lib/python3.12/site-packages/***/task/task_runner/standard_task_runner.py:62 DeprecationWarning: This process (pid=207) is multi-threaded, use of fork() may lead to deadlocks in the child.
[2024-12-01T14:52:22.677+0000] {standard_task_runner.py:64} INFO - Started process 215 to run task
[2024-12-01T14:52:22.769+0000] {task_command.py:426} INFO - Running <TaskInstance: weather_data_kafka_dag.stream_data_from_apis scheduled__2024-12-01T10:00:00+00:00 [running]> on host 0741a2a1545f
[2024-12-01T14:52:23.004+0000] {taskinstance.py:2648} INFO - Exporting env vars: AIRFLOW_CTX_DAG_OWNER='admin' AIRFLOW_CTX_DAG_ID='weather_data_kafka_dag' AIRFLOW_CTX_TASK_ID='stream_data_from_apis' AIRFLOW_CTX_EXECUTION_DATE='2024-12-01T10:00:00+00:00' AIRFLOW_CTX_TRY_NUMBER='1' AIRFLOW_CTX_DAG_RUN_ID='scheduled__2024-12-01T10:00:00+00:00'
[2024-12-01T14:52:23.008+0000] {taskinstance.py:430} INFO - ::endgroup::
[2024-12-01T14:52:31.072+0000] {conn.py:1276} WARNING - DNS lookup failed for broker:9092, exception was [Errno -3] Temporary failure in name resolution. Is your advertised.listeners (called advertised.host.name before Kafka 9) correct and resolvable?
[2024-12-01T14:52:31.081+0000] {conn.py:297} ERROR - DNS lookup failed for broker:9092 (0)
[2024-12-01T14:52:31.082+0000] {conn.py:957} INFO - Probing node bootstrap-0 broker version
[2024-12-01T14:52:35.088+0000] {taskinstance.py:441} INFO - ::group::Post task execution logs
[2024-12-01T14:52:35.089+0000] {taskinstance.py:2905} ERROR - Task failed with exception
Traceback (most recent call last):
  File "/home/airflow/.local/lib/python3.12/site-packages/airflow/models/taskinstance.py", line 465, in _execute_task
    result = _execute_callable(context=context, **execute_callable_kwargs)
             ^^^^^^^^^^^^^^^^^^^^^^^^^^^^^^^^^^^^^^^^^^^^^^^^^^^^^^^^^^^^^
  File "/home/airflow/.local/lib/python3.12/site-packages/airflow/models/taskinstance.py", line 432, in _execute_callable
    return execute_callable(context=context, **execute_callable_kwargs)
           ^^^^^^^^^^^^^^^^^^^^^^^^^^^^^^^^^^^^^^^^^^^^^^^^^^^^^^^^^^^^
  File "/home/airflow/.local/lib/python3.12/site-packages/airflow/models/baseoperator.py", line 401, in wrapper
    return func(self, *args, **kwargs)
           ^^^^^^^^^^^^^^^^^^^^^^^^^^^
  File "/home/airflow/.local/lib/python3.12/site-packages/airflow/operators/python.py", line 235, in execute
    return_value = self.execute_callable()
                   ^^^^^^^^^^^^^^^^^^^^^^^
  File "/home/airflow/.local/lib/python3.12/site-packages/airflow/operators/python.py", line 252, in execute_callable
    return self.python_callable(*self.op_args, **self.op_kwargs)
           ^^^^^^^^^^^^^^^^^^^^^^^^^^^^^^^^^^^^^^^^^^^^^^^^^^^^^
  File "/opt/airflow/dags/kafka_stream.py", line 123, in stream_data
    producer = KafkaProducer(bootstrap_servers=KAFKA_SERVER, max_block_ms=5000)
               ^^^^^^^^^^^^^^^^^^^^^^^^^^^^^^^^^^^^^^^^^^^^^^^^^^^^^^^^^^^^^^^^
  File "/home/airflow/.local/lib/python3.12/site-packages/kafka/producer/kafka.py", line 383, in __init__
    client = self.config['kafka_client'](
             ^^^^^^^^^^^^^^^^^^^^^^^^^^^^
  File "/home/airflow/.local/lib/python3.12/site-packages/kafka/client_async.py", line 234, in __init__
    self.config['api_version'] = self.check_version(timeout=check_timeout)
                                 ^^^^^^^^^^^^^^^^^^^^^^^^^^^^^^^^^^^^^^^^^
  File "/home/airflow/.local/lib/python3.12/site-packages/kafka/client_async.py", line 929, in check_version
    raise Errors.NoBrokersAvailable()
kafka.errors.NoBrokersAvailable: NoBrokersAvailable
[2024-12-01T14:52:35.127+0000] {taskinstance.py:1206} INFO - Marking task as UP_FOR_RETRY. dag_id=weather_data_kafka_dag, task_id=stream_data_from_apis, run_id=scheduled__2024-12-01T10:00:00+00:00, execution_date=20241201T100000, start_date=20241201T145222, end_date=20241201T145235
[2024-12-01T14:52:35.171+0000] {standard_task_runner.py:110} ERROR - Failed to execute job 542 for task stream_data_from_apis (NoBrokersAvailable; 215)
[2024-12-01T14:52:35.215+0000] {local_task_job_runner.py:243} INFO - Task exited with return code 1
[2024-12-01T14:52:35.247+0000] {local_task_job_runner.py:222} INFO - ::endgroup::
