[2024-12-03T12:37:29.661+0000] {local_task_job_runner.py:120} INFO - ::group::Pre task execution logs
[2024-12-03T12:37:29.686+0000] {taskinstance.py:2076} INFO - Dependencies all met for dep_context=non-requeueable deps ti=<TaskInstance: weather_data_kafka_dag.docker_cp_and_spark_submit manual__2024-12-03T12:36:54.578973+00:00 [queued]>
[2024-12-03T12:37:29.693+0000] {taskinstance.py:2076} INFO - Dependencies all met for dep_context=requeueable deps ti=<TaskInstance: weather_data_kafka_dag.docker_cp_and_spark_submit manual__2024-12-03T12:36:54.578973+00:00 [queued]>
[2024-12-03T12:37:29.694+0000] {taskinstance.py:2306} INFO - Starting attempt 1 of 4
[2024-12-03T12:37:29.706+0000] {taskinstance.py:2330} INFO - Executing <Task(BashOperator): docker_cp_and_spark_submit> on 2024-12-03 12:36:54.578973+00:00
[2024-12-03T12:37:29.712+0000] {standard_task_runner.py:90} INFO - Running: ['***', 'tasks', 'run', 'weather_data_kafka_dag', 'docker_cp_and_spark_submit', 'manual__2024-12-03T12:36:54.578973+00:00', '--job-id', '667', '--raw', '--subdir', 'DAGS_FOLDER/kafka_stream.py', '--cfg-path', '/tmp/tmpq2irpe9y']
[2024-12-03T12:37:29.714+0000] {standard_task_runner.py:91} INFO - Job 667: Subtask docker_cp_and_spark_submit
[2024-12-03T12:37:29.714+0000] {logging_mixin.py:188} WARNING - /home/***/.local/lib/python3.12/site-packages/***/task/task_runner/standard_task_runner.py:62 DeprecationWarning: This process (pid=2941) is multi-threaded, use of fork() may lead to deadlocks in the child.
[2024-12-03T12:37:29.715+0000] {standard_task_runner.py:64} INFO - Started process 2943 to run task
[2024-12-03T12:37:29.748+0000] {task_command.py:426} INFO - Running <TaskInstance: weather_data_kafka_dag.docker_cp_and_spark_submit manual__2024-12-03T12:36:54.578973+00:00 [running]> on host 0741a2a1545f
[2024-12-03T12:37:29.818+0000] {taskinstance.py:2648} INFO - Exporting env vars: AIRFLOW_CTX_DAG_OWNER='admin' AIRFLOW_CTX_DAG_ID='weather_data_kafka_dag' AIRFLOW_CTX_TASK_ID='docker_cp_and_spark_submit' AIRFLOW_CTX_EXECUTION_DATE='2024-12-03T12:36:54.578973+00:00' AIRFLOW_CTX_TRY_NUMBER='1' AIRFLOW_CTX_DAG_RUN_ID='manual__2024-12-03T12:36:54.578973+00:00'
[2024-12-03T12:37:29.819+0000] {taskinstance.py:430} INFO - ::endgroup::
[2024-12-03T12:37:29.828+0000] {subprocess.py:63} INFO - Tmp dir root location: /tmp
[2024-12-03T12:37:29.829+0000] {subprocess.py:75} INFO - Running command: ['/usr/bin/bash', '-c', '\n            docker cp ./data/parquet_files/openweathermap_data.parquet spark-master:/openweathermap_data.parquet\n            docker cp ./data/parquet_files/openmeteo_data.parquet spark-master:/openmeteo_data.parquet\n            docker cp /opt/***/data/spark_stream.py spark-master:/spark_stream.py\n            docker exec -it spark-master spark-submit                 --packages com.datastax.spark:spark-cassandra-connector_2.12:3.5.1                 --py-files /dependencies.zip                 /spark_stream.py\n        ']
[2024-12-03T12:37:29.838+0000] {subprocess.py:86} INFO - Output:
[2024-12-03T12:37:29.850+0000] {subprocess.py:93} INFO - lstat /tmp/***tmp1rrto_60/data: no such file or directory
[2024-12-03T12:37:29.862+0000] {subprocess.py:93} INFO - lstat /tmp/***tmp1rrto_60/data: no such file or directory
[2024-12-03T12:37:29.876+0000] {subprocess.py:93} INFO - Cannot connect to the Docker daemon at unix:///var/run/docker.sock. Is the docker daemon running?
[2024-12-03T12:37:29.888+0000] {subprocess.py:93} INFO - Cannot connect to the Docker daemon at unix:///var/run/docker.sock. Is the docker daemon running?
[2024-12-03T12:37:29.889+0000] {subprocess.py:97} INFO - Command exited with return code 1
[2024-12-03T12:37:29.890+0000] {taskinstance.py:441} INFO - ::group::Post task execution logs
[2024-12-03T12:37:29.897+0000] {taskinstance.py:2905} ERROR - Task failed with exception
Traceback (most recent call last):
  File "/home/airflow/.local/lib/python3.12/site-packages/airflow/models/taskinstance.py", line 465, in _execute_task
    result = _execute_callable(context=context, **execute_callable_kwargs)
             ^^^^^^^^^^^^^^^^^^^^^^^^^^^^^^^^^^^^^^^^^^^^^^^^^^^^^^^^^^^^^
  File "/home/airflow/.local/lib/python3.12/site-packages/airflow/models/taskinstance.py", line 432, in _execute_callable
    return execute_callable(context=context, **execute_callable_kwargs)
           ^^^^^^^^^^^^^^^^^^^^^^^^^^^^^^^^^^^^^^^^^^^^^^^^^^^^^^^^^^^^
  File "/home/airflow/.local/lib/python3.12/site-packages/airflow/models/baseoperator.py", line 401, in wrapper
    return func(self, *args, **kwargs)
           ^^^^^^^^^^^^^^^^^^^^^^^^^^^
  File "/home/airflow/.local/lib/python3.12/site-packages/airflow/operators/bash.py", line 243, in execute
    raise AirflowException(
airflow.exceptions.AirflowException: Bash command failed. The command returned a non-zero exit code 1.
[2024-12-03T12:37:29.901+0000] {taskinstance.py:1206} INFO - Marking task as UP_FOR_RETRY. dag_id=weather_data_kafka_dag, task_id=docker_cp_and_spark_submit, run_id=manual__2024-12-03T12:36:54.578973+00:00, execution_date=20241203T123654, start_date=20241203T123729, end_date=20241203T123729
[2024-12-03T12:37:29.918+0000] {standard_task_runner.py:110} ERROR - Failed to execute job 667 for task docker_cp_and_spark_submit (Bash command failed. The command returned a non-zero exit code 1.; 2943)
[2024-12-03T12:37:29.929+0000] {local_task_job_runner.py:243} INFO - Task exited with return code 1
[2024-12-03T12:37:29.941+0000] {taskinstance.py:3503} INFO - 0 downstream tasks scheduled from follow-on schedule check
[2024-12-03T12:37:29.944+0000] {local_task_job_runner.py:222} INFO - ::endgroup::
