[2024-11-28T13:28:13.894+0000] {local_task_job_runner.py:120} INFO - ::group::Pre task execution logs
[2024-11-28T13:28:13.957+0000] {taskinstance.py:2076} INFO - Dependencies all met for dep_context=non-requeueable deps ti=<TaskInstance: weather_data_kafka_dag.stream_data_from_apis manual__2024-11-28T13:28:11.310340+00:00 [queued]>
[2024-11-28T13:28:13.975+0000] {taskinstance.py:2076} INFO - Dependencies all met for dep_context=requeueable deps ti=<TaskInstance: weather_data_kafka_dag.stream_data_from_apis manual__2024-11-28T13:28:11.310340+00:00 [queued]>
[2024-11-28T13:28:13.983+0000] {taskinstance.py:2306} INFO - Starting attempt 1 of 4
[2024-11-28T13:28:14.006+0000] {taskinstance.py:2330} INFO - Executing <Task(PythonOperator): stream_data_from_apis> on 2024-11-28 13:28:11.310340+00:00
[2024-11-28T13:28:14.017+0000] {logging_mixin.py:188} WARNING - /home/***/.local/lib/python3.12/site-packages/***/task/task_runner/standard_task_runner.py:62 DeprecationWarning: This process (pid=8939) is multi-threaded, use of fork() may lead to deadlocks in the child.
[2024-11-28T13:28:14.019+0000] {standard_task_runner.py:64} INFO - Started process 8943 to run task
[2024-11-28T13:28:14.018+0000] {standard_task_runner.py:90} INFO - Running: ['***', 'tasks', 'run', 'weather_data_kafka_dag', 'stream_data_from_apis', 'manual__2024-11-28T13:28:11.310340+00:00', '--job-id', '94', '--raw', '--subdir', 'DAGS_FOLDER/kafka_stream.py', '--cfg-path', '/tmp/tmp7nbuw6jl']
[2024-11-28T13:28:14.022+0000] {standard_task_runner.py:91} INFO - Job 94: Subtask stream_data_from_apis
[2024-11-28T13:28:14.093+0000] {task_command.py:426} INFO - Running <TaskInstance: weather_data_kafka_dag.stream_data_from_apis manual__2024-11-28T13:28:11.310340+00:00 [running]> on host cc9ad6cea7ef
[2024-11-28T13:28:14.339+0000] {taskinstance.py:2648} INFO - Exporting env vars: AIRFLOW_CTX_DAG_OWNER='admin' AIRFLOW_CTX_DAG_ID='weather_data_kafka_dag' AIRFLOW_CTX_TASK_ID='stream_data_from_apis' AIRFLOW_CTX_EXECUTION_DATE='2024-11-28T13:28:11.310340+00:00' AIRFLOW_CTX_TRY_NUMBER='1' AIRFLOW_CTX_DAG_RUN_ID='manual__2024-11-28T13:28:11.310340+00:00'
[2024-11-28T13:28:14.342+0000] {taskinstance.py:430} INFO - ::endgroup::
[2024-11-28T13:28:14.366+0000] {conn.py:362} INFO - <BrokerConnection node_id=bootstrap-0 host=broker:9092 <connecting> [IPv4 ('172.18.0.8', 9092)]>: connecting to broker:9092 [('172.18.0.8', 9092) IPv4]
[2024-11-28T13:28:14.367+0000] {conn.py:957} INFO - Probing node bootstrap-0 broker version
[2024-11-28T13:28:14.369+0000] {conn.py:393} INFO - <BrokerConnection node_id=bootstrap-0 host=broker:9092 <connecting> [IPv4 ('172.18.0.8', 9092)]>: Connection complete.
[2024-11-28T13:28:14.474+0000] {conn.py:1019} INFO - Broker version identified as 2.6.0
[2024-11-28T13:28:14.475+0000] {conn.py:1020} INFO - Set configuration api_version=(2, 6, 0) to skip auto check_version requests on startup
[2024-11-28T13:28:14.488+0000] {kafka_stream.py:33} ERROR - Erreur lors de la lecture du fichier CSV: [Errno 2] No such file or directory: './morocco_cities.csv'
[2024-11-28T13:28:14.489+0000] {kafka_stream.py:90} ERROR - Aucune ville trouvée dans le fichier CSV.
[2024-11-28T13:28:14.491+0000] {conn.py:673} INFO - <BrokerConnection node_id=bootstrap-0 host=broker:9092 <connected> [IPv4 ('172.18.0.8', 9092)]>: Closing connection. 
[2024-11-28T13:28:14.493+0000] {python.py:237} INFO - Done. Returned value was: None
[2024-11-28T13:28:14.495+0000] {taskinstance.py:441} INFO - ::group::Post task execution logs
[2024-11-28T13:28:14.515+0000] {taskinstance.py:1206} INFO - Marking task as SUCCESS. dag_id=weather_data_kafka_dag, task_id=stream_data_from_apis, run_id=manual__2024-11-28T13:28:11.310340+00:00, execution_date=20241128T132811, start_date=20241128T132813, end_date=20241128T132814
[2024-11-28T13:28:14.597+0000] {local_task_job_runner.py:243} INFO - Task exited with return code 0
[2024-11-28T13:28:14.663+0000] {taskinstance.py:3503} INFO - 1 downstream tasks scheduled from follow-on schedule check
[2024-11-28T13:28:14.688+0000] {local_task_job_runner.py:222} INFO - ::endgroup::
