[2024-11-28T23:04:24.322+0000] {local_task_job_runner.py:120} INFO - ::group::Pre task execution logs
[2024-11-28T23:04:24.354+0000] {taskinstance.py:2076} INFO - Dependencies all met for dep_context=non-requeueable deps ti=<TaskInstance: weather_data_kafka_dag.store_openweathermap_data scheduled__2024-11-28T22:00:00+00:00 [queued]>
[2024-11-28T23:04:24.363+0000] {taskinstance.py:2076} INFO - Dependencies all met for dep_context=requeueable deps ti=<TaskInstance: weather_data_kafka_dag.store_openweathermap_data scheduled__2024-11-28T22:00:00+00:00 [queued]>
[2024-11-28T23:04:24.364+0000] {taskinstance.py:2306} INFO - Starting attempt 1 of 4
[2024-11-28T23:04:24.380+0000] {taskinstance.py:2330} INFO - Executing <Task(PythonOperator): store_openweathermap_data> on 2024-11-28 22:00:00+00:00
[2024-11-28T23:04:24.386+0000] {standard_task_runner.py:90} INFO - Running: ['***', 'tasks', 'run', 'weather_data_kafka_dag', 'store_openweathermap_data', 'scheduled__2024-11-28T22:00:00+00:00', '--job-id', '44', '--raw', '--subdir', 'DAGS_FOLDER/kafka_stream.py', '--cfg-path', '/tmp/tmp7w10q0sk']
[2024-11-28T23:04:24.389+0000] {standard_task_runner.py:91} INFO - Job 44: Subtask store_openweathermap_data
[2024-11-28T23:04:24.390+0000] {logging_mixin.py:188} WARNING - /home/***/.local/lib/python3.12/site-packages/***/task/task_runner/standard_task_runner.py:62 DeprecationWarning: This process (pid=4491) is multi-threaded, use of fork() may lead to deadlocks in the child.
[2024-11-28T23:04:24.390+0000] {standard_task_runner.py:64} INFO - Started process 4495 to run task
[2024-11-28T23:04:24.436+0000] {task_command.py:426} INFO - Running <TaskInstance: weather_data_kafka_dag.store_openweathermap_data scheduled__2024-11-28T22:00:00+00:00 [running]> on host 3f1fd27be0e9
[2024-11-28T23:04:24.529+0000] {taskinstance.py:2648} INFO - Exporting env vars: AIRFLOW_CTX_DAG_OWNER='admin' AIRFLOW_CTX_DAG_ID='weather_data_kafka_dag' AIRFLOW_CTX_TASK_ID='store_openweathermap_data' AIRFLOW_CTX_EXECUTION_DATE='2024-11-28T22:00:00+00:00' AIRFLOW_CTX_TRY_NUMBER='1' AIRFLOW_CTX_DAG_RUN_ID='scheduled__2024-11-28T22:00:00+00:00'
[2024-11-28T23:04:24.530+0000] {taskinstance.py:430} INFO - ::endgroup::
[2024-11-28T23:04:24.542+0000] {conn.py:362} INFO - <BrokerConnection node_id=bootstrap-0 host=broker:9092 <connecting> [IPv4 ('192.168.16.12', 9092)]>: connecting to broker:9092 [('192.168.16.12', 9092) IPv4]
[2024-11-28T23:04:24.543+0000] {conn.py:957} INFO - Probing node bootstrap-0 broker version
[2024-11-28T23:04:24.544+0000] {conn.py:393} INFO - <BrokerConnection node_id=bootstrap-0 host=broker:9092 <connecting> [IPv4 ('192.168.16.12', 9092)]>: Connection complete.
[2024-11-28T23:04:24.646+0000] {conn.py:1019} INFO - Broker version identified as 2.6.0
[2024-11-28T23:04:24.646+0000] {conn.py:1020} INFO - Set configuration api_version=(2, 6, 0) to skip auto check_version requests on startup
[2024-11-28T23:04:24.647+0000] {consumer.py:122} WARNING - group_id is None: disabling auto-commit.
[2024-11-28T23:04:24.648+0000] {subscription_state.py:167} INFO - Updating subscribed topics to: ('openweathermap_raw',)
[2024-11-28T23:04:24.650+0000] {subscription_state.py:253} INFO - Updated partition assignment: [('openweathermap_raw', 0)]
[2024-11-28T23:04:24.651+0000] {conn.py:362} INFO - <BrokerConnection node_id=1 host=broker:9092 <connecting> [IPv4 ('192.168.16.12', 9092)]>: connecting to broker:9092 [('192.168.16.12', 9092) IPv4]
[2024-11-28T23:04:24.651+0000] {conn.py:393} INFO - <BrokerConnection node_id=1 host=broker:9092 <connecting> [IPv4 ('192.168.16.12', 9092)]>: Connection complete.
[2024-11-28T23:04:24.652+0000] {conn.py:673} INFO - <BrokerConnection node_id=bootstrap-0 host=broker:9092 <connected> [IPv4 ('192.168.16.12', 9092)]>: Closing connection. 
[2024-11-29T02:20:33.546+0000] {local_task_job_runner.py:214} ERROR - Heartbeat time limit exceeded!
[2024-11-29T02:20:33.551+0000] {local_task_job_runner.py:222} INFO - ::endgroup::
[2024-11-29T02:20:33.559+0000] {process_utils.py:132} INFO - Sending 15 to group 4495. PIDs of all processes in the group: [4495]
[2024-11-29T02:20:33.568+0000] {process_utils.py:87} INFO - Sending the signal 15 to group 4495
[2024-11-29T02:20:33.573+0000] {taskinstance.py:2611} ERROR - Received SIGTERM. Terminating subprocesses.
[2024-11-29T02:20:33.622+0000] {taskinstance.py:441} INFO - ::group::Post task execution logs
[2024-11-29T02:20:33.663+0000] {taskinstance.py:2905} ERROR - Task failed with exception
Traceback (most recent call last):
  File "/home/airflow/.local/lib/python3.12/site-packages/airflow/models/taskinstance.py", line 465, in _execute_task
    result = _execute_callable(context=context, **execute_callable_kwargs)
             ^^^^^^^^^^^^^^^^^^^^^^^^^^^^^^^^^^^^^^^^^^^^^^^^^^^^^^^^^^^^^
  File "/home/airflow/.local/lib/python3.12/site-packages/airflow/models/taskinstance.py", line 432, in _execute_callable
    return execute_callable(context=context, **execute_callable_kwargs)
           ^^^^^^^^^^^^^^^^^^^^^^^^^^^^^^^^^^^^^^^^^^^^^^^^^^^^^^^^^^^^
  File "/home/airflow/.local/lib/python3.12/site-packages/airflow/models/baseoperator.py", line 401, in wrapper
    return func(self, *args, **kwargs)
           ^^^^^^^^^^^^^^^^^^^^^^^^^^^
  File "/home/airflow/.local/lib/python3.12/site-packages/airflow/operators/python.py", line 235, in execute
    return_value = self.execute_callable()
                   ^^^^^^^^^^^^^^^^^^^^^^^
  File "/home/airflow/.local/lib/python3.12/site-packages/airflow/operators/python.py", line 252, in execute_callable
    return self.python_callable(*self.op_args, **self.op_kwargs)
           ^^^^^^^^^^^^^^^^^^^^^^^^^^^^^^^^^^^^^^^^^^^^^^^^^^^^^
  File "/opt/airflow/dags/kafka_stream.py", line 187, in store_openweathermap_data
    read_from_kafka_and_store(KAFKA_TOPIC_OPENWEATHER, "openweathermap_data.parquet")
  File "/opt/airflow/dags/kafka_stream.py", line 160, in read_from_kafka_and_store
    for message in consumer:
  File "/home/airflow/.local/lib/python3.12/site-packages/kafka/consumer/group.py", line 1203, in __next__
    return self.next_v2()
           ^^^^^^^^^^^^^^
  File "/home/airflow/.local/lib/python3.12/site-packages/kafka/consumer/group.py", line 1211, in next_v2
    return next(self._iterator)
           ^^^^^^^^^^^^^^^^^^^^
  File "/home/airflow/.local/lib/python3.12/site-packages/kafka/consumer/group.py", line 1126, in _message_generator_v2
    record_map = self.poll(timeout_ms=timeout_ms, update_offsets=False)
                 ^^^^^^^^^^^^^^^^^^^^^^^^^^^^^^^^^^^^^^^^^^^^^^^^^^^^^^
  File "/home/airflow/.local/lib/python3.12/site-packages/kafka/consumer/group.py", line 663, in poll
    records = self._poll_once(remaining, max_records, update_offsets=update_offsets)
              ^^^^^^^^^^^^^^^^^^^^^^^^^^^^^^^^^^^^^^^^^^^^^^^^^^^^^^^^^^^^^^^^^^^^^^
  File "/home/airflow/.local/lib/python3.12/site-packages/kafka/consumer/group.py", line 712, in _poll_once
    self._client.poll(timeout_ms=timeout_ms)
  File "/home/airflow/.local/lib/python3.12/site-packages/kafka/client_async.py", line 601, in poll
    self._poll(timeout / 1000)
  File "/home/airflow/.local/lib/python3.12/site-packages/kafka/client_async.py", line 633, in _poll
    ready = self._selector.select(timeout)
            ^^^^^^^^^^^^^^^^^^^^^^^^^^^^^^
  File "/usr/local/lib/python3.12/selectors.py", line 468, in select
    fd_event_list = self._selector.poll(timeout, max_ev)
                    ^^^^^^^^^^^^^^^^^^^^^^^^^^^^^^^^^^^^
  File "/home/airflow/.local/lib/python3.12/site-packages/airflow/models/taskinstance.py", line 2613, in signal_handler
    raise AirflowTaskTerminated("Task received SIGTERM signal")
airflow.exceptions.AirflowTaskTerminated: Task received SIGTERM signal
[2024-11-29T02:20:33.710+0000] {taskinstance.py:1206} INFO - Marking task as UP_FOR_RETRY. dag_id=weather_data_kafka_dag, task_id=store_openweathermap_data, run_id=scheduled__2024-11-28T22:00:00+00:00, execution_date=20241128T220000, start_date=20241128T230424, end_date=20241129T022033
[2024-11-29T02:20:34.986+0000] {process_utils.py:80} INFO - Process psutil.Process(pid=4495, status='terminated', exitcode=2, started='23:04:24') (4495) terminated with exit code 2
