[2024-11-27T23:29:43.962+0000] {local_task_job_runner.py:120} INFO - ::group::Pre task execution logs
[2024-11-27T23:29:44.048+0000] {taskinstance.py:2076} INFO - Dependencies all met for dep_context=non-requeueable deps ti=<TaskInstance: weather_data_kafka_dag.run_spark_kafka_to_parquet manual__2024-11-27T23:12:33.689041+00:00 [queued]>
[2024-11-27T23:29:44.071+0000] {taskinstance.py:2076} INFO - Dependencies all met for dep_context=requeueable deps ti=<TaskInstance: weather_data_kafka_dag.run_spark_kafka_to_parquet manual__2024-11-27T23:12:33.689041+00:00 [queued]>
[2024-11-27T23:29:44.074+0000] {taskinstance.py:2306} INFO - Starting attempt 4 of 4
[2024-11-27T23:29:44.106+0000] {taskinstance.py:2330} INFO - Executing <Task(BashOperator): run_spark_kafka_to_parquet> on 2024-11-27 23:12:33.689041+00:00
[2024-11-27T23:29:44.118+0000] {standard_task_runner.py:90} INFO - Running: ['***', 'tasks', 'run', 'weather_data_kafka_dag', 'run_spark_kafka_to_parquet', 'manual__2024-11-27T23:12:33.689041+00:00', '--job-id', '42', '--raw', '--subdir', 'DAGS_FOLDER/kafka_stream.py', '--cfg-path', '/tmp/tmpo_r85gqf']
[2024-11-27T23:29:44.123+0000] {logging_mixin.py:188} WARNING - /home/***/.local/lib/python3.12/site-packages/***/task/task_runner/standard_task_runner.py:62 DeprecationWarning: This process (pid=4727) is multi-threaded, use of fork() may lead to deadlocks in the child.
[2024-11-27T23:29:44.124+0000] {standard_task_runner.py:91} INFO - Job 42: Subtask run_spark_kafka_to_parquet
[2024-11-27T23:29:44.125+0000] {standard_task_runner.py:64} INFO - Started process 4728 to run task
[2024-11-27T23:29:44.230+0000] {task_command.py:426} INFO - Running <TaskInstance: weather_data_kafka_dag.run_spark_kafka_to_parquet manual__2024-11-27T23:12:33.689041+00:00 [running]> on host cc9ad6cea7ef
[2024-11-27T23:29:44.423+0000] {taskinstance.py:2648} INFO - Exporting env vars: AIRFLOW_CTX_DAG_OWNER='admin' AIRFLOW_CTX_DAG_ID='weather_data_kafka_dag' AIRFLOW_CTX_TASK_ID='run_spark_kafka_to_parquet' AIRFLOW_CTX_EXECUTION_DATE='2024-11-27T23:12:33.689041+00:00' AIRFLOW_CTX_TRY_NUMBER='4' AIRFLOW_CTX_DAG_RUN_ID='manual__2024-11-27T23:12:33.689041+00:00'
[2024-11-27T23:29:44.425+0000] {taskinstance.py:430} INFO - ::endgroup::
[2024-11-27T23:29:44.469+0000] {subprocess.py:63} INFO - Tmp dir root location: /tmp
[2024-11-27T23:29:44.471+0000] {subprocess.py:75} INFO - Running command: ['/usr/bin/bash', '-c', 'spark-submit ./kafka_to_parquet.py']
[2024-11-27T23:29:44.488+0000] {subprocess.py:86} INFO - Output:
[2024-11-27T23:29:44.491+0000] {subprocess.py:93} INFO - /usr/bin/bash: line 1: spark-submit: command not found
[2024-11-27T23:29:44.493+0000] {subprocess.py:97} INFO - Command exited with return code 127
[2024-11-27T23:29:44.495+0000] {taskinstance.py:441} INFO - ::group::Post task execution logs
[2024-11-27T23:29:44.515+0000] {taskinstance.py:2905} ERROR - Task failed with exception
Traceback (most recent call last):
  File "/home/airflow/.local/lib/python3.12/site-packages/airflow/models/taskinstance.py", line 465, in _execute_task
    result = _execute_callable(context=context, **execute_callable_kwargs)
             ^^^^^^^^^^^^^^^^^^^^^^^^^^^^^^^^^^^^^^^^^^^^^^^^^^^^^^^^^^^^^
  File "/home/airflow/.local/lib/python3.12/site-packages/airflow/models/taskinstance.py", line 432, in _execute_callable
    return execute_callable(context=context, **execute_callable_kwargs)
           ^^^^^^^^^^^^^^^^^^^^^^^^^^^^^^^^^^^^^^^^^^^^^^^^^^^^^^^^^^^^
  File "/home/airflow/.local/lib/python3.12/site-packages/airflow/models/baseoperator.py", line 401, in wrapper
    return func(self, *args, **kwargs)
           ^^^^^^^^^^^^^^^^^^^^^^^^^^^
  File "/home/airflow/.local/lib/python3.12/site-packages/airflow/operators/bash.py", line 243, in execute
    raise AirflowException(
airflow.exceptions.AirflowException: Bash command failed. The command returned a non-zero exit code 127.
[2024-11-27T23:29:44.525+0000] {taskinstance.py:1206} INFO - Marking task as FAILED. dag_id=weather_data_kafka_dag, task_id=run_spark_kafka_to_parquet, run_id=manual__2024-11-27T23:12:33.689041+00:00, execution_date=20241127T231233, start_date=20241127T232944, end_date=20241127T232944
[2024-11-27T23:29:44.560+0000] {standard_task_runner.py:110} ERROR - Failed to execute job 42 for task run_spark_kafka_to_parquet (Bash command failed. The command returned a non-zero exit code 127.; 4728)
[2024-11-27T23:29:44.583+0000] {local_task_job_runner.py:243} INFO - Task exited with return code 1
[2024-11-27T23:29:44.603+0000] {local_task_job_runner.py:222} INFO - ::endgroup::
