[2024-12-03T19:48:10.196+0000] {local_task_job_runner.py:120} INFO - ::group::Pre task execution logs
[2024-12-03T19:48:10.309+0000] {taskinstance.py:2076} INFO - Dependencies all met for dep_context=non-requeueable deps ti=<TaskInstance: weather_data_kafka_dag.spark_submit manual__2024-12-03T19:47:17.204518+00:00 [queued]>
[2024-12-03T19:48:10.344+0000] {taskinstance.py:2076} INFO - Dependencies all met for dep_context=requeueable deps ti=<TaskInstance: weather_data_kafka_dag.spark_submit manual__2024-12-03T19:47:17.204518+00:00 [queued]>
[2024-12-03T19:48:10.354+0000] {taskinstance.py:2306} INFO - Starting attempt 1 of 4
[2024-12-03T19:48:10.409+0000] {taskinstance.py:2330} INFO - Executing <Task(BashOperator): spark_submit> on 2024-12-03 19:47:17.204518+00:00
[2024-12-03T19:48:10.434+0000] {standard_task_runner.py:90} INFO - Running: ['***', 'tasks', 'run', 'weather_data_kafka_dag', 'spark_submit', 'manual__2024-12-03T19:47:17.204518+00:00', '--job-id', '779', '--raw', '--subdir', 'DAGS_FOLDER/kafka_stream.py', '--cfg-path', '/tmp/tmp5of4dq3m']
[2024-12-03T19:48:10.443+0000] {standard_task_runner.py:91} INFO - Job 779: Subtask spark_submit
[2024-12-03T19:48:10.450+0000] {logging_mixin.py:188} WARNING - /home/***/.local/lib/python3.12/site-packages/***/task/task_runner/standard_task_runner.py:62 DeprecationWarning: This process (pid=2871) is multi-threaded, use of fork() may lead to deadlocks in the child.
[2024-12-03T19:48:10.453+0000] {standard_task_runner.py:64} INFO - Started process 2873 to run task
[2024-12-03T19:48:10.607+0000] {task_command.py:426} INFO - Running <TaskInstance: weather_data_kafka_dag.spark_submit manual__2024-12-03T19:47:17.204518+00:00 [running]> on host 0f9edd113eb4
[2024-12-03T19:48:10.935+0000] {taskinstance.py:2648} INFO - Exporting env vars: AIRFLOW_CTX_DAG_OWNER='admin' AIRFLOW_CTX_DAG_ID='weather_data_kafka_dag' AIRFLOW_CTX_TASK_ID='spark_submit' AIRFLOW_CTX_EXECUTION_DATE='2024-12-03T19:47:17.204518+00:00' AIRFLOW_CTX_TRY_NUMBER='1' AIRFLOW_CTX_DAG_RUN_ID='manual__2024-12-03T19:47:17.204518+00:00'
[2024-12-03T19:48:10.937+0000] {taskinstance.py:430} INFO - ::endgroup::
[2024-12-03T19:48:10.969+0000] {subprocess.py:63} INFO - Tmp dir root location: /tmp
[2024-12-03T19:48:10.972+0000] {subprocess.py:75} INFO - Running command: ['/usr/bin/bash', '-c', 'docker exec  spark-master spark-submit --packages com.datastax.spark:spark-cassandra-connector_2.12:3.5.1 --py-files /dependencies.zip /spark_stream.py']
[2024-12-03T19:48:10.998+0000] {subprocess.py:86} INFO - Output:
[2024-12-03T19:48:15.326+0000] {subprocess.py:93} INFO - :: loading settings :: url = jar:file:/opt/bitnami/spark/jars/ivy-2.5.1.jar!/org/apache/ivy/core/settings/ivysettings.xml
[2024-12-03T19:48:15.478+0000] {subprocess.py:93} INFO - Ivy Default Cache set to: /opt/bitnami/spark/.ivy2/cache
[2024-12-03T19:48:15.480+0000] {subprocess.py:93} INFO - The jars for the packages stored in: /opt/bitnami/spark/.ivy2/jars
[2024-12-03T19:48:15.488+0000] {subprocess.py:93} INFO - com.datastax.spark#spark-cassandra-connector_2.12 added as a dependency
[2024-12-03T19:48:15.490+0000] {subprocess.py:93} INFO - :: resolving dependencies :: org.apache.spark#spark-submit-parent-ad810fe6-69f4-48fa-b151-127b149e7b47;1.0
[2024-12-03T19:48:15.491+0000] {subprocess.py:93} INFO - 	confs: [default]
[2024-12-03T19:48:15.798+0000] {subprocess.py:93} INFO - 	found com.datastax.spark#spark-cassandra-connector_2.12;3.5.1 in central
[2024-12-03T19:48:15.845+0000] {subprocess.py:93} INFO - 	found com.datastax.spark#spark-cassandra-connector-driver_2.12;3.5.1 in central
[2024-12-03T19:48:15.887+0000] {subprocess.py:93} INFO - 	found org.scala-lang.modules#scala-collection-compat_2.12;2.11.0 in central
[2024-12-03T19:48:15.942+0000] {subprocess.py:93} INFO - 	found org.apache.cassandra#java-driver-core-shaded;4.18.1 in central
[2024-12-03T19:48:15.977+0000] {subprocess.py:93} INFO - 	found com.datastax.oss#native-protocol;1.5.1 in central
[2024-12-03T19:48:16.015+0000] {subprocess.py:93} INFO - 	found com.datastax.oss#java-driver-shaded-guava;25.1-jre-graal-sub-1 in central
[2024-12-03T19:48:16.056+0000] {subprocess.py:93} INFO - 	found com.typesafe#config;1.4.1 in central
[2024-12-03T19:48:16.084+0000] {subprocess.py:93} INFO - 	found org.slf4j#slf4j-api;1.7.26 in central
[2024-12-03T19:48:16.112+0000] {subprocess.py:93} INFO - 	found io.dropwizard.metrics#metrics-core;4.1.18 in central
[2024-12-03T19:48:16.136+0000] {subprocess.py:93} INFO - 	found org.hdrhistogram#HdrHistogram;2.1.12 in central
[2024-12-03T19:48:16.159+0000] {subprocess.py:93} INFO - 	found org.reactivestreams#reactive-streams;1.0.3 in central
[2024-12-03T19:48:16.197+0000] {subprocess.py:93} INFO - 	found org.apache.cassandra#java-driver-mapper-runtime;4.18.1 in central
[2024-12-03T19:48:16.226+0000] {subprocess.py:93} INFO - 	found org.apache.cassandra#java-driver-query-builder;4.18.1 in central
[2024-12-03T19:48:16.253+0000] {subprocess.py:93} INFO - 	found org.apache.commons#commons-lang3;3.10 in central
[2024-12-03T19:48:16.270+0000] {subprocess.py:93} INFO - 	found com.thoughtworks.paranamer#paranamer;2.8 in central
[2024-12-03T19:48:16.287+0000] {subprocess.py:93} INFO - 	found org.scala-lang#scala-reflect;2.12.19 in central
[2024-12-03T19:48:16.346+0000] {subprocess.py:93} INFO - :: resolution report :: resolve 827ms :: artifacts dl 29ms
[2024-12-03T19:48:16.347+0000] {subprocess.py:93} INFO - 	:: modules in use:
[2024-12-03T19:48:16.348+0000] {subprocess.py:93} INFO - 	com.datastax.oss#java-driver-shaded-guava;25.1-jre-graal-sub-1 from central in [default]
[2024-12-03T19:48:16.350+0000] {subprocess.py:93} INFO - 	com.datastax.oss#native-protocol;1.5.1 from central in [default]
[2024-12-03T19:48:16.351+0000] {subprocess.py:93} INFO - 	com.datastax.spark#spark-cassandra-connector-driver_2.12;3.5.1 from central in [default]
[2024-12-03T19:48:16.351+0000] {subprocess.py:93} INFO - 	com.datastax.spark#spark-cassandra-connector_2.12;3.5.1 from central in [default]
[2024-12-03T19:48:16.352+0000] {subprocess.py:93} INFO - 	com.thoughtworks.paranamer#paranamer;2.8 from central in [default]
[2024-12-03T19:48:16.353+0000] {subprocess.py:93} INFO - 	com.typesafe#config;1.4.1 from central in [default]
[2024-12-03T19:48:16.354+0000] {subprocess.py:93} INFO - 	io.dropwizard.metrics#metrics-core;4.1.18 from central in [default]
[2024-12-03T19:48:16.354+0000] {subprocess.py:93} INFO - 	org.apache.cassandra#java-driver-core-shaded;4.18.1 from central in [default]
[2024-12-03T19:48:16.355+0000] {subprocess.py:93} INFO - 	org.apache.cassandra#java-driver-mapper-runtime;4.18.1 from central in [default]
[2024-12-03T19:48:16.356+0000] {subprocess.py:93} INFO - 	org.apache.cassandra#java-driver-query-builder;4.18.1 from central in [default]
[2024-12-03T19:48:16.357+0000] {subprocess.py:93} INFO - 	org.apache.commons#commons-lang3;3.10 from central in [default]
[2024-12-03T19:48:16.358+0000] {subprocess.py:93} INFO - 	org.hdrhistogram#HdrHistogram;2.1.12 from central in [default]
[2024-12-03T19:48:16.359+0000] {subprocess.py:93} INFO - 	org.reactivestreams#reactive-streams;1.0.3 from central in [default]
[2024-12-03T19:48:16.359+0000] {subprocess.py:93} INFO - 	org.scala-lang#scala-reflect;2.12.19 from central in [default]
[2024-12-03T19:48:16.360+0000] {subprocess.py:93} INFO - 	org.scala-lang.modules#scala-collection-compat_2.12;2.11.0 from central in [default]
[2024-12-03T19:48:16.361+0000] {subprocess.py:93} INFO - 	org.slf4j#slf4j-api;1.7.26 from central in [default]
[2024-12-03T19:48:16.362+0000] {subprocess.py:93} INFO - 	---------------------------------------------------------------------
[2024-12-03T19:48:16.365+0000] {subprocess.py:93} INFO - 	|                  |            modules            ||   artifacts   |
[2024-12-03T19:48:16.366+0000] {subprocess.py:93} INFO - 	|       conf       | number| search|dwnlded|evicted|| number|dwnlded|
[2024-12-03T19:48:16.367+0000] {subprocess.py:93} INFO - 	---------------------------------------------------------------------
[2024-12-03T19:48:16.367+0000] {subprocess.py:93} INFO - 	|      default     |   16  |   0   |   0   |   0   ||   16  |   0   |
[2024-12-03T19:48:16.368+0000] {subprocess.py:93} INFO - 	---------------------------------------------------------------------
[2024-12-03T19:48:16.369+0000] {subprocess.py:93} INFO - :: retrieving :: org.apache.spark#spark-submit-parent-ad810fe6-69f4-48fa-b151-127b149e7b47
[2024-12-03T19:48:16.370+0000] {subprocess.py:93} INFO - 	confs: [default]
[2024-12-03T19:48:16.381+0000] {subprocess.py:93} INFO - 	0 artifacts copied, 16 already retrieved (0kB/18ms)
[2024-12-03T19:48:16.639+0000] {subprocess.py:93} INFO - 24/12/03 19:48:16 WARN NativeCodeLoader: Unable to load native-hadoop library for your platform... using builtin-java classes where applicable
[2024-12-03T19:48:20.215+0000] {subprocess.py:93} INFO - 24/12/03 19:48:20 INFO SparkContext: Running Spark version 3.5.1
[2024-12-03T19:48:20.217+0000] {subprocess.py:93} INFO - 24/12/03 19:48:20 INFO SparkContext: OS info Linux, 5.15.167.4-microsoft-standard-WSL2, amd64
[2024-12-03T19:48:20.218+0000] {subprocess.py:93} INFO - 24/12/03 19:48:20 INFO SparkContext: Java version 17.0.12
[2024-12-03T19:48:20.270+0000] {subprocess.py:93} INFO - 24/12/03 19:48:20 INFO ResourceUtils: ==============================================================
[2024-12-03T19:48:20.272+0000] {subprocess.py:93} INFO - 24/12/03 19:48:20 INFO ResourceUtils: No custom resources configured for spark.driver.
[2024-12-03T19:48:20.276+0000] {subprocess.py:93} INFO - 24/12/03 19:48:20 INFO ResourceUtils: ==============================================================
[2024-12-03T19:48:20.278+0000] {subprocess.py:93} INFO - 24/12/03 19:48:20 INFO SparkContext: Submitted application: SparkDataStreaming
[2024-12-03T19:48:20.342+0000] {subprocess.py:93} INFO - 24/12/03 19:48:20 INFO ResourceProfile: Default ResourceProfile created, executor resources: Map(cores -> name: cores, amount: 1, script: , vendor: , memory -> name: memory, amount: 1024, script: , vendor: , offHeap -> name: offHeap, amount: 0, script: , vendor: ), task resources: Map(cpus -> name: cpus, amount: 1.0)
[2024-12-03T19:48:20.365+0000] {subprocess.py:93} INFO - 24/12/03 19:48:20 INFO ResourceProfile: Limiting resource is cpu
[2024-12-03T19:48:20.375+0000] {subprocess.py:93} INFO - 24/12/03 19:48:20 INFO ResourceProfileManager: Added ResourceProfile id: 0
[2024-12-03T19:48:20.583+0000] {subprocess.py:93} INFO - 24/12/03 19:48:20 INFO SecurityManager: Changing view acls to: spark
[2024-12-03T19:48:20.588+0000] {subprocess.py:93} INFO - 24/12/03 19:48:20 INFO SecurityManager: Changing modify acls to: spark
[2024-12-03T19:48:20.592+0000] {subprocess.py:93} INFO - 24/12/03 19:48:20 INFO SecurityManager: Changing view acls groups to:
[2024-12-03T19:48:20.593+0000] {subprocess.py:93} INFO - 24/12/03 19:48:20 INFO SecurityManager: Changing modify acls groups to:
[2024-12-03T19:48:20.594+0000] {subprocess.py:93} INFO - 24/12/03 19:48:20 INFO SecurityManager: SecurityManager: authentication disabled; ui acls disabled; users with view permissions: spark; groups with view permissions: EMPTY; users with modify permissions: spark; groups with modify permissions: EMPTY
[2024-12-03T19:48:21.177+0000] {subprocess.py:93} INFO - 24/12/03 19:48:21 INFO Utils: Successfully started service 'sparkDriver' on port 36927.
[2024-12-03T19:48:21.253+0000] {subprocess.py:93} INFO - 24/12/03 19:48:21 INFO SparkEnv: Registering MapOutputTracker
[2024-12-03T19:48:21.301+0000] {subprocess.py:93} INFO - 24/12/03 19:48:21 INFO SparkEnv: Registering BlockManagerMaster
[2024-12-03T19:48:21.326+0000] {subprocess.py:93} INFO - 24/12/03 19:48:21 INFO BlockManagerMasterEndpoint: Using org.apache.spark.storage.DefaultTopologyMapper for getting topology information
[2024-12-03T19:48:21.327+0000] {subprocess.py:93} INFO - 24/12/03 19:48:21 INFO BlockManagerMasterEndpoint: BlockManagerMasterEndpoint up
[2024-12-03T19:48:21.334+0000] {subprocess.py:93} INFO - 24/12/03 19:48:21 INFO SparkEnv: Registering BlockManagerMasterHeartbeat
[2024-12-03T19:48:21.367+0000] {subprocess.py:93} INFO - 24/12/03 19:48:21 INFO DiskBlockManager: Created local directory at /tmp/blockmgr-e7f45b28-15c9-463f-aeca-d5246376e533
[2024-12-03T19:48:21.391+0000] {subprocess.py:93} INFO - 24/12/03 19:48:21 INFO MemoryStore: MemoryStore started with capacity 434.4 MiB
[2024-12-03T19:48:21.413+0000] {subprocess.py:93} INFO - 24/12/03 19:48:21 INFO SparkEnv: Registering OutputCommitCoordinator
[2024-12-03T19:48:21.713+0000] {subprocess.py:93} INFO - 24/12/03 19:48:21 INFO JettyUtils: Start Jetty 0.0.0.0:4040 for SparkUI
[2024-12-03T19:48:22.000+0000] {subprocess.py:93} INFO - 24/12/03 19:48:21 INFO Utils: Successfully started service 'SparkUI' on port 4040.
[2024-12-03T19:48:22.111+0000] {subprocess.py:93} INFO - 24/12/03 19:48:22 INFO SparkContext: Added JAR file:///opt/bitnami/spark/.ivy2/jars/com.datastax.spark_spark-cassandra-connector_2.12-3.5.1.jar at spark://cea96c144870:36927/jars/com.datastax.spark_spark-cassandra-connector_2.12-3.5.1.jar with timestamp 1733255300192
[2024-12-03T19:48:22.119+0000] {subprocess.py:93} INFO - 24/12/03 19:48:22 INFO SparkContext: Added JAR file:///opt/bitnami/spark/.ivy2/jars/com.datastax.spark_spark-cassandra-connector-driver_2.12-3.5.1.jar at spark://cea96c144870:36927/jars/com.datastax.spark_spark-cassandra-connector-driver_2.12-3.5.1.jar with timestamp 1733255300192
[2024-12-03T19:48:22.143+0000] {subprocess.py:93} INFO - 24/12/03 19:48:22 INFO SparkContext: Added JAR file:///opt/bitnami/spark/.ivy2/jars/org.scala-lang.modules_scala-collection-compat_2.12-2.11.0.jar at spark://cea96c144870:36927/jars/org.scala-lang.modules_scala-collection-compat_2.12-2.11.0.jar with timestamp 1733255300192
[2024-12-03T19:48:22.151+0000] {subprocess.py:93} INFO - 24/12/03 19:48:22 INFO SparkContext: Added JAR file:///opt/bitnami/spark/.ivy2/jars/org.apache.cassandra_java-driver-core-shaded-4.18.1.jar at spark://cea96c144870:36927/jars/org.apache.cassandra_java-driver-core-shaded-4.18.1.jar with timestamp 1733255300192
[2024-12-03T19:48:22.152+0000] {subprocess.py:93} INFO - 24/12/03 19:48:22 INFO SparkContext: Added JAR file:///opt/bitnami/spark/.ivy2/jars/org.apache.cassandra_java-driver-mapper-runtime-4.18.1.jar at spark://cea96c144870:36927/jars/org.apache.cassandra_java-driver-mapper-runtime-4.18.1.jar with timestamp 1733255300192
[2024-12-03T19:48:22.153+0000] {subprocess.py:93} INFO - 24/12/03 19:48:22 INFO SparkContext: Added JAR file:///opt/bitnami/spark/.ivy2/jars/org.apache.commons_commons-lang3-3.10.jar at spark://cea96c144870:36927/jars/org.apache.commons_commons-lang3-3.10.jar with timestamp 1733255300192
[2024-12-03T19:48:22.160+0000] {subprocess.py:93} INFO - 24/12/03 19:48:22 INFO SparkContext: Added JAR file:///opt/bitnami/spark/.ivy2/jars/com.thoughtworks.paranamer_paranamer-2.8.jar at spark://cea96c144870:36927/jars/com.thoughtworks.paranamer_paranamer-2.8.jar with timestamp 1733255300192
[2024-12-03T19:48:22.161+0000] {subprocess.py:93} INFO - 24/12/03 19:48:22 INFO SparkContext: Added JAR file:///opt/bitnami/spark/.ivy2/jars/org.scala-lang_scala-reflect-2.12.19.jar at spark://cea96c144870:36927/jars/org.scala-lang_scala-reflect-2.12.19.jar with timestamp 1733255300192
[2024-12-03T19:48:22.163+0000] {subprocess.py:93} INFO - 24/12/03 19:48:22 INFO SparkContext: Added JAR file:///opt/bitnami/spark/.ivy2/jars/com.datastax.oss_native-protocol-1.5.1.jar at spark://cea96c144870:36927/jars/com.datastax.oss_native-protocol-1.5.1.jar with timestamp 1733255300192
[2024-12-03T19:48:22.164+0000] {subprocess.py:93} INFO - 24/12/03 19:48:22 INFO SparkContext: Added JAR file:///opt/bitnami/spark/.ivy2/jars/com.datastax.oss_java-driver-shaded-guava-25.1-jre-graal-sub-1.jar at spark://cea96c144870:36927/jars/com.datastax.oss_java-driver-shaded-guava-25.1-jre-graal-sub-1.jar with timestamp 1733255300192
[2024-12-03T19:48:22.165+0000] {subprocess.py:93} INFO - 24/12/03 19:48:22 INFO SparkContext: Added JAR file:///opt/bitnami/spark/.ivy2/jars/com.typesafe_config-1.4.1.jar at spark://cea96c144870:36927/jars/com.typesafe_config-1.4.1.jar with timestamp 1733255300192
[2024-12-03T19:48:22.166+0000] {subprocess.py:93} INFO - 24/12/03 19:48:22 INFO SparkContext: Added JAR file:///opt/bitnami/spark/.ivy2/jars/org.slf4j_slf4j-api-1.7.26.jar at spark://cea96c144870:36927/jars/org.slf4j_slf4j-api-1.7.26.jar with timestamp 1733255300192
[2024-12-03T19:48:22.168+0000] {subprocess.py:93} INFO - 24/12/03 19:48:22 INFO SparkContext: Added JAR file:///opt/bitnami/spark/.ivy2/jars/io.dropwizard.metrics_metrics-core-4.1.18.jar at spark://cea96c144870:36927/jars/io.dropwizard.metrics_metrics-core-4.1.18.jar with timestamp 1733255300192
[2024-12-03T19:48:22.174+0000] {subprocess.py:93} INFO - 24/12/03 19:48:22 INFO SparkContext: Added JAR file:///opt/bitnami/spark/.ivy2/jars/org.hdrhistogram_HdrHistogram-2.1.12.jar at spark://cea96c144870:36927/jars/org.hdrhistogram_HdrHistogram-2.1.12.jar with timestamp 1733255300192
[2024-12-03T19:48:22.182+0000] {subprocess.py:93} INFO - 24/12/03 19:48:22 INFO SparkContext: Added JAR file:///opt/bitnami/spark/.ivy2/jars/org.reactivestreams_reactive-streams-1.0.3.jar at spark://cea96c144870:36927/jars/org.reactivestreams_reactive-streams-1.0.3.jar with timestamp 1733255300192
[2024-12-03T19:48:22.188+0000] {subprocess.py:93} INFO - 24/12/03 19:48:22 INFO SparkContext: Added JAR file:///opt/bitnami/spark/.ivy2/jars/org.apache.cassandra_java-driver-query-builder-4.18.1.jar at spark://cea96c144870:36927/jars/org.apache.cassandra_java-driver-query-builder-4.18.1.jar with timestamp 1733255300192
[2024-12-03T19:48:22.190+0000] {subprocess.py:93} INFO - 24/12/03 19:48:22 INFO SparkContext: Added file file:///dependencies.zip at file:///dependencies.zip with timestamp 1733255300192
[2024-12-03T19:48:22.191+0000] {subprocess.py:93} INFO - 24/12/03 19:48:22 INFO Utils: Copying /dependencies.zip to /tmp/spark-edd78300-95f9-4f3d-9557-4098c6bf2ea3/userFiles-e7ab84f3-28cb-474e-9501-9467eb669c02/dependencies.zip
[2024-12-03T19:48:22.529+0000] {subprocess.py:93} INFO - 24/12/03 19:48:22 INFO SparkContext: Added file file:///opt/bitnami/spark/.ivy2/jars/com.datastax.spark_spark-cassandra-connector_2.12-3.5.1.jar at file:///opt/bitnami/spark/.ivy2/jars/com.datastax.spark_spark-cassandra-connector_2.12-3.5.1.jar with timestamp 1733255300192
[2024-12-03T19:48:22.529+0000] {subprocess.py:93} INFO - 24/12/03 19:48:22 INFO Utils: Copying /opt/bitnami/spark/.ivy2/jars/com.datastax.spark_spark-cassandra-connector_2.12-3.5.1.jar to /tmp/spark-edd78300-95f9-4f3d-9557-4098c6bf2ea3/userFiles-e7ab84f3-28cb-474e-9501-9467eb669c02/com.datastax.spark_spark-cassandra-connector_2.12-3.5.1.jar
[2024-12-03T19:48:22.557+0000] {subprocess.py:93} INFO - 24/12/03 19:48:22 INFO SparkContext: Added file file:///opt/bitnami/spark/.ivy2/jars/com.datastax.spark_spark-cassandra-connector-driver_2.12-3.5.1.jar at file:///opt/bitnami/spark/.ivy2/jars/com.datastax.spark_spark-cassandra-connector-driver_2.12-3.5.1.jar with timestamp 1733255300192
[2024-12-03T19:48:22.558+0000] {subprocess.py:93} INFO - 24/12/03 19:48:22 INFO Utils: Copying /opt/bitnami/spark/.ivy2/jars/com.datastax.spark_spark-cassandra-connector-driver_2.12-3.5.1.jar to /tmp/spark-edd78300-95f9-4f3d-9557-4098c6bf2ea3/userFiles-e7ab84f3-28cb-474e-9501-9467eb669c02/com.datastax.spark_spark-cassandra-connector-driver_2.12-3.5.1.jar
[2024-12-03T19:48:22.577+0000] {subprocess.py:93} INFO - 24/12/03 19:48:22 INFO SparkContext: Added file file:///opt/bitnami/spark/.ivy2/jars/org.scala-lang.modules_scala-collection-compat_2.12-2.11.0.jar at file:///opt/bitnami/spark/.ivy2/jars/org.scala-lang.modules_scala-collection-compat_2.12-2.11.0.jar with timestamp 1733255300192
[2024-12-03T19:48:22.578+0000] {subprocess.py:93} INFO - 24/12/03 19:48:22 INFO Utils: Copying /opt/bitnami/spark/.ivy2/jars/org.scala-lang.modules_scala-collection-compat_2.12-2.11.0.jar to /tmp/spark-edd78300-95f9-4f3d-9557-4098c6bf2ea3/userFiles-e7ab84f3-28cb-474e-9501-9467eb669c02/org.scala-lang.modules_scala-collection-compat_2.12-2.11.0.jar
[2024-12-03T19:48:22.589+0000] {subprocess.py:93} INFO - 24/12/03 19:48:22 INFO SparkContext: Added file file:///opt/bitnami/spark/.ivy2/jars/org.apache.cassandra_java-driver-core-shaded-4.18.1.jar at file:///opt/bitnami/spark/.ivy2/jars/org.apache.cassandra_java-driver-core-shaded-4.18.1.jar with timestamp 1733255300192
[2024-12-03T19:48:22.590+0000] {subprocess.py:93} INFO - 24/12/03 19:48:22 INFO Utils: Copying /opt/bitnami/spark/.ivy2/jars/org.apache.cassandra_java-driver-core-shaded-4.18.1.jar to /tmp/spark-edd78300-95f9-4f3d-9557-4098c6bf2ea3/userFiles-e7ab84f3-28cb-474e-9501-9467eb669c02/org.apache.cassandra_java-driver-core-shaded-4.18.1.jar
[2024-12-03T19:48:22.658+0000] {subprocess.py:93} INFO - 24/12/03 19:48:22 INFO SparkContext: Added file file:///opt/bitnami/spark/.ivy2/jars/org.apache.cassandra_java-driver-mapper-runtime-4.18.1.jar at file:///opt/bitnami/spark/.ivy2/jars/org.apache.cassandra_java-driver-mapper-runtime-4.18.1.jar with timestamp 1733255300192
[2024-12-03T19:48:22.659+0000] {subprocess.py:93} INFO - 24/12/03 19:48:22 INFO Utils: Copying /opt/bitnami/spark/.ivy2/jars/org.apache.cassandra_java-driver-mapper-runtime-4.18.1.jar to /tmp/spark-edd78300-95f9-4f3d-9557-4098c6bf2ea3/userFiles-e7ab84f3-28cb-474e-9501-9467eb669c02/org.apache.cassandra_java-driver-mapper-runtime-4.18.1.jar
[2024-12-03T19:48:22.666+0000] {subprocess.py:93} INFO - 24/12/03 19:48:22 INFO SparkContext: Added file file:///opt/bitnami/spark/.ivy2/jars/org.apache.commons_commons-lang3-3.10.jar at file:///opt/bitnami/spark/.ivy2/jars/org.apache.commons_commons-lang3-3.10.jar with timestamp 1733255300192
[2024-12-03T19:48:22.667+0000] {subprocess.py:93} INFO - 24/12/03 19:48:22 INFO Utils: Copying /opt/bitnami/spark/.ivy2/jars/org.apache.commons_commons-lang3-3.10.jar to /tmp/spark-edd78300-95f9-4f3d-9557-4098c6bf2ea3/userFiles-e7ab84f3-28cb-474e-9501-9467eb669c02/org.apache.commons_commons-lang3-3.10.jar
[2024-12-03T19:48:22.681+0000] {subprocess.py:93} INFO - 24/12/03 19:48:22 INFO SparkContext: Added file file:///opt/bitnami/spark/.ivy2/jars/com.thoughtworks.paranamer_paranamer-2.8.jar at file:///opt/bitnami/spark/.ivy2/jars/com.thoughtworks.paranamer_paranamer-2.8.jar with timestamp 1733255300192
[2024-12-03T19:48:22.681+0000] {subprocess.py:93} INFO - 24/12/03 19:48:22 INFO Utils: Copying /opt/bitnami/spark/.ivy2/jars/com.thoughtworks.paranamer_paranamer-2.8.jar to /tmp/spark-edd78300-95f9-4f3d-9557-4098c6bf2ea3/userFiles-e7ab84f3-28cb-474e-9501-9467eb669c02/com.thoughtworks.paranamer_paranamer-2.8.jar
[2024-12-03T19:48:22.689+0000] {subprocess.py:93} INFO - 24/12/03 19:48:22 INFO SparkContext: Added file file:///opt/bitnami/spark/.ivy2/jars/org.scala-lang_scala-reflect-2.12.19.jar at file:///opt/bitnami/spark/.ivy2/jars/org.scala-lang_scala-reflect-2.12.19.jar with timestamp 1733255300192
[2024-12-03T19:48:22.690+0000] {subprocess.py:93} INFO - 24/12/03 19:48:22 INFO Utils: Copying /opt/bitnami/spark/.ivy2/jars/org.scala-lang_scala-reflect-2.12.19.jar to /tmp/spark-edd78300-95f9-4f3d-9557-4098c6bf2ea3/userFiles-e7ab84f3-28cb-474e-9501-9467eb669c02/org.scala-lang_scala-reflect-2.12.19.jar
[2024-12-03T19:48:22.736+0000] {subprocess.py:93} INFO - 24/12/03 19:48:22 INFO SparkContext: Added file file:///opt/bitnami/spark/.ivy2/jars/com.datastax.oss_native-protocol-1.5.1.jar at file:///opt/bitnami/spark/.ivy2/jars/com.datastax.oss_native-protocol-1.5.1.jar with timestamp 1733255300192
[2024-12-03T19:48:22.737+0000] {subprocess.py:93} INFO - 24/12/03 19:48:22 INFO Utils: Copying /opt/bitnami/spark/.ivy2/jars/com.datastax.oss_native-protocol-1.5.1.jar to /tmp/spark-edd78300-95f9-4f3d-9557-4098c6bf2ea3/userFiles-e7ab84f3-28cb-474e-9501-9467eb669c02/com.datastax.oss_native-protocol-1.5.1.jar
[2024-12-03T19:48:22.745+0000] {subprocess.py:93} INFO - 24/12/03 19:48:22 INFO SparkContext: Added file file:///opt/bitnami/spark/.ivy2/jars/com.datastax.oss_java-driver-shaded-guava-25.1-jre-graal-sub-1.jar at file:///opt/bitnami/spark/.ivy2/jars/com.datastax.oss_java-driver-shaded-guava-25.1-jre-graal-sub-1.jar with timestamp 1733255300192
[2024-12-03T19:48:22.746+0000] {subprocess.py:93} INFO - 24/12/03 19:48:22 INFO Utils: Copying /opt/bitnami/spark/.ivy2/jars/com.datastax.oss_java-driver-shaded-guava-25.1-jre-graal-sub-1.jar to /tmp/spark-edd78300-95f9-4f3d-9557-4098c6bf2ea3/userFiles-e7ab84f3-28cb-474e-9501-9467eb669c02/com.datastax.oss_java-driver-shaded-guava-25.1-jre-graal-sub-1.jar
[2024-12-03T19:48:22.779+0000] {subprocess.py:93} INFO - 24/12/03 19:48:22 INFO SparkContext: Added file file:///opt/bitnami/spark/.ivy2/jars/com.typesafe_config-1.4.1.jar at file:///opt/bitnami/spark/.ivy2/jars/com.typesafe_config-1.4.1.jar with timestamp 1733255300192
[2024-12-03T19:48:22.780+0000] {subprocess.py:93} INFO - 24/12/03 19:48:22 INFO Utils: Copying /opt/bitnami/spark/.ivy2/jars/com.typesafe_config-1.4.1.jar to /tmp/spark-edd78300-95f9-4f3d-9557-4098c6bf2ea3/userFiles-e7ab84f3-28cb-474e-9501-9467eb669c02/com.typesafe_config-1.4.1.jar
[2024-12-03T19:48:22.787+0000] {subprocess.py:93} INFO - 24/12/03 19:48:22 INFO SparkContext: Added file file:///opt/bitnami/spark/.ivy2/jars/org.slf4j_slf4j-api-1.7.26.jar at file:///opt/bitnami/spark/.ivy2/jars/org.slf4j_slf4j-api-1.7.26.jar with timestamp 1733255300192
[2024-12-03T19:48:22.788+0000] {subprocess.py:93} INFO - 24/12/03 19:48:22 INFO Utils: Copying /opt/bitnami/spark/.ivy2/jars/org.slf4j_slf4j-api-1.7.26.jar to /tmp/spark-edd78300-95f9-4f3d-9557-4098c6bf2ea3/userFiles-e7ab84f3-28cb-474e-9501-9467eb669c02/org.slf4j_slf4j-api-1.7.26.jar
[2024-12-03T19:48:22.797+0000] {subprocess.py:93} INFO - 24/12/03 19:48:22 INFO SparkContext: Added file file:///opt/bitnami/spark/.ivy2/jars/io.dropwizard.metrics_metrics-core-4.1.18.jar at file:///opt/bitnami/spark/.ivy2/jars/io.dropwizard.metrics_metrics-core-4.1.18.jar with timestamp 1733255300192
[2024-12-03T19:48:22.797+0000] {subprocess.py:93} INFO - 24/12/03 19:48:22 INFO Utils: Copying /opt/bitnami/spark/.ivy2/jars/io.dropwizard.metrics_metrics-core-4.1.18.jar to /tmp/spark-edd78300-95f9-4f3d-9557-4098c6bf2ea3/userFiles-e7ab84f3-28cb-474e-9501-9467eb669c02/io.dropwizard.metrics_metrics-core-4.1.18.jar
[2024-12-03T19:48:22.806+0000] {subprocess.py:93} INFO - 24/12/03 19:48:22 INFO SparkContext: Added file file:///opt/bitnami/spark/.ivy2/jars/org.hdrhistogram_HdrHistogram-2.1.12.jar at file:///opt/bitnami/spark/.ivy2/jars/org.hdrhistogram_HdrHistogram-2.1.12.jar with timestamp 1733255300192
[2024-12-03T19:48:22.807+0000] {subprocess.py:93} INFO - 24/12/03 19:48:22 INFO Utils: Copying /opt/bitnami/spark/.ivy2/jars/org.hdrhistogram_HdrHistogram-2.1.12.jar to /tmp/spark-edd78300-95f9-4f3d-9557-4098c6bf2ea3/userFiles-e7ab84f3-28cb-474e-9501-9467eb669c02/org.hdrhistogram_HdrHistogram-2.1.12.jar
[2024-12-03T19:48:22.813+0000] {subprocess.py:93} INFO - 24/12/03 19:48:22 INFO SparkContext: Added file file:///opt/bitnami/spark/.ivy2/jars/org.reactivestreams_reactive-streams-1.0.3.jar at file:///opt/bitnami/spark/.ivy2/jars/org.reactivestreams_reactive-streams-1.0.3.jar with timestamp 1733255300192
[2024-12-03T19:48:22.814+0000] {subprocess.py:93} INFO - 24/12/03 19:48:22 INFO Utils: Copying /opt/bitnami/spark/.ivy2/jars/org.reactivestreams_reactive-streams-1.0.3.jar to /tmp/spark-edd78300-95f9-4f3d-9557-4098c6bf2ea3/userFiles-e7ab84f3-28cb-474e-9501-9467eb669c02/org.reactivestreams_reactive-streams-1.0.3.jar
[2024-12-03T19:48:22.822+0000] {subprocess.py:93} INFO - 24/12/03 19:48:22 INFO SparkContext: Added file file:///opt/bitnami/spark/.ivy2/jars/org.apache.cassandra_java-driver-query-builder-4.18.1.jar at file:///opt/bitnami/spark/.ivy2/jars/org.apache.cassandra_java-driver-query-builder-4.18.1.jar with timestamp 1733255300192
[2024-12-03T19:48:22.823+0000] {subprocess.py:93} INFO - 24/12/03 19:48:22 INFO Utils: Copying /opt/bitnami/spark/.ivy2/jars/org.apache.cassandra_java-driver-query-builder-4.18.1.jar to /tmp/spark-edd78300-95f9-4f3d-9557-4098c6bf2ea3/userFiles-e7ab84f3-28cb-474e-9501-9467eb669c02/org.apache.cassandra_java-driver-query-builder-4.18.1.jar
[2024-12-03T19:48:22.952+0000] {subprocess.py:93} INFO - 24/12/03 19:48:22 INFO Executor: Starting executor ID driver on host cea96c144870
[2024-12-03T19:48:22.953+0000] {subprocess.py:93} INFO - 24/12/03 19:48:22 INFO Executor: OS info Linux, 5.15.167.4-microsoft-standard-WSL2, amd64
[2024-12-03T19:48:22.955+0000] {subprocess.py:93} INFO - 24/12/03 19:48:22 INFO Executor: Java version 17.0.12
[2024-12-03T19:48:22.970+0000] {subprocess.py:93} INFO - 24/12/03 19:48:22 INFO Executor: Starting executor with user classpath (userClassPathFirst = false): ''
[2024-12-03T19:48:22.971+0000] {subprocess.py:93} INFO - 24/12/03 19:48:22 INFO Executor: Created or updated repl class loader org.apache.spark.util.MutableURLClassLoader@2bef5965 for default.
[2024-12-03T19:48:22.992+0000] {subprocess.py:93} INFO - 24/12/03 19:48:22 INFO Executor: Fetching file:///opt/bitnami/spark/.ivy2/jars/com.typesafe_config-1.4.1.jar with timestamp 1733255300192
[2024-12-03T19:48:23.037+0000] {subprocess.py:93} INFO - 24/12/03 19:48:23 INFO Utils: /opt/bitnami/spark/.ivy2/jars/com.typesafe_config-1.4.1.jar has been previously copied to /tmp/spark-edd78300-95f9-4f3d-9557-4098c6bf2ea3/userFiles-e7ab84f3-28cb-474e-9501-9467eb669c02/com.typesafe_config-1.4.1.jar
[2024-12-03T19:48:23.043+0000] {subprocess.py:93} INFO - 24/12/03 19:48:23 INFO Executor: Fetching file:///opt/bitnami/spark/.ivy2/jars/org.scala-lang.modules_scala-collection-compat_2.12-2.11.0.jar with timestamp 1733255300192
[2024-12-03T19:48:23.047+0000] {subprocess.py:93} INFO - 24/12/03 19:48:23 INFO Utils: /opt/bitnami/spark/.ivy2/jars/org.scala-lang.modules_scala-collection-compat_2.12-2.11.0.jar has been previously copied to /tmp/spark-edd78300-95f9-4f3d-9557-4098c6bf2ea3/userFiles-e7ab84f3-28cb-474e-9501-9467eb669c02/org.scala-lang.modules_scala-collection-compat_2.12-2.11.0.jar
[2024-12-03T19:48:23.053+0000] {subprocess.py:93} INFO - 24/12/03 19:48:23 INFO Executor: Fetching file:///opt/bitnami/spark/.ivy2/jars/org.hdrhistogram_HdrHistogram-2.1.12.jar with timestamp 1733255300192
[2024-12-03T19:48:23.054+0000] {subprocess.py:93} INFO - 24/12/03 19:48:23 INFO Utils: /opt/bitnami/spark/.ivy2/jars/org.hdrhistogram_HdrHistogram-2.1.12.jar has been previously copied to /tmp/spark-edd78300-95f9-4f3d-9557-4098c6bf2ea3/userFiles-e7ab84f3-28cb-474e-9501-9467eb669c02/org.hdrhistogram_HdrHistogram-2.1.12.jar
[2024-12-03T19:48:23.062+0000] {subprocess.py:93} INFO - 24/12/03 19:48:23 INFO Executor: Fetching file:///opt/bitnami/spark/.ivy2/jars/com.datastax.oss_native-protocol-1.5.1.jar with timestamp 1733255300192
[2024-12-03T19:48:23.064+0000] {subprocess.py:93} INFO - 24/12/03 19:48:23 INFO Utils: /opt/bitnami/spark/.ivy2/jars/com.datastax.oss_native-protocol-1.5.1.jar has been previously copied to /tmp/spark-edd78300-95f9-4f3d-9557-4098c6bf2ea3/userFiles-e7ab84f3-28cb-474e-9501-9467eb669c02/com.datastax.oss_native-protocol-1.5.1.jar
[2024-12-03T19:48:23.070+0000] {subprocess.py:93} INFO - 24/12/03 19:48:23 INFO Executor: Fetching file:///dependencies.zip with timestamp 1733255300192
[2024-12-03T19:48:23.099+0000] {subprocess.py:93} INFO - 24/12/03 19:48:23 INFO Utils: /dependencies.zip has been previously copied to /tmp/spark-edd78300-95f9-4f3d-9557-4098c6bf2ea3/userFiles-e7ab84f3-28cb-474e-9501-9467eb669c02/dependencies.zip
[2024-12-03T19:48:23.105+0000] {subprocess.py:93} INFO - 24/12/03 19:48:23 INFO Executor: Fetching file:///opt/bitnami/spark/.ivy2/jars/org.reactivestreams_reactive-streams-1.0.3.jar with timestamp 1733255300192
[2024-12-03T19:48:23.106+0000] {subprocess.py:93} INFO - 24/12/03 19:48:23 INFO Utils: /opt/bitnami/spark/.ivy2/jars/org.reactivestreams_reactive-streams-1.0.3.jar has been previously copied to /tmp/spark-edd78300-95f9-4f3d-9557-4098c6bf2ea3/userFiles-e7ab84f3-28cb-474e-9501-9467eb669c02/org.reactivestreams_reactive-streams-1.0.3.jar
[2024-12-03T19:48:23.113+0000] {subprocess.py:93} INFO - 24/12/03 19:48:23 INFO Executor: Fetching file:///opt/bitnami/spark/.ivy2/jars/org.apache.cassandra_java-driver-mapper-runtime-4.18.1.jar with timestamp 1733255300192
[2024-12-03T19:48:23.114+0000] {subprocess.py:93} INFO - 24/12/03 19:48:23 INFO Utils: /opt/bitnami/spark/.ivy2/jars/org.apache.cassandra_java-driver-mapper-runtime-4.18.1.jar has been previously copied to /tmp/spark-edd78300-95f9-4f3d-9557-4098c6bf2ea3/userFiles-e7ab84f3-28cb-474e-9501-9467eb669c02/org.apache.cassandra_java-driver-mapper-runtime-4.18.1.jar
[2024-12-03T19:48:23.120+0000] {subprocess.py:93} INFO - 24/12/03 19:48:23 INFO Executor: Fetching file:///opt/bitnami/spark/.ivy2/jars/org.apache.cassandra_java-driver-core-shaded-4.18.1.jar with timestamp 1733255300192
[2024-12-03T19:48:23.125+0000] {subprocess.py:93} INFO - 24/12/03 19:48:23 INFO Utils: /opt/bitnami/spark/.ivy2/jars/org.apache.cassandra_java-driver-core-shaded-4.18.1.jar has been previously copied to /tmp/spark-edd78300-95f9-4f3d-9557-4098c6bf2ea3/userFiles-e7ab84f3-28cb-474e-9501-9467eb669c02/org.apache.cassandra_java-driver-core-shaded-4.18.1.jar
[2024-12-03T19:48:23.137+0000] {subprocess.py:93} INFO - 24/12/03 19:48:23 INFO Executor: Fetching file:///opt/bitnami/spark/.ivy2/jars/com.datastax.oss_java-driver-shaded-guava-25.1-jre-graal-sub-1.jar with timestamp 1733255300192
[2024-12-03T19:48:23.141+0000] {subprocess.py:93} INFO - 24/12/03 19:48:23 INFO Utils: /opt/bitnami/spark/.ivy2/jars/com.datastax.oss_java-driver-shaded-guava-25.1-jre-graal-sub-1.jar has been previously copied to /tmp/spark-edd78300-95f9-4f3d-9557-4098c6bf2ea3/userFiles-e7ab84f3-28cb-474e-9501-9467eb669c02/com.datastax.oss_java-driver-shaded-guava-25.1-jre-graal-sub-1.jar
[2024-12-03T19:48:23.150+0000] {subprocess.py:93} INFO - 24/12/03 19:48:23 INFO Executor: Fetching file:///opt/bitnami/spark/.ivy2/jars/org.apache.cassandra_java-driver-query-builder-4.18.1.jar with timestamp 1733255300192
[2024-12-03T19:48:23.152+0000] {subprocess.py:93} INFO - 24/12/03 19:48:23 INFO Utils: /opt/bitnami/spark/.ivy2/jars/org.apache.cassandra_java-driver-query-builder-4.18.1.jar has been previously copied to /tmp/spark-edd78300-95f9-4f3d-9557-4098c6bf2ea3/userFiles-e7ab84f3-28cb-474e-9501-9467eb669c02/org.apache.cassandra_java-driver-query-builder-4.18.1.jar
[2024-12-03T19:48:23.161+0000] {subprocess.py:93} INFO - 24/12/03 19:48:23 INFO Executor: Fetching file:///opt/bitnami/spark/.ivy2/jars/com.datastax.spark_spark-cassandra-connector_2.12-3.5.1.jar with timestamp 1733255300192
[2024-12-03T19:48:23.164+0000] {subprocess.py:93} INFO - 24/12/03 19:48:23 INFO Utils: /opt/bitnami/spark/.ivy2/jars/com.datastax.spark_spark-cassandra-connector_2.12-3.5.1.jar has been previously copied to /tmp/spark-edd78300-95f9-4f3d-9557-4098c6bf2ea3/userFiles-e7ab84f3-28cb-474e-9501-9467eb669c02/com.datastax.spark_spark-cassandra-connector_2.12-3.5.1.jar
[2024-12-03T19:48:23.178+0000] {subprocess.py:93} INFO - 24/12/03 19:48:23 INFO Executor: Fetching file:///opt/bitnami/spark/.ivy2/jars/org.apache.commons_commons-lang3-3.10.jar with timestamp 1733255300192
[2024-12-03T19:48:23.184+0000] {subprocess.py:93} INFO - 24/12/03 19:48:23 INFO Utils: /opt/bitnami/spark/.ivy2/jars/org.apache.commons_commons-lang3-3.10.jar has been previously copied to /tmp/spark-edd78300-95f9-4f3d-9557-4098c6bf2ea3/userFiles-e7ab84f3-28cb-474e-9501-9467eb669c02/org.apache.commons_commons-lang3-3.10.jar
[2024-12-03T19:48:23.197+0000] {subprocess.py:93} INFO - 24/12/03 19:48:23 INFO Executor: Fetching file:///opt/bitnami/spark/.ivy2/jars/com.thoughtworks.paranamer_paranamer-2.8.jar with timestamp 1733255300192
[2024-12-03T19:48:23.198+0000] {subprocess.py:93} INFO - 24/12/03 19:48:23 INFO Utils: /opt/bitnami/spark/.ivy2/jars/com.thoughtworks.paranamer_paranamer-2.8.jar has been previously copied to /tmp/spark-edd78300-95f9-4f3d-9557-4098c6bf2ea3/userFiles-e7ab84f3-28cb-474e-9501-9467eb669c02/com.thoughtworks.paranamer_paranamer-2.8.jar
[2024-12-03T19:48:23.209+0000] {subprocess.py:93} INFO - 24/12/03 19:48:23 INFO Executor: Fetching file:///opt/bitnami/spark/.ivy2/jars/org.slf4j_slf4j-api-1.7.26.jar with timestamp 1733255300192
[2024-12-03T19:48:23.210+0000] {subprocess.py:93} INFO - 24/12/03 19:48:23 INFO Utils: /opt/bitnami/spark/.ivy2/jars/org.slf4j_slf4j-api-1.7.26.jar has been previously copied to /tmp/spark-edd78300-95f9-4f3d-9557-4098c6bf2ea3/userFiles-e7ab84f3-28cb-474e-9501-9467eb669c02/org.slf4j_slf4j-api-1.7.26.jar
[2024-12-03T19:48:23.216+0000] {subprocess.py:93} INFO - 24/12/03 19:48:23 INFO Executor: Fetching file:///opt/bitnami/spark/.ivy2/jars/org.scala-lang_scala-reflect-2.12.19.jar with timestamp 1733255300192
[2024-12-03T19:48:23.224+0000] {subprocess.py:93} INFO - 24/12/03 19:48:23 INFO Utils: /opt/bitnami/spark/.ivy2/jars/org.scala-lang_scala-reflect-2.12.19.jar has been previously copied to /tmp/spark-edd78300-95f9-4f3d-9557-4098c6bf2ea3/userFiles-e7ab84f3-28cb-474e-9501-9467eb669c02/org.scala-lang_scala-reflect-2.12.19.jar
[2024-12-03T19:48:23.230+0000] {subprocess.py:93} INFO - 24/12/03 19:48:23 INFO Executor: Fetching file:///opt/bitnami/spark/.ivy2/jars/com.datastax.spark_spark-cassandra-connector-driver_2.12-3.5.1.jar with timestamp 1733255300192
[2024-12-03T19:48:23.232+0000] {subprocess.py:93} INFO - 24/12/03 19:48:23 INFO Utils: /opt/bitnami/spark/.ivy2/jars/com.datastax.spark_spark-cassandra-connector-driver_2.12-3.5.1.jar has been previously copied to /tmp/spark-edd78300-95f9-4f3d-9557-4098c6bf2ea3/userFiles-e7ab84f3-28cb-474e-9501-9467eb669c02/com.datastax.spark_spark-cassandra-connector-driver_2.12-3.5.1.jar
[2024-12-03T19:48:23.243+0000] {subprocess.py:93} INFO - 24/12/03 19:48:23 INFO Executor: Fetching file:///opt/bitnami/spark/.ivy2/jars/io.dropwizard.metrics_metrics-core-4.1.18.jar with timestamp 1733255300192
[2024-12-03T19:48:23.244+0000] {subprocess.py:93} INFO - 24/12/03 19:48:23 INFO Utils: /opt/bitnami/spark/.ivy2/jars/io.dropwizard.metrics_metrics-core-4.1.18.jar has been previously copied to /tmp/spark-edd78300-95f9-4f3d-9557-4098c6bf2ea3/userFiles-e7ab84f3-28cb-474e-9501-9467eb669c02/io.dropwizard.metrics_metrics-core-4.1.18.jar
[2024-12-03T19:48:23.253+0000] {subprocess.py:93} INFO - 24/12/03 19:48:23 INFO Executor: Fetching spark://cea96c144870:36927/jars/com.datastax.oss_java-driver-shaded-guava-25.1-jre-graal-sub-1.jar with timestamp 1733255300192
[2024-12-03T19:48:23.312+0000] {subprocess.py:93} INFO - 24/12/03 19:48:23 INFO TransportClientFactory: Successfully created connection to cea96c144870/172.18.0.9:36927 after 40 ms (0 ms spent in bootstraps)
[2024-12-03T19:48:23.325+0000] {subprocess.py:93} INFO - 24/12/03 19:48:23 INFO Utils: Fetching spark://cea96c144870:36927/jars/com.datastax.oss_java-driver-shaded-guava-25.1-jre-graal-sub-1.jar to /tmp/spark-edd78300-95f9-4f3d-9557-4098c6bf2ea3/userFiles-e7ab84f3-28cb-474e-9501-9467eb669c02/fetchFileTemp16692584046751254128.tmp
[2024-12-03T19:48:23.390+0000] {subprocess.py:93} INFO - 24/12/03 19:48:23 INFO Utils: /tmp/spark-edd78300-95f9-4f3d-9557-4098c6bf2ea3/userFiles-e7ab84f3-28cb-474e-9501-9467eb669c02/fetchFileTemp16692584046751254128.tmp has been previously copied to /tmp/spark-edd78300-95f9-4f3d-9557-4098c6bf2ea3/userFiles-e7ab84f3-28cb-474e-9501-9467eb669c02/com.datastax.oss_java-driver-shaded-guava-25.1-jre-graal-sub-1.jar
[2024-12-03T19:48:23.403+0000] {subprocess.py:93} INFO - 24/12/03 19:48:23 INFO Executor: Adding file:/tmp/spark-edd78300-95f9-4f3d-9557-4098c6bf2ea3/userFiles-e7ab84f3-28cb-474e-9501-9467eb669c02/com.datastax.oss_java-driver-shaded-guava-25.1-jre-graal-sub-1.jar to class loader default
[2024-12-03T19:48:23.404+0000] {subprocess.py:93} INFO - 24/12/03 19:48:23 INFO Executor: Fetching spark://cea96c144870:36927/jars/org.hdrhistogram_HdrHistogram-2.1.12.jar with timestamp 1733255300192
[2024-12-03T19:48:23.406+0000] {subprocess.py:93} INFO - 24/12/03 19:48:23 INFO Utils: Fetching spark://cea96c144870:36927/jars/org.hdrhistogram_HdrHistogram-2.1.12.jar to /tmp/spark-edd78300-95f9-4f3d-9557-4098c6bf2ea3/userFiles-e7ab84f3-28cb-474e-9501-9467eb669c02/fetchFileTemp9417204718931784288.tmp
[2024-12-03T19:48:23.410+0000] {subprocess.py:93} INFO - 24/12/03 19:48:23 INFO Utils: /tmp/spark-edd78300-95f9-4f3d-9557-4098c6bf2ea3/userFiles-e7ab84f3-28cb-474e-9501-9467eb669c02/fetchFileTemp9417204718931784288.tmp has been previously copied to /tmp/spark-edd78300-95f9-4f3d-9557-4098c6bf2ea3/userFiles-e7ab84f3-28cb-474e-9501-9467eb669c02/org.hdrhistogram_HdrHistogram-2.1.12.jar
[2024-12-03T19:48:23.416+0000] {subprocess.py:93} INFO - 24/12/03 19:48:23 INFO Executor: Adding file:/tmp/spark-edd78300-95f9-4f3d-9557-4098c6bf2ea3/userFiles-e7ab84f3-28cb-474e-9501-9467eb669c02/org.hdrhistogram_HdrHistogram-2.1.12.jar to class loader default
[2024-12-03T19:48:23.418+0000] {subprocess.py:93} INFO - 24/12/03 19:48:23 INFO Executor: Fetching spark://cea96c144870:36927/jars/org.scala-lang.modules_scala-collection-compat_2.12-2.11.0.jar with timestamp 1733255300192
[2024-12-03T19:48:23.419+0000] {subprocess.py:93} INFO - 24/12/03 19:48:23 INFO Utils: Fetching spark://cea96c144870:36927/jars/org.scala-lang.modules_scala-collection-compat_2.12-2.11.0.jar to /tmp/spark-edd78300-95f9-4f3d-9557-4098c6bf2ea3/userFiles-e7ab84f3-28cb-474e-9501-9467eb669c02/fetchFileTemp14814661589141668466.tmp
[2024-12-03T19:48:23.424+0000] {subprocess.py:93} INFO - 24/12/03 19:48:23 INFO Utils: /tmp/spark-edd78300-95f9-4f3d-9557-4098c6bf2ea3/userFiles-e7ab84f3-28cb-474e-9501-9467eb669c02/fetchFileTemp14814661589141668466.tmp has been previously copied to /tmp/spark-edd78300-95f9-4f3d-9557-4098c6bf2ea3/userFiles-e7ab84f3-28cb-474e-9501-9467eb669c02/org.scala-lang.modules_scala-collection-compat_2.12-2.11.0.jar
[2024-12-03T19:48:23.433+0000] {subprocess.py:93} INFO - 24/12/03 19:48:23 INFO Executor: Adding file:/tmp/spark-edd78300-95f9-4f3d-9557-4098c6bf2ea3/userFiles-e7ab84f3-28cb-474e-9501-9467eb669c02/org.scala-lang.modules_scala-collection-compat_2.12-2.11.0.jar to class loader default
[2024-12-03T19:48:23.434+0000] {subprocess.py:93} INFO - 24/12/03 19:48:23 INFO Executor: Fetching spark://cea96c144870:36927/jars/org.scala-lang_scala-reflect-2.12.19.jar with timestamp 1733255300192
[2024-12-03T19:48:23.434+0000] {subprocess.py:93} INFO - 24/12/03 19:48:23 INFO Utils: Fetching spark://cea96c144870:36927/jars/org.scala-lang_scala-reflect-2.12.19.jar to /tmp/spark-edd78300-95f9-4f3d-9557-4098c6bf2ea3/userFiles-e7ab84f3-28cb-474e-9501-9467eb669c02/fetchFileTemp11568376051717654563.tmp
[2024-12-03T19:48:23.458+0000] {subprocess.py:93} INFO - 24/12/03 19:48:23 INFO Utils: /tmp/spark-edd78300-95f9-4f3d-9557-4098c6bf2ea3/userFiles-e7ab84f3-28cb-474e-9501-9467eb669c02/fetchFileTemp11568376051717654563.tmp has been previously copied to /tmp/spark-edd78300-95f9-4f3d-9557-4098c6bf2ea3/userFiles-e7ab84f3-28cb-474e-9501-9467eb669c02/org.scala-lang_scala-reflect-2.12.19.jar
[2024-12-03T19:48:23.469+0000] {subprocess.py:93} INFO - 24/12/03 19:48:23 INFO Executor: Adding file:/tmp/spark-edd78300-95f9-4f3d-9557-4098c6bf2ea3/userFiles-e7ab84f3-28cb-474e-9501-9467eb669c02/org.scala-lang_scala-reflect-2.12.19.jar to class loader default
[2024-12-03T19:48:23.470+0000] {subprocess.py:93} INFO - 24/12/03 19:48:23 INFO Executor: Fetching spark://cea96c144870:36927/jars/io.dropwizard.metrics_metrics-core-4.1.18.jar with timestamp 1733255300192
[2024-12-03T19:48:23.471+0000] {subprocess.py:93} INFO - 24/12/03 19:48:23 INFO Utils: Fetching spark://cea96c144870:36927/jars/io.dropwizard.metrics_metrics-core-4.1.18.jar to /tmp/spark-edd78300-95f9-4f3d-9557-4098c6bf2ea3/userFiles-e7ab84f3-28cb-474e-9501-9467eb669c02/fetchFileTemp478126666835793394.tmp
[2024-12-03T19:48:23.473+0000] {subprocess.py:93} INFO - 24/12/03 19:48:23 INFO Utils: /tmp/spark-edd78300-95f9-4f3d-9557-4098c6bf2ea3/userFiles-e7ab84f3-28cb-474e-9501-9467eb669c02/fetchFileTemp478126666835793394.tmp has been previously copied to /tmp/spark-edd78300-95f9-4f3d-9557-4098c6bf2ea3/userFiles-e7ab84f3-28cb-474e-9501-9467eb669c02/io.dropwizard.metrics_metrics-core-4.1.18.jar
[2024-12-03T19:48:23.482+0000] {subprocess.py:93} INFO - 24/12/03 19:48:23 INFO Executor: Adding file:/tmp/spark-edd78300-95f9-4f3d-9557-4098c6bf2ea3/userFiles-e7ab84f3-28cb-474e-9501-9467eb669c02/io.dropwizard.metrics_metrics-core-4.1.18.jar to class loader default
[2024-12-03T19:48:23.483+0000] {subprocess.py:93} INFO - 24/12/03 19:48:23 INFO Executor: Fetching spark://cea96c144870:36927/jars/org.reactivestreams_reactive-streams-1.0.3.jar with timestamp 1733255300192
[2024-12-03T19:48:23.484+0000] {subprocess.py:93} INFO - 24/12/03 19:48:23 INFO Utils: Fetching spark://cea96c144870:36927/jars/org.reactivestreams_reactive-streams-1.0.3.jar to /tmp/spark-edd78300-95f9-4f3d-9557-4098c6bf2ea3/userFiles-e7ab84f3-28cb-474e-9501-9467eb669c02/fetchFileTemp1239019098753692113.tmp
[2024-12-03T19:48:23.485+0000] {subprocess.py:93} INFO - 24/12/03 19:48:23 INFO Utils: /tmp/spark-edd78300-95f9-4f3d-9557-4098c6bf2ea3/userFiles-e7ab84f3-28cb-474e-9501-9467eb669c02/fetchFileTemp1239019098753692113.tmp has been previously copied to /tmp/spark-edd78300-95f9-4f3d-9557-4098c6bf2ea3/userFiles-e7ab84f3-28cb-474e-9501-9467eb669c02/org.reactivestreams_reactive-streams-1.0.3.jar
[2024-12-03T19:48:23.490+0000] {subprocess.py:93} INFO - 24/12/03 19:48:23 INFO Executor: Adding file:/tmp/spark-edd78300-95f9-4f3d-9557-4098c6bf2ea3/userFiles-e7ab84f3-28cb-474e-9501-9467eb669c02/org.reactivestreams_reactive-streams-1.0.3.jar to class loader default
[2024-12-03T19:48:23.492+0000] {subprocess.py:93} INFO - 24/12/03 19:48:23 INFO Executor: Fetching spark://cea96c144870:36927/jars/org.slf4j_slf4j-api-1.7.26.jar with timestamp 1733255300192
[2024-12-03T19:48:23.493+0000] {subprocess.py:93} INFO - 24/12/03 19:48:23 INFO Utils: Fetching spark://cea96c144870:36927/jars/org.slf4j_slf4j-api-1.7.26.jar to /tmp/spark-edd78300-95f9-4f3d-9557-4098c6bf2ea3/userFiles-e7ab84f3-28cb-474e-9501-9467eb669c02/fetchFileTemp2289022599516870292.tmp
[2024-12-03T19:48:23.494+0000] {subprocess.py:93} INFO - 24/12/03 19:48:23 INFO Utils: /tmp/spark-edd78300-95f9-4f3d-9557-4098c6bf2ea3/userFiles-e7ab84f3-28cb-474e-9501-9467eb669c02/fetchFileTemp2289022599516870292.tmp has been previously copied to /tmp/spark-edd78300-95f9-4f3d-9557-4098c6bf2ea3/userFiles-e7ab84f3-28cb-474e-9501-9467eb669c02/org.slf4j_slf4j-api-1.7.26.jar
[2024-12-03T19:48:23.502+0000] {subprocess.py:93} INFO - 24/12/03 19:48:23 INFO Executor: Adding file:/tmp/spark-edd78300-95f9-4f3d-9557-4098c6bf2ea3/userFiles-e7ab84f3-28cb-474e-9501-9467eb669c02/org.slf4j_slf4j-api-1.7.26.jar to class loader default
[2024-12-03T19:48:23.504+0000] {subprocess.py:93} INFO - 24/12/03 19:48:23 INFO Executor: Fetching spark://cea96c144870:36927/jars/org.apache.cassandra_java-driver-query-builder-4.18.1.jar with timestamp 1733255300192
[2024-12-03T19:48:23.505+0000] {subprocess.py:93} INFO - 24/12/03 19:48:23 INFO Utils: Fetching spark://cea96c144870:36927/jars/org.apache.cassandra_java-driver-query-builder-4.18.1.jar to /tmp/spark-edd78300-95f9-4f3d-9557-4098c6bf2ea3/userFiles-e7ab84f3-28cb-474e-9501-9467eb669c02/fetchFileTemp5208262826353729812.tmp
[2024-12-03T19:48:23.507+0000] {subprocess.py:93} INFO - 24/12/03 19:48:23 INFO Utils: /tmp/spark-edd78300-95f9-4f3d-9557-4098c6bf2ea3/userFiles-e7ab84f3-28cb-474e-9501-9467eb669c02/fetchFileTemp5208262826353729812.tmp has been previously copied to /tmp/spark-edd78300-95f9-4f3d-9557-4098c6bf2ea3/userFiles-e7ab84f3-28cb-474e-9501-9467eb669c02/org.apache.cassandra_java-driver-query-builder-4.18.1.jar
[2024-12-03T19:48:23.515+0000] {subprocess.py:93} INFO - 24/12/03 19:48:23 INFO Executor: Adding file:/tmp/spark-edd78300-95f9-4f3d-9557-4098c6bf2ea3/userFiles-e7ab84f3-28cb-474e-9501-9467eb669c02/org.apache.cassandra_java-driver-query-builder-4.18.1.jar to class loader default
[2024-12-03T19:48:23.516+0000] {subprocess.py:93} INFO - 24/12/03 19:48:23 INFO Executor: Fetching spark://cea96c144870:36927/jars/com.typesafe_config-1.4.1.jar with timestamp 1733255300192
[2024-12-03T19:48:23.517+0000] {subprocess.py:93} INFO - 24/12/03 19:48:23 INFO Utils: Fetching spark://cea96c144870:36927/jars/com.typesafe_config-1.4.1.jar to /tmp/spark-edd78300-95f9-4f3d-9557-4098c6bf2ea3/userFiles-e7ab84f3-28cb-474e-9501-9467eb669c02/fetchFileTemp8016128057670527589.tmp
[2024-12-03T19:48:23.521+0000] {subprocess.py:93} INFO - 24/12/03 19:48:23 INFO Utils: /tmp/spark-edd78300-95f9-4f3d-9557-4098c6bf2ea3/userFiles-e7ab84f3-28cb-474e-9501-9467eb669c02/fetchFileTemp8016128057670527589.tmp has been previously copied to /tmp/spark-edd78300-95f9-4f3d-9557-4098c6bf2ea3/userFiles-e7ab84f3-28cb-474e-9501-9467eb669c02/com.typesafe_config-1.4.1.jar
[2024-12-03T19:48:23.530+0000] {subprocess.py:93} INFO - 24/12/03 19:48:23 INFO Executor: Adding file:/tmp/spark-edd78300-95f9-4f3d-9557-4098c6bf2ea3/userFiles-e7ab84f3-28cb-474e-9501-9467eb669c02/com.typesafe_config-1.4.1.jar to class loader default
[2024-12-03T19:48:23.532+0000] {subprocess.py:93} INFO - 24/12/03 19:48:23 INFO Executor: Fetching spark://cea96c144870:36927/jars/org.apache.cassandra_java-driver-mapper-runtime-4.18.1.jar with timestamp 1733255300192
[2024-12-03T19:48:23.533+0000] {subprocess.py:93} INFO - 24/12/03 19:48:23 INFO Utils: Fetching spark://cea96c144870:36927/jars/org.apache.cassandra_java-driver-mapper-runtime-4.18.1.jar to /tmp/spark-edd78300-95f9-4f3d-9557-4098c6bf2ea3/userFiles-e7ab84f3-28cb-474e-9501-9467eb669c02/fetchFileTemp6694341490486165908.tmp
[2024-12-03T19:48:23.535+0000] {subprocess.py:93} INFO - 24/12/03 19:48:23 INFO Utils: /tmp/spark-edd78300-95f9-4f3d-9557-4098c6bf2ea3/userFiles-e7ab84f3-28cb-474e-9501-9467eb669c02/fetchFileTemp6694341490486165908.tmp has been previously copied to /tmp/spark-edd78300-95f9-4f3d-9557-4098c6bf2ea3/userFiles-e7ab84f3-28cb-474e-9501-9467eb669c02/org.apache.cassandra_java-driver-mapper-runtime-4.18.1.jar
[2024-12-03T19:48:23.542+0000] {subprocess.py:93} INFO - 24/12/03 19:48:23 INFO Executor: Adding file:/tmp/spark-edd78300-95f9-4f3d-9557-4098c6bf2ea3/userFiles-e7ab84f3-28cb-474e-9501-9467eb669c02/org.apache.cassandra_java-driver-mapper-runtime-4.18.1.jar to class loader default
[2024-12-03T19:48:23.543+0000] {subprocess.py:93} INFO - 24/12/03 19:48:23 INFO Executor: Fetching spark://cea96c144870:36927/jars/com.thoughtworks.paranamer_paranamer-2.8.jar with timestamp 1733255300192
[2024-12-03T19:48:23.545+0000] {subprocess.py:93} INFO - 24/12/03 19:48:23 INFO Utils: Fetching spark://cea96c144870:36927/jars/com.thoughtworks.paranamer_paranamer-2.8.jar to /tmp/spark-edd78300-95f9-4f3d-9557-4098c6bf2ea3/userFiles-e7ab84f3-28cb-474e-9501-9467eb669c02/fetchFileTemp12290748259389272946.tmp
[2024-12-03T19:48:23.545+0000] {subprocess.py:93} INFO - 24/12/03 19:48:23 INFO Utils: /tmp/spark-edd78300-95f9-4f3d-9557-4098c6bf2ea3/userFiles-e7ab84f3-28cb-474e-9501-9467eb669c02/fetchFileTemp12290748259389272946.tmp has been previously copied to /tmp/spark-edd78300-95f9-4f3d-9557-4098c6bf2ea3/userFiles-e7ab84f3-28cb-474e-9501-9467eb669c02/com.thoughtworks.paranamer_paranamer-2.8.jar
[2024-12-03T19:48:23.552+0000] {subprocess.py:93} INFO - 24/12/03 19:48:23 INFO Executor: Adding file:/tmp/spark-edd78300-95f9-4f3d-9557-4098c6bf2ea3/userFiles-e7ab84f3-28cb-474e-9501-9467eb669c02/com.thoughtworks.paranamer_paranamer-2.8.jar to class loader default
[2024-12-03T19:48:23.553+0000] {subprocess.py:93} INFO - 24/12/03 19:48:23 INFO Executor: Fetching spark://cea96c144870:36927/jars/com.datastax.spark_spark-cassandra-connector_2.12-3.5.1.jar with timestamp 1733255300192
[2024-12-03T19:48:23.554+0000] {subprocess.py:93} INFO - 24/12/03 19:48:23 INFO Utils: Fetching spark://cea96c144870:36927/jars/com.datastax.spark_spark-cassandra-connector_2.12-3.5.1.jar to /tmp/spark-edd78300-95f9-4f3d-9557-4098c6bf2ea3/userFiles-e7ab84f3-28cb-474e-9501-9467eb669c02/fetchFileTemp18394824791617462621.tmp
[2024-12-03T19:48:23.570+0000] {subprocess.py:93} INFO - 24/12/03 19:48:23 INFO Utils: /tmp/spark-edd78300-95f9-4f3d-9557-4098c6bf2ea3/userFiles-e7ab84f3-28cb-474e-9501-9467eb669c02/fetchFileTemp18394824791617462621.tmp has been previously copied to /tmp/spark-edd78300-95f9-4f3d-9557-4098c6bf2ea3/userFiles-e7ab84f3-28cb-474e-9501-9467eb669c02/com.datastax.spark_spark-cassandra-connector_2.12-3.5.1.jar
[2024-12-03T19:48:23.579+0000] {subprocess.py:93} INFO - 24/12/03 19:48:23 INFO Executor: Adding file:/tmp/spark-edd78300-95f9-4f3d-9557-4098c6bf2ea3/userFiles-e7ab84f3-28cb-474e-9501-9467eb669c02/com.datastax.spark_spark-cassandra-connector_2.12-3.5.1.jar to class loader default
[2024-12-03T19:48:23.580+0000] {subprocess.py:93} INFO - 24/12/03 19:48:23 INFO Executor: Fetching spark://cea96c144870:36927/jars/com.datastax.oss_native-protocol-1.5.1.jar with timestamp 1733255300192
[2024-12-03T19:48:23.581+0000] {subprocess.py:93} INFO - 24/12/03 19:48:23 INFO Utils: Fetching spark://cea96c144870:36927/jars/com.datastax.oss_native-protocol-1.5.1.jar to /tmp/spark-edd78300-95f9-4f3d-9557-4098c6bf2ea3/userFiles-e7ab84f3-28cb-474e-9501-9467eb669c02/fetchFileTemp17989827690126094177.tmp
[2024-12-03T19:48:23.584+0000] {subprocess.py:93} INFO - 24/12/03 19:48:23 INFO Utils: /tmp/spark-edd78300-95f9-4f3d-9557-4098c6bf2ea3/userFiles-e7ab84f3-28cb-474e-9501-9467eb669c02/fetchFileTemp17989827690126094177.tmp has been previously copied to /tmp/spark-edd78300-95f9-4f3d-9557-4098c6bf2ea3/userFiles-e7ab84f3-28cb-474e-9501-9467eb669c02/com.datastax.oss_native-protocol-1.5.1.jar
[2024-12-03T19:48:23.594+0000] {subprocess.py:93} INFO - 24/12/03 19:48:23 INFO Executor: Adding file:/tmp/spark-edd78300-95f9-4f3d-9557-4098c6bf2ea3/userFiles-e7ab84f3-28cb-474e-9501-9467eb669c02/com.datastax.oss_native-protocol-1.5.1.jar to class loader default
[2024-12-03T19:48:23.594+0000] {subprocess.py:93} INFO - 24/12/03 19:48:23 INFO Executor: Fetching spark://cea96c144870:36927/jars/org.apache.commons_commons-lang3-3.10.jar with timestamp 1733255300192
[2024-12-03T19:48:23.595+0000] {subprocess.py:93} INFO - 24/12/03 19:48:23 INFO Utils: Fetching spark://cea96c144870:36927/jars/org.apache.commons_commons-lang3-3.10.jar to /tmp/spark-edd78300-95f9-4f3d-9557-4098c6bf2ea3/userFiles-e7ab84f3-28cb-474e-9501-9467eb669c02/fetchFileTemp15520923044556927845.tmp
[2024-12-03T19:48:23.599+0000] {subprocess.py:93} INFO - 24/12/03 19:48:23 INFO Utils: /tmp/spark-edd78300-95f9-4f3d-9557-4098c6bf2ea3/userFiles-e7ab84f3-28cb-474e-9501-9467eb669c02/fetchFileTemp15520923044556927845.tmp has been previously copied to /tmp/spark-edd78300-95f9-4f3d-9557-4098c6bf2ea3/userFiles-e7ab84f3-28cb-474e-9501-9467eb669c02/org.apache.commons_commons-lang3-3.10.jar
[2024-12-03T19:48:23.607+0000] {subprocess.py:93} INFO - 24/12/03 19:48:23 INFO Executor: Adding file:/tmp/spark-edd78300-95f9-4f3d-9557-4098c6bf2ea3/userFiles-e7ab84f3-28cb-474e-9501-9467eb669c02/org.apache.commons_commons-lang3-3.10.jar to class loader default
[2024-12-03T19:48:23.608+0000] {subprocess.py:93} INFO - 24/12/03 19:48:23 INFO Executor: Fetching spark://cea96c144870:36927/jars/org.apache.cassandra_java-driver-core-shaded-4.18.1.jar with timestamp 1733255300192
[2024-12-03T19:48:23.609+0000] {subprocess.py:93} INFO - 24/12/03 19:48:23 INFO Utils: Fetching spark://cea96c144870:36927/jars/org.apache.cassandra_java-driver-core-shaded-4.18.1.jar to /tmp/spark-edd78300-95f9-4f3d-9557-4098c6bf2ea3/userFiles-e7ab84f3-28cb-474e-9501-9467eb669c02/fetchFileTemp9365021054616255801.tmp
[2024-12-03T19:48:23.660+0000] {subprocess.py:93} INFO - 24/12/03 19:48:23 INFO Utils: /tmp/spark-edd78300-95f9-4f3d-9557-4098c6bf2ea3/userFiles-e7ab84f3-28cb-474e-9501-9467eb669c02/fetchFileTemp9365021054616255801.tmp has been previously copied to /tmp/spark-edd78300-95f9-4f3d-9557-4098c6bf2ea3/userFiles-e7ab84f3-28cb-474e-9501-9467eb669c02/org.apache.cassandra_java-driver-core-shaded-4.18.1.jar
[2024-12-03T19:48:23.674+0000] {subprocess.py:93} INFO - 24/12/03 19:48:23 INFO Executor: Adding file:/tmp/spark-edd78300-95f9-4f3d-9557-4098c6bf2ea3/userFiles-e7ab84f3-28cb-474e-9501-9467eb669c02/org.apache.cassandra_java-driver-core-shaded-4.18.1.jar to class loader default
[2024-12-03T19:48:23.675+0000] {subprocess.py:93} INFO - 24/12/03 19:48:23 INFO Executor: Fetching spark://cea96c144870:36927/jars/com.datastax.spark_spark-cassandra-connector-driver_2.12-3.5.1.jar with timestamp 1733255300192
[2024-12-03T19:48:23.676+0000] {subprocess.py:93} INFO - 24/12/03 19:48:23 INFO Utils: Fetching spark://cea96c144870:36927/jars/com.datastax.spark_spark-cassandra-connector-driver_2.12-3.5.1.jar to /tmp/spark-edd78300-95f9-4f3d-9557-4098c6bf2ea3/userFiles-e7ab84f3-28cb-474e-9501-9467eb669c02/fetchFileTemp1332779266762320237.tmp
[2024-12-03T19:48:23.686+0000] {subprocess.py:93} INFO - 24/12/03 19:48:23 INFO Utils: /tmp/spark-edd78300-95f9-4f3d-9557-4098c6bf2ea3/userFiles-e7ab84f3-28cb-474e-9501-9467eb669c02/fetchFileTemp1332779266762320237.tmp has been previously copied to /tmp/spark-edd78300-95f9-4f3d-9557-4098c6bf2ea3/userFiles-e7ab84f3-28cb-474e-9501-9467eb669c02/com.datastax.spark_spark-cassandra-connector-driver_2.12-3.5.1.jar
[2024-12-03T19:48:23.695+0000] {subprocess.py:93} INFO - 24/12/03 19:48:23 INFO Executor: Adding file:/tmp/spark-edd78300-95f9-4f3d-9557-4098c6bf2ea3/userFiles-e7ab84f3-28cb-474e-9501-9467eb669c02/com.datastax.spark_spark-cassandra-connector-driver_2.12-3.5.1.jar to class loader default
[2024-12-03T19:48:23.712+0000] {subprocess.py:93} INFO - 24/12/03 19:48:23 INFO Utils: Successfully started service 'org.apache.spark.network.netty.NettyBlockTransferService' on port 34739.
[2024-12-03T19:48:23.713+0000] {subprocess.py:93} INFO - 24/12/03 19:48:23 INFO NettyBlockTransferService: Server created on cea96c144870:34739
[2024-12-03T19:48:23.715+0000] {subprocess.py:93} INFO - 24/12/03 19:48:23 INFO BlockManager: Using org.apache.spark.storage.RandomBlockReplicationPolicy for block replication policy
[2024-12-03T19:48:23.731+0000] {subprocess.py:93} INFO - 24/12/03 19:48:23 INFO BlockManagerMaster: Registering BlockManager BlockManagerId(driver, cea96c144870, 34739, None)
[2024-12-03T19:48:23.738+0000] {subprocess.py:93} INFO - 24/12/03 19:48:23 INFO BlockManagerMasterEndpoint: Registering block manager cea96c144870:34739 with 434.4 MiB RAM, BlockManagerId(driver, cea96c144870, 34739, None)
[2024-12-03T19:48:23.742+0000] {subprocess.py:93} INFO - 24/12/03 19:48:23 INFO BlockManagerMaster: Registered BlockManager BlockManagerId(driver, cea96c144870, 34739, None)
[2024-12-03T19:48:23.744+0000] {subprocess.py:93} INFO - 24/12/03 19:48:23 INFO BlockManager: Initialized BlockManager: BlockManagerId(driver, cea96c144870, 34739, None)
[2024-12-03T19:48:24.443+0000] {subprocess.py:93} INFO - 2024-12-03 19:48:24,441 - __main__ - INFO - Spark connection created successfully
[2024-12-03T19:48:34.743+0000] {subprocess.py:93} INFO - 2024-12-03 19:48:34,736 - __main__ - INFO - Number of rows in merged_df: 32
[2024-12-03T19:48:39.858+0000] {subprocess.py:93} INFO - +----------+--------+---------+-------------------+-----+----------+--------+--------+---------+----------+----------+----------+--------+----------+-------+----------+----------+-------------------+--------------------+------+----+-------------+-------+--------+------------------+--------------------+------------+----------------+---------+----------------------+
[2024-12-03T19:48:39.859+0000] {subprocess.py:93} INFO - | city_name|latitude|longitude|weather_description| temp|feels_like|humidity|pressure|sea_level|grnd_level|visibility|wind_speed|wind_deg|clouds_all|country|   sunrise|    sunset|               time|apparent_temperature|is_day|rain|precipitation|showers|snowfall|    temperature_2m|relative_humidity_2m|pressure_msl|surface_pressure|elevation|temperature_feels_like|
[2024-12-03T19:48:39.860+0000] {subprocess.py:93} INFO - +----------+--------+---------+-------------------+-----+----------+--------+--------+---------+----------+----------+----------+--------+----------+-------+----------+----------+-------------------+--------------------+------+----+-------------+-------+--------+------------------+--------------------+------------+----------------+---------+----------------------+
[2024-12-03T19:48:39.872+0000] {subprocess.py:93} INFO - |Casablanca| 33.5928|  -7.6192| [scattered clouds]|20.96|     20.89|    68.5|    1025|     1025|      1016|      6000|      2.06|      60|        40|     MA|1733210336|1733246537|2024-12-03 12:31:58|                21.6|     1| 0.0|          0.0|    0.0|     0.0|             21.03|                  69|      1025.6|          1023.1|     21.0|                21.245|
[2024-12-03T19:48:39.876+0000] {subprocess.py:93} INFO - |     Rabat| 33.9911|  -6.8401| [scattered clouds]|22.04|     21.97|    64.5|    1024|     1024|      1017|      5000|      2.06|     300|        40|     MA|1733210206|1733246293|2024-12-03 12:33:04|                21.5|     1| 0.0|          0.0|    0.0|     0.0|21.619999999999997|                  65|      1025.3|          1017.0|     70.0|                21.735|
[2024-12-03T19:48:39.877+0000] {subprocess.py:93} INFO - |       Fes| 34.0372|  -4.9998|        [clear sky]|20.14|     19.31|    43.0|    1024|     1024|       975|     10000|       3.6|     320|         0|     MA|1733209771|1733245845|2024-12-03 12:36:04|                19.3|     1| 0.0|          0.0|    0.0|     0.0|             20.47|                  44|      1024.7|           978.4|    400.0|                19.305|
[2024-12-03T19:48:39.878+0000] {subprocess.py:93} INFO - | Marrakesh| 31.6315|  -8.0083|        [clear sky]|23.04|     22.21|    28.0|    1023|     1023|       968|     10000|      1.03|       0|         0|     MA|1733210157|1733246903|2024-12-03 12:37:00|                21.0|     1| 0.0|          0.0|    0.0|     0.0|             23.27|                  25|      1024.1|           972.0|    456.0|                21.605|
[2024-12-03T19:48:39.879+0000] {subprocess.py:93} INFO - |    Agadir| 30.4202|  -9.5982|        [clear sky]|27.25|      27.1|    50.5|    1023|     1023|      1006|     10000|      3.08|     279|         0|     MA|1733210376|1733247447|2024-12-03 12:34:31|                24.7|     1| 0.0|          0.0|    0.0|     0.0|            25.475|                  60|      1023.8|          1019.7|     35.0|                  25.9|
[2024-12-03T19:48:39.879+0000] {subprocess.py:93} INFO - |   Tangier| 35.7806|  -5.8137| [scattered clouds]|19.64|     20.11|    82.5|    1023|     1023|      1017|      6000|      4.12|     210|        40|     MA|1733210223|1733245783|2024-12-03 12:36:10|                19.6|     1| 0.0|          0.0|    0.0|     0.0|             19.82|                  71|      1024.2|          1015.7|     72.0|                19.855|
[2024-12-03T19:48:39.880+0000] {subprocess.py:93} INFO - |    Meknes| 33.9776|   -5.525|        [clear sky]|20.49|     20.03|    53.0|    1024|     1024|       967|      8000|      2.57|     300|         0|     MA|1733209888|1733245979|2024-12-03 12:37:03|                17.6|     1| 0.0|          0.0|    0.0|     0.0|            19.945|                  51|      1025.3|           964.6|    526.0|                18.815|
[2024-12-03T19:48:39.886+0000] {subprocess.py:93} INFO - |     Oujda| 34.6805|  -1.9076|        [clear sky]|22.35|     21.35|    27.5|    1021|     1021|       944|     10000|      4.63|     310|         0|     MA|1733209122|1733245009|2024-12-03 12:33:04|                18.7|     1| 0.0|          0.0|    0.0|     0.0|            22.225|                  28|      1023.0|           959.8|    555.0|                20.025|
[2024-12-03T19:48:39.898+0000] {subprocess.py:93} INFO - |   Kenitra|  34.261|  -6.5802|        [clear sky]|22.42|     22.47|    66.5|    1024|     1024|      1021|     10000|      4.25|     290|         1|     MA|1733210182|1733246192|2024-12-03 12:33:20|                22.2|     1| 0.0|          0.0|    0.0|     0.0|22.060000000000002|                  66|      1025.1|          1023.8|     11.0|                22.335|
[2024-12-03T19:48:39.899+0000] {subprocess.py:93} INFO - |      Safi| 32.1667|  -8.8333|        [clear sky]|22.22|     21.72|    53.5|    1024|     1024|       989|     10000|      4.26|      34|         0|     MA|1733210428|1733247028|2024-12-03 12:37:06|                20.9|     1| 0.0|          0.0|    0.0|     0.0|             22.16|                  60|      1025.2|          1021.1|     35.0|                 21.31|
[2024-12-03T19:48:39.900+0000] {subprocess.py:93} INFO - +----------+--------+---------+-------------------+-----+----------+--------+--------+---------+----------+----------+----------+--------+----------+-------+----------+----------+-------------------+--------------------+------+----+-------------+-------+--------+------------------+--------------------+------------+----------------+---------+----------------------+
[2024-12-03T19:48:39.900+0000] {subprocess.py:93} INFO - only showing top 10 rows
[2024-12-03T19:48:39.901+0000] {subprocess.py:93} INFO - 
[2024-12-03T19:48:40.017+0000] {subprocess.py:93} INFO - 2024-12-03 19:48:40,016 - cassandra.cluster - WARNING - Cluster.__init__ called with contact_points specified, but no load_balancing_policy. In the next major version, this will raise an error; please specify a load-balancing policy. (contact_points = ['cassandra_db'], lbp = None)
[2024-12-03T19:48:40.170+0000] {subprocess.py:93} INFO - 2024-12-03 19:48:40,166 - cassandra.cluster - WARNING - Downgrading core protocol version from 66 to 65 for 172.18.0.8:9042. To avoid this, it is best practice to explicitly set Cluster(protocol_version) to the version supported by your cluster. http://datastax.github.io/python-driver/api/cassandra/cluster.html#cassandra.cluster.Cluster.protocol_version
[2024-12-03T19:48:40.175+0000] {subprocess.py:93} INFO - 2024-12-03 19:48:40,173 - cassandra.cluster - WARNING - Downgrading core protocol version from 65 to 5 for 172.18.0.8:9042. To avoid this, it is best practice to explicitly set Cluster(protocol_version) to the version supported by your cluster. http://datastax.github.io/python-driver/api/cassandra/cluster.html#cassandra.cluster.Cluster.protocol_version
[2024-12-03T19:48:40.451+0000] {subprocess.py:93} INFO - 2024-12-03 19:48:40,443 - cassandra.policies - INFO - Using datacenter 'datacenter1' for DCAwareRoundRobinPolicy (via host '172.18.0.8:9042'); if incorrect, please specify a local_dc to the constructor, or limit contact points to local cluster nodes
[2024-12-03T19:48:40.669+0000] {subprocess.py:93} INFO - 2024-12-03 19:48:40,667 - __main__ - INFO - Cassandra connection created successfully
[2024-12-03T19:48:40.692+0000] {subprocess.py:93} INFO - 2024-12-03 19:48:40,690 - __main__ - INFO - Keyspace created successfully
[2024-12-03T19:48:40.708+0000] {subprocess.py:93} INFO - 2024-12-03 19:48:40,702 - __main__ - INFO - Table created successfully
[2024-12-03T19:48:42.547+0000] {subprocess.py:93} INFO - 2024-12-03 19:48:42,544 - __main__ - INFO - Inserted data: Casablanca at 2024-12-03 12:31:58
[2024-12-03T19:48:42.574+0000] {subprocess.py:93} INFO - 2024-12-03 19:48:42,571 - __main__ - INFO - Data inserted successfully for Casablanca at 2024-12-03 12:31:58
[2024-12-03T19:48:42.590+0000] {subprocess.py:93} INFO - 2024-12-03 19:48:42,588 - __main__ - INFO - Inserted data: Rabat at 2024-12-03 12:33:04
[2024-12-03T19:48:42.610+0000] {subprocess.py:93} INFO - 2024-12-03 19:48:42,606 - __main__ - INFO - Data inserted successfully for Rabat at 2024-12-03 12:33:04
[2024-12-03T19:48:42.637+0000] {subprocess.py:93} INFO - 2024-12-03 19:48:42,623 - __main__ - INFO - Inserted data: Fes at 2024-12-03 12:36:04
[2024-12-03T19:48:42.651+0000] {subprocess.py:93} INFO - 2024-12-03 19:48:42,644 - __main__ - INFO - Data inserted successfully for Fes at 2024-12-03 12:36:04
[2024-12-03T19:48:42.666+0000] {subprocess.py:93} INFO - 2024-12-03 19:48:42,659 - __main__ - INFO - Inserted data: Marrakesh at 2024-12-03 12:37:00
[2024-12-03T19:48:42.679+0000] {subprocess.py:93} INFO - 2024-12-03 19:48:42,676 - __main__ - INFO - Data inserted successfully for Marrakesh at 2024-12-03 12:37:00
[2024-12-03T19:48:42.688+0000] {subprocess.py:93} INFO - 2024-12-03 19:48:42,686 - __main__ - INFO - Inserted data: Agadir at 2024-12-03 12:34:31
[2024-12-03T19:48:42.696+0000] {subprocess.py:93} INFO - 2024-12-03 19:48:42,694 - __main__ - INFO - Data inserted successfully for Agadir at 2024-12-03 12:34:31
[2024-12-03T19:48:42.710+0000] {subprocess.py:93} INFO - 2024-12-03 19:48:42,708 - __main__ - INFO - Inserted data: Tangier at 2024-12-03 12:36:10
[2024-12-03T19:48:42.720+0000] {subprocess.py:93} INFO - 2024-12-03 19:48:42,718 - __main__ - INFO - Data inserted successfully for Tangier at 2024-12-03 12:36:10
[2024-12-03T19:48:42.730+0000] {subprocess.py:93} INFO - 2024-12-03 19:48:42,728 - __main__ - INFO - Inserted data: Meknes at 2024-12-03 12:37:03
[2024-12-03T19:48:42.737+0000] {subprocess.py:93} INFO - 2024-12-03 19:48:42,735 - __main__ - INFO - Data inserted successfully for Meknes at 2024-12-03 12:37:03
[2024-12-03T19:48:42.750+0000] {subprocess.py:93} INFO - 2024-12-03 19:48:42,747 - __main__ - INFO - Inserted data: Oujda at 2024-12-03 12:33:04
[2024-12-03T19:48:42.758+0000] {subprocess.py:93} INFO - 2024-12-03 19:48:42,756 - __main__ - INFO - Data inserted successfully for Oujda at 2024-12-03 12:33:04
[2024-12-03T19:48:42.768+0000] {subprocess.py:93} INFO - 2024-12-03 19:48:42,766 - __main__ - INFO - Inserted data: Kenitra at 2024-12-03 12:33:20
[2024-12-03T19:48:42.776+0000] {subprocess.py:93} INFO - 2024-12-03 19:48:42,774 - __main__ - INFO - Data inserted successfully for Kenitra at 2024-12-03 12:33:20
[2024-12-03T19:48:42.783+0000] {subprocess.py:93} INFO - 2024-12-03 19:48:42,781 - __main__ - INFO - Inserted data: Safi at 2024-12-03 12:37:06
[2024-12-03T19:48:42.797+0000] {subprocess.py:93} INFO - 2024-12-03 19:48:42,793 - __main__ - INFO - Data inserted successfully for Safi at 2024-12-03 12:37:06
[2024-12-03T19:48:42.809+0000] {subprocess.py:93} INFO - 2024-12-03 19:48:42,807 - __main__ - INFO - Inserted data: El Jadida at 2024-12-03 12:37:07
[2024-12-03T19:48:42.822+0000] {subprocess.py:93} INFO - 2024-12-03 19:48:42,820 - __main__ - INFO - Data inserted successfully for El Jadida at 2024-12-03 12:37:07
[2024-12-03T19:48:42.836+0000] {subprocess.py:93} INFO - 2024-12-03 19:48:42,835 - __main__ - INFO - Inserted data: Nador at 2024-12-03 12:37:08
[2024-12-03T19:48:42.847+0000] {subprocess.py:93} INFO - 2024-12-03 19:48:42,844 - __main__ - INFO - Data inserted successfully for Nador at 2024-12-03 12:37:08
[2024-12-03T19:48:42.864+0000] {subprocess.py:93} INFO - 2024-12-03 19:48:42,862 - __main__ - INFO - Inserted data: Khemisset at 2024-12-03 12:37:09
[2024-12-03T19:48:42.884+0000] {subprocess.py:93} INFO - 2024-12-03 19:48:42,883 - __main__ - INFO - Data inserted successfully for Khemisset at 2024-12-03 12:37:09
[2024-12-03T19:48:42.895+0000] {subprocess.py:93} INFO - 2024-12-03 19:48:42,894 - __main__ - INFO - Inserted data: Settat at 2024-12-03 12:36:17
[2024-12-03T19:48:42.904+0000] {subprocess.py:93} INFO - 2024-12-03 19:48:42,903 - __main__ - INFO - Data inserted successfully for Settat at 2024-12-03 12:36:17
[2024-12-03T19:48:42.916+0000] {subprocess.py:93} INFO - 2024-12-03 19:48:42,915 - __main__ - INFO - Inserted data: Larache at 2024-12-03 12:37:10
[2024-12-03T19:48:42.928+0000] {subprocess.py:93} INFO - 2024-12-03 19:48:42,926 - __main__ - INFO - Data inserted successfully for Larache at 2024-12-03 12:37:10
[2024-12-03T19:48:42.934+0000] {subprocess.py:93} INFO - 2024-12-03 19:48:42,933 - __main__ - INFO - Inserted data: Guelmim at 2024-12-03 12:32:28
[2024-12-03T19:48:42.942+0000] {subprocess.py:93} INFO - 2024-12-03 19:48:42,940 - __main__ - INFO - Data inserted successfully for Guelmim at 2024-12-03 12:32:28
[2024-12-03T19:48:42.948+0000] {subprocess.py:93} INFO - 2024-12-03 19:48:42,947 - __main__ - INFO - Inserted data: Taza at 2024-12-03 12:37:11
[2024-12-03T19:48:42.957+0000] {subprocess.py:93} INFO - 2024-12-03 19:48:42,955 - __main__ - INFO - Data inserted successfully for Taza at 2024-12-03 12:37:11
[2024-12-03T19:48:42.966+0000] {subprocess.py:93} INFO - 2024-12-03 19:48:42,965 - __main__ - INFO - Inserted data: Beni Mellal at 2024-12-03 12:37:13
[2024-12-03T19:48:42.987+0000] {subprocess.py:93} INFO - 2024-12-03 19:48:42,981 - __main__ - INFO - Data inserted successfully for Beni Mellal at 2024-12-03 12:37:13
[2024-12-03T19:48:43.000+0000] {subprocess.py:93} INFO - 2024-12-03 19:48:42,999 - __main__ - INFO - Inserted data: Mohammedia at 2024-12-03 12:37:14
[2024-12-03T19:48:43.013+0000] {subprocess.py:93} INFO - 2024-12-03 19:48:43,011 - __main__ - INFO - Data inserted successfully for Mohammedia at 2024-12-03 12:37:14
[2024-12-03T19:48:43.026+0000] {subprocess.py:93} INFO - 2024-12-03 19:48:43,024 - __main__ - INFO - Inserted data: Ksar el-Kebir at 2024-12-03 12:37:15
[2024-12-03T19:48:43.036+0000] {subprocess.py:93} INFO - 2024-12-03 19:48:43,034 - __main__ - INFO - Data inserted successfully for Ksar el-Kebir at 2024-12-03 12:37:15
[2024-12-03T19:48:43.056+0000] {subprocess.py:93} INFO - 2024-12-03 19:48:43,054 - __main__ - INFO - Inserted data: Al Hoceima at 2024-12-03 12:37:17
[2024-12-03T19:48:43.073+0000] {subprocess.py:93} INFO - 2024-12-03 19:48:43,071 - __main__ - INFO - Data inserted successfully for Al Hoceima at 2024-12-03 12:37:17
[2024-12-03T19:48:43.085+0000] {subprocess.py:93} INFO - 2024-12-03 19:48:43,083 - __main__ - INFO - Inserted data: Berkane at 2024-12-03 12:37:17
[2024-12-03T19:48:43.098+0000] {subprocess.py:93} INFO - 2024-12-03 19:48:43,096 - __main__ - INFO - Data inserted successfully for Berkane at 2024-12-03 12:37:17
[2024-12-03T19:48:43.117+0000] {subprocess.py:93} INFO - 2024-12-03 19:48:43,115 - __main__ - INFO - Inserted data: Taourirt at 2024-12-03 12:37:18
[2024-12-03T19:48:43.127+0000] {subprocess.py:93} INFO - 2024-12-03 19:48:43,124 - __main__ - INFO - Data inserted successfully for Taourirt at 2024-12-03 12:37:18
[2024-12-03T19:48:43.133+0000] {subprocess.py:93} INFO - 2024-12-03 19:48:43,131 - __main__ - INFO - Inserted data: Errachidia at 2024-12-03 12:37:19
[2024-12-03T19:48:43.161+0000] {subprocess.py:93} INFO - 2024-12-03 19:48:43,157 - __main__ - INFO - Data inserted successfully for Errachidia at 2024-12-03 12:37:19
[2024-12-03T19:48:43.170+0000] {subprocess.py:93} INFO - 2024-12-03 19:48:43,168 - __main__ - INFO - Inserted data: Oued Zem at 2024-12-03 12:37:20
[2024-12-03T19:48:43.182+0000] {subprocess.py:93} INFO - 2024-12-03 19:48:43,179 - __main__ - INFO - Data inserted successfully for Oued Zem at 2024-12-03 12:37:20
[2024-12-03T19:48:43.207+0000] {subprocess.py:93} INFO - 2024-12-03 19:48:43,202 - __main__ - INFO - Inserted data: Sidi Slimane at 2024-12-03 12:34:32
[2024-12-03T19:48:43.224+0000] {subprocess.py:93} INFO - 2024-12-03 19:48:43,219 - __main__ - INFO - Data inserted successfully for Sidi Slimane at 2024-12-03 12:34:32
[2024-12-03T19:48:43.240+0000] {subprocess.py:93} INFO - 2024-12-03 19:48:43,238 - __main__ - INFO - Inserted data: Sidi Kacem at 2024-12-03 12:37:22
[2024-12-03T19:48:43.261+0000] {subprocess.py:93} INFO - 2024-12-03 19:48:43,259 - __main__ - INFO - Data inserted successfully for Sidi Kacem at 2024-12-03 12:37:22
[2024-12-03T19:48:43.290+0000] {subprocess.py:93} INFO - 2024-12-03 19:48:43,286 - __main__ - INFO - Inserted data: Azrou at 2024-12-03 12:37:23
[2024-12-03T19:48:43.302+0000] {subprocess.py:93} INFO - 2024-12-03 19:48:43,298 - __main__ - INFO - Data inserted successfully for Azrou at 2024-12-03 12:37:23
[2024-12-03T19:48:43.306+0000] {subprocess.py:93} INFO - 2024-12-03 19:48:43,305 - __main__ - INFO - Inserted data: Midelt at 2024-12-03 12:37:23
[2024-12-03T19:48:43.319+0000] {subprocess.py:93} INFO - 2024-12-03 19:48:43,315 - __main__ - INFO - Data inserted successfully for Midelt at 2024-12-03 12:37:23
[2024-12-03T19:48:43.327+0000] {subprocess.py:93} INFO - 2024-12-03 19:48:43,325 - __main__ - INFO - Inserted data: Ifrane at 2024-12-03 12:37:24
[2024-12-03T19:48:43.337+0000] {subprocess.py:93} INFO - 2024-12-03 19:48:43,335 - __main__ - INFO - Data inserted successfully for Ifrane at 2024-12-03 12:37:24
[2024-12-03T19:48:43.345+0000] {subprocess.py:93} INFO - 2024-12-03 19:48:43,343 - __main__ - INFO - Inserted data: Chefchaouen at 2024-12-03 12:37:25
[2024-12-03T19:48:43.364+0000] {subprocess.py:93} INFO - 2024-12-03 19:48:43,361 - __main__ - INFO - Data inserted successfully for Chefchaouen at 2024-12-03 12:37:25
[2024-12-03T19:48:43.401+0000] {subprocess.py:93} INFO - 2024-12-03 19:48:43,380 - __main__ - INFO - Inserted data: Laayoune at 2024-12-03 12:37:26
[2024-12-03T19:48:43.404+0000] {subprocess.py:93} INFO - 2024-12-03 19:48:43,392 - __main__ - INFO - Data inserted successfully for Laayoune at 2024-12-03 12:37:26
[2024-12-03T19:48:43.408+0000] {subprocess.py:93} INFO - 2024-12-03 19:48:43,394 - py4j.clientserver - INFO - Closing down clientserver connection
[2024-12-03T19:48:43.942+0000] {subprocess.py:97} INFO - Command exited with return code 0
[2024-12-03T19:48:43.944+0000] {taskinstance.py:441} INFO - ::group::Post task execution logs
[2024-12-03T19:48:44.013+0000] {taskinstance.py:1206} INFO - Marking task as SUCCESS. dag_id=weather_data_kafka_dag, task_id=spark_submit, run_id=manual__2024-12-03T19:47:17.204518+00:00, execution_date=20241203T194717, start_date=20241203T194810, end_date=20241203T194844
[2024-12-03T19:48:44.092+0000] {local_task_job_runner.py:243} INFO - Task exited with return code 0
[2024-12-03T19:48:44.133+0000] {taskinstance.py:3503} INFO - 0 downstream tasks scheduled from follow-on schedule check
[2024-12-03T19:48:44.147+0000] {local_task_job_runner.py:222} INFO - ::endgroup::
