[2024-11-30T20:40:35.841+0000] {local_task_job_runner.py:120} INFO - ::group::Pre task execution logs
[2024-11-30T20:40:35.906+0000] {taskinstance.py:2076} INFO - Dependencies all met for dep_context=non-requeueable deps ti=<TaskInstance: weather_data_kafka_dag.store_openweathermap_data manual__2024-11-30T11:01:35.477681+00:00 [queued]>
[2024-11-30T20:40:35.924+0000] {taskinstance.py:2076} INFO - Dependencies all met for dep_context=requeueable deps ti=<TaskInstance: weather_data_kafka_dag.store_openweathermap_data manual__2024-11-30T11:01:35.477681+00:00 [queued]>
[2024-11-30T20:40:35.926+0000] {taskinstance.py:2306} INFO - Starting attempt 4 of 4
[2024-11-30T20:40:35.955+0000] {taskinstance.py:2330} INFO - Executing <Task(PythonOperator): store_openweathermap_data> on 2024-11-30 11:01:35.477681+00:00
[2024-11-30T20:40:35.972+0000] {logging_mixin.py:188} WARNING - /home/***/.local/lib/python3.12/site-packages/***/task/task_runner/standard_task_runner.py:62 DeprecationWarning: This process (pid=17453) is multi-threaded, use of fork() may lead to deadlocks in the child.
[2024-11-30T20:40:35.974+0000] {standard_task_runner.py:64} INFO - Started process 17462 to run task
[2024-11-30T20:40:35.971+0000] {standard_task_runner.py:90} INFO - Running: ['***', 'tasks', 'run', 'weather_data_kafka_dag', 'store_openweathermap_data', 'manual__2024-11-30T11:01:35.477681+00:00', '--job-id', '458', '--raw', '--subdir', 'DAGS_FOLDER/kafka_stream.py', '--cfg-path', '/tmp/tmpzhh65uz0']
[2024-11-30T20:40:35.977+0000] {standard_task_runner.py:91} INFO - Job 458: Subtask store_openweathermap_data
[2024-11-30T20:40:36.082+0000] {task_command.py:426} INFO - Running <TaskInstance: weather_data_kafka_dag.store_openweathermap_data manual__2024-11-30T11:01:35.477681+00:00 [running]> on host 0741a2a1545f
[2024-11-30T20:40:36.271+0000] {taskinstance.py:2648} INFO - Exporting env vars: AIRFLOW_CTX_DAG_OWNER='admin' AIRFLOW_CTX_DAG_ID='weather_data_kafka_dag' AIRFLOW_CTX_TASK_ID='store_openweathermap_data' AIRFLOW_CTX_EXECUTION_DATE='2024-11-30T11:01:35.477681+00:00' AIRFLOW_CTX_TRY_NUMBER='4' AIRFLOW_CTX_DAG_RUN_ID='manual__2024-11-30T11:01:35.477681+00:00'
[2024-11-30T20:40:36.274+0000] {taskinstance.py:430} INFO - ::endgroup::
[2024-11-30T20:40:36.303+0000] {taskinstance.py:441} INFO - ::group::Post task execution logs
[2024-11-30T20:40:36.305+0000] {taskinstance.py:2905} ERROR - Task failed with exception
Traceback (most recent call last):
  File "/home/airflow/.local/lib/python3.12/site-packages/airflow/models/taskinstance.py", line 465, in _execute_task
    result = _execute_callable(context=context, **execute_callable_kwargs)
             ^^^^^^^^^^^^^^^^^^^^^^^^^^^^^^^^^^^^^^^^^^^^^^^^^^^^^^^^^^^^^
  File "/home/airflow/.local/lib/python3.12/site-packages/airflow/models/taskinstance.py", line 432, in _execute_callable
    return execute_callable(context=context, **execute_callable_kwargs)
           ^^^^^^^^^^^^^^^^^^^^^^^^^^^^^^^^^^^^^^^^^^^^^^^^^^^^^^^^^^^^
  File "/home/airflow/.local/lib/python3.12/site-packages/airflow/models/baseoperator.py", line 401, in wrapper
    return func(self, *args, **kwargs)
           ^^^^^^^^^^^^^^^^^^^^^^^^^^^
  File "/home/airflow/.local/lib/python3.12/site-packages/airflow/operators/python.py", line 235, in execute
    return_value = self.execute_callable()
                   ^^^^^^^^^^^^^^^^^^^^^^^
  File "/home/airflow/.local/lib/python3.12/site-packages/airflow/operators/python.py", line 252, in execute_callable
    return self.python_callable(*self.op_args, **self.op_kwargs)
           ^^^^^^^^^^^^^^^^^^^^^^^^^^^^^^^^^^^^^^^^^^^^^^^^^^^^^
  File "/opt/airflow/dags/kafka_stream.py", line 147, in store_openweathermap_data
    read_from_kafka_and_store(KAFKA_TOPIC_OPENWEATHER, "openweathermap_data.parquet")
  File "/opt/airflow/dags/kafka_stream.py", line 142, in read_from_kafka_and_store
    logging.error(f"Error reading from Kafka topic {topic_name}: {e}")
                                                                  ^
NameError: name 'e' is not defined
[2024-11-30T20:40:36.330+0000] {taskinstance.py:1206} INFO - Marking task as FAILED. dag_id=weather_data_kafka_dag, task_id=store_openweathermap_data, run_id=manual__2024-11-30T11:01:35.477681+00:00, execution_date=20241130T110135, start_date=20241130T204035, end_date=20241130T204036
[2024-11-30T20:40:36.360+0000] {standard_task_runner.py:110} ERROR - Failed to execute job 458 for task store_openweathermap_data (name 'e' is not defined; 17462)
[2024-11-30T20:40:36.392+0000] {local_task_job_runner.py:243} INFO - Task exited with return code 1
[2024-11-30T20:40:36.438+0000] {taskinstance.py:3503} INFO - 0 downstream tasks scheduled from follow-on schedule check
[2024-11-30T20:40:36.448+0000] {local_task_job_runner.py:222} INFO - ::endgroup::
