[2024-11-28T12:53:18.371+0000] {local_task_job_runner.py:120} INFO - ::group::Pre task execution logs
[2024-11-28T12:53:18.446+0000] {taskinstance.py:2076} INFO - Dependencies all met for dep_context=non-requeueable deps ti=<TaskInstance: weather_data_kafka_dag.run_spark_kafka_to_parquet scheduled__2024-11-28T07:00:00+00:00 [queued]>
[2024-11-28T12:53:18.466+0000] {taskinstance.py:2076} INFO - Dependencies all met for dep_context=requeueable deps ti=<TaskInstance: weather_data_kafka_dag.run_spark_kafka_to_parquet scheduled__2024-11-28T07:00:00+00:00 [queued]>
[2024-11-28T12:53:18.475+0000] {taskinstance.py:2306} INFO - Starting attempt 4 of 4
[2024-11-28T12:53:18.508+0000] {taskinstance.py:2330} INFO - Executing <Task(BashOperator): run_spark_kafka_to_parquet> on 2024-11-28 07:00:00+00:00
[2024-11-28T12:53:18.521+0000] {standard_task_runner.py:90} INFO - Running: ['***', 'tasks', 'run', 'weather_data_kafka_dag', 'run_spark_kafka_to_parquet', 'scheduled__2024-11-28T07:00:00+00:00', '--job-id', '69', '--raw', '--subdir', 'DAGS_FOLDER/kafka_stream.py', '--cfg-path', '/tmp/tmplyhp2e5z']
[2024-11-28T12:53:18.525+0000] {logging_mixin.py:188} WARNING - /home/***/.local/lib/python3.12/site-packages/***/task/task_runner/standard_task_runner.py:62 DeprecationWarning: This process (pid=7312) is multi-threaded, use of fork() may lead to deadlocks in the child.
[2024-11-28T12:53:18.526+0000] {standard_task_runner.py:91} INFO - Job 69: Subtask run_spark_kafka_to_parquet
[2024-11-28T12:53:18.527+0000] {standard_task_runner.py:64} INFO - Started process 7314 to run task
[2024-11-28T12:53:18.630+0000] {task_command.py:426} INFO - Running <TaskInstance: weather_data_kafka_dag.run_spark_kafka_to_parquet scheduled__2024-11-28T07:00:00+00:00 [running]> on host cc9ad6cea7ef
[2024-11-28T12:53:18.827+0000] {taskinstance.py:2648} INFO - Exporting env vars: AIRFLOW_CTX_DAG_OWNER='admin' AIRFLOW_CTX_DAG_ID='weather_data_kafka_dag' AIRFLOW_CTX_TASK_ID='run_spark_kafka_to_parquet' AIRFLOW_CTX_EXECUTION_DATE='2024-11-28T07:00:00+00:00' AIRFLOW_CTX_TRY_NUMBER='4' AIRFLOW_CTX_DAG_RUN_ID='scheduled__2024-11-28T07:00:00+00:00'
[2024-11-28T12:53:18.829+0000] {taskinstance.py:430} INFO - ::endgroup::
[2024-11-28T12:53:18.858+0000] {subprocess.py:63} INFO - Tmp dir root location: /tmp
[2024-11-28T12:53:18.861+0000] {subprocess.py:75} INFO - Running command: ['/usr/bin/bash', '-c', '\n            # Copier les fichiers nécessaires dans le conteneur spark-master\n            docker cp ./dependencies.zip spark-master:/dependencies.zip\n            docker cp ./dags/kafka_to_parquet.py spark-master:/kafka_to_parquet.py\n        \n            # Exécuter le job Spark avec les fichiers copiés et les packages nécessaires\n            docker exec -it spark-master spark-submit                 --packages org.apache.spark:spark-sql-kafka-0-10_2.12:3.5.1                 --py-files /dependencies.zip                 /kafka_to_parquet.py\n        ']
[2024-11-28T12:53:18.877+0000] {subprocess.py:86} INFO - Output:
[2024-11-28T12:53:18.917+0000] {subprocess.py:93} INFO - lstat /tmp/***tmpu_1zdomd/dependencies.zip: no such file or directory
[2024-11-28T12:53:18.961+0000] {subprocess.py:93} INFO - lstat /tmp/***tmpu_1zdomd/dags: no such file or directory
[2024-11-28T12:53:18.993+0000] {subprocess.py:93} INFO - Cannot connect to the Docker daemon at unix:///var/run/docker.sock. Is the docker daemon running?
[2024-11-28T12:53:18.996+0000] {subprocess.py:97} INFO - Command exited with return code 1
[2024-11-28T12:53:18.999+0000] {taskinstance.py:441} INFO - ::group::Post task execution logs
[2024-11-28T12:53:19.024+0000] {taskinstance.py:2905} ERROR - Task failed with exception
Traceback (most recent call last):
  File "/home/airflow/.local/lib/python3.12/site-packages/airflow/models/taskinstance.py", line 465, in _execute_task
    result = _execute_callable(context=context, **execute_callable_kwargs)
             ^^^^^^^^^^^^^^^^^^^^^^^^^^^^^^^^^^^^^^^^^^^^^^^^^^^^^^^^^^^^^
  File "/home/airflow/.local/lib/python3.12/site-packages/airflow/models/taskinstance.py", line 432, in _execute_callable
    return execute_callable(context=context, **execute_callable_kwargs)
           ^^^^^^^^^^^^^^^^^^^^^^^^^^^^^^^^^^^^^^^^^^^^^^^^^^^^^^^^^^^^
  File "/home/airflow/.local/lib/python3.12/site-packages/airflow/models/baseoperator.py", line 401, in wrapper
    return func(self, *args, **kwargs)
           ^^^^^^^^^^^^^^^^^^^^^^^^^^^
  File "/home/airflow/.local/lib/python3.12/site-packages/airflow/operators/bash.py", line 243, in execute
    raise AirflowException(
airflow.exceptions.AirflowException: Bash command failed. The command returned a non-zero exit code 1.
[2024-11-28T12:53:19.036+0000] {taskinstance.py:1206} INFO - Marking task as FAILED. dag_id=weather_data_kafka_dag, task_id=run_spark_kafka_to_parquet, run_id=scheduled__2024-11-28T07:00:00+00:00, execution_date=20241128T070000, start_date=20241128T125318, end_date=20241128T125319
[2024-11-28T12:53:19.083+0000] {standard_task_runner.py:110} ERROR - Failed to execute job 69 for task run_spark_kafka_to_parquet (Bash command failed. The command returned a non-zero exit code 1.; 7314)
[2024-11-28T12:53:19.106+0000] {local_task_job_runner.py:243} INFO - Task exited with return code 1
[2024-11-28T12:53:19.160+0000] {taskinstance.py:3503} INFO - 0 downstream tasks scheduled from follow-on schedule check
[2024-11-28T12:53:19.183+0000] {local_task_job_runner.py:222} INFO - ::endgroup::
