[2024-11-28T13:43:23.782+0000] {local_task_job_runner.py:120} INFO - ::group::Pre task execution logs
[2024-11-28T13:43:23.906+0000] {taskinstance.py:2076} INFO - Dependencies all met for dep_context=non-requeueable deps ti=<TaskInstance: weather_data_kafka_dag.run_spark_kafka_to_parquet scheduled__2024-11-27T00:00:00+00:00 [queued]>
[2024-11-28T13:43:23.935+0000] {taskinstance.py:2076} INFO - Dependencies all met for dep_context=requeueable deps ti=<TaskInstance: weather_data_kafka_dag.run_spark_kafka_to_parquet scheduled__2024-11-27T00:00:00+00:00 [queued]>
[2024-11-28T13:43:23.940+0000] {taskinstance.py:2306} INFO - Starting attempt 4 of 4
[2024-11-28T13:43:23.972+0000] {taskinstance.py:2330} INFO - Executing <Task(BashOperator): run_spark_kafka_to_parquet> on 2024-11-27 00:00:00+00:00
[2024-11-28T13:43:23.988+0000] {logging_mixin.py:188} WARNING - /home/***/.local/lib/python3.12/site-packages/***/task/task_runner/standard_task_runner.py:62 DeprecationWarning: This process (pid=9858) is multi-threaded, use of fork() may lead to deadlocks in the child.
[2024-11-28T13:43:23.985+0000] {standard_task_runner.py:90} INFO - Running: ['***', 'tasks', 'run', 'weather_data_kafka_dag', 'run_spark_kafka_to_parquet', 'scheduled__2024-11-27T00:00:00+00:00', '--job-id', '113', '--raw', '--subdir', 'DAGS_FOLDER/kafka_stream.py', '--cfg-path', '/tmp/tmpywzfar1k']
[2024-11-28T13:43:23.990+0000] {standard_task_runner.py:64} INFO - Started process 9861 to run task
[2024-11-28T13:43:23.990+0000] {standard_task_runner.py:91} INFO - Job 113: Subtask run_spark_kafka_to_parquet
[2024-11-28T13:43:24.097+0000] {task_command.py:426} INFO - Running <TaskInstance: weather_data_kafka_dag.run_spark_kafka_to_parquet scheduled__2024-11-27T00:00:00+00:00 [running]> on host cc9ad6cea7ef
[2024-11-28T13:43:24.321+0000] {taskinstance.py:2648} INFO - Exporting env vars: AIRFLOW_CTX_DAG_OWNER='admin' AIRFLOW_CTX_DAG_ID='weather_data_kafka_dag' AIRFLOW_CTX_TASK_ID='run_spark_kafka_to_parquet' AIRFLOW_CTX_EXECUTION_DATE='2024-11-27T00:00:00+00:00' AIRFLOW_CTX_TRY_NUMBER='4' AIRFLOW_CTX_DAG_RUN_ID='scheduled__2024-11-27T00:00:00+00:00'
[2024-11-28T13:43:24.324+0000] {taskinstance.py:430} INFO - ::endgroup::
[2024-11-28T13:43:24.362+0000] {subprocess.py:63} INFO - Tmp dir root location: /tmp
[2024-11-28T13:43:24.364+0000] {subprocess.py:75} INFO - Running command: ['/usr/bin/bash', '-c', '...']
[2024-11-28T13:43:24.383+0000] {subprocess.py:86} INFO - Output:
[2024-11-28T13:43:24.388+0000] {subprocess.py:93} INFO - /usr/bin/bash: line 1: ...: command not found
[2024-11-28T13:43:24.390+0000] {subprocess.py:97} INFO - Command exited with return code 127
[2024-11-28T13:43:24.392+0000] {taskinstance.py:441} INFO - ::group::Post task execution logs
[2024-11-28T13:43:24.421+0000] {taskinstance.py:2905} ERROR - Task failed with exception
Traceback (most recent call last):
  File "/home/airflow/.local/lib/python3.12/site-packages/airflow/models/taskinstance.py", line 465, in _execute_task
    result = _execute_callable(context=context, **execute_callable_kwargs)
             ^^^^^^^^^^^^^^^^^^^^^^^^^^^^^^^^^^^^^^^^^^^^^^^^^^^^^^^^^^^^^
  File "/home/airflow/.local/lib/python3.12/site-packages/airflow/models/taskinstance.py", line 432, in _execute_callable
    return execute_callable(context=context, **execute_callable_kwargs)
           ^^^^^^^^^^^^^^^^^^^^^^^^^^^^^^^^^^^^^^^^^^^^^^^^^^^^^^^^^^^^
  File "/home/airflow/.local/lib/python3.12/site-packages/airflow/models/baseoperator.py", line 401, in wrapper
    return func(self, *args, **kwargs)
           ^^^^^^^^^^^^^^^^^^^^^^^^^^^
  File "/home/airflow/.local/lib/python3.12/site-packages/airflow/operators/bash.py", line 243, in execute
    raise AirflowException(
airflow.exceptions.AirflowException: Bash command failed. The command returned a non-zero exit code 127.
[2024-11-28T13:43:24.437+0000] {taskinstance.py:1206} INFO - Marking task as FAILED. dag_id=weather_data_kafka_dag, task_id=run_spark_kafka_to_parquet, run_id=scheduled__2024-11-27T00:00:00+00:00, execution_date=20241127T000000, start_date=20241128T134323, end_date=20241128T134324
[2024-11-28T13:43:24.473+0000] {standard_task_runner.py:110} ERROR - Failed to execute job 113 for task run_spark_kafka_to_parquet (Bash command failed. The command returned a non-zero exit code 127.; 9861)
[2024-11-28T13:43:24.529+0000] {local_task_job_runner.py:243} INFO - Task exited with return code 1
[2024-11-28T13:43:24.595+0000] {taskinstance.py:3503} INFO - 0 downstream tasks scheduled from follow-on schedule check
[2024-11-28T13:43:24.606+0000] {local_task_job_runner.py:222} INFO - ::endgroup::
