[2024-11-28T13:02:05.327+0000] {local_task_job_runner.py:120} INFO - ::group::Pre task execution logs
[2024-11-28T13:02:05.419+0000] {taskinstance.py:2076} INFO - Dependencies all met for dep_context=non-requeueable deps ti=<TaskInstance: weather_data_kafka_dag.run_spark_kafka_to_parquet scheduled__2024-11-28T12:00:00+00:00 [queued]>
[2024-11-28T13:02:05.446+0000] {taskinstance.py:2076} INFO - Dependencies all met for dep_context=requeueable deps ti=<TaskInstance: weather_data_kafka_dag.run_spark_kafka_to_parquet scheduled__2024-11-28T12:00:00+00:00 [queued]>
[2024-11-28T13:02:05.448+0000] {taskinstance.py:2306} INFO - Starting attempt 1 of 4
[2024-11-28T13:02:05.486+0000] {taskinstance.py:2330} INFO - Executing <Task(BashOperator): run_spark_kafka_to_parquet> on 2024-11-28 12:00:00+00:00
[2024-11-28T13:02:05.503+0000] {logging_mixin.py:188} WARNING - /home/***/.local/lib/python3.12/site-packages/***/task/task_runner/standard_task_runner.py:62 DeprecationWarning: This process (pid=7816) is multi-threaded, use of fork() may lead to deadlocks in the child.
[2024-11-28T13:02:05.500+0000] {standard_task_runner.py:90} INFO - Running: ['***', 'tasks', 'run', 'weather_data_kafka_dag', 'run_spark_kafka_to_parquet', 'scheduled__2024-11-28T12:00:00+00:00', '--job-id', '76', '--raw', '--subdir', 'DAGS_FOLDER/kafka_stream.py', '--cfg-path', '/tmp/tmp4mh0q0_7']
[2024-11-28T13:02:05.505+0000] {standard_task_runner.py:64} INFO - Started process 7817 to run task
[2024-11-28T13:02:05.506+0000] {standard_task_runner.py:91} INFO - Job 76: Subtask run_spark_kafka_to_parquet
[2024-11-28T13:02:05.611+0000] {task_command.py:426} INFO - Running <TaskInstance: weather_data_kafka_dag.run_spark_kafka_to_parquet scheduled__2024-11-28T12:00:00+00:00 [running]> on host cc9ad6cea7ef
[2024-11-28T13:02:05.823+0000] {taskinstance.py:2648} INFO - Exporting env vars: AIRFLOW_CTX_DAG_OWNER='admin' AIRFLOW_CTX_DAG_ID='weather_data_kafka_dag' AIRFLOW_CTX_TASK_ID='run_spark_kafka_to_parquet' AIRFLOW_CTX_EXECUTION_DATE='2024-11-28T12:00:00+00:00' AIRFLOW_CTX_TRY_NUMBER='1' AIRFLOW_CTX_DAG_RUN_ID='scheduled__2024-11-28T12:00:00+00:00'
[2024-11-28T13:02:05.829+0000] {taskinstance.py:430} INFO - ::endgroup::
[2024-11-28T13:02:05.869+0000] {subprocess.py:63} INFO - Tmp dir root location: /tmp
[2024-11-28T13:02:05.871+0000] {subprocess.py:75} INFO - Running command: ['/usr/bin/bash', '-c', '\n            # Copier les fichiers nécessaires dans le conteneur spark-master\n            docker cp ./dependencies.zip spark-master:/dependencies.zip\n            docker cp ./dags/kafka_to_parquet.py spark-master:/kafka_to_parquet.py\n        \n            # Exécuter le job Spark avec les fichiers copiés et les packages nécessaires\n            docker exec -it spark-master spark-submit                 --packages org.apache.spark:spark-sql-kafka-0-10_2.12:3.5.1                 --py-files /dependencies.zip                 /kafka_to_parquet.py\n        ']
[2024-11-28T13:02:05.889+0000] {subprocess.py:86} INFO - Output:
[2024-11-28T13:02:05.921+0000] {subprocess.py:93} INFO - lstat /tmp/***tmp2u0qkxfk/dependencies.zip: no such file or directory
[2024-11-28T13:02:05.955+0000] {subprocess.py:93} INFO - lstat /tmp/***tmp2u0qkxfk/dags: no such file or directory
[2024-11-28T13:02:05.991+0000] {subprocess.py:93} INFO - Cannot connect to the Docker daemon at unix:///var/run/docker.sock. Is the docker daemon running?
[2024-11-28T13:02:05.994+0000] {subprocess.py:97} INFO - Command exited with return code 1
[2024-11-28T13:02:05.996+0000] {taskinstance.py:441} INFO - ::group::Post task execution logs
[2024-11-28T13:02:06.020+0000] {taskinstance.py:2905} ERROR - Task failed with exception
Traceback (most recent call last):
  File "/home/airflow/.local/lib/python3.12/site-packages/airflow/models/taskinstance.py", line 465, in _execute_task
    result = _execute_callable(context=context, **execute_callable_kwargs)
             ^^^^^^^^^^^^^^^^^^^^^^^^^^^^^^^^^^^^^^^^^^^^^^^^^^^^^^^^^^^^^
  File "/home/airflow/.local/lib/python3.12/site-packages/airflow/models/taskinstance.py", line 432, in _execute_callable
    return execute_callable(context=context, **execute_callable_kwargs)
           ^^^^^^^^^^^^^^^^^^^^^^^^^^^^^^^^^^^^^^^^^^^^^^^^^^^^^^^^^^^^
  File "/home/airflow/.local/lib/python3.12/site-packages/airflow/models/baseoperator.py", line 401, in wrapper
    return func(self, *args, **kwargs)
           ^^^^^^^^^^^^^^^^^^^^^^^^^^^
  File "/home/airflow/.local/lib/python3.12/site-packages/airflow/operators/bash.py", line 243, in execute
    raise AirflowException(
airflow.exceptions.AirflowException: Bash command failed. The command returned a non-zero exit code 1.
[2024-11-28T13:02:06.032+0000] {taskinstance.py:1206} INFO - Marking task as UP_FOR_RETRY. dag_id=weather_data_kafka_dag, task_id=run_spark_kafka_to_parquet, run_id=scheduled__2024-11-28T12:00:00+00:00, execution_date=20241128T120000, start_date=20241128T130205, end_date=20241128T130206
[2024-11-28T13:02:06.073+0000] {standard_task_runner.py:110} ERROR - Failed to execute job 76 for task run_spark_kafka_to_parquet (Bash command failed. The command returned a non-zero exit code 1.; 7817)
[2024-11-28T13:02:06.125+0000] {local_task_job_runner.py:243} INFO - Task exited with return code 1
[2024-11-28T13:02:06.164+0000] {taskinstance.py:3503} INFO - 0 downstream tasks scheduled from follow-on schedule check
[2024-11-28T13:02:06.175+0000] {local_task_job_runner.py:222} INFO - ::endgroup::
[2024-11-28T13:06:21.246+0000] {local_task_job_runner.py:120} INFO - ::group::Pre task execution logs
[2024-11-28T13:06:21.362+0000] {taskinstance.py:2076} INFO - Dependencies all met for dep_context=non-requeueable deps ti=<TaskInstance: weather_data_kafka_dag.run_spark_kafka_to_parquet scheduled__2024-11-28T12:00:00+00:00 [queued]>
[2024-11-28T13:06:21.390+0000] {taskinstance.py:2076} INFO - Dependencies all met for dep_context=requeueable deps ti=<TaskInstance: weather_data_kafka_dag.run_spark_kafka_to_parquet scheduled__2024-11-28T12:00:00+00:00 [queued]>
[2024-11-28T13:06:21.392+0000] {taskinstance.py:2306} INFO - Starting attempt 1 of 4
[2024-11-28T13:06:21.433+0000] {taskinstance.py:2330} INFO - Executing <Task(BashOperator): run_spark_kafka_to_parquet> on 2024-11-28 12:00:00+00:00
[2024-11-28T13:06:21.455+0000] {logging_mixin.py:188} WARNING - /home/***/.local/lib/python3.12/site-packages/***/task/task_runner/standard_task_runner.py:62 DeprecationWarning: This process (pid=7984) is multi-threaded, use of fork() may lead to deadlocks in the child.
[2024-11-28T13:06:21.459+0000] {standard_task_runner.py:64} INFO - Started process 7985 to run task
[2024-11-28T13:06:21.451+0000] {standard_task_runner.py:90} INFO - Running: ['***', 'tasks', 'run', 'weather_data_kafka_dag', 'run_spark_kafka_to_parquet', 'scheduled__2024-11-28T12:00:00+00:00', '--job-id', '81', '--raw', '--subdir', 'DAGS_FOLDER/kafka_stream.py', '--cfg-path', '/tmp/tmpgomjk95y']
[2024-11-28T13:06:21.462+0000] {standard_task_runner.py:91} INFO - Job 81: Subtask run_spark_kafka_to_parquet
[2024-11-28T13:06:21.641+0000] {task_command.py:426} INFO - Running <TaskInstance: weather_data_kafka_dag.run_spark_kafka_to_parquet scheduled__2024-11-28T12:00:00+00:00 [running]> on host cc9ad6cea7ef
[2024-11-28T13:06:21.822+0000] {taskinstance.py:2648} INFO - Exporting env vars: AIRFLOW_CTX_DAG_OWNER='admin' AIRFLOW_CTX_DAG_ID='weather_data_kafka_dag' AIRFLOW_CTX_TASK_ID='run_spark_kafka_to_parquet' AIRFLOW_CTX_EXECUTION_DATE='2024-11-28T12:00:00+00:00' AIRFLOW_CTX_TRY_NUMBER='1' AIRFLOW_CTX_DAG_RUN_ID='scheduled__2024-11-28T12:00:00+00:00'
[2024-11-28T13:06:21.824+0000] {taskinstance.py:430} INFO - ::endgroup::
[2024-11-28T13:06:21.879+0000] {subprocess.py:63} INFO - Tmp dir root location: /tmp
[2024-11-28T13:06:21.883+0000] {subprocess.py:75} INFO - Running command: ['/usr/bin/bash', '-c', ' \n            # Copier les fichiers nécessaires dans le conteneur spark-master\n            docker cp ./dependencies.zip spark-master:/dependencies.zip\n            docker cp ./dags/kafka_to_parquet.py spark-master:/kafka_to_parquet.py\n        \n            # Exécuter le job Spark avec les fichiers copiés et les packages nécessaires\n            docker exec -it spark-master spark-submit                 --packages org.apache.spark:spark-sql-kafka-0-10_2.12:3.5.1                 --py-files /dependencies.zip                 /kafka_to_parquet.py\n        ']
[2024-11-28T13:06:21.897+0000] {subprocess.py:86} INFO - Output:
[2024-11-28T13:06:21.927+0000] {subprocess.py:93} INFO - lstat /tmp/***tmptpy15hnw/dependencies.zip: no such file or directory
[2024-11-28T13:06:21.954+0000] {subprocess.py:93} INFO - lstat /tmp/***tmptpy15hnw/dags: no such file or directory
[2024-11-28T13:06:21.978+0000] {subprocess.py:93} INFO - Cannot connect to the Docker daemon at unix:///var/run/docker.sock. Is the docker daemon running?
[2024-11-28T13:06:21.979+0000] {subprocess.py:97} INFO - Command exited with return code 1
[2024-11-28T13:06:21.980+0000] {taskinstance.py:441} INFO - ::group::Post task execution logs
[2024-11-28T13:06:21.994+0000] {taskinstance.py:2905} ERROR - Task failed with exception
Traceback (most recent call last):
  File "/home/airflow/.local/lib/python3.12/site-packages/airflow/models/taskinstance.py", line 465, in _execute_task
    result = _execute_callable(context=context, **execute_callable_kwargs)
             ^^^^^^^^^^^^^^^^^^^^^^^^^^^^^^^^^^^^^^^^^^^^^^^^^^^^^^^^^^^^^
  File "/home/airflow/.local/lib/python3.12/site-packages/airflow/models/taskinstance.py", line 432, in _execute_callable
    return execute_callable(context=context, **execute_callable_kwargs)
           ^^^^^^^^^^^^^^^^^^^^^^^^^^^^^^^^^^^^^^^^^^^^^^^^^^^^^^^^^^^^
  File "/home/airflow/.local/lib/python3.12/site-packages/airflow/models/baseoperator.py", line 401, in wrapper
    return func(self, *args, **kwargs)
           ^^^^^^^^^^^^^^^^^^^^^^^^^^^
  File "/home/airflow/.local/lib/python3.12/site-packages/airflow/operators/bash.py", line 243, in execute
    raise AirflowException(
airflow.exceptions.AirflowException: Bash command failed. The command returned a non-zero exit code 1.
[2024-11-28T13:06:22.001+0000] {taskinstance.py:1206} INFO - Marking task as UP_FOR_RETRY. dag_id=weather_data_kafka_dag, task_id=run_spark_kafka_to_parquet, run_id=scheduled__2024-11-28T12:00:00+00:00, execution_date=20241128T120000, start_date=20241128T130621, end_date=20241128T130622
[2024-11-28T13:06:22.025+0000] {standard_task_runner.py:110} ERROR - Failed to execute job 81 for task run_spark_kafka_to_parquet (Bash command failed. The command returned a non-zero exit code 1.; 7985)
[2024-11-28T13:06:22.041+0000] {local_task_job_runner.py:243} INFO - Task exited with return code 1
[2024-11-28T13:06:22.069+0000] {taskinstance.py:3503} INFO - 0 downstream tasks scheduled from follow-on schedule check
[2024-11-28T13:06:22.073+0000] {local_task_job_runner.py:222} INFO - ::endgroup::
[2024-11-28T13:31:08.847+0000] {local_task_job_runner.py:120} INFO - ::group::Pre task execution logs
[2024-11-28T13:31:08.899+0000] {taskinstance.py:2076} INFO - Dependencies all met for dep_context=non-requeueable deps ti=<TaskInstance: weather_data_kafka_dag.run_spark_kafka_to_parquet scheduled__2024-11-28T12:00:00+00:00 [queued]>
[2024-11-28T13:31:08.924+0000] {taskinstance.py:2076} INFO - Dependencies all met for dep_context=requeueable deps ti=<TaskInstance: weather_data_kafka_dag.run_spark_kafka_to_parquet scheduled__2024-11-28T12:00:00+00:00 [queued]>
[2024-11-28T13:31:08.925+0000] {taskinstance.py:2306} INFO - Starting attempt 1 of 4
[2024-11-28T13:31:08.970+0000] {taskinstance.py:2330} INFO - Executing <Task(BashOperator): run_spark_kafka_to_parquet> on 2024-11-28 12:00:00+00:00
[2024-11-28T13:31:08.988+0000] {logging_mixin.py:188} WARNING - /home/***/.local/lib/python3.12/site-packages/***/task/task_runner/standard_task_runner.py:62 DeprecationWarning: This process (pid=9201) is multi-threaded, use of fork() may lead to deadlocks in the child.
[2024-11-28T13:31:08.985+0000] {standard_task_runner.py:90} INFO - Running: ['***', 'tasks', 'run', 'weather_data_kafka_dag', 'run_spark_kafka_to_parquet', 'scheduled__2024-11-28T12:00:00+00:00', '--job-id', '99', '--raw', '--subdir', 'DAGS_FOLDER/kafka_stream.py', '--cfg-path', '/tmp/tmp8uvg32i9']
[2024-11-28T13:31:08.991+0000] {standard_task_runner.py:64} INFO - Started process 9204 to run task
[2024-11-28T13:31:08.991+0000] {standard_task_runner.py:91} INFO - Job 99: Subtask run_spark_kafka_to_parquet
[2024-11-28T13:31:09.106+0000] {task_command.py:426} INFO - Running <TaskInstance: weather_data_kafka_dag.run_spark_kafka_to_parquet scheduled__2024-11-28T12:00:00+00:00 [running]> on host cc9ad6cea7ef
[2024-11-28T13:31:09.343+0000] {taskinstance.py:2648} INFO - Exporting env vars: AIRFLOW_CTX_DAG_OWNER='admin' AIRFLOW_CTX_DAG_ID='weather_data_kafka_dag' AIRFLOW_CTX_TASK_ID='run_spark_kafka_to_parquet' AIRFLOW_CTX_EXECUTION_DATE='2024-11-28T12:00:00+00:00' AIRFLOW_CTX_TRY_NUMBER='1' AIRFLOW_CTX_DAG_RUN_ID='scheduled__2024-11-28T12:00:00+00:00'
[2024-11-28T13:31:09.345+0000] {taskinstance.py:430} INFO - ::endgroup::
[2024-11-28T13:31:09.383+0000] {subprocess.py:63} INFO - Tmp dir root location: /tmp
[2024-11-28T13:31:09.386+0000] {subprocess.py:75} INFO - Running command: ['/usr/bin/bash', '-c', '\n            # Copier les fichiers nécessaires dans le conteneur spark-master\n            docker cp ./dependencies.zip spark-master:/dependencies.zip\n            docker cp ./kafka_to_parquet.py spark-master:/kafka_to_parquet.py\n        \n            # Exécuter le job Spark avec les fichiers copiés et les packages nécessaires\n            docker exec -it spark-master spark-submit                 --packages org.apache.spark:spark-sql-kafka-0-10_2.12:3.5.1                 --py-files /dependencies.zip                 /kafka_to_parquet.py\n        ']
[2024-11-28T13:31:09.404+0000] {subprocess.py:86} INFO - Output:
[2024-11-28T13:31:09.443+0000] {subprocess.py:93} INFO - lstat /tmp/***tmpyd6rkyh9/dependencies.zip: no such file or directory
[2024-11-28T13:31:09.484+0000] {subprocess.py:93} INFO - lstat /tmp/***tmpyd6rkyh9/kafka_to_parquet.py: no such file or directory
[2024-11-28T13:31:09.510+0000] {subprocess.py:93} INFO - Cannot connect to the Docker daemon at unix:///var/run/docker.sock. Is the docker daemon running?
[2024-11-28T13:31:09.513+0000] {subprocess.py:97} INFO - Command exited with return code 1
[2024-11-28T13:31:09.514+0000] {taskinstance.py:441} INFO - ::group::Post task execution logs
[2024-11-28T13:31:09.530+0000] {taskinstance.py:2905} ERROR - Task failed with exception
Traceback (most recent call last):
  File "/home/airflow/.local/lib/python3.12/site-packages/airflow/models/taskinstance.py", line 465, in _execute_task
    result = _execute_callable(context=context, **execute_callable_kwargs)
             ^^^^^^^^^^^^^^^^^^^^^^^^^^^^^^^^^^^^^^^^^^^^^^^^^^^^^^^^^^^^^
  File "/home/airflow/.local/lib/python3.12/site-packages/airflow/models/taskinstance.py", line 432, in _execute_callable
    return execute_callable(context=context, **execute_callable_kwargs)
           ^^^^^^^^^^^^^^^^^^^^^^^^^^^^^^^^^^^^^^^^^^^^^^^^^^^^^^^^^^^^
  File "/home/airflow/.local/lib/python3.12/site-packages/airflow/models/baseoperator.py", line 401, in wrapper
    return func(self, *args, **kwargs)
           ^^^^^^^^^^^^^^^^^^^^^^^^^^^
  File "/home/airflow/.local/lib/python3.12/site-packages/airflow/operators/bash.py", line 243, in execute
    raise AirflowException(
airflow.exceptions.AirflowException: Bash command failed. The command returned a non-zero exit code 1.
[2024-11-28T13:31:09.538+0000] {taskinstance.py:1206} INFO - Marking task as UP_FOR_RETRY. dag_id=weather_data_kafka_dag, task_id=run_spark_kafka_to_parquet, run_id=scheduled__2024-11-28T12:00:00+00:00, execution_date=20241128T120000, start_date=20241128T133108, end_date=20241128T133109
[2024-11-28T13:31:09.565+0000] {standard_task_runner.py:110} ERROR - Failed to execute job 99 for task run_spark_kafka_to_parquet (Bash command failed. The command returned a non-zero exit code 1.; 9204)
[2024-11-28T13:31:09.610+0000] {local_task_job_runner.py:243} INFO - Task exited with return code 1
[2024-11-28T13:31:09.634+0000] {taskinstance.py:3503} INFO - 0 downstream tasks scheduled from follow-on schedule check
[2024-11-28T13:31:09.638+0000] {local_task_job_runner.py:222} INFO - ::endgroup::
