[2024-11-28T14:16:34.426+0000] {local_task_job_runner.py:120} INFO - ::group::Pre task execution logs
[2024-11-28T14:16:34.455+0000] {taskinstance.py:2076} INFO - Dependencies all met for dep_context=non-requeueable deps ti=<TaskInstance: weather_data_kafka_dag.stream_data_from_apis scheduled__2024-11-28T13:00:00+00:00 [queued]>
[2024-11-28T14:16:34.463+0000] {taskinstance.py:2076} INFO - Dependencies all met for dep_context=requeueable deps ti=<TaskInstance: weather_data_kafka_dag.stream_data_from_apis scheduled__2024-11-28T13:00:00+00:00 [queued]>
[2024-11-28T14:16:34.465+0000] {taskinstance.py:2306} INFO - Starting attempt 2 of 4
[2024-11-28T14:16:34.480+0000] {taskinstance.py:2330} INFO - Executing <Task(PythonOperator): stream_data_from_apis> on 2024-11-28 13:00:00+00:00
[2024-11-28T14:16:34.487+0000] {logging_mixin.py:188} WARNING - /home/***/.local/lib/python3.12/site-packages/***/task/task_runner/standard_task_runner.py:62 DeprecationWarning: This process (pid=10942) is multi-threaded, use of fork() may lead to deadlocks in the child.
[2024-11-28T14:16:34.488+0000] {standard_task_runner.py:64} INFO - Started process 10944 to run task
[2024-11-28T14:16:34.487+0000] {standard_task_runner.py:90} INFO - Running: ['***', 'tasks', 'run', 'weather_data_kafka_dag', 'stream_data_from_apis', 'scheduled__2024-11-28T13:00:00+00:00', '--job-id', '126', '--raw', '--subdir', 'DAGS_FOLDER/kafka_stream.py', '--cfg-path', '/tmp/tmpu8cgvvkp']
[2024-11-28T14:16:34.489+0000] {standard_task_runner.py:91} INFO - Job 126: Subtask stream_data_from_apis
[2024-11-28T14:16:34.532+0000] {task_command.py:426} INFO - Running <TaskInstance: weather_data_kafka_dag.stream_data_from_apis scheduled__2024-11-28T13:00:00+00:00 [running]> on host cc9ad6cea7ef
[2024-11-28T14:16:34.605+0000] {taskinstance.py:2648} INFO - Exporting env vars: AIRFLOW_CTX_DAG_OWNER='admin' AIRFLOW_CTX_DAG_ID='weather_data_kafka_dag' AIRFLOW_CTX_TASK_ID='stream_data_from_apis' AIRFLOW_CTX_EXECUTION_DATE='2024-11-28T13:00:00+00:00' AIRFLOW_CTX_TRY_NUMBER='2' AIRFLOW_CTX_DAG_RUN_ID='scheduled__2024-11-28T13:00:00+00:00'
[2024-11-28T14:16:34.605+0000] {taskinstance.py:430} INFO - ::endgroup::
[2024-11-28T14:16:34.618+0000] {conn.py:362} INFO - <BrokerConnection node_id=bootstrap-0 host=broker:9092 <connecting> [IPv4 ('172.18.0.8', 9092)]>: connecting to broker:9092 [('172.18.0.8', 9092) IPv4]
[2024-11-28T14:16:34.619+0000] {conn.py:957} INFO - Probing node bootstrap-0 broker version
[2024-11-28T14:16:34.620+0000] {conn.py:393} INFO - <BrokerConnection node_id=bootstrap-0 host=broker:9092 <connecting> [IPv4 ('172.18.0.8', 9092)]>: Connection complete.
[2024-11-28T14:16:34.725+0000] {conn.py:1019} INFO - Broker version identified as 2.6.0
[2024-11-28T14:16:34.726+0000] {conn.py:1020} INFO - Set configuration api_version=(2, 6, 0) to skip auto check_version requests on startup
[2024-11-28T14:16:34.730+0000] {taskinstance.py:441} INFO - ::group::Post task execution logs
[2024-11-28T14:16:34.731+0000] {taskinstance.py:2905} ERROR - Task failed with exception
Traceback (most recent call last):
  File "/opt/airflow/dags/kafka_stream.py", line 43, in fetch_openweathermap_data
    'q': f"{city['name']},ma",  # Utiliser le nom de la ville dans la requête
            ~~~~^^^^^^^^
KeyError: 'name'

During handling of the above exception, another exception occurred:

Traceback (most recent call last):
  File "/opt/airflow/dags/kafka_stream.py", line 98, in stream_data
    fetch_openweathermap_data(city)
  File "/opt/airflow/dags/kafka_stream.py", line 61, in fetch_openweathermap_data
    logging.error(f"Erreur lors de la récupération des données d'OpenWeatherMap pour {city['name']}: {e}")
                                                                                      ~~~~^^^^^^^^
KeyError: 'name'

During handling of the above exception, another exception occurred:

Traceback (most recent call last):
  File "/home/airflow/.local/lib/python3.12/site-packages/airflow/models/taskinstance.py", line 465, in _execute_task
    result = _execute_callable(context=context, **execute_callable_kwargs)
             ^^^^^^^^^^^^^^^^^^^^^^^^^^^^^^^^^^^^^^^^^^^^^^^^^^^^^^^^^^^^^
  File "/home/airflow/.local/lib/python3.12/site-packages/airflow/models/taskinstance.py", line 432, in _execute_callable
    return execute_callable(context=context, **execute_callable_kwargs)
           ^^^^^^^^^^^^^^^^^^^^^^^^^^^^^^^^^^^^^^^^^^^^^^^^^^^^^^^^^^^^
  File "/home/airflow/.local/lib/python3.12/site-packages/airflow/models/baseoperator.py", line 401, in wrapper
    return func(self, *args, **kwargs)
           ^^^^^^^^^^^^^^^^^^^^^^^^^^^
  File "/home/airflow/.local/lib/python3.12/site-packages/airflow/operators/python.py", line 235, in execute
    return_value = self.execute_callable()
                   ^^^^^^^^^^^^^^^^^^^^^^^
  File "/home/airflow/.local/lib/python3.12/site-packages/airflow/operators/python.py", line 252, in execute_callable
    return self.python_callable(*self.op_args, **self.op_kwargs)
           ^^^^^^^^^^^^^^^^^^^^^^^^^^^^^^^^^^^^^^^^^^^^^^^^^^^^^
  File "/opt/airflow/dags/kafka_stream.py", line 106, in stream_data
    logging.error(f"Erreur dans le processus de streaming des données pour {city['name']}: {e}")
                                                                            ~~~~^^^^^^^^
KeyError: 'name'
[2024-11-28T14:16:34.747+0000] {taskinstance.py:1206} INFO - Marking task as UP_FOR_RETRY. dag_id=weather_data_kafka_dag, task_id=stream_data_from_apis, run_id=scheduled__2024-11-28T13:00:00+00:00, execution_date=20241128T130000, start_date=20241128T141634, end_date=20241128T141634
[2024-11-28T14:16:34.767+0000] {standard_task_runner.py:110} ERROR - Failed to execute job 126 for task stream_data_from_apis ('name'; 10944)
[2024-11-28T14:16:34.783+0000] {local_task_job_runner.py:243} INFO - Task exited with return code 1
[2024-11-28T14:16:34.804+0000] {taskinstance.py:3503} INFO - 0 downstream tasks scheduled from follow-on schedule check
[2024-11-28T14:16:34.807+0000] {local_task_job_runner.py:222} INFO - ::endgroup::
[2024-11-28T14:26:25.577+0000] {local_task_job_runner.py:120} INFO - ::group::Pre task execution logs
[2024-11-28T14:26:25.605+0000] {taskinstance.py:2076} INFO - Dependencies all met for dep_context=non-requeueable deps ti=<TaskInstance: weather_data_kafka_dag.stream_data_from_apis scheduled__2024-11-28T13:00:00+00:00 [queued]>
[2024-11-28T14:26:25.612+0000] {taskinstance.py:2076} INFO - Dependencies all met for dep_context=requeueable deps ti=<TaskInstance: weather_data_kafka_dag.stream_data_from_apis scheduled__2024-11-28T13:00:00+00:00 [queued]>
[2024-11-28T14:26:25.613+0000] {taskinstance.py:2306} INFO - Starting attempt 2 of 4
[2024-11-28T14:26:25.629+0000] {taskinstance.py:2330} INFO - Executing <Task(PythonOperator): stream_data_from_apis> on 2024-11-28 13:00:00+00:00
[2024-11-28T14:26:25.636+0000] {logging_mixin.py:188} WARNING - /home/***/.local/lib/python3.12/site-packages/***/task/task_runner/standard_task_runner.py:62 DeprecationWarning: This process (pid=11207) is multi-threaded, use of fork() may lead to deadlocks in the child.
[2024-11-28T14:26:25.636+0000] {standard_task_runner.py:90} INFO - Running: ['***', 'tasks', 'run', 'weather_data_kafka_dag', 'stream_data_from_apis', 'scheduled__2024-11-28T13:00:00+00:00', '--job-id', '131', '--raw', '--subdir', 'DAGS_FOLDER/kafka_stream.py', '--cfg-path', '/tmp/tmpnr26qows']
[2024-11-28T14:26:25.638+0000] {standard_task_runner.py:64} INFO - Started process 11211 to run task
[2024-11-28T14:26:25.638+0000] {standard_task_runner.py:91} INFO - Job 131: Subtask stream_data_from_apis
[2024-11-28T14:26:25.685+0000] {task_command.py:426} INFO - Running <TaskInstance: weather_data_kafka_dag.stream_data_from_apis scheduled__2024-11-28T13:00:00+00:00 [running]> on host cc9ad6cea7ef
[2024-11-28T14:26:25.795+0000] {taskinstance.py:2648} INFO - Exporting env vars: AIRFLOW_CTX_DAG_OWNER='admin' AIRFLOW_CTX_DAG_ID='weather_data_kafka_dag' AIRFLOW_CTX_TASK_ID='stream_data_from_apis' AIRFLOW_CTX_EXECUTION_DATE='2024-11-28T13:00:00+00:00' AIRFLOW_CTX_TRY_NUMBER='2' AIRFLOW_CTX_DAG_RUN_ID='scheduled__2024-11-28T13:00:00+00:00'
[2024-11-28T14:26:25.796+0000] {taskinstance.py:430} INFO - ::endgroup::
[2024-11-28T14:26:25.813+0000] {conn.py:362} INFO - <BrokerConnection node_id=bootstrap-0 host=broker:9092 <connecting> [IPv4 ('172.18.0.8', 9092)]>: connecting to broker:9092 [('172.18.0.8', 9092) IPv4]
[2024-11-28T14:26:25.814+0000] {conn.py:957} INFO - Probing node bootstrap-0 broker version
[2024-11-28T14:26:25.815+0000] {conn.py:393} INFO - <BrokerConnection node_id=bootstrap-0 host=broker:9092 <connecting> [IPv4 ('172.18.0.8', 9092)]>: Connection complete.
[2024-11-28T14:26:25.918+0000] {conn.py:1019} INFO - Broker version identified as 2.6.0
[2024-11-28T14:26:25.919+0000] {conn.py:1020} INFO - Set configuration api_version=(2, 6, 0) to skip auto check_version requests on startup
[2024-11-28T14:26:25.921+0000] {taskinstance.py:441} INFO - ::group::Post task execution logs
[2024-11-28T14:26:25.922+0000] {taskinstance.py:2905} ERROR - Task failed with exception
Traceback (most recent call last):
  File "/opt/airflow/dags/kafka_stream.py", line 43, in fetch_openweathermap_data
    'q': f"{city['name']},ma",  # Utiliser le nom de la ville dans la requête
            ~~~~^^^^^^^^
KeyError: 'name'

During handling of the above exception, another exception occurred:

Traceback (most recent call last):
  File "/opt/airflow/dags/kafka_stream.py", line 98, in stream_data
    fetch_openweathermap_data(city)
  File "/opt/airflow/dags/kafka_stream.py", line 61, in fetch_openweathermap_data
    logging.error(f"Erreur lors de la récupération des données d'OpenWeatherMap pour {city['name']}: {e}")
                                                                                      ~~~~^^^^^^^^
KeyError: 'name'

During handling of the above exception, another exception occurred:

Traceback (most recent call last):
  File "/home/airflow/.local/lib/python3.12/site-packages/airflow/models/taskinstance.py", line 465, in _execute_task
    result = _execute_callable(context=context, **execute_callable_kwargs)
             ^^^^^^^^^^^^^^^^^^^^^^^^^^^^^^^^^^^^^^^^^^^^^^^^^^^^^^^^^^^^^
  File "/home/airflow/.local/lib/python3.12/site-packages/airflow/models/taskinstance.py", line 432, in _execute_callable
    return execute_callable(context=context, **execute_callable_kwargs)
           ^^^^^^^^^^^^^^^^^^^^^^^^^^^^^^^^^^^^^^^^^^^^^^^^^^^^^^^^^^^^
  File "/home/airflow/.local/lib/python3.12/site-packages/airflow/models/baseoperator.py", line 401, in wrapper
    return func(self, *args, **kwargs)
           ^^^^^^^^^^^^^^^^^^^^^^^^^^^
  File "/home/airflow/.local/lib/python3.12/site-packages/airflow/operators/python.py", line 235, in execute
    return_value = self.execute_callable()
                   ^^^^^^^^^^^^^^^^^^^^^^^
  File "/home/airflow/.local/lib/python3.12/site-packages/airflow/operators/python.py", line 252, in execute_callable
    return self.python_callable(*self.op_args, **self.op_kwargs)
           ^^^^^^^^^^^^^^^^^^^^^^^^^^^^^^^^^^^^^^^^^^^^^^^^^^^^^
  File "/opt/airflow/dags/kafka_stream.py", line 106, in stream_data
    logging.error(f"Erreur dans le processus de streaming des données pour {city['name']}: {e}")
                                                                            ~~~~^^^^^^^^
KeyError: 'name'
[2024-11-28T14:26:25.936+0000] {taskinstance.py:1206} INFO - Marking task as UP_FOR_RETRY. dag_id=weather_data_kafka_dag, task_id=stream_data_from_apis, run_id=scheduled__2024-11-28T13:00:00+00:00, execution_date=20241128T130000, start_date=20241128T142625, end_date=20241128T142625
[2024-11-28T14:26:25.955+0000] {standard_task_runner.py:110} ERROR - Failed to execute job 131 for task stream_data_from_apis ('name'; 11211)
[2024-11-28T14:26:25.972+0000] {local_task_job_runner.py:243} INFO - Task exited with return code 1
[2024-11-28T14:26:25.991+0000] {taskinstance.py:3503} INFO - 0 downstream tasks scheduled from follow-on schedule check
[2024-11-28T14:26:25.994+0000] {local_task_job_runner.py:222} INFO - ::endgroup::
