[2024-11-28T00:12:50.499+0000] {local_task_job_runner.py:120} INFO - ::group::Pre task execution logs
[2024-11-28T00:12:50.598+0000] {taskinstance.py:2076} INFO - Dependencies all met for dep_context=non-requeueable deps ti=<TaskInstance: weather_data_kafka_dag.run_spark_kafka_to_parquet manual__2024-11-28T00:10:45.795239+00:00 [queued]>
[2024-11-28T00:12:50.624+0000] {taskinstance.py:2076} INFO - Dependencies all met for dep_context=requeueable deps ti=<TaskInstance: weather_data_kafka_dag.run_spark_kafka_to_parquet manual__2024-11-28T00:10:45.795239+00:00 [queued]>
[2024-11-28T00:12:50.633+0000] {taskinstance.py:2306} INFO - Starting attempt 1 of 4
[2024-11-28T00:12:50.673+0000] {taskinstance.py:2330} INFO - Executing <Task(BashOperator): run_spark_kafka_to_parquet> on 2024-11-28 00:10:45.795239+00:00
[2024-11-28T00:12:50.692+0000] {standard_task_runner.py:90} INFO - Running: ['***', 'tasks', 'run', 'weather_data_kafka_dag', 'run_spark_kafka_to_parquet', 'manual__2024-11-28T00:10:45.795239+00:00', '--job-id', '48', '--raw', '--subdir', 'DAGS_FOLDER/kafka_stream.py', '--cfg-path', '/tmp/tmp2eixo5sf']
[2024-11-28T00:12:50.699+0000] {logging_mixin.py:188} WARNING - /home/***/.local/lib/python3.12/site-packages/***/task/task_runner/standard_task_runner.py:62 DeprecationWarning: This process (pid=5867) is multi-threaded, use of fork() may lead to deadlocks in the child.
[2024-11-28T00:12:50.700+0000] {standard_task_runner.py:91} INFO - Job 48: Subtask run_spark_kafka_to_parquet
[2024-11-28T00:12:50.702+0000] {standard_task_runner.py:64} INFO - Started process 5868 to run task
[2024-11-28T00:12:50.828+0000] {task_command.py:426} INFO - Running <TaskInstance: weather_data_kafka_dag.run_spark_kafka_to_parquet manual__2024-11-28T00:10:45.795239+00:00 [running]> on host cc9ad6cea7ef
[2024-11-28T00:12:51.071+0000] {taskinstance.py:2648} INFO - Exporting env vars: AIRFLOW_CTX_DAG_OWNER='admin' AIRFLOW_CTX_DAG_ID='weather_data_kafka_dag' AIRFLOW_CTX_TASK_ID='run_spark_kafka_to_parquet' AIRFLOW_CTX_EXECUTION_DATE='2024-11-28T00:10:45.795239+00:00' AIRFLOW_CTX_TRY_NUMBER='1' AIRFLOW_CTX_DAG_RUN_ID='manual__2024-11-28T00:10:45.795239+00:00'
[2024-11-28T00:12:51.073+0000] {taskinstance.py:430} INFO - ::endgroup::
[2024-11-28T00:12:51.112+0000] {subprocess.py:63} INFO - Tmp dir root location: /tmp
[2024-11-28T00:12:51.115+0000] {subprocess.py:75} INFO - Running command: ['/usr/bin/bash', '-c', '\n            # Copier les fichiers nécessaires dans le conteneur spark-master\n            docker cp ./dependencies.zip spark-master:/dependencies.zip\n            docker cp ./dags/kafka_to_parquet.py spark-master:/kafka_to_parquet.py\n        \n            # Exécuter le job Spark avec les fichiers copiés et les packages nécessaires\n            docker exec -it spark-master spark-submit                 --packages org.apache.spark:spark-sql-kafka-0-10_2.12:3.5.1                 --py-files /dependencies.zip                 /kafka_to_parquet.py\n        ']
[2024-11-28T00:12:51.135+0000] {subprocess.py:86} INFO - Output:
[2024-11-28T00:12:51.203+0000] {subprocess.py:93} INFO - lstat /tmp/***tmp1tt78abf/dependencies.zip: no such file or directory
[2024-11-28T00:12:51.239+0000] {subprocess.py:93} INFO - lstat /tmp/***tmp1tt78abf/dags: no such file or directory
[2024-11-28T00:12:51.275+0000] {subprocess.py:93} INFO - Cannot connect to the Docker daemon at unix:///var/run/docker.sock. Is the docker daemon running?
[2024-11-28T00:12:51.278+0000] {subprocess.py:97} INFO - Command exited with return code 1
[2024-11-28T00:12:51.280+0000] {taskinstance.py:441} INFO - ::group::Post task execution logs
[2024-11-28T00:12:51.304+0000] {taskinstance.py:2905} ERROR - Task failed with exception
Traceback (most recent call last):
  File "/home/airflow/.local/lib/python3.12/site-packages/airflow/models/taskinstance.py", line 465, in _execute_task
    result = _execute_callable(context=context, **execute_callable_kwargs)
             ^^^^^^^^^^^^^^^^^^^^^^^^^^^^^^^^^^^^^^^^^^^^^^^^^^^^^^^^^^^^^
  File "/home/airflow/.local/lib/python3.12/site-packages/airflow/models/taskinstance.py", line 432, in _execute_callable
    return execute_callable(context=context, **execute_callable_kwargs)
           ^^^^^^^^^^^^^^^^^^^^^^^^^^^^^^^^^^^^^^^^^^^^^^^^^^^^^^^^^^^^
  File "/home/airflow/.local/lib/python3.12/site-packages/airflow/models/baseoperator.py", line 401, in wrapper
    return func(self, *args, **kwargs)
           ^^^^^^^^^^^^^^^^^^^^^^^^^^^
  File "/home/airflow/.local/lib/python3.12/site-packages/airflow/operators/bash.py", line 243, in execute
    raise AirflowException(
airflow.exceptions.AirflowException: Bash command failed. The command returned a non-zero exit code 1.
[2024-11-28T00:12:51.315+0000] {taskinstance.py:1206} INFO - Marking task as UP_FOR_RETRY. dag_id=weather_data_kafka_dag, task_id=run_spark_kafka_to_parquet, run_id=manual__2024-11-28T00:10:45.795239+00:00, execution_date=20241128T001045, start_date=20241128T001250, end_date=20241128T001251
[2024-11-28T00:12:51.354+0000] {standard_task_runner.py:110} ERROR - Failed to execute job 48 for task run_spark_kafka_to_parquet (Bash command failed. The command returned a non-zero exit code 1.; 5868)
[2024-11-28T00:12:51.402+0000] {local_task_job_runner.py:243} INFO - Task exited with return code 1
[2024-11-28T00:12:51.442+0000] {taskinstance.py:3503} INFO - 0 downstream tasks scheduled from follow-on schedule check
[2024-11-28T00:12:51.455+0000] {local_task_job_runner.py:222} INFO - ::endgroup::
