[2024-11-28T12:58:47.718+0000] {local_task_job_runner.py:120} INFO - ::group::Pre task execution logs
[2024-11-28T12:58:47.792+0000] {taskinstance.py:2076} INFO - Dependencies all met for dep_context=non-requeueable deps ti=<TaskInstance: weather_data_kafka_dag.run_spark_kafka_to_parquet scheduled__2024-11-28T00:00:00+00:00 [queued]>
[2024-11-28T12:58:47.812+0000] {taskinstance.py:2076} INFO - Dependencies all met for dep_context=requeueable deps ti=<TaskInstance: weather_data_kafka_dag.run_spark_kafka_to_parquet scheduled__2024-11-28T00:00:00+00:00 [queued]>
[2024-11-28T12:58:47.814+0000] {taskinstance.py:2306} INFO - Starting attempt 4 of 4
[2024-11-28T12:58:47.847+0000] {taskinstance.py:2330} INFO - Executing <Task(BashOperator): run_spark_kafka_to_parquet> on 2024-11-28 00:00:00+00:00
[2024-11-28T12:58:47.860+0000] {standard_task_runner.py:90} INFO - Running: ['***', 'tasks', 'run', 'weather_data_kafka_dag', 'run_spark_kafka_to_parquet', 'scheduled__2024-11-28T00:00:00+00:00', '--job-id', '73', '--raw', '--subdir', 'DAGS_FOLDER/kafka_stream.py', '--cfg-path', '/tmp/tmp1iepmzfi']
[2024-11-28T12:58:47.865+0000] {standard_task_runner.py:91} INFO - Job 73: Subtask run_spark_kafka_to_parquet
[2024-11-28T12:58:47.865+0000] {logging_mixin.py:188} WARNING - /home/***/.local/lib/python3.12/site-packages/***/task/task_runner/standard_task_runner.py:62 DeprecationWarning: This process (pid=7558) is multi-threaded, use of fork() may lead to deadlocks in the child.
[2024-11-28T12:58:47.867+0000] {standard_task_runner.py:64} INFO - Started process 7559 to run task
[2024-11-28T12:58:47.959+0000] {task_command.py:426} INFO - Running <TaskInstance: weather_data_kafka_dag.run_spark_kafka_to_parquet scheduled__2024-11-28T00:00:00+00:00 [running]> on host cc9ad6cea7ef
[2024-11-28T12:58:48.131+0000] {taskinstance.py:2648} INFO - Exporting env vars: AIRFLOW_CTX_DAG_OWNER='admin' AIRFLOW_CTX_DAG_ID='weather_data_kafka_dag' AIRFLOW_CTX_TASK_ID='run_spark_kafka_to_parquet' AIRFLOW_CTX_EXECUTION_DATE='2024-11-28T00:00:00+00:00' AIRFLOW_CTX_TRY_NUMBER='4' AIRFLOW_CTX_DAG_RUN_ID='scheduled__2024-11-28T00:00:00+00:00'
[2024-11-28T12:58:48.135+0000] {taskinstance.py:430} INFO - ::endgroup::
[2024-11-28T12:58:48.202+0000] {subprocess.py:63} INFO - Tmp dir root location: /tmp
[2024-11-28T12:58:48.206+0000] {subprocess.py:75} INFO - Running command: ['/usr/bin/bash', '-c', '\n            # Copier les fichiers nécessaires dans le conteneur spark-master\n            docker cp ./dependencies.zip spark-master:/dependencies.zip\n            docker cp ./dags/kafka_to_parquet.py spark-master:/kafka_to_parquet.py\n        \n            # Exécuter le job Spark avec les fichiers copiés et les packages nécessaires\n            docker exec -it spark-master spark-submit                 --packages org.apache.spark:spark-sql-kafka-0-10_2.12:3.5.1                 --py-files /dependencies.zip                 /kafka_to_parquet.py\n        ']
[2024-11-28T12:58:48.243+0000] {subprocess.py:86} INFO - Output:
[2024-11-28T12:58:48.313+0000] {subprocess.py:93} INFO - lstat /tmp/***tmpdajarnfq/dependencies.zip: no such file or directory
[2024-11-28T12:58:48.351+0000] {subprocess.py:93} INFO - lstat /tmp/***tmpdajarnfq/dags: no such file or directory
[2024-11-28T12:58:48.380+0000] {subprocess.py:93} INFO - Cannot connect to the Docker daemon at unix:///var/run/docker.sock. Is the docker daemon running?
[2024-11-28T12:58:48.383+0000] {subprocess.py:97} INFO - Command exited with return code 1
[2024-11-28T12:58:48.385+0000] {taskinstance.py:441} INFO - ::group::Post task execution logs
[2024-11-28T12:58:48.402+0000] {taskinstance.py:2905} ERROR - Task failed with exception
Traceback (most recent call last):
  File "/home/airflow/.local/lib/python3.12/site-packages/airflow/models/taskinstance.py", line 465, in _execute_task
    result = _execute_callable(context=context, **execute_callable_kwargs)
             ^^^^^^^^^^^^^^^^^^^^^^^^^^^^^^^^^^^^^^^^^^^^^^^^^^^^^^^^^^^^^
  File "/home/airflow/.local/lib/python3.12/site-packages/airflow/models/taskinstance.py", line 432, in _execute_callable
    return execute_callable(context=context, **execute_callable_kwargs)
           ^^^^^^^^^^^^^^^^^^^^^^^^^^^^^^^^^^^^^^^^^^^^^^^^^^^^^^^^^^^^
  File "/home/airflow/.local/lib/python3.12/site-packages/airflow/models/baseoperator.py", line 401, in wrapper
    return func(self, *args, **kwargs)
           ^^^^^^^^^^^^^^^^^^^^^^^^^^^
  File "/home/airflow/.local/lib/python3.12/site-packages/airflow/operators/bash.py", line 243, in execute
    raise AirflowException(
airflow.exceptions.AirflowException: Bash command failed. The command returned a non-zero exit code 1.
[2024-11-28T12:58:48.411+0000] {taskinstance.py:1206} INFO - Marking task as FAILED. dag_id=weather_data_kafka_dag, task_id=run_spark_kafka_to_parquet, run_id=scheduled__2024-11-28T00:00:00+00:00, execution_date=20241128T000000, start_date=20241128T125847, end_date=20241128T125848
[2024-11-28T12:58:48.437+0000] {standard_task_runner.py:110} ERROR - Failed to execute job 73 for task run_spark_kafka_to_parquet (Bash command failed. The command returned a non-zero exit code 1.; 7559)
[2024-11-28T12:58:48.486+0000] {local_task_job_runner.py:243} INFO - Task exited with return code 1
[2024-11-28T12:58:48.512+0000] {taskinstance.py:3503} INFO - 0 downstream tasks scheduled from follow-on schedule check
[2024-11-28T12:58:48.516+0000] {local_task_job_runner.py:222} INFO - ::endgroup::
