[2024-12-02T17:54:45.962+0000] {local_task_job_runner.py:120} INFO - ::group::Pre task execution logs
[2024-12-02T17:54:45.986+0000] {taskinstance.py:2076} INFO - Dependencies all met for dep_context=non-requeueable deps ti=<TaskInstance: weather_data_kafka_dag.stream_data_from_apis manual__2024-12-02T17:54:45.148628+00:00 [queued]>
[2024-12-02T17:54:45.993+0000] {taskinstance.py:2076} INFO - Dependencies all met for dep_context=requeueable deps ti=<TaskInstance: weather_data_kafka_dag.stream_data_from_apis manual__2024-12-02T17:54:45.148628+00:00 [queued]>
[2024-12-02T17:54:45.994+0000] {taskinstance.py:2306} INFO - Starting attempt 1 of 4
[2024-12-02T17:54:46.006+0000] {taskinstance.py:2330} INFO - Executing <Task(PythonOperator): stream_data_from_apis> on 2024-12-02 17:54:45.148628+00:00
[2024-12-02T17:54:46.012+0000] {logging_mixin.py:188} WARNING - /home/***/.local/lib/python3.12/site-packages/***/task/task_runner/standard_task_runner.py:62 DeprecationWarning: This process (pid=13252) is multi-threaded, use of fork() may lead to deadlocks in the child.
[2024-12-02T17:54:46.013+0000] {standard_task_runner.py:64} INFO - Started process 13254 to run task
[2024-12-02T17:54:46.012+0000] {standard_task_runner.py:90} INFO - Running: ['***', 'tasks', 'run', 'weather_data_kafka_dag', 'stream_data_from_apis', 'manual__2024-12-02T17:54:45.148628+00:00', '--job-id', '591', '--raw', '--subdir', 'DAGS_FOLDER/kafka_stream.py', '--cfg-path', '/tmp/tmpvtofw04j']
[2024-12-02T17:54:46.014+0000] {standard_task_runner.py:91} INFO - Job 591: Subtask stream_data_from_apis
[2024-12-02T17:54:46.049+0000] {task_command.py:426} INFO - Running <TaskInstance: weather_data_kafka_dag.stream_data_from_apis manual__2024-12-02T17:54:45.148628+00:00 [running]> on host 0741a2a1545f
[2024-12-02T17:54:46.118+0000] {taskinstance.py:2648} INFO - Exporting env vars: AIRFLOW_CTX_DAG_OWNER='admin' AIRFLOW_CTX_DAG_ID='weather_data_kafka_dag' AIRFLOW_CTX_TASK_ID='stream_data_from_apis' AIRFLOW_CTX_EXECUTION_DATE='2024-12-02T17:54:45.148628+00:00' AIRFLOW_CTX_TRY_NUMBER='1' AIRFLOW_CTX_DAG_RUN_ID='manual__2024-12-02T17:54:45.148628+00:00'
[2024-12-02T17:54:46.119+0000] {taskinstance.py:430} INFO - ::endgroup::
[2024-12-02T17:54:46.130+0000] {conn.py:362} INFO - <BrokerConnection node_id=bootstrap-0 host=broker:9092 <connecting> [IPv4 ('172.18.0.11', 9092)]>: connecting to broker:9092 [('172.18.0.11', 9092) IPv4]
[2024-12-02T17:54:46.131+0000] {conn.py:957} INFO - Probing node bootstrap-0 broker version
[2024-12-02T17:54:46.131+0000] {conn.py:393} INFO - <BrokerConnection node_id=bootstrap-0 host=broker:9092 <connecting> [IPv4 ('172.18.0.11', 9092)]>: Connection complete.
[2024-12-02T17:54:46.234+0000] {conn.py:1019} INFO - Broker version identified as 2.6.0
[2024-12-02T17:54:46.235+0000] {conn.py:1020} INFO - Set configuration api_version=(2, 6, 0) to skip auto check_version requests on startup
[2024-12-02T17:54:46.242+0000] {conn.py:362} INFO - <BrokerConnection node_id=bootstrap-0 host=broker:9092 <connecting> [IPv4 ('172.18.0.11', 9092)]>: connecting to broker:9092 [('172.18.0.11', 9092) IPv4]
[2024-12-02T17:54:46.243+0000] {conn.py:957} INFO - Probing node bootstrap-0 broker version
[2024-12-02T17:54:46.245+0000] {conn.py:393} INFO - <BrokerConnection node_id=bootstrap-0 host=broker:9092 <connecting> [IPv4 ('172.18.0.11', 9092)]>: Connection complete.
[2024-12-02T17:54:46.348+0000] {conn.py:1019} INFO - Broker version identified as 2.6.0
[2024-12-02T17:54:46.348+0000] {conn.py:1020} INFO - Set configuration api_version=(2, 6, 0) to skip auto check_version requests on startup
[2024-12-02T17:54:46.349+0000] {conn.py:957} INFO - Probing node bootstrap-0 broker version
[2024-12-02T17:54:46.450+0000] {conn.py:1019} INFO - Broker version identified as 2.6.0
[2024-12-02T17:54:46.451+0000] {conn.py:1020} INFO - Set configuration api_version=(2, 6, 0) to skip auto check_version requests on startup
[2024-12-02T17:54:46.454+0000] {conn.py:362} INFO - <BrokerConnection node_id=1 host=broker:9092 <connecting> [IPv4 ('172.18.0.11', 9092)]>: connecting to broker:9092 [('172.18.0.11', 9092) IPv4]
[2024-12-02T17:54:46.455+0000] {conn.py:957} INFO - Probing node 1 broker version
[2024-12-02T17:54:46.456+0000] {conn.py:393} INFO - <BrokerConnection node_id=1 host=broker:9092 <connecting> [IPv4 ('172.18.0.11', 9092)]>: Connection complete.
[2024-12-02T17:54:46.457+0000] {conn.py:673} INFO - <BrokerConnection node_id=bootstrap-0 host=broker:9092 <connected> [IPv4 ('172.18.0.11', 9092)]>: Closing connection. 
[2024-12-02T17:54:46.559+0000] {conn.py:1019} INFO - Broker version identified as 2.6.0
[2024-12-02T17:54:46.560+0000] {conn.py:1020} INFO - Set configuration api_version=(2, 6, 0) to skip auto check_version requests on startup
[2024-12-02T17:54:46.582+0000] {logging_mixin.py:188} INFO - Topic 'openmeteo_raw' deleted.
[2024-12-02T17:54:46.585+0000] {conn.py:362} INFO - <BrokerConnection node_id=bootstrap-0 host=broker:9092 <connecting> [IPv4 ('172.18.0.11', 9092)]>: connecting to broker:9092 [('172.18.0.11', 9092) IPv4]
[2024-12-02T17:54:46.586+0000] {conn.py:957} INFO - Probing node bootstrap-0 broker version
[2024-12-02T17:54:46.587+0000] {conn.py:393} INFO - <BrokerConnection node_id=bootstrap-0 host=broker:9092 <connecting> [IPv4 ('172.18.0.11', 9092)]>: Connection complete.
[2024-12-02T17:54:46.689+0000] {conn.py:1019} INFO - Broker version identified as 2.6.0
[2024-12-02T17:54:46.690+0000] {conn.py:1020} INFO - Set configuration api_version=(2, 6, 0) to skip auto check_version requests on startup
[2024-12-02T17:54:46.690+0000] {conn.py:957} INFO - Probing node bootstrap-0 broker version
[2024-12-02T17:54:46.792+0000] {conn.py:1019} INFO - Broker version identified as 2.6.0
[2024-12-02T17:54:46.792+0000] {conn.py:1020} INFO - Set configuration api_version=(2, 6, 0) to skip auto check_version requests on startup
[2024-12-02T17:54:46.794+0000] {conn.py:362} INFO - <BrokerConnection node_id=1 host=broker:9092 <connecting> [IPv4 ('172.18.0.11', 9092)]>: connecting to broker:9092 [('172.18.0.11', 9092) IPv4]
[2024-12-02T17:54:46.795+0000] {conn.py:957} INFO - Probing node 1 broker version
[2024-12-02T17:54:46.795+0000] {conn.py:393} INFO - <BrokerConnection node_id=1 host=broker:9092 <connecting> [IPv4 ('172.18.0.11', 9092)]>: Connection complete.
[2024-12-02T17:54:46.796+0000] {conn.py:673} INFO - <BrokerConnection node_id=bootstrap-0 host=broker:9092 <connected> [IPv4 ('172.18.0.11', 9092)]>: Closing connection. 
[2024-12-02T17:54:46.897+0000] {conn.py:1019} INFO - Broker version identified as 2.6.0
[2024-12-02T17:54:46.898+0000] {conn.py:1020} INFO - Set configuration api_version=(2, 6, 0) to skip auto check_version requests on startup
[2024-12-02T17:54:46.912+0000] {logging_mixin.py:188} INFO - Topic 'openweathermap_raw' deleted.
[2024-12-02T17:54:46.912+0000] {kafka_stream.py:160} ERROR - Erreur dans le processus de streaming des données: 'name'
[2024-12-02T17:54:46.913+0000] {kafka_stream.py:160} ERROR - Erreur dans le processus de streaming des données: 'name'
[2024-12-02T17:54:46.913+0000] {kafka_stream.py:160} ERROR - Erreur dans le processus de streaming des données: 'name'
[2024-12-02T17:54:46.914+0000] {kafka_stream.py:160} ERROR - Erreur dans le processus de streaming des données: 'name'
[2024-12-02T17:54:46.914+0000] {kafka_stream.py:160} ERROR - Erreur dans le processus de streaming des données: 'name'
[2024-12-02T17:54:46.915+0000] {kafka_stream.py:160} ERROR - Erreur dans le processus de streaming des données: 'name'
[2024-12-02T17:54:46.915+0000] {kafka_stream.py:160} ERROR - Erreur dans le processus de streaming des données: 'name'
[2024-12-02T17:54:46.916+0000] {kafka_stream.py:160} ERROR - Erreur dans le processus de streaming des données: 'name'
[2024-12-02T17:54:46.916+0000] {kafka_stream.py:160} ERROR - Erreur dans le processus de streaming des données: 'name'
[2024-12-02T17:54:46.916+0000] {kafka_stream.py:160} ERROR - Erreur dans le processus de streaming des données: 'name'
[2024-12-02T17:54:46.917+0000] {kafka_stream.py:160} ERROR - Erreur dans le processus de streaming des données: 'name'
[2024-12-02T17:54:46.917+0000] {kafka_stream.py:160} ERROR - Erreur dans le processus de streaming des données: 'name'
[2024-12-02T17:54:46.918+0000] {kafka_stream.py:160} ERROR - Erreur dans le processus de streaming des données: 'name'
[2024-12-02T17:54:46.918+0000] {kafka_stream.py:160} ERROR - Erreur dans le processus de streaming des données: 'name'
[2024-12-02T17:54:46.919+0000] {kafka_stream.py:160} ERROR - Erreur dans le processus de streaming des données: 'name'
[2024-12-02T17:54:46.919+0000] {kafka_stream.py:160} ERROR - Erreur dans le processus de streaming des données: 'name'
[2024-12-02T17:54:46.920+0000] {kafka_stream.py:160} ERROR - Erreur dans le processus de streaming des données: 'name'
[2024-12-02T17:54:46.920+0000] {kafka_stream.py:160} ERROR - Erreur dans le processus de streaming des données: 'name'
[2024-12-02T17:54:46.920+0000] {kafka_stream.py:160} ERROR - Erreur dans le processus de streaming des données: 'name'
[2024-12-02T17:54:46.921+0000] {kafka_stream.py:160} ERROR - Erreur dans le processus de streaming des données: 'name'
[2024-12-02T17:54:46.921+0000] {kafka_stream.py:160} ERROR - Erreur dans le processus de streaming des données: 'name'
[2024-12-02T17:54:46.922+0000] {kafka_stream.py:160} ERROR - Erreur dans le processus de streaming des données: 'name'
[2024-12-02T17:54:46.922+0000] {kafka_stream.py:160} ERROR - Erreur dans le processus de streaming des données: 'name'
[2024-12-02T17:54:46.922+0000] {kafka_stream.py:160} ERROR - Erreur dans le processus de streaming des données: 'name'
[2024-12-02T17:54:46.923+0000] {kafka_stream.py:160} ERROR - Erreur dans le processus de streaming des données: 'name'
[2024-12-02T17:54:46.923+0000] {kafka_stream.py:160} ERROR - Erreur dans le processus de streaming des données: 'name'
[2024-12-02T17:54:46.924+0000] {kafka_stream.py:160} ERROR - Erreur dans le processus de streaming des données: 'name'
[2024-12-02T17:54:46.924+0000] {kafka_stream.py:160} ERROR - Erreur dans le processus de streaming des données: 'name'
[2024-12-02T17:54:46.925+0000] {kafka_stream.py:160} ERROR - Erreur dans le processus de streaming des données: 'name'
[2024-12-02T17:54:46.925+0000] {kafka_stream.py:160} ERROR - Erreur dans le processus de streaming des données: 'name'
[2024-12-02T17:54:46.926+0000] {kafka_stream.py:160} ERROR - Erreur dans le processus de streaming des données: 'name'
[2024-12-02T17:54:46.926+0000] {kafka_stream.py:160} ERROR - Erreur dans le processus de streaming des données: 'name'
[2024-12-02T17:54:46.927+0000] {kafka_stream.py:160} ERROR - Erreur dans le processus de streaming des données: 'name'
[2024-12-02T17:54:46.927+0000] {kafka_stream.py:160} ERROR - Erreur dans le processus de streaming des données: 'name'
[2024-12-02T17:54:46.927+0000] {kafka_stream.py:160} ERROR - Erreur dans le processus de streaming des données: 'name'
[2024-12-02T17:54:46.928+0000] {kafka_stream.py:160} ERROR - Erreur dans le processus de streaming des données: 'name'
[2024-12-02T17:54:46.928+0000] {kafka_stream.py:160} ERROR - Erreur dans le processus de streaming des données: 'name'
[2024-12-02T17:54:46.929+0000] {conn.py:673} INFO - <BrokerConnection node_id=bootstrap-0 host=broker:9092 <connected> [IPv4 ('172.18.0.11', 9092)]>: Closing connection. 
[2024-12-02T17:54:46.930+0000] {python.py:237} INFO - Done. Returned value was: None
[2024-12-02T17:54:46.931+0000] {taskinstance.py:441} INFO - ::group::Post task execution logs
[2024-12-02T17:54:46.939+0000] {taskinstance.py:1206} INFO - Marking task as SUCCESS. dag_id=weather_data_kafka_dag, task_id=stream_data_from_apis, run_id=manual__2024-12-02T17:54:45.148628+00:00, execution_date=20241202T175445, start_date=20241202T175445, end_date=20241202T175446
[2024-12-02T17:54:46.990+0000] {local_task_job_runner.py:243} INFO - Task exited with return code 0
[2024-12-02T17:54:47.007+0000] {taskinstance.py:3503} INFO - 2 downstream tasks scheduled from follow-on schedule check
[2024-12-02T17:54:47.009+0000] {local_task_job_runner.py:222} INFO - ::endgroup::
