[2024-12-03T12:45:21.379+0000] {local_task_job_runner.py:120} INFO - ::group::Pre task execution logs
[2024-12-03T12:45:21.405+0000] {taskinstance.py:2076} INFO - Dependencies all met for dep_context=non-requeueable deps ti=<TaskInstance: weather_data_kafka_dag.docker_cp_and_spark_submit manual__2024-12-03T12:44:47.607213+00:00 [queued]>
[2024-12-03T12:45:21.412+0000] {taskinstance.py:2076} INFO - Dependencies all met for dep_context=requeueable deps ti=<TaskInstance: weather_data_kafka_dag.docker_cp_and_spark_submit manual__2024-12-03T12:44:47.607213+00:00 [queued]>
[2024-12-03T12:45:21.413+0000] {taskinstance.py:2306} INFO - Starting attempt 1 of 4
[2024-12-03T12:45:21.425+0000] {taskinstance.py:2330} INFO - Executing <Task(BashOperator): docker_cp_and_spark_submit> on 2024-12-03 12:44:47.607213+00:00
[2024-12-03T12:45:21.431+0000] {standard_task_runner.py:90} INFO - Running: ['***', 'tasks', 'run', 'weather_data_kafka_dag', 'docker_cp_and_spark_submit', 'manual__2024-12-03T12:44:47.607213+00:00', '--job-id', '672', '--raw', '--subdir', 'DAGS_FOLDER/kafka_stream.py', '--cfg-path', '/tmp/tmppy3ei4kb']
[2024-12-03T12:45:21.434+0000] {standard_task_runner.py:91} INFO - Job 672: Subtask docker_cp_and_spark_submit
[2024-12-03T12:45:21.434+0000] {logging_mixin.py:188} WARNING - /home/***/.local/lib/python3.12/site-packages/***/task/task_runner/standard_task_runner.py:62 DeprecationWarning: This process (pid=3296) is multi-threaded, use of fork() may lead to deadlocks in the child.
[2024-12-03T12:45:21.435+0000] {standard_task_runner.py:64} INFO - Started process 3298 to run task
[2024-12-03T12:45:21.468+0000] {task_command.py:426} INFO - Running <TaskInstance: weather_data_kafka_dag.docker_cp_and_spark_submit manual__2024-12-03T12:44:47.607213+00:00 [running]> on host 0741a2a1545f
[2024-12-03T12:45:21.538+0000] {taskinstance.py:2648} INFO - Exporting env vars: AIRFLOW_CTX_DAG_OWNER='admin' AIRFLOW_CTX_DAG_ID='weather_data_kafka_dag' AIRFLOW_CTX_TASK_ID='docker_cp_and_spark_submit' AIRFLOW_CTX_EXECUTION_DATE='2024-12-03T12:44:47.607213+00:00' AIRFLOW_CTX_TRY_NUMBER='1' AIRFLOW_CTX_DAG_RUN_ID='manual__2024-12-03T12:44:47.607213+00:00'
[2024-12-03T12:45:21.539+0000] {taskinstance.py:430} INFO - ::endgroup::
[2024-12-03T12:45:21.548+0000] {subprocess.py:63} INFO - Tmp dir root location: /tmp
[2024-12-03T12:45:21.549+0000] {subprocess.py:75} INFO - Running command: ['/usr/bin/bash', '-c', '\n            docker cp ./data/parquet_files/openweathermap_data.parquet spark-master:/openweathermap_data.parquet\n            docker cp ./data/parquet_files/openmeteo_data.parquet spark-master:/openmeteo_data.parquet\n            docker cp /opt/***/data/spark_stream.py spark-master:/spark_stream.py\n            docker exec -it spark-master spark-submit                 --packages com.datastax.spark:spark-cassandra-connector_2.12:3.5.1                 --py-files /dependencies.zip                 /spark_stream.py\n        ']
[2024-12-03T12:45:21.557+0000] {subprocess.py:86} INFO - Output:
[2024-12-03T12:45:21.569+0000] {subprocess.py:93} INFO - lstat /tmp/***tmp55q8x_7p/data: no such file or directory
[2024-12-03T12:45:21.581+0000] {subprocess.py:93} INFO - lstat /tmp/***tmp55q8x_7p/data: no such file or directory
[2024-12-03T12:45:21.596+0000] {subprocess.py:93} INFO - Cannot connect to the Docker daemon at unix:///var/run/docker.sock. Is the docker daemon running?
[2024-12-03T12:45:21.608+0000] {subprocess.py:93} INFO - Cannot connect to the Docker daemon at unix:///var/run/docker.sock. Is the docker daemon running?
[2024-12-03T12:45:21.609+0000] {subprocess.py:97} INFO - Command exited with return code 1
[2024-12-03T12:45:21.610+0000] {taskinstance.py:441} INFO - ::group::Post task execution logs
[2024-12-03T12:45:21.617+0000] {taskinstance.py:2905} ERROR - Task failed with exception
Traceback (most recent call last):
  File "/home/airflow/.local/lib/python3.12/site-packages/airflow/models/taskinstance.py", line 465, in _execute_task
    result = _execute_callable(context=context, **execute_callable_kwargs)
             ^^^^^^^^^^^^^^^^^^^^^^^^^^^^^^^^^^^^^^^^^^^^^^^^^^^^^^^^^^^^^
  File "/home/airflow/.local/lib/python3.12/site-packages/airflow/models/taskinstance.py", line 432, in _execute_callable
    return execute_callable(context=context, **execute_callable_kwargs)
           ^^^^^^^^^^^^^^^^^^^^^^^^^^^^^^^^^^^^^^^^^^^^^^^^^^^^^^^^^^^^
  File "/home/airflow/.local/lib/python3.12/site-packages/airflow/models/baseoperator.py", line 401, in wrapper
    return func(self, *args, **kwargs)
           ^^^^^^^^^^^^^^^^^^^^^^^^^^^
  File "/home/airflow/.local/lib/python3.12/site-packages/airflow/operators/bash.py", line 243, in execute
    raise AirflowException(
airflow.exceptions.AirflowException: Bash command failed. The command returned a non-zero exit code 1.
[2024-12-03T12:45:21.621+0000] {taskinstance.py:1206} INFO - Marking task as UP_FOR_RETRY. dag_id=weather_data_kafka_dag, task_id=docker_cp_and_spark_submit, run_id=manual__2024-12-03T12:44:47.607213+00:00, execution_date=20241203T124447, start_date=20241203T124521, end_date=20241203T124521
[2024-12-03T12:45:21.638+0000] {standard_task_runner.py:110} ERROR - Failed to execute job 672 for task docker_cp_and_spark_submit (Bash command failed. The command returned a non-zero exit code 1.; 3298)
[2024-12-03T12:45:21.648+0000] {local_task_job_runner.py:243} INFO - Task exited with return code 1
[2024-12-03T12:45:21.660+0000] {taskinstance.py:3503} INFO - 0 downstream tasks scheduled from follow-on schedule check
[2024-12-03T12:45:21.664+0000] {local_task_job_runner.py:222} INFO - ::endgroup::
