[2024-12-03T20:27:58.535+0000] {local_task_job_runner.py:120} INFO - ::group::Pre task execution logs
[2024-12-03T20:27:58.630+0000] {taskinstance.py:2076} INFO - Dependencies all met for dep_context=non-requeueable deps ti=<TaskInstance: weather_data_kafka_dag.spark_submit manual__2024-12-03T20:26:53.250868+00:00 [queued]>
[2024-12-03T20:27:58.661+0000] {taskinstance.py:2076} INFO - Dependencies all met for dep_context=requeueable deps ti=<TaskInstance: weather_data_kafka_dag.spark_submit manual__2024-12-03T20:26:53.250868+00:00 [queued]>
[2024-12-03T20:27:58.671+0000] {taskinstance.py:2306} INFO - Starting attempt 1 of 4
[2024-12-03T20:27:58.705+0000] {taskinstance.py:2330} INFO - Executing <Task(BashOperator): spark_submit> on 2024-12-03 20:26:53.250868+00:00
[2024-12-03T20:27:58.726+0000] {logging_mixin.py:188} WARNING - /home/***/.local/lib/python3.12/site-packages/***/task/task_runner/standard_task_runner.py:62 DeprecationWarning: This process (pid=4272) is multi-threaded, use of fork() may lead to deadlocks in the child.
[2024-12-03T20:27:58.729+0000] {standard_task_runner.py:64} INFO - Started process 4274 to run task
[2024-12-03T20:27:58.726+0000] {standard_task_runner.py:90} INFO - Running: ['***', 'tasks', 'run', 'weather_data_kafka_dag', 'spark_submit', 'manual__2024-12-03T20:26:53.250868+00:00', '--job-id', '804', '--raw', '--subdir', 'DAGS_FOLDER/kafka_stream.py', '--cfg-path', '/tmp/tmppweagems']
[2024-12-03T20:27:58.734+0000] {standard_task_runner.py:91} INFO - Job 804: Subtask spark_submit
[2024-12-03T20:27:58.875+0000] {task_command.py:426} INFO - Running <TaskInstance: weather_data_kafka_dag.spark_submit manual__2024-12-03T20:26:53.250868+00:00 [running]> on host 0f9edd113eb4
[2024-12-03T20:27:59.096+0000] {taskinstance.py:2648} INFO - Exporting env vars: AIRFLOW_CTX_DAG_OWNER='admin' AIRFLOW_CTX_DAG_ID='weather_data_kafka_dag' AIRFLOW_CTX_TASK_ID='spark_submit' AIRFLOW_CTX_EXECUTION_DATE='2024-12-03T20:26:53.250868+00:00' AIRFLOW_CTX_TRY_NUMBER='1' AIRFLOW_CTX_DAG_RUN_ID='manual__2024-12-03T20:26:53.250868+00:00'
[2024-12-03T20:27:59.100+0000] {taskinstance.py:430} INFO - ::endgroup::
[2024-12-03T20:27:59.143+0000] {subprocess.py:63} INFO - Tmp dir root location: /tmp
[2024-12-03T20:27:59.148+0000] {subprocess.py:75} INFO - Running command: ['/usr/bin/bash', '-c', 'docker exec  spark-master spark-submit --packages com.datastax.spark:spark-cassandra-connector_2.12:3.5.1 --py-files /dependencies.zip /spark_stream.py']
[2024-12-03T20:27:59.178+0000] {subprocess.py:86} INFO - Output:
[2024-12-03T20:28:03.125+0000] {subprocess.py:93} INFO - :: loading settings :: url = jar:file:/opt/bitnami/spark/jars/ivy-2.5.1.jar!/org/apache/ivy/core/settings/ivysettings.xml
[2024-12-03T20:28:03.226+0000] {subprocess.py:93} INFO - Ivy Default Cache set to: /opt/bitnami/spark/.ivy2/cache
[2024-12-03T20:28:03.227+0000] {subprocess.py:93} INFO - The jars for the packages stored in: /opt/bitnami/spark/.ivy2/jars
[2024-12-03T20:28:03.240+0000] {subprocess.py:93} INFO - com.datastax.spark#spark-cassandra-connector_2.12 added as a dependency
[2024-12-03T20:28:03.244+0000] {subprocess.py:93} INFO - :: resolving dependencies :: org.apache.spark#spark-submit-parent-63aa8636-106a-4a1e-9aa5-0d3fdfe4d9b1;1.0
[2024-12-03T20:28:03.245+0000] {subprocess.py:93} INFO - 	confs: [default]
[2024-12-03T20:28:03.617+0000] {subprocess.py:93} INFO - 	found com.datastax.spark#spark-cassandra-connector_2.12;3.5.1 in central
[2024-12-03T20:28:03.674+0000] {subprocess.py:93} INFO - 	found com.datastax.spark#spark-cassandra-connector-driver_2.12;3.5.1 in central
[2024-12-03T20:28:03.726+0000] {subprocess.py:93} INFO - 	found org.scala-lang.modules#scala-collection-compat_2.12;2.11.0 in central
[2024-12-03T20:28:03.814+0000] {subprocess.py:93} INFO - 	found org.apache.cassandra#java-driver-core-shaded;4.18.1 in central
[2024-12-03T20:28:03.880+0000] {subprocess.py:93} INFO - 	found com.datastax.oss#native-protocol;1.5.1 in central
[2024-12-03T20:28:03.929+0000] {subprocess.py:93} INFO - 	found com.datastax.oss#java-driver-shaded-guava;25.1-jre-graal-sub-1 in central
[2024-12-03T20:28:04.002+0000] {subprocess.py:93} INFO - 	found com.typesafe#config;1.4.1 in central
[2024-12-03T20:28:04.051+0000] {subprocess.py:93} INFO - 	found org.slf4j#slf4j-api;1.7.26 in central
[2024-12-03T20:28:04.092+0000] {subprocess.py:93} INFO - 	found io.dropwizard.metrics#metrics-core;4.1.18 in central
[2024-12-03T20:28:04.143+0000] {subprocess.py:93} INFO - 	found org.hdrhistogram#HdrHistogram;2.1.12 in central
[2024-12-03T20:28:04.184+0000] {subprocess.py:93} INFO - 	found org.reactivestreams#reactive-streams;1.0.3 in central
[2024-12-03T20:28:04.239+0000] {subprocess.py:93} INFO - 	found org.apache.cassandra#java-driver-mapper-runtime;4.18.1 in central
[2024-12-03T20:28:04.287+0000] {subprocess.py:93} INFO - 	found org.apache.cassandra#java-driver-query-builder;4.18.1 in central
[2024-12-03T20:28:04.342+0000] {subprocess.py:93} INFO - 	found org.apache.commons#commons-lang3;3.10 in central
[2024-12-03T20:28:04.371+0000] {subprocess.py:93} INFO - 	found com.thoughtworks.paranamer#paranamer;2.8 in central
[2024-12-03T20:28:04.412+0000] {subprocess.py:93} INFO - 	found org.scala-lang#scala-reflect;2.12.19 in central
[2024-12-03T20:28:04.520+0000] {subprocess.py:93} INFO - :: resolution report :: resolve 1221ms :: artifacts dl 51ms
[2024-12-03T20:28:04.521+0000] {subprocess.py:93} INFO - 	:: modules in use:
[2024-12-03T20:28:04.522+0000] {subprocess.py:93} INFO - 	com.datastax.oss#java-driver-shaded-guava;25.1-jre-graal-sub-1 from central in [default]
[2024-12-03T20:28:04.524+0000] {subprocess.py:93} INFO - 	com.datastax.oss#native-protocol;1.5.1 from central in [default]
[2024-12-03T20:28:04.527+0000] {subprocess.py:93} INFO - 	com.datastax.spark#spark-cassandra-connector-driver_2.12;3.5.1 from central in [default]
[2024-12-03T20:28:04.528+0000] {subprocess.py:93} INFO - 	com.datastax.spark#spark-cassandra-connector_2.12;3.5.1 from central in [default]
[2024-12-03T20:28:04.529+0000] {subprocess.py:93} INFO - 	com.thoughtworks.paranamer#paranamer;2.8 from central in [default]
[2024-12-03T20:28:04.530+0000] {subprocess.py:93} INFO - 	com.typesafe#config;1.4.1 from central in [default]
[2024-12-03T20:28:04.532+0000] {subprocess.py:93} INFO - 	io.dropwizard.metrics#metrics-core;4.1.18 from central in [default]
[2024-12-03T20:28:04.537+0000] {subprocess.py:93} INFO - 	org.apache.cassandra#java-driver-core-shaded;4.18.1 from central in [default]
[2024-12-03T20:28:04.539+0000] {subprocess.py:93} INFO - 	org.apache.cassandra#java-driver-mapper-runtime;4.18.1 from central in [default]
[2024-12-03T20:28:04.541+0000] {subprocess.py:93} INFO - 	org.apache.cassandra#java-driver-query-builder;4.18.1 from central in [default]
[2024-12-03T20:28:04.542+0000] {subprocess.py:93} INFO - 	org.apache.commons#commons-lang3;3.10 from central in [default]
[2024-12-03T20:28:04.543+0000] {subprocess.py:93} INFO - 	org.hdrhistogram#HdrHistogram;2.1.12 from central in [default]
[2024-12-03T20:28:04.544+0000] {subprocess.py:93} INFO - 	org.reactivestreams#reactive-streams;1.0.3 from central in [default]
[2024-12-03T20:28:04.545+0000] {subprocess.py:93} INFO - 	org.scala-lang#scala-reflect;2.12.19 from central in [default]
[2024-12-03T20:28:04.546+0000] {subprocess.py:93} INFO - 	org.scala-lang.modules#scala-collection-compat_2.12;2.11.0 from central in [default]
[2024-12-03T20:28:04.547+0000] {subprocess.py:93} INFO - 	org.slf4j#slf4j-api;1.7.26 from central in [default]
[2024-12-03T20:28:04.548+0000] {subprocess.py:93} INFO - 	---------------------------------------------------------------------
[2024-12-03T20:28:04.556+0000] {subprocess.py:93} INFO - 	|                  |            modules            ||   artifacts   |
[2024-12-03T20:28:04.557+0000] {subprocess.py:93} INFO - 	|       conf       | number| search|dwnlded|evicted|| number|dwnlded|
[2024-12-03T20:28:04.559+0000] {subprocess.py:93} INFO - 	---------------------------------------------------------------------
[2024-12-03T20:28:04.560+0000] {subprocess.py:93} INFO - 	|      default     |   16  |   0   |   0   |   0   ||   16  |   0   |
[2024-12-03T20:28:04.561+0000] {subprocess.py:93} INFO - 	---------------------------------------------------------------------
[2024-12-03T20:28:04.562+0000] {subprocess.py:93} INFO - :: retrieving :: org.apache.spark#spark-submit-parent-63aa8636-106a-4a1e-9aa5-0d3fdfe4d9b1
[2024-12-03T20:28:04.566+0000] {subprocess.py:93} INFO - 	confs: [default]
[2024-12-03T20:28:04.585+0000] {subprocess.py:93} INFO - 	0 artifacts copied, 16 already retrieved (0kB/35ms)
[2024-12-03T20:28:04.983+0000] {subprocess.py:93} INFO - 24/12/03 20:28:04 WARN NativeCodeLoader: Unable to load native-hadoop library for your platform... using builtin-java classes where applicable
[2024-12-03T20:28:07.990+0000] {subprocess.py:93} INFO - 24/12/03 20:28:07 INFO SparkContext: Running Spark version 3.5.1
[2024-12-03T20:28:07.991+0000] {subprocess.py:93} INFO - 24/12/03 20:28:07 INFO SparkContext: OS info Linux, 5.15.167.4-microsoft-standard-WSL2, amd64
[2024-12-03T20:28:07.992+0000] {subprocess.py:93} INFO - 24/12/03 20:28:07 INFO SparkContext: Java version 17.0.12
[2024-12-03T20:28:08.029+0000] {subprocess.py:93} INFO - 24/12/03 20:28:08 INFO ResourceUtils: ==============================================================
[2024-12-03T20:28:08.030+0000] {subprocess.py:93} INFO - 24/12/03 20:28:08 INFO ResourceUtils: No custom resources configured for spark.driver.
[2024-12-03T20:28:08.031+0000] {subprocess.py:93} INFO - 24/12/03 20:28:08 INFO ResourceUtils: ==============================================================
[2024-12-03T20:28:08.033+0000] {subprocess.py:93} INFO - 24/12/03 20:28:08 INFO SparkContext: Submitted application: SparkDataStreaming
[2024-12-03T20:28:08.066+0000] {subprocess.py:93} INFO - 24/12/03 20:28:08 INFO ResourceProfile: Default ResourceProfile created, executor resources: Map(cores -> name: cores, amount: 1, script: , vendor: , memory -> name: memory, amount: 1024, script: , vendor: , offHeap -> name: offHeap, amount: 0, script: , vendor: ), task resources: Map(cpus -> name: cpus, amount: 1.0)
[2024-12-03T20:28:08.083+0000] {subprocess.py:93} INFO - 24/12/03 20:28:08 INFO ResourceProfile: Limiting resource is cpu
[2024-12-03T20:28:08.084+0000] {subprocess.py:93} INFO - 24/12/03 20:28:08 INFO ResourceProfileManager: Added ResourceProfile id: 0
[2024-12-03T20:28:08.172+0000] {subprocess.py:93} INFO - 24/12/03 20:28:08 INFO SecurityManager: Changing view acls to: spark
[2024-12-03T20:28:08.173+0000] {subprocess.py:93} INFO - 24/12/03 20:28:08 INFO SecurityManager: Changing modify acls to: spark
[2024-12-03T20:28:08.174+0000] {subprocess.py:93} INFO - 24/12/03 20:28:08 INFO SecurityManager: Changing view acls groups to:
[2024-12-03T20:28:08.176+0000] {subprocess.py:93} INFO - 24/12/03 20:28:08 INFO SecurityManager: Changing modify acls groups to:
[2024-12-03T20:28:08.177+0000] {subprocess.py:93} INFO - 24/12/03 20:28:08 INFO SecurityManager: SecurityManager: authentication disabled; ui acls disabled; users with view permissions: spark; groups with view permissions: EMPTY; users with modify permissions: spark; groups with modify permissions: EMPTY
[2024-12-03T20:28:08.600+0000] {subprocess.py:93} INFO - 24/12/03 20:28:08 INFO Utils: Successfully started service 'sparkDriver' on port 32949.
[2024-12-03T20:28:08.662+0000] {subprocess.py:93} INFO - 24/12/03 20:28:08 INFO SparkEnv: Registering MapOutputTracker
[2024-12-03T20:28:08.729+0000] {subprocess.py:93} INFO - 24/12/03 20:28:08 INFO SparkEnv: Registering BlockManagerMaster
[2024-12-03T20:28:08.764+0000] {subprocess.py:93} INFO - 24/12/03 20:28:08 INFO BlockManagerMasterEndpoint: Using org.apache.spark.storage.DefaultTopologyMapper for getting topology information
[2024-12-03T20:28:08.764+0000] {subprocess.py:93} INFO - 24/12/03 20:28:08 INFO BlockManagerMasterEndpoint: BlockManagerMasterEndpoint up
[2024-12-03T20:28:08.770+0000] {subprocess.py:93} INFO - 24/12/03 20:28:08 INFO SparkEnv: Registering BlockManagerMasterHeartbeat
[2024-12-03T20:28:08.797+0000] {subprocess.py:93} INFO - 24/12/03 20:28:08 INFO DiskBlockManager: Created local directory at /tmp/blockmgr-7a93ef82-7188-479e-bf4b-c576b1b07767
[2024-12-03T20:28:08.817+0000] {subprocess.py:93} INFO - 24/12/03 20:28:08 INFO MemoryStore: MemoryStore started with capacity 434.4 MiB
[2024-12-03T20:28:08.840+0000] {subprocess.py:93} INFO - 24/12/03 20:28:08 INFO SparkEnv: Registering OutputCommitCoordinator
[2024-12-03T20:28:09.067+0000] {subprocess.py:93} INFO - 24/12/03 20:28:09 INFO JettyUtils: Start Jetty 0.0.0.0:4040 for SparkUI
[2024-12-03T20:28:09.166+0000] {subprocess.py:93} INFO - 24/12/03 20:28:09 INFO Utils: Successfully started service 'SparkUI' on port 4040.
[2024-12-03T20:28:09.240+0000] {subprocess.py:93} INFO - 24/12/03 20:28:09 INFO SparkContext: Added JAR file:///opt/bitnami/spark/.ivy2/jars/com.datastax.spark_spark-cassandra-connector_2.12-3.5.1.jar at spark://cea96c144870:32949/jars/com.datastax.spark_spark-cassandra-connector_2.12-3.5.1.jar with timestamp 1733257687979
[2024-12-03T20:28:09.242+0000] {subprocess.py:93} INFO - 24/12/03 20:28:09 INFO SparkContext: Added JAR file:///opt/bitnami/spark/.ivy2/jars/com.datastax.spark_spark-cassandra-connector-driver_2.12-3.5.1.jar at spark://cea96c144870:32949/jars/com.datastax.spark_spark-cassandra-connector-driver_2.12-3.5.1.jar with timestamp 1733257687979
[2024-12-03T20:28:09.243+0000] {subprocess.py:93} INFO - 24/12/03 20:28:09 INFO SparkContext: Added JAR file:///opt/bitnami/spark/.ivy2/jars/org.scala-lang.modules_scala-collection-compat_2.12-2.11.0.jar at spark://cea96c144870:32949/jars/org.scala-lang.modules_scala-collection-compat_2.12-2.11.0.jar with timestamp 1733257687979
[2024-12-03T20:28:09.245+0000] {subprocess.py:93} INFO - 24/12/03 20:28:09 INFO SparkContext: Added JAR file:///opt/bitnami/spark/.ivy2/jars/org.apache.cassandra_java-driver-core-shaded-4.18.1.jar at spark://cea96c144870:32949/jars/org.apache.cassandra_java-driver-core-shaded-4.18.1.jar with timestamp 1733257687979
[2024-12-03T20:28:09.247+0000] {subprocess.py:93} INFO - 24/12/03 20:28:09 INFO SparkContext: Added JAR file:///opt/bitnami/spark/.ivy2/jars/org.apache.cassandra_java-driver-mapper-runtime-4.18.1.jar at spark://cea96c144870:32949/jars/org.apache.cassandra_java-driver-mapper-runtime-4.18.1.jar with timestamp 1733257687979
[2024-12-03T20:28:09.248+0000] {subprocess.py:93} INFO - 24/12/03 20:28:09 INFO SparkContext: Added JAR file:///opt/bitnami/spark/.ivy2/jars/org.apache.commons_commons-lang3-3.10.jar at spark://cea96c144870:32949/jars/org.apache.commons_commons-lang3-3.10.jar with timestamp 1733257687979
[2024-12-03T20:28:09.250+0000] {subprocess.py:93} INFO - 24/12/03 20:28:09 INFO SparkContext: Added JAR file:///opt/bitnami/spark/.ivy2/jars/com.thoughtworks.paranamer_paranamer-2.8.jar at spark://cea96c144870:32949/jars/com.thoughtworks.paranamer_paranamer-2.8.jar with timestamp 1733257687979
[2024-12-03T20:28:09.251+0000] {subprocess.py:93} INFO - 24/12/03 20:28:09 INFO SparkContext: Added JAR file:///opt/bitnami/spark/.ivy2/jars/org.scala-lang_scala-reflect-2.12.19.jar at spark://cea96c144870:32949/jars/org.scala-lang_scala-reflect-2.12.19.jar with timestamp 1733257687979
[2024-12-03T20:28:09.252+0000] {subprocess.py:93} INFO - 24/12/03 20:28:09 INFO SparkContext: Added JAR file:///opt/bitnami/spark/.ivy2/jars/com.datastax.oss_native-protocol-1.5.1.jar at spark://cea96c144870:32949/jars/com.datastax.oss_native-protocol-1.5.1.jar with timestamp 1733257687979
[2024-12-03T20:28:09.254+0000] {subprocess.py:93} INFO - 24/12/03 20:28:09 INFO SparkContext: Added JAR file:///opt/bitnami/spark/.ivy2/jars/com.datastax.oss_java-driver-shaded-guava-25.1-jre-graal-sub-1.jar at spark://cea96c144870:32949/jars/com.datastax.oss_java-driver-shaded-guava-25.1-jre-graal-sub-1.jar with timestamp 1733257687979
[2024-12-03T20:28:09.255+0000] {subprocess.py:93} INFO - 24/12/03 20:28:09 INFO SparkContext: Added JAR file:///opt/bitnami/spark/.ivy2/jars/com.typesafe_config-1.4.1.jar at spark://cea96c144870:32949/jars/com.typesafe_config-1.4.1.jar with timestamp 1733257687979
[2024-12-03T20:28:09.256+0000] {subprocess.py:93} INFO - 24/12/03 20:28:09 INFO SparkContext: Added JAR file:///opt/bitnami/spark/.ivy2/jars/org.slf4j_slf4j-api-1.7.26.jar at spark://cea96c144870:32949/jars/org.slf4j_slf4j-api-1.7.26.jar with timestamp 1733257687979
[2024-12-03T20:28:09.257+0000] {subprocess.py:93} INFO - 24/12/03 20:28:09 INFO SparkContext: Added JAR file:///opt/bitnami/spark/.ivy2/jars/io.dropwizard.metrics_metrics-core-4.1.18.jar at spark://cea96c144870:32949/jars/io.dropwizard.metrics_metrics-core-4.1.18.jar with timestamp 1733257687979
[2024-12-03T20:28:09.258+0000] {subprocess.py:93} INFO - 24/12/03 20:28:09 INFO SparkContext: Added JAR file:///opt/bitnami/spark/.ivy2/jars/org.hdrhistogram_HdrHistogram-2.1.12.jar at spark://cea96c144870:32949/jars/org.hdrhistogram_HdrHistogram-2.1.12.jar with timestamp 1733257687979
[2024-12-03T20:28:09.259+0000] {subprocess.py:93} INFO - 24/12/03 20:28:09 INFO SparkContext: Added JAR file:///opt/bitnami/spark/.ivy2/jars/org.reactivestreams_reactive-streams-1.0.3.jar at spark://cea96c144870:32949/jars/org.reactivestreams_reactive-streams-1.0.3.jar with timestamp 1733257687979
[2024-12-03T20:28:09.261+0000] {subprocess.py:93} INFO - 24/12/03 20:28:09 INFO SparkContext: Added JAR file:///opt/bitnami/spark/.ivy2/jars/org.apache.cassandra_java-driver-query-builder-4.18.1.jar at spark://cea96c144870:32949/jars/org.apache.cassandra_java-driver-query-builder-4.18.1.jar with timestamp 1733257687979
[2024-12-03T20:28:09.262+0000] {subprocess.py:93} INFO - 24/12/03 20:28:09 INFO SparkContext: Added file file:///dependencies.zip at file:///dependencies.zip with timestamp 1733257687979
[2024-12-03T20:28:09.263+0000] {subprocess.py:93} INFO - 24/12/03 20:28:09 INFO Utils: Copying /dependencies.zip to /tmp/spark-f5fffbb8-6da3-4430-aa28-53da631bd558/userFiles-09f51d95-75f7-4442-8f0c-9720e50ea175/dependencies.zip
[2024-12-03T20:28:09.307+0000] {subprocess.py:93} INFO - 24/12/03 20:28:09 INFO SparkContext: Added file file:///opt/bitnami/spark/.ivy2/jars/com.datastax.spark_spark-cassandra-connector_2.12-3.5.1.jar at file:///opt/bitnami/spark/.ivy2/jars/com.datastax.spark_spark-cassandra-connector_2.12-3.5.1.jar with timestamp 1733257687979
[2024-12-03T20:28:09.309+0000] {subprocess.py:93} INFO - 24/12/03 20:28:09 INFO Utils: Copying /opt/bitnami/spark/.ivy2/jars/com.datastax.spark_spark-cassandra-connector_2.12-3.5.1.jar to /tmp/spark-f5fffbb8-6da3-4430-aa28-53da631bd558/userFiles-09f51d95-75f7-4442-8f0c-9720e50ea175/com.datastax.spark_spark-cassandra-connector_2.12-3.5.1.jar
[2024-12-03T20:28:09.317+0000] {subprocess.py:93} INFO - 24/12/03 20:28:09 INFO SparkContext: Added file file:///opt/bitnami/spark/.ivy2/jars/com.datastax.spark_spark-cassandra-connector-driver_2.12-3.5.1.jar at file:///opt/bitnami/spark/.ivy2/jars/com.datastax.spark_spark-cassandra-connector-driver_2.12-3.5.1.jar with timestamp 1733257687979
[2024-12-03T20:28:09.318+0000] {subprocess.py:93} INFO - 24/12/03 20:28:09 INFO Utils: Copying /opt/bitnami/spark/.ivy2/jars/com.datastax.spark_spark-cassandra-connector-driver_2.12-3.5.1.jar to /tmp/spark-f5fffbb8-6da3-4430-aa28-53da631bd558/userFiles-09f51d95-75f7-4442-8f0c-9720e50ea175/com.datastax.spark_spark-cassandra-connector-driver_2.12-3.5.1.jar
[2024-12-03T20:28:09.328+0000] {subprocess.py:93} INFO - 24/12/03 20:28:09 INFO SparkContext: Added file file:///opt/bitnami/spark/.ivy2/jars/org.scala-lang.modules_scala-collection-compat_2.12-2.11.0.jar at file:///opt/bitnami/spark/.ivy2/jars/org.scala-lang.modules_scala-collection-compat_2.12-2.11.0.jar with timestamp 1733257687979
[2024-12-03T20:28:09.329+0000] {subprocess.py:93} INFO - 24/12/03 20:28:09 INFO Utils: Copying /opt/bitnami/spark/.ivy2/jars/org.scala-lang.modules_scala-collection-compat_2.12-2.11.0.jar to /tmp/spark-f5fffbb8-6da3-4430-aa28-53da631bd558/userFiles-09f51d95-75f7-4442-8f0c-9720e50ea175/org.scala-lang.modules_scala-collection-compat_2.12-2.11.0.jar
[2024-12-03T20:28:09.340+0000] {subprocess.py:93} INFO - 24/12/03 20:28:09 INFO SparkContext: Added file file:///opt/bitnami/spark/.ivy2/jars/org.apache.cassandra_java-driver-core-shaded-4.18.1.jar at file:///opt/bitnami/spark/.ivy2/jars/org.apache.cassandra_java-driver-core-shaded-4.18.1.jar with timestamp 1733257687979
[2024-12-03T20:28:09.341+0000] {subprocess.py:93} INFO - 24/12/03 20:28:09 INFO Utils: Copying /opt/bitnami/spark/.ivy2/jars/org.apache.cassandra_java-driver-core-shaded-4.18.1.jar to /tmp/spark-f5fffbb8-6da3-4430-aa28-53da631bd558/userFiles-09f51d95-75f7-4442-8f0c-9720e50ea175/org.apache.cassandra_java-driver-core-shaded-4.18.1.jar
[2024-12-03T20:28:09.357+0000] {subprocess.py:93} INFO - 24/12/03 20:28:09 INFO SparkContext: Added file file:///opt/bitnami/spark/.ivy2/jars/org.apache.cassandra_java-driver-mapper-runtime-4.18.1.jar at file:///opt/bitnami/spark/.ivy2/jars/org.apache.cassandra_java-driver-mapper-runtime-4.18.1.jar with timestamp 1733257687979
[2024-12-03T20:28:09.358+0000] {subprocess.py:93} INFO - 24/12/03 20:28:09 INFO Utils: Copying /opt/bitnami/spark/.ivy2/jars/org.apache.cassandra_java-driver-mapper-runtime-4.18.1.jar to /tmp/spark-f5fffbb8-6da3-4430-aa28-53da631bd558/userFiles-09f51d95-75f7-4442-8f0c-9720e50ea175/org.apache.cassandra_java-driver-mapper-runtime-4.18.1.jar
[2024-12-03T20:28:09.363+0000] {subprocess.py:93} INFO - 24/12/03 20:28:09 INFO SparkContext: Added file file:///opt/bitnami/spark/.ivy2/jars/org.apache.commons_commons-lang3-3.10.jar at file:///opt/bitnami/spark/.ivy2/jars/org.apache.commons_commons-lang3-3.10.jar with timestamp 1733257687979
[2024-12-03T20:28:09.364+0000] {subprocess.py:93} INFO - 24/12/03 20:28:09 INFO Utils: Copying /opt/bitnami/spark/.ivy2/jars/org.apache.commons_commons-lang3-3.10.jar to /tmp/spark-f5fffbb8-6da3-4430-aa28-53da631bd558/userFiles-09f51d95-75f7-4442-8f0c-9720e50ea175/org.apache.commons_commons-lang3-3.10.jar
[2024-12-03T20:28:09.371+0000] {subprocess.py:93} INFO - 24/12/03 20:28:09 INFO SparkContext: Added file file:///opt/bitnami/spark/.ivy2/jars/com.thoughtworks.paranamer_paranamer-2.8.jar at file:///opt/bitnami/spark/.ivy2/jars/com.thoughtworks.paranamer_paranamer-2.8.jar with timestamp 1733257687979
[2024-12-03T20:28:09.372+0000] {subprocess.py:93} INFO - 24/12/03 20:28:09 INFO Utils: Copying /opt/bitnami/spark/.ivy2/jars/com.thoughtworks.paranamer_paranamer-2.8.jar to /tmp/spark-f5fffbb8-6da3-4430-aa28-53da631bd558/userFiles-09f51d95-75f7-4442-8f0c-9720e50ea175/com.thoughtworks.paranamer_paranamer-2.8.jar
[2024-12-03T20:28:09.379+0000] {subprocess.py:93} INFO - 24/12/03 20:28:09 INFO SparkContext: Added file file:///opt/bitnami/spark/.ivy2/jars/org.scala-lang_scala-reflect-2.12.19.jar at file:///opt/bitnami/spark/.ivy2/jars/org.scala-lang_scala-reflect-2.12.19.jar with timestamp 1733257687979
[2024-12-03T20:28:09.380+0000] {subprocess.py:93} INFO - 24/12/03 20:28:09 INFO Utils: Copying /opt/bitnami/spark/.ivy2/jars/org.scala-lang_scala-reflect-2.12.19.jar to /tmp/spark-f5fffbb8-6da3-4430-aa28-53da631bd558/userFiles-09f51d95-75f7-4442-8f0c-9720e50ea175/org.scala-lang_scala-reflect-2.12.19.jar
[2024-12-03T20:28:09.391+0000] {subprocess.py:93} INFO - 24/12/03 20:28:09 INFO SparkContext: Added file file:///opt/bitnami/spark/.ivy2/jars/com.datastax.oss_native-protocol-1.5.1.jar at file:///opt/bitnami/spark/.ivy2/jars/com.datastax.oss_native-protocol-1.5.1.jar with timestamp 1733257687979
[2024-12-03T20:28:09.393+0000] {subprocess.py:93} INFO - 24/12/03 20:28:09 INFO Utils: Copying /opt/bitnami/spark/.ivy2/jars/com.datastax.oss_native-protocol-1.5.1.jar to /tmp/spark-f5fffbb8-6da3-4430-aa28-53da631bd558/userFiles-09f51d95-75f7-4442-8f0c-9720e50ea175/com.datastax.oss_native-protocol-1.5.1.jar
[2024-12-03T20:28:09.400+0000] {subprocess.py:93} INFO - 24/12/03 20:28:09 INFO SparkContext: Added file file:///opt/bitnami/spark/.ivy2/jars/com.datastax.oss_java-driver-shaded-guava-25.1-jre-graal-sub-1.jar at file:///opt/bitnami/spark/.ivy2/jars/com.datastax.oss_java-driver-shaded-guava-25.1-jre-graal-sub-1.jar with timestamp 1733257687979
[2024-12-03T20:28:09.401+0000] {subprocess.py:93} INFO - 24/12/03 20:28:09 INFO Utils: Copying /opt/bitnami/spark/.ivy2/jars/com.datastax.oss_java-driver-shaded-guava-25.1-jre-graal-sub-1.jar to /tmp/spark-f5fffbb8-6da3-4430-aa28-53da631bd558/userFiles-09f51d95-75f7-4442-8f0c-9720e50ea175/com.datastax.oss_java-driver-shaded-guava-25.1-jre-graal-sub-1.jar
[2024-12-03T20:28:09.411+0000] {subprocess.py:93} INFO - 24/12/03 20:28:09 INFO SparkContext: Added file file:///opt/bitnami/spark/.ivy2/jars/com.typesafe_config-1.4.1.jar at file:///opt/bitnami/spark/.ivy2/jars/com.typesafe_config-1.4.1.jar with timestamp 1733257687979
[2024-12-03T20:28:09.412+0000] {subprocess.py:93} INFO - 24/12/03 20:28:09 INFO Utils: Copying /opt/bitnami/spark/.ivy2/jars/com.typesafe_config-1.4.1.jar to /tmp/spark-f5fffbb8-6da3-4430-aa28-53da631bd558/userFiles-09f51d95-75f7-4442-8f0c-9720e50ea175/com.typesafe_config-1.4.1.jar
[2024-12-03T20:28:09.418+0000] {subprocess.py:93} INFO - 24/12/03 20:28:09 INFO SparkContext: Added file file:///opt/bitnami/spark/.ivy2/jars/org.slf4j_slf4j-api-1.7.26.jar at file:///opt/bitnami/spark/.ivy2/jars/org.slf4j_slf4j-api-1.7.26.jar with timestamp 1733257687979
[2024-12-03T20:28:09.419+0000] {subprocess.py:93} INFO - 24/12/03 20:28:09 INFO Utils: Copying /opt/bitnami/spark/.ivy2/jars/org.slf4j_slf4j-api-1.7.26.jar to /tmp/spark-f5fffbb8-6da3-4430-aa28-53da631bd558/userFiles-09f51d95-75f7-4442-8f0c-9720e50ea175/org.slf4j_slf4j-api-1.7.26.jar
[2024-12-03T20:28:09.424+0000] {subprocess.py:93} INFO - 24/12/03 20:28:09 INFO SparkContext: Added file file:///opt/bitnami/spark/.ivy2/jars/io.dropwizard.metrics_metrics-core-4.1.18.jar at file:///opt/bitnami/spark/.ivy2/jars/io.dropwizard.metrics_metrics-core-4.1.18.jar with timestamp 1733257687979
[2024-12-03T20:28:09.426+0000] {subprocess.py:93} INFO - 24/12/03 20:28:09 INFO Utils: Copying /opt/bitnami/spark/.ivy2/jars/io.dropwizard.metrics_metrics-core-4.1.18.jar to /tmp/spark-f5fffbb8-6da3-4430-aa28-53da631bd558/userFiles-09f51d95-75f7-4442-8f0c-9720e50ea175/io.dropwizard.metrics_metrics-core-4.1.18.jar
[2024-12-03T20:28:09.433+0000] {subprocess.py:93} INFO - 24/12/03 20:28:09 INFO SparkContext: Added file file:///opt/bitnami/spark/.ivy2/jars/org.hdrhistogram_HdrHistogram-2.1.12.jar at file:///opt/bitnami/spark/.ivy2/jars/org.hdrhistogram_HdrHistogram-2.1.12.jar with timestamp 1733257687979
[2024-12-03T20:28:09.434+0000] {subprocess.py:93} INFO - 24/12/03 20:28:09 INFO Utils: Copying /opt/bitnami/spark/.ivy2/jars/org.hdrhistogram_HdrHistogram-2.1.12.jar to /tmp/spark-f5fffbb8-6da3-4430-aa28-53da631bd558/userFiles-09f51d95-75f7-4442-8f0c-9720e50ea175/org.hdrhistogram_HdrHistogram-2.1.12.jar
[2024-12-03T20:28:09.442+0000] {subprocess.py:93} INFO - 24/12/03 20:28:09 INFO SparkContext: Added file file:///opt/bitnami/spark/.ivy2/jars/org.reactivestreams_reactive-streams-1.0.3.jar at file:///opt/bitnami/spark/.ivy2/jars/org.reactivestreams_reactive-streams-1.0.3.jar with timestamp 1733257687979
[2024-12-03T20:28:09.443+0000] {subprocess.py:93} INFO - 24/12/03 20:28:09 INFO Utils: Copying /opt/bitnami/spark/.ivy2/jars/org.reactivestreams_reactive-streams-1.0.3.jar to /tmp/spark-f5fffbb8-6da3-4430-aa28-53da631bd558/userFiles-09f51d95-75f7-4442-8f0c-9720e50ea175/org.reactivestreams_reactive-streams-1.0.3.jar
[2024-12-03T20:28:09.449+0000] {subprocess.py:93} INFO - 24/12/03 20:28:09 INFO SparkContext: Added file file:///opt/bitnami/spark/.ivy2/jars/org.apache.cassandra_java-driver-query-builder-4.18.1.jar at file:///opt/bitnami/spark/.ivy2/jars/org.apache.cassandra_java-driver-query-builder-4.18.1.jar with timestamp 1733257687979
[2024-12-03T20:28:09.450+0000] {subprocess.py:93} INFO - 24/12/03 20:28:09 INFO Utils: Copying /opt/bitnami/spark/.ivy2/jars/org.apache.cassandra_java-driver-query-builder-4.18.1.jar to /tmp/spark-f5fffbb8-6da3-4430-aa28-53da631bd558/userFiles-09f51d95-75f7-4442-8f0c-9720e50ea175/org.apache.cassandra_java-driver-query-builder-4.18.1.jar
[2024-12-03T20:28:09.556+0000] {subprocess.py:93} INFO - 24/12/03 20:28:09 INFO Executor: Starting executor ID driver on host cea96c144870
[2024-12-03T20:28:09.558+0000] {subprocess.py:93} INFO - 24/12/03 20:28:09 INFO Executor: OS info Linux, 5.15.167.4-microsoft-standard-WSL2, amd64
[2024-12-03T20:28:09.559+0000] {subprocess.py:93} INFO - 24/12/03 20:28:09 INFO Executor: Java version 17.0.12
[2024-12-03T20:28:09.572+0000] {subprocess.py:93} INFO - 24/12/03 20:28:09 INFO Executor: Starting executor with user classpath (userClassPathFirst = false): ''
[2024-12-03T20:28:09.573+0000] {subprocess.py:93} INFO - 24/12/03 20:28:09 INFO Executor: Created or updated repl class loader org.apache.spark.util.MutableURLClassLoader@2bef5965 for default.
[2024-12-03T20:28:09.595+0000] {subprocess.py:93} INFO - 24/12/03 20:28:09 INFO Executor: Fetching file:///opt/bitnami/spark/.ivy2/jars/com.typesafe_config-1.4.1.jar with timestamp 1733257687979
[2024-12-03T20:28:09.633+0000] {subprocess.py:93} INFO - 24/12/03 20:28:09 INFO Utils: /opt/bitnami/spark/.ivy2/jars/com.typesafe_config-1.4.1.jar has been previously copied to /tmp/spark-f5fffbb8-6da3-4430-aa28-53da631bd558/userFiles-09f51d95-75f7-4442-8f0c-9720e50ea175/com.typesafe_config-1.4.1.jar
[2024-12-03T20:28:09.640+0000] {subprocess.py:93} INFO - 24/12/03 20:28:09 INFO Executor: Fetching file:///opt/bitnami/spark/.ivy2/jars/org.scala-lang.modules_scala-collection-compat_2.12-2.11.0.jar with timestamp 1733257687979
[2024-12-03T20:28:09.646+0000] {subprocess.py:93} INFO - 24/12/03 20:28:09 INFO Utils: /opt/bitnami/spark/.ivy2/jars/org.scala-lang.modules_scala-collection-compat_2.12-2.11.0.jar has been previously copied to /tmp/spark-f5fffbb8-6da3-4430-aa28-53da631bd558/userFiles-09f51d95-75f7-4442-8f0c-9720e50ea175/org.scala-lang.modules_scala-collection-compat_2.12-2.11.0.jar
[2024-12-03T20:28:09.652+0000] {subprocess.py:93} INFO - 24/12/03 20:28:09 INFO Executor: Fetching file:///opt/bitnami/spark/.ivy2/jars/org.hdrhistogram_HdrHistogram-2.1.12.jar with timestamp 1733257687979
[2024-12-03T20:28:09.654+0000] {subprocess.py:93} INFO - 24/12/03 20:28:09 INFO Utils: /opt/bitnami/spark/.ivy2/jars/org.hdrhistogram_HdrHistogram-2.1.12.jar has been previously copied to /tmp/spark-f5fffbb8-6da3-4430-aa28-53da631bd558/userFiles-09f51d95-75f7-4442-8f0c-9720e50ea175/org.hdrhistogram_HdrHistogram-2.1.12.jar
[2024-12-03T20:28:09.664+0000] {subprocess.py:93} INFO - 24/12/03 20:28:09 INFO Executor: Fetching file:///opt/bitnami/spark/.ivy2/jars/com.datastax.oss_native-protocol-1.5.1.jar with timestamp 1733257687979
[2024-12-03T20:28:09.668+0000] {subprocess.py:93} INFO - 24/12/03 20:28:09 INFO Utils: /opt/bitnami/spark/.ivy2/jars/com.datastax.oss_native-protocol-1.5.1.jar has been previously copied to /tmp/spark-f5fffbb8-6da3-4430-aa28-53da631bd558/userFiles-09f51d95-75f7-4442-8f0c-9720e50ea175/com.datastax.oss_native-protocol-1.5.1.jar
[2024-12-03T20:28:09.675+0000] {subprocess.py:93} INFO - 24/12/03 20:28:09 INFO Executor: Fetching file:///dependencies.zip with timestamp 1733257687979
[2024-12-03T20:28:09.710+0000] {subprocess.py:93} INFO - 24/12/03 20:28:09 INFO Utils: /dependencies.zip has been previously copied to /tmp/spark-f5fffbb8-6da3-4430-aa28-53da631bd558/userFiles-09f51d95-75f7-4442-8f0c-9720e50ea175/dependencies.zip
[2024-12-03T20:28:09.717+0000] {subprocess.py:93} INFO - 24/12/03 20:28:09 INFO Executor: Fetching file:///opt/bitnami/spark/.ivy2/jars/org.reactivestreams_reactive-streams-1.0.3.jar with timestamp 1733257687979
[2024-12-03T20:28:09.718+0000] {subprocess.py:93} INFO - 24/12/03 20:28:09 INFO Utils: /opt/bitnami/spark/.ivy2/jars/org.reactivestreams_reactive-streams-1.0.3.jar has been previously copied to /tmp/spark-f5fffbb8-6da3-4430-aa28-53da631bd558/userFiles-09f51d95-75f7-4442-8f0c-9720e50ea175/org.reactivestreams_reactive-streams-1.0.3.jar
[2024-12-03T20:28:09.724+0000] {subprocess.py:93} INFO - 24/12/03 20:28:09 INFO Executor: Fetching file:///opt/bitnami/spark/.ivy2/jars/org.apache.cassandra_java-driver-mapper-runtime-4.18.1.jar with timestamp 1733257687979
[2024-12-03T20:28:09.725+0000] {subprocess.py:93} INFO - 24/12/03 20:28:09 INFO Utils: /opt/bitnami/spark/.ivy2/jars/org.apache.cassandra_java-driver-mapper-runtime-4.18.1.jar has been previously copied to /tmp/spark-f5fffbb8-6da3-4430-aa28-53da631bd558/userFiles-09f51d95-75f7-4442-8f0c-9720e50ea175/org.apache.cassandra_java-driver-mapper-runtime-4.18.1.jar
[2024-12-03T20:28:09.733+0000] {subprocess.py:93} INFO - 24/12/03 20:28:09 INFO Executor: Fetching file:///opt/bitnami/spark/.ivy2/jars/org.apache.cassandra_java-driver-core-shaded-4.18.1.jar with timestamp 1733257687979
[2024-12-03T20:28:09.743+0000] {subprocess.py:93} INFO - 24/12/03 20:28:09 INFO Utils: /opt/bitnami/spark/.ivy2/jars/org.apache.cassandra_java-driver-core-shaded-4.18.1.jar has been previously copied to /tmp/spark-f5fffbb8-6da3-4430-aa28-53da631bd558/userFiles-09f51d95-75f7-4442-8f0c-9720e50ea175/org.apache.cassandra_java-driver-core-shaded-4.18.1.jar
[2024-12-03T20:28:09.751+0000] {subprocess.py:93} INFO - 24/12/03 20:28:09 INFO Executor: Fetching file:///opt/bitnami/spark/.ivy2/jars/com.datastax.oss_java-driver-shaded-guava-25.1-jre-graal-sub-1.jar with timestamp 1733257687979
[2024-12-03T20:28:09.756+0000] {subprocess.py:93} INFO - 24/12/03 20:28:09 INFO Utils: /opt/bitnami/spark/.ivy2/jars/com.datastax.oss_java-driver-shaded-guava-25.1-jre-graal-sub-1.jar has been previously copied to /tmp/spark-f5fffbb8-6da3-4430-aa28-53da631bd558/userFiles-09f51d95-75f7-4442-8f0c-9720e50ea175/com.datastax.oss_java-driver-shaded-guava-25.1-jre-graal-sub-1.jar
[2024-12-03T20:28:09.764+0000] {subprocess.py:93} INFO - 24/12/03 20:28:09 INFO Executor: Fetching file:///opt/bitnami/spark/.ivy2/jars/org.apache.cassandra_java-driver-query-builder-4.18.1.jar with timestamp 1733257687979
[2024-12-03T20:28:09.766+0000] {subprocess.py:93} INFO - 24/12/03 20:28:09 INFO Utils: /opt/bitnami/spark/.ivy2/jars/org.apache.cassandra_java-driver-query-builder-4.18.1.jar has been previously copied to /tmp/spark-f5fffbb8-6da3-4430-aa28-53da631bd558/userFiles-09f51d95-75f7-4442-8f0c-9720e50ea175/org.apache.cassandra_java-driver-query-builder-4.18.1.jar
[2024-12-03T20:28:09.776+0000] {subprocess.py:93} INFO - 24/12/03 20:28:09 INFO Executor: Fetching file:///opt/bitnami/spark/.ivy2/jars/com.datastax.spark_spark-cassandra-connector_2.12-3.5.1.jar with timestamp 1733257687979
[2024-12-03T20:28:09.779+0000] {subprocess.py:93} INFO - 24/12/03 20:28:09 INFO Utils: /opt/bitnami/spark/.ivy2/jars/com.datastax.spark_spark-cassandra-connector_2.12-3.5.1.jar has been previously copied to /tmp/spark-f5fffbb8-6da3-4430-aa28-53da631bd558/userFiles-09f51d95-75f7-4442-8f0c-9720e50ea175/com.datastax.spark_spark-cassandra-connector_2.12-3.5.1.jar
[2024-12-03T20:28:09.788+0000] {subprocess.py:93} INFO - 24/12/03 20:28:09 INFO Executor: Fetching file:///opt/bitnami/spark/.ivy2/jars/org.apache.commons_commons-lang3-3.10.jar with timestamp 1733257687979
[2024-12-03T20:28:09.790+0000] {subprocess.py:93} INFO - 24/12/03 20:28:09 INFO Utils: /opt/bitnami/spark/.ivy2/jars/org.apache.commons_commons-lang3-3.10.jar has been previously copied to /tmp/spark-f5fffbb8-6da3-4430-aa28-53da631bd558/userFiles-09f51d95-75f7-4442-8f0c-9720e50ea175/org.apache.commons_commons-lang3-3.10.jar
[2024-12-03T20:28:09.798+0000] {subprocess.py:93} INFO - 24/12/03 20:28:09 INFO Executor: Fetching file:///opt/bitnami/spark/.ivy2/jars/com.thoughtworks.paranamer_paranamer-2.8.jar with timestamp 1733257687979
[2024-12-03T20:28:09.799+0000] {subprocess.py:93} INFO - 24/12/03 20:28:09 INFO Utils: /opt/bitnami/spark/.ivy2/jars/com.thoughtworks.paranamer_paranamer-2.8.jar has been previously copied to /tmp/spark-f5fffbb8-6da3-4430-aa28-53da631bd558/userFiles-09f51d95-75f7-4442-8f0c-9720e50ea175/com.thoughtworks.paranamer_paranamer-2.8.jar
[2024-12-03T20:28:09.806+0000] {subprocess.py:93} INFO - 24/12/03 20:28:09 INFO Executor: Fetching file:///opt/bitnami/spark/.ivy2/jars/org.slf4j_slf4j-api-1.7.26.jar with timestamp 1733257687979
[2024-12-03T20:28:09.808+0000] {subprocess.py:93} INFO - 24/12/03 20:28:09 INFO Utils: /opt/bitnami/spark/.ivy2/jars/org.slf4j_slf4j-api-1.7.26.jar has been previously copied to /tmp/spark-f5fffbb8-6da3-4430-aa28-53da631bd558/userFiles-09f51d95-75f7-4442-8f0c-9720e50ea175/org.slf4j_slf4j-api-1.7.26.jar
[2024-12-03T20:28:09.816+0000] {subprocess.py:93} INFO - 24/12/03 20:28:09 INFO Executor: Fetching file:///opt/bitnami/spark/.ivy2/jars/org.scala-lang_scala-reflect-2.12.19.jar with timestamp 1733257687979
[2024-12-03T20:28:09.821+0000] {subprocess.py:93} INFO - 24/12/03 20:28:09 INFO Utils: /opt/bitnami/spark/.ivy2/jars/org.scala-lang_scala-reflect-2.12.19.jar has been previously copied to /tmp/spark-f5fffbb8-6da3-4430-aa28-53da631bd558/userFiles-09f51d95-75f7-4442-8f0c-9720e50ea175/org.scala-lang_scala-reflect-2.12.19.jar
[2024-12-03T20:28:09.826+0000] {subprocess.py:93} INFO - 24/12/03 20:28:09 INFO Executor: Fetching file:///opt/bitnami/spark/.ivy2/jars/com.datastax.spark_spark-cassandra-connector-driver_2.12-3.5.1.jar with timestamp 1733257687979
[2024-12-03T20:28:09.828+0000] {subprocess.py:93} INFO - 24/12/03 20:28:09 INFO Utils: /opt/bitnami/spark/.ivy2/jars/com.datastax.spark_spark-cassandra-connector-driver_2.12-3.5.1.jar has been previously copied to /tmp/spark-f5fffbb8-6da3-4430-aa28-53da631bd558/userFiles-09f51d95-75f7-4442-8f0c-9720e50ea175/com.datastax.spark_spark-cassandra-connector-driver_2.12-3.5.1.jar
[2024-12-03T20:28:09.836+0000] {subprocess.py:93} INFO - 24/12/03 20:28:09 INFO Executor: Fetching file:///opt/bitnami/spark/.ivy2/jars/io.dropwizard.metrics_metrics-core-4.1.18.jar with timestamp 1733257687979
[2024-12-03T20:28:09.838+0000] {subprocess.py:93} INFO - 24/12/03 20:28:09 INFO Utils: /opt/bitnami/spark/.ivy2/jars/io.dropwizard.metrics_metrics-core-4.1.18.jar has been previously copied to /tmp/spark-f5fffbb8-6da3-4430-aa28-53da631bd558/userFiles-09f51d95-75f7-4442-8f0c-9720e50ea175/io.dropwizard.metrics_metrics-core-4.1.18.jar
[2024-12-03T20:28:09.847+0000] {subprocess.py:93} INFO - 24/12/03 20:28:09 INFO Executor: Fetching spark://cea96c144870:32949/jars/com.datastax.oss_native-protocol-1.5.1.jar with timestamp 1733257687979
[2024-12-03T20:28:09.906+0000] {subprocess.py:93} INFO - 24/12/03 20:28:09 INFO TransportClientFactory: Successfully created connection to cea96c144870/172.18.0.9:32949 after 42 ms (0 ms spent in bootstraps)
[2024-12-03T20:28:09.922+0000] {subprocess.py:93} INFO - 24/12/03 20:28:09 INFO Utils: Fetching spark://cea96c144870:32949/jars/com.datastax.oss_native-protocol-1.5.1.jar to /tmp/spark-f5fffbb8-6da3-4430-aa28-53da631bd558/userFiles-09f51d95-75f7-4442-8f0c-9720e50ea175/fetchFileTemp12520871558143239212.tmp
[2024-12-03T20:28:09.967+0000] {subprocess.py:93} INFO - 24/12/03 20:28:09 INFO Utils: /tmp/spark-f5fffbb8-6da3-4430-aa28-53da631bd558/userFiles-09f51d95-75f7-4442-8f0c-9720e50ea175/fetchFileTemp12520871558143239212.tmp has been previously copied to /tmp/spark-f5fffbb8-6da3-4430-aa28-53da631bd558/userFiles-09f51d95-75f7-4442-8f0c-9720e50ea175/com.datastax.oss_native-protocol-1.5.1.jar
[2024-12-03T20:28:09.985+0000] {subprocess.py:93} INFO - 24/12/03 20:28:09 INFO Executor: Adding file:/tmp/spark-f5fffbb8-6da3-4430-aa28-53da631bd558/userFiles-09f51d95-75f7-4442-8f0c-9720e50ea175/com.datastax.oss_native-protocol-1.5.1.jar to class loader default
[2024-12-03T20:28:09.987+0000] {subprocess.py:93} INFO - 24/12/03 20:28:09 INFO Executor: Fetching spark://cea96c144870:32949/jars/org.scala-lang.modules_scala-collection-compat_2.12-2.11.0.jar with timestamp 1733257687979
[2024-12-03T20:28:09.989+0000] {subprocess.py:93} INFO - 24/12/03 20:28:09 INFO Utils: Fetching spark://cea96c144870:32949/jars/org.scala-lang.modules_scala-collection-compat_2.12-2.11.0.jar to /tmp/spark-f5fffbb8-6da3-4430-aa28-53da631bd558/userFiles-09f51d95-75f7-4442-8f0c-9720e50ea175/fetchFileTemp7431234211160956193.tmp
[2024-12-03T20:28:10.003+0000] {subprocess.py:93} INFO - 24/12/03 20:28:09 INFO Utils: /tmp/spark-f5fffbb8-6da3-4430-aa28-53da631bd558/userFiles-09f51d95-75f7-4442-8f0c-9720e50ea175/fetchFileTemp7431234211160956193.tmp has been previously copied to /tmp/spark-f5fffbb8-6da3-4430-aa28-53da631bd558/userFiles-09f51d95-75f7-4442-8f0c-9720e50ea175/org.scala-lang.modules_scala-collection-compat_2.12-2.11.0.jar
[2024-12-03T20:28:10.013+0000] {subprocess.py:93} INFO - 24/12/03 20:28:10 INFO Executor: Adding file:/tmp/spark-f5fffbb8-6da3-4430-aa28-53da631bd558/userFiles-09f51d95-75f7-4442-8f0c-9720e50ea175/org.scala-lang.modules_scala-collection-compat_2.12-2.11.0.jar to class loader default
[2024-12-03T20:28:10.015+0000] {subprocess.py:93} INFO - 24/12/03 20:28:10 INFO Executor: Fetching spark://cea96c144870:32949/jars/io.dropwizard.metrics_metrics-core-4.1.18.jar with timestamp 1733257687979
[2024-12-03T20:28:10.020+0000] {subprocess.py:93} INFO - 24/12/03 20:28:10 INFO Utils: Fetching spark://cea96c144870:32949/jars/io.dropwizard.metrics_metrics-core-4.1.18.jar to /tmp/spark-f5fffbb8-6da3-4430-aa28-53da631bd558/userFiles-09f51d95-75f7-4442-8f0c-9720e50ea175/fetchFileTemp14730896022324245992.tmp
[2024-12-03T20:28:10.027+0000] {subprocess.py:93} INFO - 24/12/03 20:28:10 INFO Utils: /tmp/spark-f5fffbb8-6da3-4430-aa28-53da631bd558/userFiles-09f51d95-75f7-4442-8f0c-9720e50ea175/fetchFileTemp14730896022324245992.tmp has been previously copied to /tmp/spark-f5fffbb8-6da3-4430-aa28-53da631bd558/userFiles-09f51d95-75f7-4442-8f0c-9720e50ea175/io.dropwizard.metrics_metrics-core-4.1.18.jar
[2024-12-03T20:28:10.041+0000] {subprocess.py:93} INFO - 24/12/03 20:28:10 INFO Executor: Adding file:/tmp/spark-f5fffbb8-6da3-4430-aa28-53da631bd558/userFiles-09f51d95-75f7-4442-8f0c-9720e50ea175/io.dropwizard.metrics_metrics-core-4.1.18.jar to class loader default
[2024-12-03T20:28:10.043+0000] {subprocess.py:93} INFO - 24/12/03 20:28:10 INFO Executor: Fetching spark://cea96c144870:32949/jars/com.thoughtworks.paranamer_paranamer-2.8.jar with timestamp 1733257687979
[2024-12-03T20:28:10.045+0000] {subprocess.py:93} INFO - 24/12/03 20:28:10 INFO Utils: Fetching spark://cea96c144870:32949/jars/com.thoughtworks.paranamer_paranamer-2.8.jar to /tmp/spark-f5fffbb8-6da3-4430-aa28-53da631bd558/userFiles-09f51d95-75f7-4442-8f0c-9720e50ea175/fetchFileTemp763112575901329073.tmp
[2024-12-03T20:28:10.050+0000] {subprocess.py:93} INFO - 24/12/03 20:28:10 INFO Utils: /tmp/spark-f5fffbb8-6da3-4430-aa28-53da631bd558/userFiles-09f51d95-75f7-4442-8f0c-9720e50ea175/fetchFileTemp763112575901329073.tmp has been previously copied to /tmp/spark-f5fffbb8-6da3-4430-aa28-53da631bd558/userFiles-09f51d95-75f7-4442-8f0c-9720e50ea175/com.thoughtworks.paranamer_paranamer-2.8.jar
[2024-12-03T20:28:10.063+0000] {subprocess.py:93} INFO - 24/12/03 20:28:10 INFO Executor: Adding file:/tmp/spark-f5fffbb8-6da3-4430-aa28-53da631bd558/userFiles-09f51d95-75f7-4442-8f0c-9720e50ea175/com.thoughtworks.paranamer_paranamer-2.8.jar to class loader default
[2024-12-03T20:28:10.066+0000] {subprocess.py:93} INFO - 24/12/03 20:28:10 INFO Executor: Fetching spark://cea96c144870:32949/jars/org.apache.cassandra_java-driver-query-builder-4.18.1.jar with timestamp 1733257687979
[2024-12-03T20:28:10.067+0000] {subprocess.py:93} INFO - 24/12/03 20:28:10 INFO Utils: Fetching spark://cea96c144870:32949/jars/org.apache.cassandra_java-driver-query-builder-4.18.1.jar to /tmp/spark-f5fffbb8-6da3-4430-aa28-53da631bd558/userFiles-09f51d95-75f7-4442-8f0c-9720e50ea175/fetchFileTemp7379735566030730690.tmp
[2024-12-03T20:28:10.081+0000] {subprocess.py:93} INFO - 24/12/03 20:28:10 INFO Utils: /tmp/spark-f5fffbb8-6da3-4430-aa28-53da631bd558/userFiles-09f51d95-75f7-4442-8f0c-9720e50ea175/fetchFileTemp7379735566030730690.tmp has been previously copied to /tmp/spark-f5fffbb8-6da3-4430-aa28-53da631bd558/userFiles-09f51d95-75f7-4442-8f0c-9720e50ea175/org.apache.cassandra_java-driver-query-builder-4.18.1.jar
[2024-12-03T20:28:10.095+0000] {subprocess.py:93} INFO - 24/12/03 20:28:10 INFO Executor: Adding file:/tmp/spark-f5fffbb8-6da3-4430-aa28-53da631bd558/userFiles-09f51d95-75f7-4442-8f0c-9720e50ea175/org.apache.cassandra_java-driver-query-builder-4.18.1.jar to class loader default
[2024-12-03T20:28:10.098+0000] {subprocess.py:93} INFO - 24/12/03 20:28:10 INFO Executor: Fetching spark://cea96c144870:32949/jars/org.scala-lang_scala-reflect-2.12.19.jar with timestamp 1733257687979
[2024-12-03T20:28:10.100+0000] {subprocess.py:93} INFO - 24/12/03 20:28:10 INFO Utils: Fetching spark://cea96c144870:32949/jars/org.scala-lang_scala-reflect-2.12.19.jar to /tmp/spark-f5fffbb8-6da3-4430-aa28-53da631bd558/userFiles-09f51d95-75f7-4442-8f0c-9720e50ea175/fetchFileTemp6662152768484297637.tmp
[2024-12-03T20:28:10.171+0000] {subprocess.py:93} INFO - 24/12/03 20:28:10 INFO Utils: /tmp/spark-f5fffbb8-6da3-4430-aa28-53da631bd558/userFiles-09f51d95-75f7-4442-8f0c-9720e50ea175/fetchFileTemp6662152768484297637.tmp has been previously copied to /tmp/spark-f5fffbb8-6da3-4430-aa28-53da631bd558/userFiles-09f51d95-75f7-4442-8f0c-9720e50ea175/org.scala-lang_scala-reflect-2.12.19.jar
[2024-12-03T20:28:10.182+0000] {subprocess.py:93} INFO - 24/12/03 20:28:10 INFO Executor: Adding file:/tmp/spark-f5fffbb8-6da3-4430-aa28-53da631bd558/userFiles-09f51d95-75f7-4442-8f0c-9720e50ea175/org.scala-lang_scala-reflect-2.12.19.jar to class loader default
[2024-12-03T20:28:10.184+0000] {subprocess.py:93} INFO - 24/12/03 20:28:10 INFO Executor: Fetching spark://cea96c144870:32949/jars/org.reactivestreams_reactive-streams-1.0.3.jar with timestamp 1733257687979
[2024-12-03T20:28:10.186+0000] {subprocess.py:93} INFO - 24/12/03 20:28:10 INFO Utils: Fetching spark://cea96c144870:32949/jars/org.reactivestreams_reactive-streams-1.0.3.jar to /tmp/spark-f5fffbb8-6da3-4430-aa28-53da631bd558/userFiles-09f51d95-75f7-4442-8f0c-9720e50ea175/fetchFileTemp7447184355795075097.tmp
[2024-12-03T20:28:10.188+0000] {subprocess.py:93} INFO - 24/12/03 20:28:10 INFO Utils: /tmp/spark-f5fffbb8-6da3-4430-aa28-53da631bd558/userFiles-09f51d95-75f7-4442-8f0c-9720e50ea175/fetchFileTemp7447184355795075097.tmp has been previously copied to /tmp/spark-f5fffbb8-6da3-4430-aa28-53da631bd558/userFiles-09f51d95-75f7-4442-8f0c-9720e50ea175/org.reactivestreams_reactive-streams-1.0.3.jar
[2024-12-03T20:28:10.197+0000] {subprocess.py:93} INFO - 24/12/03 20:28:10 INFO Executor: Adding file:/tmp/spark-f5fffbb8-6da3-4430-aa28-53da631bd558/userFiles-09f51d95-75f7-4442-8f0c-9720e50ea175/org.reactivestreams_reactive-streams-1.0.3.jar to class loader default
[2024-12-03T20:28:10.199+0000] {subprocess.py:93} INFO - 24/12/03 20:28:10 INFO Executor: Fetching spark://cea96c144870:32949/jars/org.apache.cassandra_java-driver-core-shaded-4.18.1.jar with timestamp 1733257687979
[2024-12-03T20:28:10.200+0000] {subprocess.py:93} INFO - 24/12/03 20:28:10 INFO Utils: Fetching spark://cea96c144870:32949/jars/org.apache.cassandra_java-driver-core-shaded-4.18.1.jar to /tmp/spark-f5fffbb8-6da3-4430-aa28-53da631bd558/userFiles-09f51d95-75f7-4442-8f0c-9720e50ea175/fetchFileTemp1592113650870328671.tmp
[2024-12-03T20:28:10.271+0000] {subprocess.py:93} INFO - 24/12/03 20:28:10 INFO Utils: /tmp/spark-f5fffbb8-6da3-4430-aa28-53da631bd558/userFiles-09f51d95-75f7-4442-8f0c-9720e50ea175/fetchFileTemp1592113650870328671.tmp has been previously copied to /tmp/spark-f5fffbb8-6da3-4430-aa28-53da631bd558/userFiles-09f51d95-75f7-4442-8f0c-9720e50ea175/org.apache.cassandra_java-driver-core-shaded-4.18.1.jar
[2024-12-03T20:28:10.285+0000] {subprocess.py:93} INFO - 24/12/03 20:28:10 INFO Executor: Adding file:/tmp/spark-f5fffbb8-6da3-4430-aa28-53da631bd558/userFiles-09f51d95-75f7-4442-8f0c-9720e50ea175/org.apache.cassandra_java-driver-core-shaded-4.18.1.jar to class loader default
[2024-12-03T20:28:10.287+0000] {subprocess.py:93} INFO - 24/12/03 20:28:10 INFO Executor: Fetching spark://cea96c144870:32949/jars/org.slf4j_slf4j-api-1.7.26.jar with timestamp 1733257687979
[2024-12-03T20:28:10.288+0000] {subprocess.py:93} INFO - 24/12/03 20:28:10 INFO Utils: Fetching spark://cea96c144870:32949/jars/org.slf4j_slf4j-api-1.7.26.jar to /tmp/spark-f5fffbb8-6da3-4430-aa28-53da631bd558/userFiles-09f51d95-75f7-4442-8f0c-9720e50ea175/fetchFileTemp1842166154869160710.tmp
[2024-12-03T20:28:10.295+0000] {subprocess.py:93} INFO - 24/12/03 20:28:10 INFO Utils: /tmp/spark-f5fffbb8-6da3-4430-aa28-53da631bd558/userFiles-09f51d95-75f7-4442-8f0c-9720e50ea175/fetchFileTemp1842166154869160710.tmp has been previously copied to /tmp/spark-f5fffbb8-6da3-4430-aa28-53da631bd558/userFiles-09f51d95-75f7-4442-8f0c-9720e50ea175/org.slf4j_slf4j-api-1.7.26.jar
[2024-12-03T20:28:10.305+0000] {subprocess.py:93} INFO - 24/12/03 20:28:10 INFO Executor: Adding file:/tmp/spark-f5fffbb8-6da3-4430-aa28-53da631bd558/userFiles-09f51d95-75f7-4442-8f0c-9720e50ea175/org.slf4j_slf4j-api-1.7.26.jar to class loader default
[2024-12-03T20:28:10.306+0000] {subprocess.py:93} INFO - 24/12/03 20:28:10 INFO Executor: Fetching spark://cea96c144870:32949/jars/com.datastax.oss_java-driver-shaded-guava-25.1-jre-graal-sub-1.jar with timestamp 1733257687979
[2024-12-03T20:28:10.308+0000] {subprocess.py:93} INFO - 24/12/03 20:28:10 INFO Utils: Fetching spark://cea96c144870:32949/jars/com.datastax.oss_java-driver-shaded-guava-25.1-jre-graal-sub-1.jar to /tmp/spark-f5fffbb8-6da3-4430-aa28-53da631bd558/userFiles-09f51d95-75f7-4442-8f0c-9720e50ea175/fetchFileTemp16104253324785235518.tmp
[2024-12-03T20:28:10.344+0000] {subprocess.py:93} INFO - 24/12/03 20:28:10 INFO Utils: /tmp/spark-f5fffbb8-6da3-4430-aa28-53da631bd558/userFiles-09f51d95-75f7-4442-8f0c-9720e50ea175/fetchFileTemp16104253324785235518.tmp has been previously copied to /tmp/spark-f5fffbb8-6da3-4430-aa28-53da631bd558/userFiles-09f51d95-75f7-4442-8f0c-9720e50ea175/com.datastax.oss_java-driver-shaded-guava-25.1-jre-graal-sub-1.jar
[2024-12-03T20:28:10.354+0000] {subprocess.py:93} INFO - 24/12/03 20:28:10 INFO Executor: Adding file:/tmp/spark-f5fffbb8-6da3-4430-aa28-53da631bd558/userFiles-09f51d95-75f7-4442-8f0c-9720e50ea175/com.datastax.oss_java-driver-shaded-guava-25.1-jre-graal-sub-1.jar to class loader default
[2024-12-03T20:28:10.358+0000] {subprocess.py:93} INFO - 24/12/03 20:28:10 INFO Executor: Fetching spark://cea96c144870:32949/jars/org.apache.commons_commons-lang3-3.10.jar with timestamp 1733257687979
[2024-12-03T20:28:10.360+0000] {subprocess.py:93} INFO - 24/12/03 20:28:10 INFO Utils: Fetching spark://cea96c144870:32949/jars/org.apache.commons_commons-lang3-3.10.jar to /tmp/spark-f5fffbb8-6da3-4430-aa28-53da631bd558/userFiles-09f51d95-75f7-4442-8f0c-9720e50ea175/fetchFileTemp4850945074592916792.tmp
[2024-12-03T20:28:10.371+0000] {subprocess.py:93} INFO - 24/12/03 20:28:10 INFO Utils: /tmp/spark-f5fffbb8-6da3-4430-aa28-53da631bd558/userFiles-09f51d95-75f7-4442-8f0c-9720e50ea175/fetchFileTemp4850945074592916792.tmp has been previously copied to /tmp/spark-f5fffbb8-6da3-4430-aa28-53da631bd558/userFiles-09f51d95-75f7-4442-8f0c-9720e50ea175/org.apache.commons_commons-lang3-3.10.jar
[2024-12-03T20:28:10.383+0000] {subprocess.py:93} INFO - 24/12/03 20:28:10 INFO Executor: Adding file:/tmp/spark-f5fffbb8-6da3-4430-aa28-53da631bd558/userFiles-09f51d95-75f7-4442-8f0c-9720e50ea175/org.apache.commons_commons-lang3-3.10.jar to class loader default
[2024-12-03T20:28:10.385+0000] {subprocess.py:93} INFO - 24/12/03 20:28:10 INFO Executor: Fetching spark://cea96c144870:32949/jars/com.datastax.spark_spark-cassandra-connector-driver_2.12-3.5.1.jar with timestamp 1733257687979
[2024-12-03T20:28:10.386+0000] {subprocess.py:93} INFO - 24/12/03 20:28:10 INFO Utils: Fetching spark://cea96c144870:32949/jars/com.datastax.spark_spark-cassandra-connector-driver_2.12-3.5.1.jar to /tmp/spark-f5fffbb8-6da3-4430-aa28-53da631bd558/userFiles-09f51d95-75f7-4442-8f0c-9720e50ea175/fetchFileTemp12801576277250767524.tmp
[2024-12-03T20:28:10.406+0000] {subprocess.py:93} INFO - 24/12/03 20:28:10 INFO Utils: /tmp/spark-f5fffbb8-6da3-4430-aa28-53da631bd558/userFiles-09f51d95-75f7-4442-8f0c-9720e50ea175/fetchFileTemp12801576277250767524.tmp has been previously copied to /tmp/spark-f5fffbb8-6da3-4430-aa28-53da631bd558/userFiles-09f51d95-75f7-4442-8f0c-9720e50ea175/com.datastax.spark_spark-cassandra-connector-driver_2.12-3.5.1.jar
[2024-12-03T20:28:10.417+0000] {subprocess.py:93} INFO - 24/12/03 20:28:10 INFO Executor: Adding file:/tmp/spark-f5fffbb8-6da3-4430-aa28-53da631bd558/userFiles-09f51d95-75f7-4442-8f0c-9720e50ea175/com.datastax.spark_spark-cassandra-connector-driver_2.12-3.5.1.jar to class loader default
[2024-12-03T20:28:10.419+0000] {subprocess.py:93} INFO - 24/12/03 20:28:10 INFO Executor: Fetching spark://cea96c144870:32949/jars/com.typesafe_config-1.4.1.jar with timestamp 1733257687979
[2024-12-03T20:28:10.421+0000] {subprocess.py:93} INFO - 24/12/03 20:28:10 INFO Utils: Fetching spark://cea96c144870:32949/jars/com.typesafe_config-1.4.1.jar to /tmp/spark-f5fffbb8-6da3-4430-aa28-53da631bd558/userFiles-09f51d95-75f7-4442-8f0c-9720e50ea175/fetchFileTemp9210934749003356884.tmp
[2024-12-03T20:28:10.432+0000] {subprocess.py:93} INFO - 24/12/03 20:28:10 INFO Utils: /tmp/spark-f5fffbb8-6da3-4430-aa28-53da631bd558/userFiles-09f51d95-75f7-4442-8f0c-9720e50ea175/fetchFileTemp9210934749003356884.tmp has been previously copied to /tmp/spark-f5fffbb8-6da3-4430-aa28-53da631bd558/userFiles-09f51d95-75f7-4442-8f0c-9720e50ea175/com.typesafe_config-1.4.1.jar
[2024-12-03T20:28:10.445+0000] {subprocess.py:93} INFO - 24/12/03 20:28:10 INFO Executor: Adding file:/tmp/spark-f5fffbb8-6da3-4430-aa28-53da631bd558/userFiles-09f51d95-75f7-4442-8f0c-9720e50ea175/com.typesafe_config-1.4.1.jar to class loader default
[2024-12-03T20:28:10.447+0000] {subprocess.py:93} INFO - 24/12/03 20:28:10 INFO Executor: Fetching spark://cea96c144870:32949/jars/org.apache.cassandra_java-driver-mapper-runtime-4.18.1.jar with timestamp 1733257687979
[2024-12-03T20:28:10.449+0000] {subprocess.py:93} INFO - 24/12/03 20:28:10 INFO Utils: Fetching spark://cea96c144870:32949/jars/org.apache.cassandra_java-driver-mapper-runtime-4.18.1.jar to /tmp/spark-f5fffbb8-6da3-4430-aa28-53da631bd558/userFiles-09f51d95-75f7-4442-8f0c-9720e50ea175/fetchFileTemp16752209718317870615.tmp
[2024-12-03T20:28:10.452+0000] {subprocess.py:93} INFO - 24/12/03 20:28:10 INFO Utils: /tmp/spark-f5fffbb8-6da3-4430-aa28-53da631bd558/userFiles-09f51d95-75f7-4442-8f0c-9720e50ea175/fetchFileTemp16752209718317870615.tmp has been previously copied to /tmp/spark-f5fffbb8-6da3-4430-aa28-53da631bd558/userFiles-09f51d95-75f7-4442-8f0c-9720e50ea175/org.apache.cassandra_java-driver-mapper-runtime-4.18.1.jar
[2024-12-03T20:28:10.468+0000] {subprocess.py:93} INFO - 24/12/03 20:28:10 INFO Executor: Adding file:/tmp/spark-f5fffbb8-6da3-4430-aa28-53da631bd558/userFiles-09f51d95-75f7-4442-8f0c-9720e50ea175/org.apache.cassandra_java-driver-mapper-runtime-4.18.1.jar to class loader default
[2024-12-03T20:28:10.470+0000] {subprocess.py:93} INFO - 24/12/03 20:28:10 INFO Executor: Fetching spark://cea96c144870:32949/jars/com.datastax.spark_spark-cassandra-connector_2.12-3.5.1.jar with timestamp 1733257687979
[2024-12-03T20:28:10.472+0000] {subprocess.py:93} INFO - 24/12/03 20:28:10 INFO Utils: Fetching spark://cea96c144870:32949/jars/com.datastax.spark_spark-cassandra-connector_2.12-3.5.1.jar to /tmp/spark-f5fffbb8-6da3-4430-aa28-53da631bd558/userFiles-09f51d95-75f7-4442-8f0c-9720e50ea175/fetchFileTemp7856826953139981701.tmp
[2024-12-03T20:28:10.497+0000] {subprocess.py:93} INFO - 24/12/03 20:28:10 INFO Utils: /tmp/spark-f5fffbb8-6da3-4430-aa28-53da631bd558/userFiles-09f51d95-75f7-4442-8f0c-9720e50ea175/fetchFileTemp7856826953139981701.tmp has been previously copied to /tmp/spark-f5fffbb8-6da3-4430-aa28-53da631bd558/userFiles-09f51d95-75f7-4442-8f0c-9720e50ea175/com.datastax.spark_spark-cassandra-connector_2.12-3.5.1.jar
[2024-12-03T20:28:10.511+0000] {subprocess.py:93} INFO - 24/12/03 20:28:10 INFO Executor: Adding file:/tmp/spark-f5fffbb8-6da3-4430-aa28-53da631bd558/userFiles-09f51d95-75f7-4442-8f0c-9720e50ea175/com.datastax.spark_spark-cassandra-connector_2.12-3.5.1.jar to class loader default
[2024-12-03T20:28:10.514+0000] {subprocess.py:93} INFO - 24/12/03 20:28:10 INFO Executor: Fetching spark://cea96c144870:32949/jars/org.hdrhistogram_HdrHistogram-2.1.12.jar with timestamp 1733257687979
[2024-12-03T20:28:10.515+0000] {subprocess.py:93} INFO - 24/12/03 20:28:10 INFO Utils: Fetching spark://cea96c144870:32949/jars/org.hdrhistogram_HdrHistogram-2.1.12.jar to /tmp/spark-f5fffbb8-6da3-4430-aa28-53da631bd558/userFiles-09f51d95-75f7-4442-8f0c-9720e50ea175/fetchFileTemp16260526473339679625.tmp
[2024-12-03T20:28:10.520+0000] {subprocess.py:93} INFO - 24/12/03 20:28:10 INFO Utils: /tmp/spark-f5fffbb8-6da3-4430-aa28-53da631bd558/userFiles-09f51d95-75f7-4442-8f0c-9720e50ea175/fetchFileTemp16260526473339679625.tmp has been previously copied to /tmp/spark-f5fffbb8-6da3-4430-aa28-53da631bd558/userFiles-09f51d95-75f7-4442-8f0c-9720e50ea175/org.hdrhistogram_HdrHistogram-2.1.12.jar
[2024-12-03T20:28:10.532+0000] {subprocess.py:93} INFO - 24/12/03 20:28:10 INFO Executor: Adding file:/tmp/spark-f5fffbb8-6da3-4430-aa28-53da631bd558/userFiles-09f51d95-75f7-4442-8f0c-9720e50ea175/org.hdrhistogram_HdrHistogram-2.1.12.jar to class loader default
[2024-12-03T20:28:10.566+0000] {subprocess.py:93} INFO - 24/12/03 20:28:10 INFO Utils: Successfully started service 'org.apache.spark.network.netty.NettyBlockTransferService' on port 35383.
[2024-12-03T20:28:10.569+0000] {subprocess.py:93} INFO - 24/12/03 20:28:10 INFO NettyBlockTransferService: Server created on cea96c144870:35383
[2024-12-03T20:28:10.578+0000] {subprocess.py:93} INFO - 24/12/03 20:28:10 INFO BlockManager: Using org.apache.spark.storage.RandomBlockReplicationPolicy for block replication policy
[2024-12-03T20:28:10.612+0000] {subprocess.py:93} INFO - 24/12/03 20:28:10 INFO BlockManagerMaster: Registering BlockManager BlockManagerId(driver, cea96c144870, 35383, None)
[2024-12-03T20:28:10.628+0000] {subprocess.py:93} INFO - 24/12/03 20:28:10 INFO BlockManagerMasterEndpoint: Registering block manager cea96c144870:35383 with 434.4 MiB RAM, BlockManagerId(driver, cea96c144870, 35383, None)
[2024-12-03T20:28:10.638+0000] {subprocess.py:93} INFO - 24/12/03 20:28:10 INFO BlockManagerMaster: Registered BlockManager BlockManagerId(driver, cea96c144870, 35383, None)
[2024-12-03T20:28:10.644+0000] {subprocess.py:93} INFO - 24/12/03 20:28:10 INFO BlockManager: Initialized BlockManager: BlockManagerId(driver, cea96c144870, 35383, None)
[2024-12-03T20:28:11.629+0000] {subprocess.py:93} INFO - 2024-12-03 20:28:11,626 - __main__ - INFO - Spark connection created successfully
[2024-12-03T20:28:19.984+0000] {subprocess.py:93} INFO - 2024-12-03 20:28:19,982 - __main__ - INFO - Number of rows in merged_df: 37
[2024-12-03T20:28:22.652+0000] {subprocess.py:93} INFO - +----------+--------+---------+-------------------+-----+----------+--------+--------+---------+----------+----------+----------+--------+----------+-------+----------+----------+-------------------+--------------------+------+----+-------------+-------+--------+------------------+--------------------+------------+----------------+---------+----------------------+
[2024-12-03T20:28:22.654+0000] {subprocess.py:93} INFO - | city_name|latitude|longitude|weather_description| temp|feels_like|humidity|pressure|sea_level|grnd_level|visibility|wind_speed|wind_deg|clouds_all|country|   sunrise|    sunset|               time|apparent_temperature|is_day|rain|precipitation|showers|snowfall|    temperature_2m|relative_humidity_2m|pressure_msl|surface_pressure|elevation|temperature_feels_like|
[2024-12-03T20:28:22.654+0000] {subprocess.py:93} INFO - +----------+--------+---------+-------------------+-----+----------+--------+--------+---------+----------+----------+----------+--------+----------+-------+----------+----------+-------------------+--------------------+------+----+-------------+-------+--------+------------------+--------------------+------------+----------------+---------+----------------------+
[2024-12-03T20:28:22.655+0000] {subprocess.py:93} INFO - |Casablanca| 33.5928|  -7.6192|       [few clouds]|17.96|     17.95|    80.5|    1027|     1027|      1018|     10000|      1.79|      40|        21|     MA|1733210336|1733246537|2024-12-03 20:22:13|                18.2|     0| 0.0|          0.0|    0.0|     0.0|             17.98|                  79|      1026.2|          1023.7|     21.0|                18.075|
[2024-12-03T20:28:22.656+0000] {subprocess.py:93} INFO - |     Rabat| 33.9911|  -6.8401| [scattered clouds]|18.04|     18.04|    80.5|    1026|     1026|      1019|      5000|      2.06|     360|        40|     MA|1733210206|1733246293|2024-12-03 20:26:53|                18.2|     0| 0.0|          0.0|    0.0|     0.0|             17.82|                  79|      1026.1|          1017.7|     70.0|    18.119999999999997|
[2024-12-03T20:28:22.657+0000] {subprocess.py:93} INFO - |       Fes| 34.0372|  -4.9998|    [broken clouds]|15.14|     15.01|    86.5|    1026|     1026|       977|     10000|      2.57|     230|        75|     MA|1733209771|1733245845|2024-12-03 20:27:01|                14.7|     0| 0.0|          0.0|    0.0|     0.0|             15.02|                  85|      1025.8|           978.5|    400.0|                14.855|
[2024-12-03T20:28:22.658+0000] {subprocess.py:93} INFO - | Marrakesh| 31.6315|  -8.0083|        [clear sky]|18.04|      17.0|    44.5|    1025|     1025|       970|     10000|      2.06|     100|         0|     MA|1733210157|1733246903|2024-12-03 20:27:02|                16.3|     0| 0.0|          0.0|    0.0|     0.0|             17.92|                  47|      1024.8|           971.6|    456.0|                 16.65|
[2024-12-03T20:28:22.659+0000] {subprocess.py:93} INFO - |    Agadir| 30.4202|  -9.5982|        [clear sky]|19.25|     18.41|    44.5|    1023|     1023|      1006|     10000|      0.48|       6|         0|     MA|1733210376|1733247447|2024-12-03 20:27:03|                18.6|     0| 0.0|          0.0|    0.0|     0.0|            19.725|                  44|      1023.2|          1019.0|     35.0|    18.505000000000003|
[2024-12-03T20:28:22.660+0000] {subprocess.py:93} INFO - |   Tangier| 35.7806|  -5.8137| [scattered clouds]|16.64|     16.81|    91.5|    1025|     1025|      1019|      6000|       3.6|     310|        40|     MA|1733210223|1733245783|2024-12-03 20:23:02|                16.9|     0| 0.0|          0.0|    0.0|     0.0|             16.32|                  89|      1025.0|          1016.3|     72.0|    16.854999999999997|
[2024-12-03T20:28:22.661+0000] {subprocess.py:93} INFO - |    Meknes| 33.9776|   -5.525| [scattered clouds]|16.49|     16.34|    87.5|    1027|     1027|       969|      6000|      4.12|     320|        40|     MA|1733209888|1733245979|2024-12-03 20:25:39|                14.9|     0| 0.0|          0.0|    0.0|     0.0|15.544999999999998|                  93|      1026.3|           964.5|    526.0|    15.620000000000001|
[2024-12-03T20:28:22.661+0000] {subprocess.py:93} INFO - |     Oujda| 34.6805|  -1.9076|        [clear sky]|14.35|     13.85|    82.5|    1023|     1023|       945|     10000|      4.63|     350|         0|     MA|1733209122|1733245009|2024-12-03 20:24:14|                12.0|     0| 0.0|          0.0|    0.0|     0.0|            13.475|                  88|      1024.2|           958.8|    555.0|                12.925|
[2024-12-03T20:28:22.662+0000] {subprocess.py:93} INFO - |   Kenitra|  34.261|  -6.5802| [scattered clouds]|18.42|     18.43|    81.5|    1026|     1026|      1023|     10000|      2.98|     324|        31|     MA|1733210182|1733246192|2024-12-03 20:23:44|                18.3|     0| 0.0|          0.0|    0.0|     0.0|17.810000000000002|                  82|      1025.9|          1024.6|     11.0|    18.365000000000002|
[2024-12-03T20:28:22.663+0000] {subprocess.py:93} INFO - |   Ttouan| 35.5711|  -5.3724|    [broken clouds]|17.43|     17.24|    79.0|    1025|     1025|       991|     10000|      4.12|     260|        75|     MA|1733210086|1733245709|2024-12-03 20:27:11|                16.2|     0| 0.0|          0.0|    0.0|     0.0|            17.015|                  81|      1024.7|          1011.4|    111.0|                 16.72|
[2024-12-03T20:28:22.664+0000] {subprocess.py:93} INFO - +----------+--------+---------+-------------------+-----+----------+--------+--------+---------+----------+----------+----------+--------+----------+-------+----------+----------+-------------------+--------------------+------+----+-------------+-------+--------+------------------+--------------------+------------+----------------+---------+----------------------+
[2024-12-03T20:28:22.665+0000] {subprocess.py:93} INFO - only showing top 10 rows
[2024-12-03T20:28:22.666+0000] {subprocess.py:93} INFO - 
[2024-12-03T20:28:22.804+0000] {subprocess.py:93} INFO - 2024-12-03 20:28:22,802 - cassandra.cluster - WARNING - Cluster.__init__ called with contact_points specified, but no load_balancing_policy. In the next major version, this will raise an error; please specify a load-balancing policy. (contact_points = ['cassandra_db'], lbp = None)
[2024-12-03T20:28:22.818+0000] {subprocess.py:93} INFO - 2024-12-03 20:28:22,816 - cassandra.cluster - WARNING - Downgrading core protocol version from 66 to 65 for 172.18.0.8:9042. To avoid this, it is best practice to explicitly set Cluster(protocol_version) to the version supported by your cluster. http://datastax.github.io/python-driver/api/cassandra/cluster.html#cassandra.cluster.Cluster.protocol_version
[2024-12-03T20:28:22.821+0000] {subprocess.py:93} INFO - 2024-12-03 20:28:22,819 - cassandra.cluster - WARNING - Downgrading core protocol version from 65 to 5 for 172.18.0.8:9042. To avoid this, it is best practice to explicitly set Cluster(protocol_version) to the version supported by your cluster. http://datastax.github.io/python-driver/api/cassandra/cluster.html#cassandra.cluster.Cluster.protocol_version
[2024-12-03T20:28:22.843+0000] {subprocess.py:93} INFO - 2024-12-03 20:28:22,839 - cassandra.policies - INFO - Using datacenter 'datacenter1' for DCAwareRoundRobinPolicy (via host '172.18.0.8:9042'); if incorrect, please specify a local_dc to the constructor, or limit contact points to local cluster nodes
[2024-12-03T20:28:22.942+0000] {subprocess.py:93} INFO - 2024-12-03 20:28:22,940 - __main__ - INFO - Cassandra connection created successfully
[2024-12-03T20:28:22.950+0000] {subprocess.py:93} INFO - 2024-12-03 20:28:22,944 - __main__ - INFO - Keyspace created successfully
[2024-12-03T20:28:22.958+0000] {subprocess.py:93} INFO - 2024-12-03 20:28:22,955 - __main__ - INFO - Table created successfully
[2024-12-03T20:28:23.641+0000] {subprocess.py:93} INFO - 2024-12-03 20:28:23,639 - __main__ - INFO - Inserted data: Casablanca at 2024-12-03 20:22:13
[2024-12-03T20:28:23.647+0000] {subprocess.py:93} INFO - 2024-12-03 20:28:23,645 - __main__ - INFO - Data inserted successfully for Casablanca at 2024-12-03 20:22:13
[2024-12-03T20:28:23.651+0000] {subprocess.py:93} INFO - 2024-12-03 20:28:23,649 - __main__ - INFO - Inserted data: Rabat at 2024-12-03 20:26:53
[2024-12-03T20:28:23.655+0000] {subprocess.py:93} INFO - 2024-12-03 20:28:23,654 - __main__ - INFO - Data inserted successfully for Rabat at 2024-12-03 20:26:53
[2024-12-03T20:28:23.659+0000] {subprocess.py:93} INFO - 2024-12-03 20:28:23,657 - __main__ - INFO - Inserted data: Fes at 2024-12-03 20:27:01
[2024-12-03T20:28:23.664+0000] {subprocess.py:93} INFO - 2024-12-03 20:28:23,662 - __main__ - INFO - Data inserted successfully for Fes at 2024-12-03 20:27:01
[2024-12-03T20:28:23.668+0000] {subprocess.py:93} INFO - 2024-12-03 20:28:23,666 - __main__ - INFO - Inserted data: Marrakesh at 2024-12-03 20:27:02
[2024-12-03T20:28:23.673+0000] {subprocess.py:93} INFO - 2024-12-03 20:28:23,671 - __main__ - INFO - Data inserted successfully for Marrakesh at 2024-12-03 20:27:02
[2024-12-03T20:28:23.677+0000] {subprocess.py:93} INFO - 2024-12-03 20:28:23,675 - __main__ - INFO - Inserted data: Agadir at 2024-12-03 20:27:03
[2024-12-03T20:28:23.681+0000] {subprocess.py:93} INFO - 2024-12-03 20:28:23,679 - __main__ - INFO - Data inserted successfully for Agadir at 2024-12-03 20:27:03
[2024-12-03T20:28:23.684+0000] {subprocess.py:93} INFO - 2024-12-03 20:28:23,683 - __main__ - INFO - Inserted data: Tangier at 2024-12-03 20:23:02
[2024-12-03T20:28:23.689+0000] {subprocess.py:93} INFO - 2024-12-03 20:28:23,687 - __main__ - INFO - Data inserted successfully for Tangier at 2024-12-03 20:23:02
[2024-12-03T20:28:23.692+0000] {subprocess.py:93} INFO - 2024-12-03 20:28:23,691 - __main__ - INFO - Inserted data: Meknes at 2024-12-03 20:25:39
[2024-12-03T20:28:23.697+0000] {subprocess.py:93} INFO - 2024-12-03 20:28:23,695 - __main__ - INFO - Data inserted successfully for Meknes at 2024-12-03 20:25:39
[2024-12-03T20:28:23.701+0000] {subprocess.py:93} INFO - 2024-12-03 20:28:23,699 - __main__ - INFO - Inserted data: Oujda at 2024-12-03 20:24:14
[2024-12-03T20:28:23.706+0000] {subprocess.py:93} INFO - 2024-12-03 20:28:23,704 - __main__ - INFO - Data inserted successfully for Oujda at 2024-12-03 20:24:14
[2024-12-03T20:28:23.710+0000] {subprocess.py:93} INFO - 2024-12-03 20:28:23,708 - __main__ - INFO - Inserted data: Kenitra at 2024-12-03 20:23:44
[2024-12-03T20:28:23.715+0000] {subprocess.py:93} INFO - 2024-12-03 20:28:23,713 - __main__ - INFO - Data inserted successfully for Kenitra at 2024-12-03 20:23:44
[2024-12-03T20:28:23.720+0000] {subprocess.py:93} INFO - 2024-12-03 20:28:23,718 - __main__ - INFO - Inserted data: Ttouan at 2024-12-03 20:27:11
[2024-12-03T20:28:23.724+0000] {subprocess.py:93} INFO - 2024-12-03 20:28:23,722 - __main__ - INFO - Data inserted successfully for Ttouan at 2024-12-03 20:27:11
[2024-12-03T20:28:23.728+0000] {subprocess.py:93} INFO - 2024-12-03 20:28:23,726 - __main__ - INFO - Inserted data: Safi at 2024-12-03 20:27:12
[2024-12-03T20:28:23.734+0000] {subprocess.py:93} INFO - 2024-12-03 20:28:23,732 - __main__ - INFO - Data inserted successfully for Safi at 2024-12-03 20:27:12
[2024-12-03T20:28:23.738+0000] {subprocess.py:93} INFO - 2024-12-03 20:28:23,737 - __main__ - INFO - Inserted data: El Jadida at 2024-12-03 20:24:41
[2024-12-03T20:28:23.743+0000] {subprocess.py:93} INFO - 2024-12-03 20:28:23,741 - __main__ - INFO - Data inserted successfully for El Jadida at 2024-12-03 20:24:41
[2024-12-03T20:28:23.747+0000] {subprocess.py:93} INFO - 2024-12-03 20:28:23,745 - __main__ - INFO - Inserted data: Nador at 2024-12-03 20:27:14
[2024-12-03T20:28:23.752+0000] {subprocess.py:93} INFO - 2024-12-03 20:28:23,750 - __main__ - INFO - Data inserted successfully for Nador at 2024-12-03 20:27:14
[2024-12-03T20:28:23.756+0000] {subprocess.py:93} INFO - 2024-12-03 20:28:23,754 - __main__ - INFO - Inserted data: Khemisset at 2024-12-03 20:27:15
[2024-12-03T20:28:23.761+0000] {subprocess.py:93} INFO - 2024-12-03 20:28:23,759 - __main__ - INFO - Data inserted successfully for Khemisset at 2024-12-03 20:27:15
[2024-12-03T20:28:23.765+0000] {subprocess.py:93} INFO - 2024-12-03 20:28:23,763 - __main__ - INFO - Inserted data: Settat at 2024-12-03 20:26:36
[2024-12-03T20:28:23.769+0000] {subprocess.py:93} INFO - 2024-12-03 20:28:23,768 - __main__ - INFO - Data inserted successfully for Settat at 2024-12-03 20:26:36
[2024-12-03T20:28:23.774+0000] {subprocess.py:93} INFO - 2024-12-03 20:28:23,772 - __main__ - INFO - Inserted data: Larache at 2024-12-03 20:27:17
[2024-12-03T20:28:23.778+0000] {subprocess.py:93} INFO - 2024-12-03 20:28:23,777 - __main__ - INFO - Data inserted successfully for Larache at 2024-12-03 20:27:17
[2024-12-03T20:28:23.782+0000] {subprocess.py:93} INFO - 2024-12-03 20:28:23,781 - __main__ - INFO - Inserted data: Guelmim at 2024-12-03 20:27:19
[2024-12-03T20:28:23.787+0000] {subprocess.py:93} INFO - 2024-12-03 20:28:23,785 - __main__ - INFO - Data inserted successfully for Guelmim at 2024-12-03 20:27:19
[2024-12-03T20:28:23.792+0000] {subprocess.py:93} INFO - 2024-12-03 20:28:23,790 - __main__ - INFO - Inserted data: Taza at 2024-12-03 20:27:20
[2024-12-03T20:28:23.796+0000] {subprocess.py:93} INFO - 2024-12-03 20:28:23,794 - __main__ - INFO - Data inserted successfully for Taza at 2024-12-03 20:27:20
[2024-12-03T20:28:23.800+0000] {subprocess.py:93} INFO - 2024-12-03 20:28:23,798 - __main__ - INFO - Inserted data: Tiznit Province at 2024-12-03 20:27:21
[2024-12-03T20:28:23.804+0000] {subprocess.py:93} INFO - 2024-12-03 20:28:23,802 - __main__ - INFO - Data inserted successfully for Tiznit Province at 2024-12-03 20:27:21
[2024-12-03T20:28:23.808+0000] {subprocess.py:93} INFO - 2024-12-03 20:28:23,806 - __main__ - INFO - Inserted data: Beni Mellal at 2024-12-03 20:27:24
[2024-12-03T20:28:23.812+0000] {subprocess.py:93} INFO - 2024-12-03 20:28:23,810 - __main__ - INFO - Data inserted successfully for Beni Mellal at 2024-12-03 20:27:24
[2024-12-03T20:28:23.816+0000] {subprocess.py:93} INFO - 2024-12-03 20:28:23,814 - __main__ - INFO - Inserted data: Mohammedia at 2024-12-03 20:27:25
[2024-12-03T20:28:23.821+0000] {subprocess.py:93} INFO - 2024-12-03 20:28:23,819 - __main__ - INFO - Data inserted successfully for Mohammedia at 2024-12-03 20:27:25
[2024-12-03T20:28:23.826+0000] {subprocess.py:93} INFO - 2024-12-03 20:28:23,824 - __main__ - INFO - Inserted data: Mogador at 2024-12-03 20:23:36
[2024-12-03T20:28:23.831+0000] {subprocess.py:93} INFO - 2024-12-03 20:28:23,829 - __main__ - INFO - Data inserted successfully for Mogador at 2024-12-03 20:23:36
[2024-12-03T20:28:23.835+0000] {subprocess.py:93} INFO - 2024-12-03 20:28:23,833 - __main__ - INFO - Inserted data: Ksar el-Kebir at 2024-12-03 20:27:27
[2024-12-03T20:28:23.839+0000] {subprocess.py:93} INFO - 2024-12-03 20:28:23,837 - __main__ - INFO - Data inserted successfully for Ksar el-Kebir at 2024-12-03 20:27:27
[2024-12-03T20:28:23.843+0000] {subprocess.py:93} INFO - 2024-12-03 20:28:23,841 - __main__ - INFO - Inserted data: Ouarzazate Province at 2024-12-03 20:27:31
[2024-12-03T20:28:23.848+0000] {subprocess.py:93} INFO - 2024-12-03 20:28:23,846 - __main__ - INFO - Data inserted successfully for Ouarzazate Province at 2024-12-03 20:27:31
[2024-12-03T20:28:23.853+0000] {subprocess.py:93} INFO - 2024-12-03 20:28:23,851 - __main__ - INFO - Inserted data: Al Hoceima at 2024-12-03 20:27:34
[2024-12-03T20:28:23.858+0000] {subprocess.py:93} INFO - 2024-12-03 20:28:23,856 - __main__ - INFO - Data inserted successfully for Al Hoceima at 2024-12-03 20:27:34
[2024-12-03T20:28:23.862+0000] {subprocess.py:93} INFO - 2024-12-03 20:28:23,860 - __main__ - INFO - Inserted data: Berkane at 2024-12-03 20:27:36
[2024-12-03T20:28:23.866+0000] {subprocess.py:93} INFO - 2024-12-03 20:28:23,865 - __main__ - INFO - Data inserted successfully for Berkane at 2024-12-03 20:27:36
[2024-12-03T20:28:23.870+0000] {subprocess.py:93} INFO - 2024-12-03 20:28:23,868 - __main__ - INFO - Inserted data: Taourirt at 2024-12-03 20:27:37
[2024-12-03T20:28:23.875+0000] {subprocess.py:93} INFO - 2024-12-03 20:28:23,873 - __main__ - INFO - Data inserted successfully for Taourirt at 2024-12-03 20:27:37
[2024-12-03T20:28:23.879+0000] {subprocess.py:93} INFO - 2024-12-03 20:28:23,878 - __main__ - INFO - Inserted data: Errachidia at 2024-12-03 20:27:38
[2024-12-03T20:28:23.884+0000] {subprocess.py:93} INFO - 2024-12-03 20:28:23,883 - __main__ - INFO - Data inserted successfully for Errachidia at 2024-12-03 20:27:38
[2024-12-03T20:28:23.888+0000] {subprocess.py:93} INFO - 2024-12-03 20:28:23,886 - __main__ - INFO - Inserted data: Khouribga Province at 2024-12-03 20:27:40
[2024-12-03T20:28:23.893+0000] {subprocess.py:93} INFO - 2024-12-03 20:28:23,891 - __main__ - INFO - Data inserted successfully for Khouribga Province at 2024-12-03 20:27:40
[2024-12-03T20:28:23.897+0000] {subprocess.py:93} INFO - 2024-12-03 20:28:23,895 - __main__ - INFO - Inserted data: Oued Zem at 2024-12-03 20:27:41
[2024-12-03T20:28:23.901+0000] {subprocess.py:93} INFO - 2024-12-03 20:28:23,899 - __main__ - INFO - Data inserted successfully for Oued Zem at 2024-12-03 20:27:41
[2024-12-03T20:28:23.905+0000] {subprocess.py:93} INFO - 2024-12-03 20:28:23,903 - __main__ - INFO - Inserted data: Sidi Slimane at 2024-12-03 20:27:42
[2024-12-03T20:28:23.910+0000] {subprocess.py:93} INFO - 2024-12-03 20:28:23,908 - __main__ - INFO - Data inserted successfully for Sidi Slimane at 2024-12-03 20:27:42
[2024-12-03T20:28:23.914+0000] {subprocess.py:93} INFO - 2024-12-03 20:28:23,912 - __main__ - INFO - Inserted data: Sidi Kacem at 2024-12-03 20:23:29
[2024-12-03T20:28:23.919+0000] {subprocess.py:93} INFO - 2024-12-03 20:28:23,917 - __main__ - INFO - Data inserted successfully for Sidi Kacem at 2024-12-03 20:23:29
[2024-12-03T20:28:23.923+0000] {subprocess.py:93} INFO - 2024-12-03 20:28:23,921 - __main__ - INFO - Inserted data: Azrou at 2024-12-03 20:27:45
[2024-12-03T20:28:23.928+0000] {subprocess.py:93} INFO - 2024-12-03 20:28:23,927 - __main__ - INFO - Data inserted successfully for Azrou at 2024-12-03 20:27:45
[2024-12-03T20:28:23.932+0000] {subprocess.py:93} INFO - 2024-12-03 20:28:23,930 - __main__ - INFO - Inserted data: Midelt at 2024-12-03 20:27:46
[2024-12-03T20:28:23.937+0000] {subprocess.py:93} INFO - 2024-12-03 20:28:23,935 - __main__ - INFO - Data inserted successfully for Midelt at 2024-12-03 20:27:46
[2024-12-03T20:28:23.942+0000] {subprocess.py:93} INFO - 2024-12-03 20:28:23,940 - __main__ - INFO - Inserted data: Ifrane at 2024-12-03 20:27:48
[2024-12-03T20:28:23.947+0000] {subprocess.py:93} INFO - 2024-12-03 20:28:23,945 - __main__ - INFO - Data inserted successfully for Ifrane at 2024-12-03 20:27:48
[2024-12-03T20:28:23.951+0000] {subprocess.py:93} INFO - 2024-12-03 20:28:23,949 - __main__ - INFO - Inserted data: Chefchaouen at 2024-12-03 20:27:49
[2024-12-03T20:28:23.956+0000] {subprocess.py:93} INFO - 2024-12-03 20:28:23,954 - __main__ - INFO - Data inserted successfully for Chefchaouen at 2024-12-03 20:27:49
[2024-12-03T20:28:23.960+0000] {subprocess.py:93} INFO - 2024-12-03 20:28:23,958 - __main__ - INFO - Inserted data: Laayoune at 2024-12-03 20:27:50
[2024-12-03T20:28:23.965+0000] {subprocess.py:93} INFO - 2024-12-03 20:28:23,963 - __main__ - INFO - Data inserted successfully for Laayoune at 2024-12-03 20:27:50
[2024-12-03T20:28:23.967+0000] {subprocess.py:93} INFO - 2024-12-03 20:28:23,965 - py4j.clientserver - INFO - Closing down clientserver connection
[2024-12-03T20:28:24.310+0000] {subprocess.py:97} INFO - Command exited with return code 0
[2024-12-03T20:28:24.312+0000] {taskinstance.py:441} INFO - ::group::Post task execution logs
[2024-12-03T20:28:24.371+0000] {taskinstance.py:1206} INFO - Marking task as SUCCESS. dag_id=weather_data_kafka_dag, task_id=spark_submit, run_id=manual__2024-12-03T20:26:53.250868+00:00, execution_date=20241203T202653, start_date=20241203T202758, end_date=20241203T202824
[2024-12-03T20:28:24.415+0000] {local_task_job_runner.py:243} INFO - Task exited with return code 0
[2024-12-03T20:28:24.454+0000] {taskinstance.py:3503} INFO - 0 downstream tasks scheduled from follow-on schedule check
[2024-12-03T20:28:24.460+0000] {local_task_job_runner.py:222} INFO - ::endgroup::
