[2024-12-03T20:07:23.563+0000] {local_task_job_runner.py:120} INFO - ::group::Pre task execution logs
[2024-12-03T20:07:23.619+0000] {taskinstance.py:2076} INFO - Dependencies all met for dep_context=non-requeueable deps ti=<TaskInstance: weather_data_kafka_dag.copy_openweathermap manual__2024-12-03T20:06:00.526510+00:00 [queued]>
[2024-12-03T20:07:23.634+0000] {taskinstance.py:2076} INFO - Dependencies all met for dep_context=requeueable deps ti=<TaskInstance: weather_data_kafka_dag.copy_openweathermap manual__2024-12-03T20:06:00.526510+00:00 [queued]>
[2024-12-03T20:07:23.635+0000] {taskinstance.py:2306} INFO - Starting attempt 1 of 4
[2024-12-03T20:07:23.654+0000] {taskinstance.py:2330} INFO - Executing <Task(BashOperator): copy_openweathermap> on 2024-12-03 20:06:00.526510+00:00
[2024-12-03T20:07:23.666+0000] {standard_task_runner.py:90} INFO - Running: ['***', 'tasks', 'run', 'weather_data_kafka_dag', 'copy_openweathermap', 'manual__2024-12-03T20:06:00.526510+00:00', '--job-id', '785', '--raw', '--subdir', 'DAGS_FOLDER/kafka_stream.py', '--cfg-path', '/tmp/tmpnvkp4lii']
[2024-12-03T20:07:23.670+0000] {standard_task_runner.py:91} INFO - Job 785: Subtask copy_openweathermap
[2024-12-03T20:07:23.673+0000] {logging_mixin.py:188} WARNING - /home/***/.local/lib/python3.12/site-packages/***/task/task_runner/standard_task_runner.py:62 DeprecationWarning: This process (pid=3435) is multi-threaded, use of fork() may lead to deadlocks in the child.
[2024-12-03T20:07:23.675+0000] {standard_task_runner.py:64} INFO - Started process 3442 to run task
[2024-12-03T20:07:23.736+0000] {task_command.py:426} INFO - Running <TaskInstance: weather_data_kafka_dag.copy_openweathermap manual__2024-12-03T20:06:00.526510+00:00 [running]> on host 0f9edd113eb4
[2024-12-03T20:07:23.876+0000] {taskinstance.py:2648} INFO - Exporting env vars: AIRFLOW_CTX_DAG_OWNER='admin' AIRFLOW_CTX_DAG_ID='weather_data_kafka_dag' AIRFLOW_CTX_TASK_ID='copy_openweathermap' AIRFLOW_CTX_EXECUTION_DATE='2024-12-03T20:06:00.526510+00:00' AIRFLOW_CTX_TRY_NUMBER='1' AIRFLOW_CTX_DAG_RUN_ID='manual__2024-12-03T20:06:00.526510+00:00'
[2024-12-03T20:07:23.878+0000] {taskinstance.py:430} INFO - ::endgroup::
[2024-12-03T20:07:23.901+0000] {subprocess.py:63} INFO - Tmp dir root location: /tmp
[2024-12-03T20:07:23.902+0000] {subprocess.py:75} INFO - Running command: ['/usr/bin/bash', '-c', 'docker cp ./data/parquet_files/openweathermap_data.parquet spark-master:/openweathermap_data.parquet']
[2024-12-03T20:07:23.914+0000] {subprocess.py:86} INFO - Output:
[2024-12-03T20:07:23.956+0000] {subprocess.py:93} INFO - lstat /tmp/***tmpl8sgfw89/data: no such file or directory
[2024-12-03T20:07:23.960+0000] {subprocess.py:97} INFO - Command exited with return code 1
[2024-12-03T20:07:23.962+0000] {taskinstance.py:441} INFO - ::group::Post task execution logs
[2024-12-03T20:07:23.978+0000] {taskinstance.py:2905} ERROR - Task failed with exception
Traceback (most recent call last):
  File "/home/airflow/.local/lib/python3.12/site-packages/airflow/models/taskinstance.py", line 465, in _execute_task
    result = _execute_callable(context=context, **execute_callable_kwargs)
             ^^^^^^^^^^^^^^^^^^^^^^^^^^^^^^^^^^^^^^^^^^^^^^^^^^^^^^^^^^^^^
  File "/home/airflow/.local/lib/python3.12/site-packages/airflow/models/taskinstance.py", line 432, in _execute_callable
    return execute_callable(context=context, **execute_callable_kwargs)
           ^^^^^^^^^^^^^^^^^^^^^^^^^^^^^^^^^^^^^^^^^^^^^^^^^^^^^^^^^^^^
  File "/home/airflow/.local/lib/python3.12/site-packages/airflow/models/baseoperator.py", line 401, in wrapper
    return func(self, *args, **kwargs)
           ^^^^^^^^^^^^^^^^^^^^^^^^^^^
  File "/home/airflow/.local/lib/python3.12/site-packages/airflow/operators/bash.py", line 243, in execute
    raise AirflowException(
airflow.exceptions.AirflowException: Bash command failed. The command returned a non-zero exit code 1.
[2024-12-03T20:07:23.985+0000] {taskinstance.py:1206} INFO - Marking task as UP_FOR_RETRY. dag_id=weather_data_kafka_dag, task_id=copy_openweathermap, run_id=manual__2024-12-03T20:06:00.526510+00:00, execution_date=20241203T200600, start_date=20241203T200723, end_date=20241203T200723
[2024-12-03T20:07:24.009+0000] {standard_task_runner.py:110} ERROR - Failed to execute job 785 for task copy_openweathermap (Bash command failed. The command returned a non-zero exit code 1.; 3442)
[2024-12-03T20:07:24.048+0000] {local_task_job_runner.py:243} INFO - Task exited with return code 1
[2024-12-03T20:07:24.061+0000] {local_task_job_runner.py:222} INFO - ::endgroup::
