[2024-11-28T14:44:54.356+0000] {local_task_job_runner.py:120} INFO - ::group::Pre task execution logs
[2024-11-28T14:44:54.398+0000] {taskinstance.py:2076} INFO - Dependencies all met for dep_context=non-requeueable deps ti=<TaskInstance: weather_data_kafka_dag.run_spark_kafka_to_parquet scheduled__2024-11-28T13:00:00+00:00 [queued]>
[2024-11-28T14:44:54.408+0000] {taskinstance.py:2076} INFO - Dependencies all met for dep_context=requeueable deps ti=<TaskInstance: weather_data_kafka_dag.run_spark_kafka_to_parquet scheduled__2024-11-28T13:00:00+00:00 [queued]>
[2024-11-28T14:44:54.416+0000] {taskinstance.py:2306} INFO - Starting attempt 3 of 4
[2024-11-28T14:44:54.432+0000] {taskinstance.py:2330} INFO - Executing <Task(BashOperator): run_spark_kafka_to_parquet> on 2024-11-28 13:00:00+00:00
[2024-11-28T14:44:54.440+0000] {logging_mixin.py:188} WARNING - /home/***/.local/lib/python3.12/site-packages/***/task/task_runner/standard_task_runner.py:62 DeprecationWarning: This process (pid=12522) is multi-threaded, use of fork() may lead to deadlocks in the child.
[2024-11-28T14:44:54.439+0000] {standard_task_runner.py:90} INFO - Running: ['***', 'tasks', 'run', 'weather_data_kafka_dag', 'run_spark_kafka_to_parquet', 'scheduled__2024-11-28T13:00:00+00:00', '--job-id', '147', '--raw', '--subdir', 'DAGS_FOLDER/kafka_stream.py', '--cfg-path', '/tmp/tmp53yoftfw']
[2024-11-28T14:44:54.441+0000] {standard_task_runner.py:64} INFO - Started process 12523 to run task
[2024-11-28T14:44:54.441+0000] {standard_task_runner.py:91} INFO - Job 147: Subtask run_spark_kafka_to_parquet
[2024-11-28T14:44:54.492+0000] {task_command.py:426} INFO - Running <TaskInstance: weather_data_kafka_dag.run_spark_kafka_to_parquet scheduled__2024-11-28T13:00:00+00:00 [running]> on host cc9ad6cea7ef
[2024-11-28T14:44:54.595+0000] {taskinstance.py:2648} INFO - Exporting env vars: AIRFLOW_CTX_DAG_OWNER='admin' AIRFLOW_CTX_DAG_ID='weather_data_kafka_dag' AIRFLOW_CTX_TASK_ID='run_spark_kafka_to_parquet' AIRFLOW_CTX_EXECUTION_DATE='2024-11-28T13:00:00+00:00' AIRFLOW_CTX_TRY_NUMBER='3' AIRFLOW_CTX_DAG_RUN_ID='scheduled__2024-11-28T13:00:00+00:00'
[2024-11-28T14:44:54.597+0000] {taskinstance.py:430} INFO - ::endgroup::
[2024-11-28T14:44:54.612+0000] {subprocess.py:63} INFO - Tmp dir root location: /tmp
[2024-11-28T14:44:54.613+0000] {subprocess.py:75} INFO - Running command: ['/usr/bin/bash', '-c', '\n            # Copier les fichiers nécessaires dans le conteneur spark-master\n            docker cp ./dependencies.zip spark-master:/dependencies.zip\n            docker cp ./kafka_to_parquet.py spark-master:/kafka_to_parquet.py\n        \n            # Exécuter le job Spark avec les fichiers copiés et les packages nécessaires\n            docker exec -it spark-master spark-submit                 --packages org.apache.spark:spark-sql-kafka-0-10_2.12:3.5.1                 --py-files /dependencies.zip                 /kafka_to_parquet.py\n        ']
[2024-11-28T14:44:54.622+0000] {subprocess.py:86} INFO - Output:
[2024-11-28T14:44:54.642+0000] {subprocess.py:93} INFO - lstat /tmp/***tmp43uu3m0z/dependencies.zip: no such file or directory
[2024-11-28T14:44:54.664+0000] {subprocess.py:93} INFO - lstat /tmp/***tmp43uu3m0z/kafka_to_parquet.py: no such file or directory
[2024-11-28T14:44:54.681+0000] {subprocess.py:93} INFO - Cannot connect to the Docker daemon at unix:///var/run/docker.sock. Is the docker daemon running?
[2024-11-28T14:44:54.683+0000] {subprocess.py:97} INFO - Command exited with return code 1
[2024-11-28T14:44:54.684+0000] {taskinstance.py:441} INFO - ::group::Post task execution logs
[2024-11-28T14:44:54.696+0000] {taskinstance.py:2905} ERROR - Task failed with exception
Traceback (most recent call last):
  File "/home/airflow/.local/lib/python3.12/site-packages/airflow/models/taskinstance.py", line 465, in _execute_task
    result = _execute_callable(context=context, **execute_callable_kwargs)
             ^^^^^^^^^^^^^^^^^^^^^^^^^^^^^^^^^^^^^^^^^^^^^^^^^^^^^^^^^^^^^
  File "/home/airflow/.local/lib/python3.12/site-packages/airflow/models/taskinstance.py", line 432, in _execute_callable
    return execute_callable(context=context, **execute_callable_kwargs)
           ^^^^^^^^^^^^^^^^^^^^^^^^^^^^^^^^^^^^^^^^^^^^^^^^^^^^^^^^^^^^
  File "/home/airflow/.local/lib/python3.12/site-packages/airflow/models/baseoperator.py", line 401, in wrapper
    return func(self, *args, **kwargs)
           ^^^^^^^^^^^^^^^^^^^^^^^^^^^
  File "/home/airflow/.local/lib/python3.12/site-packages/airflow/operators/bash.py", line 243, in execute
    raise AirflowException(
airflow.exceptions.AirflowException: Bash command failed. The command returned a non-zero exit code 1.
[2024-11-28T14:44:54.701+0000] {taskinstance.py:1206} INFO - Marking task as UP_FOR_RETRY. dag_id=weather_data_kafka_dag, task_id=run_spark_kafka_to_parquet, run_id=scheduled__2024-11-28T13:00:00+00:00, execution_date=20241128T130000, start_date=20241128T144454, end_date=20241128T144454
[2024-11-28T14:44:54.723+0000] {standard_task_runner.py:110} ERROR - Failed to execute job 147 for task run_spark_kafka_to_parquet (Bash command failed. The command returned a non-zero exit code 1.; 12523)
[2024-11-28T14:44:54.736+0000] {local_task_job_runner.py:243} INFO - Task exited with return code 1
[2024-11-28T14:44:54.757+0000] {taskinstance.py:3503} INFO - 0 downstream tasks scheduled from follow-on schedule check
[2024-11-28T14:44:54.760+0000] {local_task_job_runner.py:222} INFO - ::endgroup::
[2024-11-28T15:04:52.871+0000] {local_task_job_runner.py:120} INFO - ::group::Pre task execution logs
[2024-11-28T15:04:52.902+0000] {taskinstance.py:2076} INFO - Dependencies all met for dep_context=non-requeueable deps ti=<TaskInstance: weather_data_kafka_dag.run_spark_kafka_to_parquet scheduled__2024-11-28T13:00:00+00:00 [queued]>
[2024-11-28T15:04:52.912+0000] {taskinstance.py:2076} INFO - Dependencies all met for dep_context=requeueable deps ti=<TaskInstance: weather_data_kafka_dag.run_spark_kafka_to_parquet scheduled__2024-11-28T13:00:00+00:00 [queued]>
[2024-11-28T15:04:52.912+0000] {taskinstance.py:2306} INFO - Starting attempt 3 of 4
[2024-11-28T15:04:52.934+0000] {taskinstance.py:2330} INFO - Executing <Task(BashOperator): run_spark_kafka_to_parquet> on 2024-11-28 13:00:00+00:00
[2024-11-28T15:04:52.940+0000] {standard_task_runner.py:90} INFO - Running: ['***', 'tasks', 'run', 'weather_data_kafka_dag', 'run_spark_kafka_to_parquet', 'scheduled__2024-11-28T13:00:00+00:00', '--job-id', '161', '--raw', '--subdir', 'DAGS_FOLDER/kafka_stream.py', '--cfg-path', '/tmp/tmpgtkbczc1']
[2024-11-28T15:04:52.942+0000] {logging_mixin.py:188} WARNING - /home/***/.local/lib/python3.12/site-packages/***/task/task_runner/standard_task_runner.py:62 DeprecationWarning: This process (pid=13983) is multi-threaded, use of fork() may lead to deadlocks in the child.
[2024-11-28T15:04:52.943+0000] {standard_task_runner.py:91} INFO - Job 161: Subtask run_spark_kafka_to_parquet
[2024-11-28T15:04:52.943+0000] {standard_task_runner.py:64} INFO - Started process 13984 to run task
[2024-11-28T15:04:52.985+0000] {task_command.py:426} INFO - Running <TaskInstance: weather_data_kafka_dag.run_spark_kafka_to_parquet scheduled__2024-11-28T13:00:00+00:00 [running]> on host cc9ad6cea7ef
[2024-11-28T15:04:53.061+0000] {taskinstance.py:2648} INFO - Exporting env vars: AIRFLOW_CTX_DAG_OWNER='admin' AIRFLOW_CTX_DAG_ID='weather_data_kafka_dag' AIRFLOW_CTX_TASK_ID='run_spark_kafka_to_parquet' AIRFLOW_CTX_EXECUTION_DATE='2024-11-28T13:00:00+00:00' AIRFLOW_CTX_TRY_NUMBER='3' AIRFLOW_CTX_DAG_RUN_ID='scheduled__2024-11-28T13:00:00+00:00'
[2024-11-28T15:04:53.062+0000] {taskinstance.py:430} INFO - ::endgroup::
[2024-11-28T15:04:53.073+0000] {subprocess.py:63} INFO - Tmp dir root location: /tmp
[2024-11-28T15:04:53.074+0000] {subprocess.py:75} INFO - Running command: ['/usr/bin/bash', '-c', '\n            # Copier les fichiers nécessaires dans le conteneur spark-master\n            docker cp ./dependencies.zip spark-master:/dependencies.zip\n            docker cp ./kafka_to_parquet.py spark-master:/kafka_to_parquet.py\n        \n            # Exécuter le job Spark avec les fichiers copiés et les packages nécessaires\n            docker exec -it spark-master spark-submit                 --packages org.apache.spark:spark-sql-kafka-0-10_2.12:3.5.1                 --py-files /dependencies.zip                 /kafka_to_parquet.py\n        ']
[2024-11-28T15:04:53.081+0000] {subprocess.py:86} INFO - Output:
[2024-11-28T15:04:53.094+0000] {subprocess.py:93} INFO - lstat /tmp/***tmpwuhbh3k9/dependencies.zip: no such file or directory
[2024-11-28T15:04:53.106+0000] {subprocess.py:93} INFO - lstat /tmp/***tmpwuhbh3k9/kafka_to_parquet.py: no such file or directory
[2024-11-28T15:04:53.120+0000] {subprocess.py:93} INFO - Cannot connect to the Docker daemon at unix:///var/run/docker.sock. Is the docker daemon running?
[2024-11-28T15:04:53.122+0000] {subprocess.py:97} INFO - Command exited with return code 1
[2024-11-28T15:04:53.122+0000] {taskinstance.py:441} INFO - ::group::Post task execution logs
[2024-11-28T15:04:53.132+0000] {taskinstance.py:2905} ERROR - Task failed with exception
Traceback (most recent call last):
  File "/home/airflow/.local/lib/python3.12/site-packages/airflow/models/taskinstance.py", line 465, in _execute_task
    result = _execute_callable(context=context, **execute_callable_kwargs)
             ^^^^^^^^^^^^^^^^^^^^^^^^^^^^^^^^^^^^^^^^^^^^^^^^^^^^^^^^^^^^^
  File "/home/airflow/.local/lib/python3.12/site-packages/airflow/models/taskinstance.py", line 432, in _execute_callable
    return execute_callable(context=context, **execute_callable_kwargs)
           ^^^^^^^^^^^^^^^^^^^^^^^^^^^^^^^^^^^^^^^^^^^^^^^^^^^^^^^^^^^^
  File "/home/airflow/.local/lib/python3.12/site-packages/airflow/models/baseoperator.py", line 401, in wrapper
    return func(self, *args, **kwargs)
           ^^^^^^^^^^^^^^^^^^^^^^^^^^^
  File "/home/airflow/.local/lib/python3.12/site-packages/airflow/operators/bash.py", line 243, in execute
    raise AirflowException(
airflow.exceptions.AirflowException: Bash command failed. The command returned a non-zero exit code 1.
[2024-11-28T15:04:53.135+0000] {taskinstance.py:1206} INFO - Marking task as UP_FOR_RETRY. dag_id=weather_data_kafka_dag, task_id=run_spark_kafka_to_parquet, run_id=scheduled__2024-11-28T13:00:00+00:00, execution_date=20241128T130000, start_date=20241128T150452, end_date=20241128T150453
[2024-11-28T15:04:53.154+0000] {standard_task_runner.py:110} ERROR - Failed to execute job 161 for task run_spark_kafka_to_parquet (Bash command failed. The command returned a non-zero exit code 1.; 13984)
[2024-11-28T15:04:53.198+0000] {local_task_job_runner.py:243} INFO - Task exited with return code 1
[2024-11-28T15:04:53.206+0000] {local_task_job_runner.py:222} INFO - ::endgroup::
