[2024-12-03T20:12:30.304+0000] {local_task_job_runner.py:120} INFO - ::group::Pre task execution logs
[2024-12-03T20:12:30.430+0000] {taskinstance.py:2076} INFO - Dependencies all met for dep_context=non-requeueable deps ti=<TaskInstance: weather_data_kafka_dag.spark_submit manual__2024-12-03T20:06:00.526510+00:00 [queued]>
[2024-12-03T20:12:30.466+0000] {taskinstance.py:2076} INFO - Dependencies all met for dep_context=requeueable deps ti=<TaskInstance: weather_data_kafka_dag.spark_submit manual__2024-12-03T20:06:00.526510+00:00 [queued]>
[2024-12-03T20:12:30.476+0000] {taskinstance.py:2306} INFO - Starting attempt 1 of 4
[2024-12-03T20:12:30.520+0000] {taskinstance.py:2330} INFO - Executing <Task(BashOperator): spark_submit> on 2024-12-03 20:06:00.526510+00:00
[2024-12-03T20:12:30.548+0000] {logging_mixin.py:188} WARNING - /home/***/.local/lib/python3.12/site-packages/***/task/task_runner/standard_task_runner.py:62 DeprecationWarning: This process (pid=3654) is multi-threaded, use of fork() may lead to deadlocks in the child.
[2024-12-03T20:12:30.544+0000] {standard_task_runner.py:90} INFO - Running: ['***', 'tasks', 'run', 'weather_data_kafka_dag', 'spark_submit', 'manual__2024-12-03T20:06:00.526510+00:00', '--job-id', '791', '--raw', '--subdir', 'DAGS_FOLDER/kafka_stream.py', '--cfg-path', '/tmp/tmpz83_dhao']
[2024-12-03T20:12:30.552+0000] {standard_task_runner.py:64} INFO - Started process 3657 to run task
[2024-12-03T20:12:30.553+0000] {standard_task_runner.py:91} INFO - Job 791: Subtask spark_submit
[2024-12-03T20:12:30.709+0000] {task_command.py:426} INFO - Running <TaskInstance: weather_data_kafka_dag.spark_submit manual__2024-12-03T20:06:00.526510+00:00 [running]> on host 0f9edd113eb4
[2024-12-03T20:12:31.004+0000] {taskinstance.py:2648} INFO - Exporting env vars: AIRFLOW_CTX_DAG_OWNER='admin' AIRFLOW_CTX_DAG_ID='weather_data_kafka_dag' AIRFLOW_CTX_TASK_ID='spark_submit' AIRFLOW_CTX_EXECUTION_DATE='2024-12-03T20:06:00.526510+00:00' AIRFLOW_CTX_TRY_NUMBER='1' AIRFLOW_CTX_DAG_RUN_ID='manual__2024-12-03T20:06:00.526510+00:00'
[2024-12-03T20:12:31.008+0000] {taskinstance.py:430} INFO - ::endgroup::
[2024-12-03T20:12:31.070+0000] {subprocess.py:63} INFO - Tmp dir root location: /tmp
[2024-12-03T20:12:31.074+0000] {subprocess.py:75} INFO - Running command: ['/usr/bin/bash', '-c', 'docker exec  spark-master spark-submit --packages com.datastax.spark:spark-cassandra-connector_2.12:3.5.1 --py-files /dependencies.zip /spark_stream.py']
[2024-12-03T20:12:31.132+0000] {subprocess.py:86} INFO - Output:
[2024-12-03T20:12:34.788+0000] {subprocess.py:93} INFO - :: loading settings :: url = jar:file:/opt/bitnami/spark/jars/ivy-2.5.1.jar!/org/apache/ivy/core/settings/ivysettings.xml
[2024-12-03T20:12:34.903+0000] {subprocess.py:93} INFO - Ivy Default Cache set to: /opt/bitnami/spark/.ivy2/cache
[2024-12-03T20:12:34.905+0000] {subprocess.py:93} INFO - The jars for the packages stored in: /opt/bitnami/spark/.ivy2/jars
[2024-12-03T20:12:34.913+0000] {subprocess.py:93} INFO - com.datastax.spark#spark-cassandra-connector_2.12 added as a dependency
[2024-12-03T20:12:34.915+0000] {subprocess.py:93} INFO - :: resolving dependencies :: org.apache.spark#spark-submit-parent-bce26a77-6415-4319-8bdd-cbac6d4c2a48;1.0
[2024-12-03T20:12:34.916+0000] {subprocess.py:93} INFO - 	confs: [default]
[2024-12-03T20:12:35.104+0000] {subprocess.py:93} INFO - 	found com.datastax.spark#spark-cassandra-connector_2.12;3.5.1 in central
[2024-12-03T20:12:35.165+0000] {subprocess.py:93} INFO - 	found com.datastax.spark#spark-cassandra-connector-driver_2.12;3.5.1 in central
[2024-12-03T20:12:35.218+0000] {subprocess.py:93} INFO - 	found org.scala-lang.modules#scala-collection-compat_2.12;2.11.0 in central
[2024-12-03T20:12:35.283+0000] {subprocess.py:93} INFO - 	found org.apache.cassandra#java-driver-core-shaded;4.18.1 in central
[2024-12-03T20:12:35.323+0000] {subprocess.py:93} INFO - 	found com.datastax.oss#native-protocol;1.5.1 in central
[2024-12-03T20:12:35.352+0000] {subprocess.py:93} INFO - 	found com.datastax.oss#java-driver-shaded-guava;25.1-jre-graal-sub-1 in central
[2024-12-03T20:12:35.380+0000] {subprocess.py:93} INFO - 	found com.typesafe#config;1.4.1 in central
[2024-12-03T20:12:35.410+0000] {subprocess.py:93} INFO - 	found org.slf4j#slf4j-api;1.7.26 in central
[2024-12-03T20:12:35.439+0000] {subprocess.py:93} INFO - 	found io.dropwizard.metrics#metrics-core;4.1.18 in central
[2024-12-03T20:12:35.465+0000] {subprocess.py:93} INFO - 	found org.hdrhistogram#HdrHistogram;2.1.12 in central
[2024-12-03T20:12:35.490+0000] {subprocess.py:93} INFO - 	found org.reactivestreams#reactive-streams;1.0.3 in central
[2024-12-03T20:12:35.526+0000] {subprocess.py:93} INFO - 	found org.apache.cassandra#java-driver-mapper-runtime;4.18.1 in central
[2024-12-03T20:12:35.566+0000] {subprocess.py:93} INFO - 	found org.apache.cassandra#java-driver-query-builder;4.18.1 in central
[2024-12-03T20:12:35.602+0000] {subprocess.py:93} INFO - 	found org.apache.commons#commons-lang3;3.10 in central
[2024-12-03T20:12:35.629+0000] {subprocess.py:93} INFO - 	found com.thoughtworks.paranamer#paranamer;2.8 in central
[2024-12-03T20:12:35.653+0000] {subprocess.py:93} INFO - 	found org.scala-lang#scala-reflect;2.12.19 in central
[2024-12-03T20:12:35.741+0000] {subprocess.py:93} INFO - :: resolution report :: resolve 779ms :: artifacts dl 47ms
[2024-12-03T20:12:35.743+0000] {subprocess.py:93} INFO - 	:: modules in use:
[2024-12-03T20:12:35.748+0000] {subprocess.py:93} INFO - 	com.datastax.oss#java-driver-shaded-guava;25.1-jre-graal-sub-1 from central in [default]
[2024-12-03T20:12:35.750+0000] {subprocess.py:93} INFO - 	com.datastax.oss#native-protocol;1.5.1 from central in [default]
[2024-12-03T20:12:35.751+0000] {subprocess.py:93} INFO - 	com.datastax.spark#spark-cassandra-connector-driver_2.12;3.5.1 from central in [default]
[2024-12-03T20:12:35.752+0000] {subprocess.py:93} INFO - 	com.datastax.spark#spark-cassandra-connector_2.12;3.5.1 from central in [default]
[2024-12-03T20:12:35.753+0000] {subprocess.py:93} INFO - 	com.thoughtworks.paranamer#paranamer;2.8 from central in [default]
[2024-12-03T20:12:35.754+0000] {subprocess.py:93} INFO - 	com.typesafe#config;1.4.1 from central in [default]
[2024-12-03T20:12:35.756+0000] {subprocess.py:93} INFO - 	io.dropwizard.metrics#metrics-core;4.1.18 from central in [default]
[2024-12-03T20:12:35.757+0000] {subprocess.py:93} INFO - 	org.apache.cassandra#java-driver-core-shaded;4.18.1 from central in [default]
[2024-12-03T20:12:35.758+0000] {subprocess.py:93} INFO - 	org.apache.cassandra#java-driver-mapper-runtime;4.18.1 from central in [default]
[2024-12-03T20:12:35.760+0000] {subprocess.py:93} INFO - 	org.apache.cassandra#java-driver-query-builder;4.18.1 from central in [default]
[2024-12-03T20:12:35.763+0000] {subprocess.py:93} INFO - 	org.apache.commons#commons-lang3;3.10 from central in [default]
[2024-12-03T20:12:35.764+0000] {subprocess.py:93} INFO - 	org.hdrhistogram#HdrHistogram;2.1.12 from central in [default]
[2024-12-03T20:12:35.765+0000] {subprocess.py:93} INFO - 	org.reactivestreams#reactive-streams;1.0.3 from central in [default]
[2024-12-03T20:12:35.766+0000] {subprocess.py:93} INFO - 	org.scala-lang#scala-reflect;2.12.19 from central in [default]
[2024-12-03T20:12:35.768+0000] {subprocess.py:93} INFO - 	org.scala-lang.modules#scala-collection-compat_2.12;2.11.0 from central in [default]
[2024-12-03T20:12:35.769+0000] {subprocess.py:93} INFO - 	org.slf4j#slf4j-api;1.7.26 from central in [default]
[2024-12-03T20:12:35.770+0000] {subprocess.py:93} INFO - 	---------------------------------------------------------------------
[2024-12-03T20:12:35.771+0000] {subprocess.py:93} INFO - 	|                  |            modules            ||   artifacts   |
[2024-12-03T20:12:35.772+0000] {subprocess.py:93} INFO - 	|       conf       | number| search|dwnlded|evicted|| number|dwnlded|
[2024-12-03T20:12:35.773+0000] {subprocess.py:93} INFO - 	---------------------------------------------------------------------
[2024-12-03T20:12:35.776+0000] {subprocess.py:93} INFO - 	|      default     |   16  |   0   |   0   |   0   ||   16  |   0   |
[2024-12-03T20:12:35.777+0000] {subprocess.py:93} INFO - 	---------------------------------------------------------------------
[2024-12-03T20:12:35.778+0000] {subprocess.py:93} INFO - :: retrieving :: org.apache.spark#spark-submit-parent-bce26a77-6415-4319-8bdd-cbac6d4c2a48
[2024-12-03T20:12:35.779+0000] {subprocess.py:93} INFO - 	confs: [default]
[2024-12-03T20:12:35.796+0000] {subprocess.py:93} INFO - 	0 artifacts copied, 16 already retrieved (0kB/30ms)
[2024-12-03T20:12:36.217+0000] {subprocess.py:93} INFO - 24/12/03 20:12:36 WARN NativeCodeLoader: Unable to load native-hadoop library for your platform... using builtin-java classes where applicable
[2024-12-03T20:12:40.442+0000] {subprocess.py:93} INFO - 24/12/03 20:12:40 INFO SparkContext: Running Spark version 3.5.1
[2024-12-03T20:12:40.444+0000] {subprocess.py:93} INFO - 24/12/03 20:12:40 INFO SparkContext: OS info Linux, 5.15.167.4-microsoft-standard-WSL2, amd64
[2024-12-03T20:12:40.445+0000] {subprocess.py:93} INFO - 24/12/03 20:12:40 INFO SparkContext: Java version 17.0.12
[2024-12-03T20:12:40.523+0000] {subprocess.py:93} INFO - 24/12/03 20:12:40 INFO ResourceUtils: ==============================================================
[2024-12-03T20:12:40.524+0000] {subprocess.py:93} INFO - 24/12/03 20:12:40 INFO ResourceUtils: No custom resources configured for spark.driver.
[2024-12-03T20:12:40.527+0000] {subprocess.py:93} INFO - 24/12/03 20:12:40 INFO ResourceUtils: ==============================================================
[2024-12-03T20:12:40.529+0000] {subprocess.py:93} INFO - 24/12/03 20:12:40 INFO SparkContext: Submitted application: SparkDataStreaming
[2024-12-03T20:12:40.589+0000] {subprocess.py:93} INFO - 24/12/03 20:12:40 INFO ResourceProfile: Default ResourceProfile created, executor resources: Map(cores -> name: cores, amount: 1, script: , vendor: , memory -> name: memory, amount: 1024, script: , vendor: , offHeap -> name: offHeap, amount: 0, script: , vendor: ), task resources: Map(cpus -> name: cpus, amount: 1.0)
[2024-12-03T20:12:40.611+0000] {subprocess.py:93} INFO - 24/12/03 20:12:40 INFO ResourceProfile: Limiting resource is cpu
[2024-12-03T20:12:40.613+0000] {subprocess.py:93} INFO - 24/12/03 20:12:40 INFO ResourceProfileManager: Added ResourceProfile id: 0
[2024-12-03T20:12:40.744+0000] {subprocess.py:93} INFO - 24/12/03 20:12:40 INFO SecurityManager: Changing view acls to: spark
[2024-12-03T20:12:40.747+0000] {subprocess.py:93} INFO - 24/12/03 20:12:40 INFO SecurityManager: Changing modify acls to: spark
[2024-12-03T20:12:40.752+0000] {subprocess.py:93} INFO - 24/12/03 20:12:40 INFO SecurityManager: Changing view acls groups to:
[2024-12-03T20:12:40.755+0000] {subprocess.py:93} INFO - 24/12/03 20:12:40 INFO SecurityManager: Changing modify acls groups to:
[2024-12-03T20:12:40.756+0000] {subprocess.py:93} INFO - 24/12/03 20:12:40 INFO SecurityManager: SecurityManager: authentication disabled; ui acls disabled; users with view permissions: spark; groups with view permissions: EMPTY; users with modify permissions: spark; groups with modify permissions: EMPTY
[2024-12-03T20:12:41.218+0000] {subprocess.py:93} INFO - 24/12/03 20:12:41 INFO Utils: Successfully started service 'sparkDriver' on port 32817.
[2024-12-03T20:12:41.302+0000] {subprocess.py:93} INFO - 24/12/03 20:12:41 INFO SparkEnv: Registering MapOutputTracker
[2024-12-03T20:12:41.436+0000] {subprocess.py:93} INFO - 24/12/03 20:12:41 INFO SparkEnv: Registering BlockManagerMaster
[2024-12-03T20:12:41.484+0000] {subprocess.py:93} INFO - 24/12/03 20:12:41 INFO BlockManagerMasterEndpoint: Using org.apache.spark.storage.DefaultTopologyMapper for getting topology information
[2024-12-03T20:12:41.487+0000] {subprocess.py:93} INFO - 24/12/03 20:12:41 INFO BlockManagerMasterEndpoint: BlockManagerMasterEndpoint up
[2024-12-03T20:12:41.496+0000] {subprocess.py:93} INFO - 24/12/03 20:12:41 INFO SparkEnv: Registering BlockManagerMasterHeartbeat
[2024-12-03T20:12:41.600+0000] {subprocess.py:93} INFO - 24/12/03 20:12:41 INFO DiskBlockManager: Created local directory at /tmp/blockmgr-8470066d-cfdb-4130-bb8c-9939a7b9fdf2
[2024-12-03T20:12:41.694+0000] {subprocess.py:93} INFO - 24/12/03 20:12:41 INFO MemoryStore: MemoryStore started with capacity 434.4 MiB
[2024-12-03T20:12:41.744+0000] {subprocess.py:93} INFO - 24/12/03 20:12:41 INFO SparkEnv: Registering OutputCommitCoordinator
[2024-12-03T20:12:42.213+0000] {subprocess.py:93} INFO - 24/12/03 20:12:42 INFO JettyUtils: Start Jetty 0.0.0.0:4040 for SparkUI
[2024-12-03T20:12:42.327+0000] {subprocess.py:93} INFO - 24/12/03 20:12:42 INFO Utils: Successfully started service 'SparkUI' on port 4040.
[2024-12-03T20:12:42.393+0000] {subprocess.py:93} INFO - 24/12/03 20:12:42 INFO SparkContext: Added JAR file:///opt/bitnami/spark/.ivy2/jars/com.datastax.spark_spark-cassandra-connector_2.12-3.5.1.jar at spark://cea96c144870:32817/jars/com.datastax.spark_spark-cassandra-connector_2.12-3.5.1.jar with timestamp 1733256760413
[2024-12-03T20:12:42.394+0000] {subprocess.py:93} INFO - 24/12/03 20:12:42 INFO SparkContext: Added JAR file:///opt/bitnami/spark/.ivy2/jars/com.datastax.spark_spark-cassandra-connector-driver_2.12-3.5.1.jar at spark://cea96c144870:32817/jars/com.datastax.spark_spark-cassandra-connector-driver_2.12-3.5.1.jar with timestamp 1733256760413
[2024-12-03T20:12:42.395+0000] {subprocess.py:93} INFO - 24/12/03 20:12:42 INFO SparkContext: Added JAR file:///opt/bitnami/spark/.ivy2/jars/org.scala-lang.modules_scala-collection-compat_2.12-2.11.0.jar at spark://cea96c144870:32817/jars/org.scala-lang.modules_scala-collection-compat_2.12-2.11.0.jar with timestamp 1733256760413
[2024-12-03T20:12:42.396+0000] {subprocess.py:93} INFO - 24/12/03 20:12:42 INFO SparkContext: Added JAR file:///opt/bitnami/spark/.ivy2/jars/org.apache.cassandra_java-driver-core-shaded-4.18.1.jar at spark://cea96c144870:32817/jars/org.apache.cassandra_java-driver-core-shaded-4.18.1.jar with timestamp 1733256760413
[2024-12-03T20:12:42.397+0000] {subprocess.py:93} INFO - 24/12/03 20:12:42 INFO SparkContext: Added JAR file:///opt/bitnami/spark/.ivy2/jars/org.apache.cassandra_java-driver-mapper-runtime-4.18.1.jar at spark://cea96c144870:32817/jars/org.apache.cassandra_java-driver-mapper-runtime-4.18.1.jar with timestamp 1733256760413
[2024-12-03T20:12:42.398+0000] {subprocess.py:93} INFO - 24/12/03 20:12:42 INFO SparkContext: Added JAR file:///opt/bitnami/spark/.ivy2/jars/org.apache.commons_commons-lang3-3.10.jar at spark://cea96c144870:32817/jars/org.apache.commons_commons-lang3-3.10.jar with timestamp 1733256760413
[2024-12-03T20:12:42.399+0000] {subprocess.py:93} INFO - 24/12/03 20:12:42 INFO SparkContext: Added JAR file:///opt/bitnami/spark/.ivy2/jars/com.thoughtworks.paranamer_paranamer-2.8.jar at spark://cea96c144870:32817/jars/com.thoughtworks.paranamer_paranamer-2.8.jar with timestamp 1733256760413
[2024-12-03T20:12:42.402+0000] {subprocess.py:93} INFO - 24/12/03 20:12:42 INFO SparkContext: Added JAR file:///opt/bitnami/spark/.ivy2/jars/org.scala-lang_scala-reflect-2.12.19.jar at spark://cea96c144870:32817/jars/org.scala-lang_scala-reflect-2.12.19.jar with timestamp 1733256760413
[2024-12-03T20:12:42.403+0000] {subprocess.py:93} INFO - 24/12/03 20:12:42 INFO SparkContext: Added JAR file:///opt/bitnami/spark/.ivy2/jars/com.datastax.oss_native-protocol-1.5.1.jar at spark://cea96c144870:32817/jars/com.datastax.oss_native-protocol-1.5.1.jar with timestamp 1733256760413
[2024-12-03T20:12:42.404+0000] {subprocess.py:93} INFO - 24/12/03 20:12:42 INFO SparkContext: Added JAR file:///opt/bitnami/spark/.ivy2/jars/com.datastax.oss_java-driver-shaded-guava-25.1-jre-graal-sub-1.jar at spark://cea96c144870:32817/jars/com.datastax.oss_java-driver-shaded-guava-25.1-jre-graal-sub-1.jar with timestamp 1733256760413
[2024-12-03T20:12:42.405+0000] {subprocess.py:93} INFO - 24/12/03 20:12:42 INFO SparkContext: Added JAR file:///opt/bitnami/spark/.ivy2/jars/com.typesafe_config-1.4.1.jar at spark://cea96c144870:32817/jars/com.typesafe_config-1.4.1.jar with timestamp 1733256760413
[2024-12-03T20:12:42.406+0000] {subprocess.py:93} INFO - 24/12/03 20:12:42 INFO SparkContext: Added JAR file:///opt/bitnami/spark/.ivy2/jars/org.slf4j_slf4j-api-1.7.26.jar at spark://cea96c144870:32817/jars/org.slf4j_slf4j-api-1.7.26.jar with timestamp 1733256760413
[2024-12-03T20:12:42.408+0000] {subprocess.py:93} INFO - 24/12/03 20:12:42 INFO SparkContext: Added JAR file:///opt/bitnami/spark/.ivy2/jars/io.dropwizard.metrics_metrics-core-4.1.18.jar at spark://cea96c144870:32817/jars/io.dropwizard.metrics_metrics-core-4.1.18.jar with timestamp 1733256760413
[2024-12-03T20:12:42.409+0000] {subprocess.py:93} INFO - 24/12/03 20:12:42 INFO SparkContext: Added JAR file:///opt/bitnami/spark/.ivy2/jars/org.hdrhistogram_HdrHistogram-2.1.12.jar at spark://cea96c144870:32817/jars/org.hdrhistogram_HdrHistogram-2.1.12.jar with timestamp 1733256760413
[2024-12-03T20:12:42.410+0000] {subprocess.py:93} INFO - 24/12/03 20:12:42 INFO SparkContext: Added JAR file:///opt/bitnami/spark/.ivy2/jars/org.reactivestreams_reactive-streams-1.0.3.jar at spark://cea96c144870:32817/jars/org.reactivestreams_reactive-streams-1.0.3.jar with timestamp 1733256760413
[2024-12-03T20:12:42.411+0000] {subprocess.py:93} INFO - 24/12/03 20:12:42 INFO SparkContext: Added JAR file:///opt/bitnami/spark/.ivy2/jars/org.apache.cassandra_java-driver-query-builder-4.18.1.jar at spark://cea96c144870:32817/jars/org.apache.cassandra_java-driver-query-builder-4.18.1.jar with timestamp 1733256760413
[2024-12-03T20:12:42.411+0000] {subprocess.py:93} INFO - 24/12/03 20:12:42 INFO SparkContext: Added file file:///dependencies.zip at file:///dependencies.zip with timestamp 1733256760413
[2024-12-03T20:12:42.413+0000] {subprocess.py:93} INFO - 24/12/03 20:12:42 INFO Utils: Copying /dependencies.zip to /tmp/spark-92639818-1c8d-4646-a540-4944b2570402/userFiles-44688188-36c8-4634-8395-264a6a608c89/dependencies.zip
[2024-12-03T20:12:42.488+0000] {subprocess.py:93} INFO - 24/12/03 20:12:42 INFO SparkContext: Added file file:///opt/bitnami/spark/.ivy2/jars/com.datastax.spark_spark-cassandra-connector_2.12-3.5.1.jar at file:///opt/bitnami/spark/.ivy2/jars/com.datastax.spark_spark-cassandra-connector_2.12-3.5.1.jar with timestamp 1733256760413
[2024-12-03T20:12:42.489+0000] {subprocess.py:93} INFO - 24/12/03 20:12:42 INFO Utils: Copying /opt/bitnami/spark/.ivy2/jars/com.datastax.spark_spark-cassandra-connector_2.12-3.5.1.jar to /tmp/spark-92639818-1c8d-4646-a540-4944b2570402/userFiles-44688188-36c8-4634-8395-264a6a608c89/com.datastax.spark_spark-cassandra-connector_2.12-3.5.1.jar
[2024-12-03T20:12:42.500+0000] {subprocess.py:93} INFO - 24/12/03 20:12:42 INFO SparkContext: Added file file:///opt/bitnami/spark/.ivy2/jars/com.datastax.spark_spark-cassandra-connector-driver_2.12-3.5.1.jar at file:///opt/bitnami/spark/.ivy2/jars/com.datastax.spark_spark-cassandra-connector-driver_2.12-3.5.1.jar with timestamp 1733256760413
[2024-12-03T20:12:42.501+0000] {subprocess.py:93} INFO - 24/12/03 20:12:42 INFO Utils: Copying /opt/bitnami/spark/.ivy2/jars/com.datastax.spark_spark-cassandra-connector-driver_2.12-3.5.1.jar to /tmp/spark-92639818-1c8d-4646-a540-4944b2570402/userFiles-44688188-36c8-4634-8395-264a6a608c89/com.datastax.spark_spark-cassandra-connector-driver_2.12-3.5.1.jar
[2024-12-03T20:12:42.511+0000] {subprocess.py:93} INFO - 24/12/03 20:12:42 INFO SparkContext: Added file file:///opt/bitnami/spark/.ivy2/jars/org.scala-lang.modules_scala-collection-compat_2.12-2.11.0.jar at file:///opt/bitnami/spark/.ivy2/jars/org.scala-lang.modules_scala-collection-compat_2.12-2.11.0.jar with timestamp 1733256760413
[2024-12-03T20:12:42.512+0000] {subprocess.py:93} INFO - 24/12/03 20:12:42 INFO Utils: Copying /opt/bitnami/spark/.ivy2/jars/org.scala-lang.modules_scala-collection-compat_2.12-2.11.0.jar to /tmp/spark-92639818-1c8d-4646-a540-4944b2570402/userFiles-44688188-36c8-4634-8395-264a6a608c89/org.scala-lang.modules_scala-collection-compat_2.12-2.11.0.jar
[2024-12-03T20:12:42.526+0000] {subprocess.py:93} INFO - 24/12/03 20:12:42 INFO SparkContext: Added file file:///opt/bitnami/spark/.ivy2/jars/org.apache.cassandra_java-driver-core-shaded-4.18.1.jar at file:///opt/bitnami/spark/.ivy2/jars/org.apache.cassandra_java-driver-core-shaded-4.18.1.jar with timestamp 1733256760413
[2024-12-03T20:12:42.527+0000] {subprocess.py:93} INFO - 24/12/03 20:12:42 INFO Utils: Copying /opt/bitnami/spark/.ivy2/jars/org.apache.cassandra_java-driver-core-shaded-4.18.1.jar to /tmp/spark-92639818-1c8d-4646-a540-4944b2570402/userFiles-44688188-36c8-4634-8395-264a6a608c89/org.apache.cassandra_java-driver-core-shaded-4.18.1.jar
[2024-12-03T20:12:42.554+0000] {subprocess.py:93} INFO - 24/12/03 20:12:42 INFO SparkContext: Added file file:///opt/bitnami/spark/.ivy2/jars/org.apache.cassandra_java-driver-mapper-runtime-4.18.1.jar at file:///opt/bitnami/spark/.ivy2/jars/org.apache.cassandra_java-driver-mapper-runtime-4.18.1.jar with timestamp 1733256760413
[2024-12-03T20:12:42.555+0000] {subprocess.py:93} INFO - 24/12/03 20:12:42 INFO Utils: Copying /opt/bitnami/spark/.ivy2/jars/org.apache.cassandra_java-driver-mapper-runtime-4.18.1.jar to /tmp/spark-92639818-1c8d-4646-a540-4944b2570402/userFiles-44688188-36c8-4634-8395-264a6a608c89/org.apache.cassandra_java-driver-mapper-runtime-4.18.1.jar
[2024-12-03T20:12:42.572+0000] {subprocess.py:93} INFO - 24/12/03 20:12:42 INFO SparkContext: Added file file:///opt/bitnami/spark/.ivy2/jars/org.apache.commons_commons-lang3-3.10.jar at file:///opt/bitnami/spark/.ivy2/jars/org.apache.commons_commons-lang3-3.10.jar with timestamp 1733256760413
[2024-12-03T20:12:42.575+0000] {subprocess.py:93} INFO - 24/12/03 20:12:42 INFO Utils: Copying /opt/bitnami/spark/.ivy2/jars/org.apache.commons_commons-lang3-3.10.jar to /tmp/spark-92639818-1c8d-4646-a540-4944b2570402/userFiles-44688188-36c8-4634-8395-264a6a608c89/org.apache.commons_commons-lang3-3.10.jar
[2024-12-03T20:12:42.583+0000] {subprocess.py:93} INFO - 24/12/03 20:12:42 INFO SparkContext: Added file file:///opt/bitnami/spark/.ivy2/jars/com.thoughtworks.paranamer_paranamer-2.8.jar at file:///opt/bitnami/spark/.ivy2/jars/com.thoughtworks.paranamer_paranamer-2.8.jar with timestamp 1733256760413
[2024-12-03T20:12:42.588+0000] {subprocess.py:93} INFO - 24/12/03 20:12:42 INFO Utils: Copying /opt/bitnami/spark/.ivy2/jars/com.thoughtworks.paranamer_paranamer-2.8.jar to /tmp/spark-92639818-1c8d-4646-a540-4944b2570402/userFiles-44688188-36c8-4634-8395-264a6a608c89/com.thoughtworks.paranamer_paranamer-2.8.jar
[2024-12-03T20:12:42.600+0000] {subprocess.py:93} INFO - 24/12/03 20:12:42 INFO SparkContext: Added file file:///opt/bitnami/spark/.ivy2/jars/org.scala-lang_scala-reflect-2.12.19.jar at file:///opt/bitnami/spark/.ivy2/jars/org.scala-lang_scala-reflect-2.12.19.jar with timestamp 1733256760413
[2024-12-03T20:12:42.602+0000] {subprocess.py:93} INFO - 24/12/03 20:12:42 INFO Utils: Copying /opt/bitnami/spark/.ivy2/jars/org.scala-lang_scala-reflect-2.12.19.jar to /tmp/spark-92639818-1c8d-4646-a540-4944b2570402/userFiles-44688188-36c8-4634-8395-264a6a608c89/org.scala-lang_scala-reflect-2.12.19.jar
[2024-12-03T20:12:42.628+0000] {subprocess.py:93} INFO - 24/12/03 20:12:42 INFO SparkContext: Added file file:///opt/bitnami/spark/.ivy2/jars/com.datastax.oss_native-protocol-1.5.1.jar at file:///opt/bitnami/spark/.ivy2/jars/com.datastax.oss_native-protocol-1.5.1.jar with timestamp 1733256760413
[2024-12-03T20:12:42.629+0000] {subprocess.py:93} INFO - 24/12/03 20:12:42 INFO Utils: Copying /opt/bitnami/spark/.ivy2/jars/com.datastax.oss_native-protocol-1.5.1.jar to /tmp/spark-92639818-1c8d-4646-a540-4944b2570402/userFiles-44688188-36c8-4634-8395-264a6a608c89/com.datastax.oss_native-protocol-1.5.1.jar
[2024-12-03T20:12:42.640+0000] {subprocess.py:93} INFO - 24/12/03 20:12:42 INFO SparkContext: Added file file:///opt/bitnami/spark/.ivy2/jars/com.datastax.oss_java-driver-shaded-guava-25.1-jre-graal-sub-1.jar at file:///opt/bitnami/spark/.ivy2/jars/com.datastax.oss_java-driver-shaded-guava-25.1-jre-graal-sub-1.jar with timestamp 1733256760413
[2024-12-03T20:12:42.641+0000] {subprocess.py:93} INFO - 24/12/03 20:12:42 INFO Utils: Copying /opt/bitnami/spark/.ivy2/jars/com.datastax.oss_java-driver-shaded-guava-25.1-jre-graal-sub-1.jar to /tmp/spark-92639818-1c8d-4646-a540-4944b2570402/userFiles-44688188-36c8-4634-8395-264a6a608c89/com.datastax.oss_java-driver-shaded-guava-25.1-jre-graal-sub-1.jar
[2024-12-03T20:12:42.651+0000] {subprocess.py:93} INFO - 24/12/03 20:12:42 INFO SparkContext: Added file file:///opt/bitnami/spark/.ivy2/jars/com.typesafe_config-1.4.1.jar at file:///opt/bitnami/spark/.ivy2/jars/com.typesafe_config-1.4.1.jar with timestamp 1733256760413
[2024-12-03T20:12:42.652+0000] {subprocess.py:93} INFO - 24/12/03 20:12:42 INFO Utils: Copying /opt/bitnami/spark/.ivy2/jars/com.typesafe_config-1.4.1.jar to /tmp/spark-92639818-1c8d-4646-a540-4944b2570402/userFiles-44688188-36c8-4634-8395-264a6a608c89/com.typesafe_config-1.4.1.jar
[2024-12-03T20:12:42.660+0000] {subprocess.py:93} INFO - 24/12/03 20:12:42 INFO SparkContext: Added file file:///opt/bitnami/spark/.ivy2/jars/org.slf4j_slf4j-api-1.7.26.jar at file:///opt/bitnami/spark/.ivy2/jars/org.slf4j_slf4j-api-1.7.26.jar with timestamp 1733256760413
[2024-12-03T20:12:42.661+0000] {subprocess.py:93} INFO - 24/12/03 20:12:42 INFO Utils: Copying /opt/bitnami/spark/.ivy2/jars/org.slf4j_slf4j-api-1.7.26.jar to /tmp/spark-92639818-1c8d-4646-a540-4944b2570402/userFiles-44688188-36c8-4634-8395-264a6a608c89/org.slf4j_slf4j-api-1.7.26.jar
[2024-12-03T20:12:42.668+0000] {subprocess.py:93} INFO - 24/12/03 20:12:42 INFO SparkContext: Added file file:///opt/bitnami/spark/.ivy2/jars/io.dropwizard.metrics_metrics-core-4.1.18.jar at file:///opt/bitnami/spark/.ivy2/jars/io.dropwizard.metrics_metrics-core-4.1.18.jar with timestamp 1733256760413
[2024-12-03T20:12:42.669+0000] {subprocess.py:93} INFO - 24/12/03 20:12:42 INFO Utils: Copying /opt/bitnami/spark/.ivy2/jars/io.dropwizard.metrics_metrics-core-4.1.18.jar to /tmp/spark-92639818-1c8d-4646-a540-4944b2570402/userFiles-44688188-36c8-4634-8395-264a6a608c89/io.dropwizard.metrics_metrics-core-4.1.18.jar
[2024-12-03T20:12:42.675+0000] {subprocess.py:93} INFO - 24/12/03 20:12:42 INFO SparkContext: Added file file:///opt/bitnami/spark/.ivy2/jars/org.hdrhistogram_HdrHistogram-2.1.12.jar at file:///opt/bitnami/spark/.ivy2/jars/org.hdrhistogram_HdrHistogram-2.1.12.jar with timestamp 1733256760413
[2024-12-03T20:12:42.676+0000] {subprocess.py:93} INFO - 24/12/03 20:12:42 INFO Utils: Copying /opt/bitnami/spark/.ivy2/jars/org.hdrhistogram_HdrHistogram-2.1.12.jar to /tmp/spark-92639818-1c8d-4646-a540-4944b2570402/userFiles-44688188-36c8-4634-8395-264a6a608c89/org.hdrhistogram_HdrHistogram-2.1.12.jar
[2024-12-03T20:12:42.684+0000] {subprocess.py:93} INFO - 24/12/03 20:12:42 INFO SparkContext: Added file file:///opt/bitnami/spark/.ivy2/jars/org.reactivestreams_reactive-streams-1.0.3.jar at file:///opt/bitnami/spark/.ivy2/jars/org.reactivestreams_reactive-streams-1.0.3.jar with timestamp 1733256760413
[2024-12-03T20:12:42.685+0000] {subprocess.py:93} INFO - 24/12/03 20:12:42 INFO Utils: Copying /opt/bitnami/spark/.ivy2/jars/org.reactivestreams_reactive-streams-1.0.3.jar to /tmp/spark-92639818-1c8d-4646-a540-4944b2570402/userFiles-44688188-36c8-4634-8395-264a6a608c89/org.reactivestreams_reactive-streams-1.0.3.jar
[2024-12-03T20:12:42.692+0000] {subprocess.py:93} INFO - 24/12/03 20:12:42 INFO SparkContext: Added file file:///opt/bitnami/spark/.ivy2/jars/org.apache.cassandra_java-driver-query-builder-4.18.1.jar at file:///opt/bitnami/spark/.ivy2/jars/org.apache.cassandra_java-driver-query-builder-4.18.1.jar with timestamp 1733256760413
[2024-12-03T20:12:42.693+0000] {subprocess.py:93} INFO - 24/12/03 20:12:42 INFO Utils: Copying /opt/bitnami/spark/.ivy2/jars/org.apache.cassandra_java-driver-query-builder-4.18.1.jar to /tmp/spark-92639818-1c8d-4646-a540-4944b2570402/userFiles-44688188-36c8-4634-8395-264a6a608c89/org.apache.cassandra_java-driver-query-builder-4.18.1.jar
[2024-12-03T20:12:42.794+0000] {subprocess.py:93} INFO - 24/12/03 20:12:42 INFO Executor: Starting executor ID driver on host cea96c144870
[2024-12-03T20:12:42.796+0000] {subprocess.py:93} INFO - 24/12/03 20:12:42 INFO Executor: OS info Linux, 5.15.167.4-microsoft-standard-WSL2, amd64
[2024-12-03T20:12:42.797+0000] {subprocess.py:93} INFO - 24/12/03 20:12:42 INFO Executor: Java version 17.0.12
[2024-12-03T20:12:42.809+0000] {subprocess.py:93} INFO - 24/12/03 20:12:42 INFO Executor: Starting executor with user classpath (userClassPathFirst = false): ''
[2024-12-03T20:12:42.810+0000] {subprocess.py:93} INFO - 24/12/03 20:12:42 INFO Executor: Created or updated repl class loader org.apache.spark.util.MutableURLClassLoader@2bef5965 for default.
[2024-12-03T20:12:42.829+0000] {subprocess.py:93} INFO - 24/12/03 20:12:42 INFO Executor: Fetching file:///opt/bitnami/spark/.ivy2/jars/com.typesafe_config-1.4.1.jar with timestamp 1733256760413
[2024-12-03T20:12:42.866+0000] {subprocess.py:93} INFO - 24/12/03 20:12:42 INFO Utils: /opt/bitnami/spark/.ivy2/jars/com.typesafe_config-1.4.1.jar has been previously copied to /tmp/spark-92639818-1c8d-4646-a540-4944b2570402/userFiles-44688188-36c8-4634-8395-264a6a608c89/com.typesafe_config-1.4.1.jar
[2024-12-03T20:12:42.871+0000] {subprocess.py:93} INFO - 24/12/03 20:12:42 INFO Executor: Fetching file:///opt/bitnami/spark/.ivy2/jars/org.scala-lang.modules_scala-collection-compat_2.12-2.11.0.jar with timestamp 1733256760413
[2024-12-03T20:12:42.877+0000] {subprocess.py:93} INFO - 24/12/03 20:12:42 INFO Utils: /opt/bitnami/spark/.ivy2/jars/org.scala-lang.modules_scala-collection-compat_2.12-2.11.0.jar has been previously copied to /tmp/spark-92639818-1c8d-4646-a540-4944b2570402/userFiles-44688188-36c8-4634-8395-264a6a608c89/org.scala-lang.modules_scala-collection-compat_2.12-2.11.0.jar
[2024-12-03T20:12:42.883+0000] {subprocess.py:93} INFO - 24/12/03 20:12:42 INFO Executor: Fetching file:///opt/bitnami/spark/.ivy2/jars/org.hdrhistogram_HdrHistogram-2.1.12.jar with timestamp 1733256760413
[2024-12-03T20:12:42.885+0000] {subprocess.py:93} INFO - 24/12/03 20:12:42 INFO Utils: /opt/bitnami/spark/.ivy2/jars/org.hdrhistogram_HdrHistogram-2.1.12.jar has been previously copied to /tmp/spark-92639818-1c8d-4646-a540-4944b2570402/userFiles-44688188-36c8-4634-8395-264a6a608c89/org.hdrhistogram_HdrHistogram-2.1.12.jar
[2024-12-03T20:12:42.892+0000] {subprocess.py:93} INFO - 24/12/03 20:12:42 INFO Executor: Fetching file:///opt/bitnami/spark/.ivy2/jars/com.datastax.oss_native-protocol-1.5.1.jar with timestamp 1733256760413
[2024-12-03T20:12:42.894+0000] {subprocess.py:93} INFO - 24/12/03 20:12:42 INFO Utils: /opt/bitnami/spark/.ivy2/jars/com.datastax.oss_native-protocol-1.5.1.jar has been previously copied to /tmp/spark-92639818-1c8d-4646-a540-4944b2570402/userFiles-44688188-36c8-4634-8395-264a6a608c89/com.datastax.oss_native-protocol-1.5.1.jar
[2024-12-03T20:12:42.900+0000] {subprocess.py:93} INFO - 24/12/03 20:12:42 INFO Executor: Fetching file:///dependencies.zip with timestamp 1733256760413
[2024-12-03T20:12:42.929+0000] {subprocess.py:93} INFO - 24/12/03 20:12:42 INFO Utils: /dependencies.zip has been previously copied to /tmp/spark-92639818-1c8d-4646-a540-4944b2570402/userFiles-44688188-36c8-4634-8395-264a6a608c89/dependencies.zip
[2024-12-03T20:12:42.934+0000] {subprocess.py:93} INFO - 24/12/03 20:12:42 INFO Executor: Fetching file:///opt/bitnami/spark/.ivy2/jars/org.reactivestreams_reactive-streams-1.0.3.jar with timestamp 1733256760413
[2024-12-03T20:12:42.935+0000] {subprocess.py:93} INFO - 24/12/03 20:12:42 INFO Utils: /opt/bitnami/spark/.ivy2/jars/org.reactivestreams_reactive-streams-1.0.3.jar has been previously copied to /tmp/spark-92639818-1c8d-4646-a540-4944b2570402/userFiles-44688188-36c8-4634-8395-264a6a608c89/org.reactivestreams_reactive-streams-1.0.3.jar
[2024-12-03T20:12:42.944+0000] {subprocess.py:93} INFO - 24/12/03 20:12:42 INFO Executor: Fetching file:///opt/bitnami/spark/.ivy2/jars/org.apache.cassandra_java-driver-mapper-runtime-4.18.1.jar with timestamp 1733256760413
[2024-12-03T20:12:42.945+0000] {subprocess.py:93} INFO - 24/12/03 20:12:42 INFO Utils: /opt/bitnami/spark/.ivy2/jars/org.apache.cassandra_java-driver-mapper-runtime-4.18.1.jar has been previously copied to /tmp/spark-92639818-1c8d-4646-a540-4944b2570402/userFiles-44688188-36c8-4634-8395-264a6a608c89/org.apache.cassandra_java-driver-mapper-runtime-4.18.1.jar
[2024-12-03T20:12:42.950+0000] {subprocess.py:93} INFO - 24/12/03 20:12:42 INFO Executor: Fetching file:///opt/bitnami/spark/.ivy2/jars/org.apache.cassandra_java-driver-core-shaded-4.18.1.jar with timestamp 1733256760413
[2024-12-03T20:12:42.957+0000] {subprocess.py:93} INFO - 24/12/03 20:12:42 INFO Utils: /opt/bitnami/spark/.ivy2/jars/org.apache.cassandra_java-driver-core-shaded-4.18.1.jar has been previously copied to /tmp/spark-92639818-1c8d-4646-a540-4944b2570402/userFiles-44688188-36c8-4634-8395-264a6a608c89/org.apache.cassandra_java-driver-core-shaded-4.18.1.jar
[2024-12-03T20:12:42.964+0000] {subprocess.py:93} INFO - 24/12/03 20:12:42 INFO Executor: Fetching file:///opt/bitnami/spark/.ivy2/jars/com.datastax.oss_java-driver-shaded-guava-25.1-jre-graal-sub-1.jar with timestamp 1733256760413
[2024-12-03T20:12:42.968+0000] {subprocess.py:93} INFO - 24/12/03 20:12:42 INFO Utils: /opt/bitnami/spark/.ivy2/jars/com.datastax.oss_java-driver-shaded-guava-25.1-jre-graal-sub-1.jar has been previously copied to /tmp/spark-92639818-1c8d-4646-a540-4944b2570402/userFiles-44688188-36c8-4634-8395-264a6a608c89/com.datastax.oss_java-driver-shaded-guava-25.1-jre-graal-sub-1.jar
[2024-12-03T20:12:42.976+0000] {subprocess.py:93} INFO - 24/12/03 20:12:42 INFO Executor: Fetching file:///opt/bitnami/spark/.ivy2/jars/org.apache.cassandra_java-driver-query-builder-4.18.1.jar with timestamp 1733256760413
[2024-12-03T20:12:42.977+0000] {subprocess.py:93} INFO - 24/12/03 20:12:42 INFO Utils: /opt/bitnami/spark/.ivy2/jars/org.apache.cassandra_java-driver-query-builder-4.18.1.jar has been previously copied to /tmp/spark-92639818-1c8d-4646-a540-4944b2570402/userFiles-44688188-36c8-4634-8395-264a6a608c89/org.apache.cassandra_java-driver-query-builder-4.18.1.jar
[2024-12-03T20:12:42.984+0000] {subprocess.py:93} INFO - 24/12/03 20:12:42 INFO Executor: Fetching file:///opt/bitnami/spark/.ivy2/jars/com.datastax.spark_spark-cassandra-connector_2.12-3.5.1.jar with timestamp 1733256760413
[2024-12-03T20:12:42.986+0000] {subprocess.py:93} INFO - 24/12/03 20:12:42 INFO Utils: /opt/bitnami/spark/.ivy2/jars/com.datastax.spark_spark-cassandra-connector_2.12-3.5.1.jar has been previously copied to /tmp/spark-92639818-1c8d-4646-a540-4944b2570402/userFiles-44688188-36c8-4634-8395-264a6a608c89/com.datastax.spark_spark-cassandra-connector_2.12-3.5.1.jar
[2024-12-03T20:12:42.992+0000] {subprocess.py:93} INFO - 24/12/03 20:12:42 INFO Executor: Fetching file:///opt/bitnami/spark/.ivy2/jars/org.apache.commons_commons-lang3-3.10.jar with timestamp 1733256760413
[2024-12-03T20:12:42.993+0000] {subprocess.py:93} INFO - 24/12/03 20:12:42 INFO Utils: /opt/bitnami/spark/.ivy2/jars/org.apache.commons_commons-lang3-3.10.jar has been previously copied to /tmp/spark-92639818-1c8d-4646-a540-4944b2570402/userFiles-44688188-36c8-4634-8395-264a6a608c89/org.apache.commons_commons-lang3-3.10.jar
[2024-12-03T20:12:43.001+0000] {subprocess.py:93} INFO - 24/12/03 20:12:42 INFO Executor: Fetching file:///opt/bitnami/spark/.ivy2/jars/com.thoughtworks.paranamer_paranamer-2.8.jar with timestamp 1733256760413
[2024-12-03T20:12:43.002+0000] {subprocess.py:93} INFO - 24/12/03 20:12:42 INFO Utils: /opt/bitnami/spark/.ivy2/jars/com.thoughtworks.paranamer_paranamer-2.8.jar has been previously copied to /tmp/spark-92639818-1c8d-4646-a540-4944b2570402/userFiles-44688188-36c8-4634-8395-264a6a608c89/com.thoughtworks.paranamer_paranamer-2.8.jar
[2024-12-03T20:12:43.009+0000] {subprocess.py:93} INFO - 24/12/03 20:12:43 INFO Executor: Fetching file:///opt/bitnami/spark/.ivy2/jars/org.slf4j_slf4j-api-1.7.26.jar with timestamp 1733256760413
[2024-12-03T20:12:43.010+0000] {subprocess.py:93} INFO - 24/12/03 20:12:43 INFO Utils: /opt/bitnami/spark/.ivy2/jars/org.slf4j_slf4j-api-1.7.26.jar has been previously copied to /tmp/spark-92639818-1c8d-4646-a540-4944b2570402/userFiles-44688188-36c8-4634-8395-264a6a608c89/org.slf4j_slf4j-api-1.7.26.jar
[2024-12-03T20:12:43.020+0000] {subprocess.py:93} INFO - 24/12/03 20:12:43 INFO Executor: Fetching file:///opt/bitnami/spark/.ivy2/jars/org.scala-lang_scala-reflect-2.12.19.jar with timestamp 1733256760413
[2024-12-03T20:12:43.026+0000] {subprocess.py:93} INFO - 24/12/03 20:12:43 INFO Utils: /opt/bitnami/spark/.ivy2/jars/org.scala-lang_scala-reflect-2.12.19.jar has been previously copied to /tmp/spark-92639818-1c8d-4646-a540-4944b2570402/userFiles-44688188-36c8-4634-8395-264a6a608c89/org.scala-lang_scala-reflect-2.12.19.jar
[2024-12-03T20:12:43.032+0000] {subprocess.py:93} INFO - 24/12/03 20:12:43 INFO Executor: Fetching file:///opt/bitnami/spark/.ivy2/jars/com.datastax.spark_spark-cassandra-connector-driver_2.12-3.5.1.jar with timestamp 1733256760413
[2024-12-03T20:12:43.034+0000] {subprocess.py:93} INFO - 24/12/03 20:12:43 INFO Utils: /opt/bitnami/spark/.ivy2/jars/com.datastax.spark_spark-cassandra-connector-driver_2.12-3.5.1.jar has been previously copied to /tmp/spark-92639818-1c8d-4646-a540-4944b2570402/userFiles-44688188-36c8-4634-8395-264a6a608c89/com.datastax.spark_spark-cassandra-connector-driver_2.12-3.5.1.jar
[2024-12-03T20:12:43.041+0000] {subprocess.py:93} INFO - 24/12/03 20:12:43 INFO Executor: Fetching file:///opt/bitnami/spark/.ivy2/jars/io.dropwizard.metrics_metrics-core-4.1.18.jar with timestamp 1733256760413
[2024-12-03T20:12:43.042+0000] {subprocess.py:93} INFO - 24/12/03 20:12:43 INFO Utils: /opt/bitnami/spark/.ivy2/jars/io.dropwizard.metrics_metrics-core-4.1.18.jar has been previously copied to /tmp/spark-92639818-1c8d-4646-a540-4944b2570402/userFiles-44688188-36c8-4634-8395-264a6a608c89/io.dropwizard.metrics_metrics-core-4.1.18.jar
[2024-12-03T20:12:43.054+0000] {subprocess.py:93} INFO - 24/12/03 20:12:43 INFO Executor: Fetching spark://cea96c144870:32817/jars/org.hdrhistogram_HdrHistogram-2.1.12.jar with timestamp 1733256760413
[2024-12-03T20:12:43.131+0000] {subprocess.py:93} INFO - 24/12/03 20:12:43 INFO TransportClientFactory: Successfully created connection to cea96c144870/172.18.0.9:32817 after 54 ms (0 ms spent in bootstraps)
[2024-12-03T20:12:43.146+0000] {subprocess.py:93} INFO - 24/12/03 20:12:43 INFO Utils: Fetching spark://cea96c144870:32817/jars/org.hdrhistogram_HdrHistogram-2.1.12.jar to /tmp/spark-92639818-1c8d-4646-a540-4944b2570402/userFiles-44688188-36c8-4634-8395-264a6a608c89/fetchFileTemp17666935722360031571.tmp
[2024-12-03T20:12:43.189+0000] {subprocess.py:93} INFO - 24/12/03 20:12:43 INFO Utils: /tmp/spark-92639818-1c8d-4646-a540-4944b2570402/userFiles-44688188-36c8-4634-8395-264a6a608c89/fetchFileTemp17666935722360031571.tmp has been previously copied to /tmp/spark-92639818-1c8d-4646-a540-4944b2570402/userFiles-44688188-36c8-4634-8395-264a6a608c89/org.hdrhistogram_HdrHistogram-2.1.12.jar
[2024-12-03T20:12:43.205+0000] {subprocess.py:93} INFO - 24/12/03 20:12:43 INFO Executor: Adding file:/tmp/spark-92639818-1c8d-4646-a540-4944b2570402/userFiles-44688188-36c8-4634-8395-264a6a608c89/org.hdrhistogram_HdrHistogram-2.1.12.jar to class loader default
[2024-12-03T20:12:43.206+0000] {subprocess.py:93} INFO - 24/12/03 20:12:43 INFO Executor: Fetching spark://cea96c144870:32817/jars/org.apache.commons_commons-lang3-3.10.jar with timestamp 1733256760413
[2024-12-03T20:12:43.207+0000] {subprocess.py:93} INFO - 24/12/03 20:12:43 INFO Utils: Fetching spark://cea96c144870:32817/jars/org.apache.commons_commons-lang3-3.10.jar to /tmp/spark-92639818-1c8d-4646-a540-4944b2570402/userFiles-44688188-36c8-4634-8395-264a6a608c89/fetchFileTemp1450723425460912976.tmp
[2024-12-03T20:12:43.223+0000] {subprocess.py:93} INFO - 24/12/03 20:12:43 INFO Utils: /tmp/spark-92639818-1c8d-4646-a540-4944b2570402/userFiles-44688188-36c8-4634-8395-264a6a608c89/fetchFileTemp1450723425460912976.tmp has been previously copied to /tmp/spark-92639818-1c8d-4646-a540-4944b2570402/userFiles-44688188-36c8-4634-8395-264a6a608c89/org.apache.commons_commons-lang3-3.10.jar
[2024-12-03T20:12:43.234+0000] {subprocess.py:93} INFO - 24/12/03 20:12:43 INFO Executor: Adding file:/tmp/spark-92639818-1c8d-4646-a540-4944b2570402/userFiles-44688188-36c8-4634-8395-264a6a608c89/org.apache.commons_commons-lang3-3.10.jar to class loader default
[2024-12-03T20:12:43.235+0000] {subprocess.py:93} INFO - 24/12/03 20:12:43 INFO Executor: Fetching spark://cea96c144870:32817/jars/org.apache.cassandra_java-driver-core-shaded-4.18.1.jar with timestamp 1733256760413
[2024-12-03T20:12:43.236+0000] {subprocess.py:93} INFO - 24/12/03 20:12:43 INFO Utils: Fetching spark://cea96c144870:32817/jars/org.apache.cassandra_java-driver-core-shaded-4.18.1.jar to /tmp/spark-92639818-1c8d-4646-a540-4944b2570402/userFiles-44688188-36c8-4634-8395-264a6a608c89/fetchFileTemp14978313750403447789.tmp
[2024-12-03T20:12:43.292+0000] {subprocess.py:93} INFO - 24/12/03 20:12:43 INFO Utils: /tmp/spark-92639818-1c8d-4646-a540-4944b2570402/userFiles-44688188-36c8-4634-8395-264a6a608c89/fetchFileTemp14978313750403447789.tmp has been previously copied to /tmp/spark-92639818-1c8d-4646-a540-4944b2570402/userFiles-44688188-36c8-4634-8395-264a6a608c89/org.apache.cassandra_java-driver-core-shaded-4.18.1.jar
[2024-12-03T20:12:43.304+0000] {subprocess.py:93} INFO - 24/12/03 20:12:43 INFO Executor: Adding file:/tmp/spark-92639818-1c8d-4646-a540-4944b2570402/userFiles-44688188-36c8-4634-8395-264a6a608c89/org.apache.cassandra_java-driver-core-shaded-4.18.1.jar to class loader default
[2024-12-03T20:12:43.305+0000] {subprocess.py:93} INFO - 24/12/03 20:12:43 INFO Executor: Fetching spark://cea96c144870:32817/jars/org.reactivestreams_reactive-streams-1.0.3.jar with timestamp 1733256760413
[2024-12-03T20:12:43.306+0000] {subprocess.py:93} INFO - 24/12/03 20:12:43 INFO Utils: Fetching spark://cea96c144870:32817/jars/org.reactivestreams_reactive-streams-1.0.3.jar to /tmp/spark-92639818-1c8d-4646-a540-4944b2570402/userFiles-44688188-36c8-4634-8395-264a6a608c89/fetchFileTemp16961121805817495643.tmp
[2024-12-03T20:12:43.308+0000] {subprocess.py:93} INFO - 24/12/03 20:12:43 INFO Utils: /tmp/spark-92639818-1c8d-4646-a540-4944b2570402/userFiles-44688188-36c8-4634-8395-264a6a608c89/fetchFileTemp16961121805817495643.tmp has been previously copied to /tmp/spark-92639818-1c8d-4646-a540-4944b2570402/userFiles-44688188-36c8-4634-8395-264a6a608c89/org.reactivestreams_reactive-streams-1.0.3.jar
[2024-12-03T20:12:43.314+0000] {subprocess.py:93} INFO - 24/12/03 20:12:43 INFO Executor: Adding file:/tmp/spark-92639818-1c8d-4646-a540-4944b2570402/userFiles-44688188-36c8-4634-8395-264a6a608c89/org.reactivestreams_reactive-streams-1.0.3.jar to class loader default
[2024-12-03T20:12:43.315+0000] {subprocess.py:93} INFO - 24/12/03 20:12:43 INFO Executor: Fetching spark://cea96c144870:32817/jars/com.datastax.oss_java-driver-shaded-guava-25.1-jre-graal-sub-1.jar with timestamp 1733256760413
[2024-12-03T20:12:43.316+0000] {subprocess.py:93} INFO - 24/12/03 20:12:43 INFO Utils: Fetching spark://cea96c144870:32817/jars/com.datastax.oss_java-driver-shaded-guava-25.1-jre-graal-sub-1.jar to /tmp/spark-92639818-1c8d-4646-a540-4944b2570402/userFiles-44688188-36c8-4634-8395-264a6a608c89/fetchFileTemp15436469480349088135.tmp
[2024-12-03T20:12:43.336+0000] {subprocess.py:93} INFO - 24/12/03 20:12:43 INFO Utils: /tmp/spark-92639818-1c8d-4646-a540-4944b2570402/userFiles-44688188-36c8-4634-8395-264a6a608c89/fetchFileTemp15436469480349088135.tmp has been previously copied to /tmp/spark-92639818-1c8d-4646-a540-4944b2570402/userFiles-44688188-36c8-4634-8395-264a6a608c89/com.datastax.oss_java-driver-shaded-guava-25.1-jre-graal-sub-1.jar
[2024-12-03T20:12:43.346+0000] {subprocess.py:93} INFO - 24/12/03 20:12:43 INFO Executor: Adding file:/tmp/spark-92639818-1c8d-4646-a540-4944b2570402/userFiles-44688188-36c8-4634-8395-264a6a608c89/com.datastax.oss_java-driver-shaded-guava-25.1-jre-graal-sub-1.jar to class loader default
[2024-12-03T20:12:43.347+0000] {subprocess.py:93} INFO - 24/12/03 20:12:43 INFO Executor: Fetching spark://cea96c144870:32817/jars/org.apache.cassandra_java-driver-mapper-runtime-4.18.1.jar with timestamp 1733256760413
[2024-12-03T20:12:43.347+0000] {subprocess.py:93} INFO - 24/12/03 20:12:43 INFO Utils: Fetching spark://cea96c144870:32817/jars/org.apache.cassandra_java-driver-mapper-runtime-4.18.1.jar to /tmp/spark-92639818-1c8d-4646-a540-4944b2570402/userFiles-44688188-36c8-4634-8395-264a6a608c89/fetchFileTemp12903680572457789504.tmp
[2024-12-03T20:12:43.350+0000] {subprocess.py:93} INFO - 24/12/03 20:12:43 INFO Utils: /tmp/spark-92639818-1c8d-4646-a540-4944b2570402/userFiles-44688188-36c8-4634-8395-264a6a608c89/fetchFileTemp12903680572457789504.tmp has been previously copied to /tmp/spark-92639818-1c8d-4646-a540-4944b2570402/userFiles-44688188-36c8-4634-8395-264a6a608c89/org.apache.cassandra_java-driver-mapper-runtime-4.18.1.jar
[2024-12-03T20:12:43.355+0000] {subprocess.py:93} INFO - 24/12/03 20:12:43 INFO Executor: Adding file:/tmp/spark-92639818-1c8d-4646-a540-4944b2570402/userFiles-44688188-36c8-4634-8395-264a6a608c89/org.apache.cassandra_java-driver-mapper-runtime-4.18.1.jar to class loader default
[2024-12-03T20:12:43.356+0000] {subprocess.py:93} INFO - 24/12/03 20:12:43 INFO Executor: Fetching spark://cea96c144870:32817/jars/io.dropwizard.metrics_metrics-core-4.1.18.jar with timestamp 1733256760413
[2024-12-03T20:12:43.357+0000] {subprocess.py:93} INFO - 24/12/03 20:12:43 INFO Utils: Fetching spark://cea96c144870:32817/jars/io.dropwizard.metrics_metrics-core-4.1.18.jar to /tmp/spark-92639818-1c8d-4646-a540-4944b2570402/userFiles-44688188-36c8-4634-8395-264a6a608c89/fetchFileTemp16107103203657510163.tmp
[2024-12-03T20:12:43.359+0000] {subprocess.py:93} INFO - 24/12/03 20:12:43 INFO Utils: /tmp/spark-92639818-1c8d-4646-a540-4944b2570402/userFiles-44688188-36c8-4634-8395-264a6a608c89/fetchFileTemp16107103203657510163.tmp has been previously copied to /tmp/spark-92639818-1c8d-4646-a540-4944b2570402/userFiles-44688188-36c8-4634-8395-264a6a608c89/io.dropwizard.metrics_metrics-core-4.1.18.jar
[2024-12-03T20:12:43.364+0000] {subprocess.py:93} INFO - 24/12/03 20:12:43 INFO Executor: Adding file:/tmp/spark-92639818-1c8d-4646-a540-4944b2570402/userFiles-44688188-36c8-4634-8395-264a6a608c89/io.dropwizard.metrics_metrics-core-4.1.18.jar to class loader default
[2024-12-03T20:12:43.365+0000] {subprocess.py:93} INFO - 24/12/03 20:12:43 INFO Executor: Fetching spark://cea96c144870:32817/jars/org.slf4j_slf4j-api-1.7.26.jar with timestamp 1733256760413
[2024-12-03T20:12:43.366+0000] {subprocess.py:93} INFO - 24/12/03 20:12:43 INFO Utils: Fetching spark://cea96c144870:32817/jars/org.slf4j_slf4j-api-1.7.26.jar to /tmp/spark-92639818-1c8d-4646-a540-4944b2570402/userFiles-44688188-36c8-4634-8395-264a6a608c89/fetchFileTemp15234141669295446992.tmp
[2024-12-03T20:12:43.370+0000] {subprocess.py:93} INFO - 24/12/03 20:12:43 INFO Utils: /tmp/spark-92639818-1c8d-4646-a540-4944b2570402/userFiles-44688188-36c8-4634-8395-264a6a608c89/fetchFileTemp15234141669295446992.tmp has been previously copied to /tmp/spark-92639818-1c8d-4646-a540-4944b2570402/userFiles-44688188-36c8-4634-8395-264a6a608c89/org.slf4j_slf4j-api-1.7.26.jar
[2024-12-03T20:12:43.376+0000] {subprocess.py:93} INFO - 24/12/03 20:12:43 INFO Executor: Adding file:/tmp/spark-92639818-1c8d-4646-a540-4944b2570402/userFiles-44688188-36c8-4634-8395-264a6a608c89/org.slf4j_slf4j-api-1.7.26.jar to class loader default
[2024-12-03T20:12:43.376+0000] {subprocess.py:93} INFO - 24/12/03 20:12:43 INFO Executor: Fetching spark://cea96c144870:32817/jars/org.apache.cassandra_java-driver-query-builder-4.18.1.jar with timestamp 1733256760413
[2024-12-03T20:12:43.377+0000] {subprocess.py:93} INFO - 24/12/03 20:12:43 INFO Utils: Fetching spark://cea96c144870:32817/jars/org.apache.cassandra_java-driver-query-builder-4.18.1.jar to /tmp/spark-92639818-1c8d-4646-a540-4944b2570402/userFiles-44688188-36c8-4634-8395-264a6a608c89/fetchFileTemp8366967642436371825.tmp
[2024-12-03T20:12:43.381+0000] {subprocess.py:93} INFO - 24/12/03 20:12:43 INFO Utils: /tmp/spark-92639818-1c8d-4646-a540-4944b2570402/userFiles-44688188-36c8-4634-8395-264a6a608c89/fetchFileTemp8366967642436371825.tmp has been previously copied to /tmp/spark-92639818-1c8d-4646-a540-4944b2570402/userFiles-44688188-36c8-4634-8395-264a6a608c89/org.apache.cassandra_java-driver-query-builder-4.18.1.jar
[2024-12-03T20:12:43.387+0000] {subprocess.py:93} INFO - 24/12/03 20:12:43 INFO Executor: Adding file:/tmp/spark-92639818-1c8d-4646-a540-4944b2570402/userFiles-44688188-36c8-4634-8395-264a6a608c89/org.apache.cassandra_java-driver-query-builder-4.18.1.jar to class loader default
[2024-12-03T20:12:43.388+0000] {subprocess.py:93} INFO - 24/12/03 20:12:43 INFO Executor: Fetching spark://cea96c144870:32817/jars/com.datastax.oss_native-protocol-1.5.1.jar with timestamp 1733256760413
[2024-12-03T20:12:43.389+0000] {subprocess.py:93} INFO - 24/12/03 20:12:43 INFO Utils: Fetching spark://cea96c144870:32817/jars/com.datastax.oss_native-protocol-1.5.1.jar to /tmp/spark-92639818-1c8d-4646-a540-4944b2570402/userFiles-44688188-36c8-4634-8395-264a6a608c89/fetchFileTemp18215003230437633946.tmp
[2024-12-03T20:12:43.392+0000] {subprocess.py:93} INFO - 24/12/03 20:12:43 INFO Utils: /tmp/spark-92639818-1c8d-4646-a540-4944b2570402/userFiles-44688188-36c8-4634-8395-264a6a608c89/fetchFileTemp18215003230437633946.tmp has been previously copied to /tmp/spark-92639818-1c8d-4646-a540-4944b2570402/userFiles-44688188-36c8-4634-8395-264a6a608c89/com.datastax.oss_native-protocol-1.5.1.jar
[2024-12-03T20:12:43.398+0000] {subprocess.py:93} INFO - 24/12/03 20:12:43 INFO Executor: Adding file:/tmp/spark-92639818-1c8d-4646-a540-4944b2570402/userFiles-44688188-36c8-4634-8395-264a6a608c89/com.datastax.oss_native-protocol-1.5.1.jar to class loader default
[2024-12-03T20:12:43.399+0000] {subprocess.py:93} INFO - 24/12/03 20:12:43 INFO Executor: Fetching spark://cea96c144870:32817/jars/com.datastax.spark_spark-cassandra-connector_2.12-3.5.1.jar with timestamp 1733256760413
[2024-12-03T20:12:43.400+0000] {subprocess.py:93} INFO - 24/12/03 20:12:43 INFO Utils: Fetching spark://cea96c144870:32817/jars/com.datastax.spark_spark-cassandra-connector_2.12-3.5.1.jar to /tmp/spark-92639818-1c8d-4646-a540-4944b2570402/userFiles-44688188-36c8-4634-8395-264a6a608c89/fetchFileTemp219334691435004557.tmp
[2024-12-03T20:12:43.411+0000] {subprocess.py:93} INFO - 24/12/03 20:12:43 INFO Utils: /tmp/spark-92639818-1c8d-4646-a540-4944b2570402/userFiles-44688188-36c8-4634-8395-264a6a608c89/fetchFileTemp219334691435004557.tmp has been previously copied to /tmp/spark-92639818-1c8d-4646-a540-4944b2570402/userFiles-44688188-36c8-4634-8395-264a6a608c89/com.datastax.spark_spark-cassandra-connector_2.12-3.5.1.jar
[2024-12-03T20:12:43.418+0000] {subprocess.py:93} INFO - 24/12/03 20:12:43 INFO Executor: Adding file:/tmp/spark-92639818-1c8d-4646-a540-4944b2570402/userFiles-44688188-36c8-4634-8395-264a6a608c89/com.datastax.spark_spark-cassandra-connector_2.12-3.5.1.jar to class loader default
[2024-12-03T20:12:43.419+0000] {subprocess.py:93} INFO - 24/12/03 20:12:43 INFO Executor: Fetching spark://cea96c144870:32817/jars/com.thoughtworks.paranamer_paranamer-2.8.jar with timestamp 1733256760413
[2024-12-03T20:12:43.419+0000] {subprocess.py:93} INFO - 24/12/03 20:12:43 INFO Utils: Fetching spark://cea96c144870:32817/jars/com.thoughtworks.paranamer_paranamer-2.8.jar to /tmp/spark-92639818-1c8d-4646-a540-4944b2570402/userFiles-44688188-36c8-4634-8395-264a6a608c89/fetchFileTemp1457375448238453816.tmp
[2024-12-03T20:12:43.421+0000] {subprocess.py:93} INFO - 24/12/03 20:12:43 INFO Utils: /tmp/spark-92639818-1c8d-4646-a540-4944b2570402/userFiles-44688188-36c8-4634-8395-264a6a608c89/fetchFileTemp1457375448238453816.tmp has been previously copied to /tmp/spark-92639818-1c8d-4646-a540-4944b2570402/userFiles-44688188-36c8-4634-8395-264a6a608c89/com.thoughtworks.paranamer_paranamer-2.8.jar
[2024-12-03T20:12:43.426+0000] {subprocess.py:93} INFO - 24/12/03 20:12:43 INFO Executor: Adding file:/tmp/spark-92639818-1c8d-4646-a540-4944b2570402/userFiles-44688188-36c8-4634-8395-264a6a608c89/com.thoughtworks.paranamer_paranamer-2.8.jar to class loader default
[2024-12-03T20:12:43.427+0000] {subprocess.py:93} INFO - 24/12/03 20:12:43 INFO Executor: Fetching spark://cea96c144870:32817/jars/org.scala-lang.modules_scala-collection-compat_2.12-2.11.0.jar with timestamp 1733256760413
[2024-12-03T20:12:43.428+0000] {subprocess.py:93} INFO - 24/12/03 20:12:43 INFO Utils: Fetching spark://cea96c144870:32817/jars/org.scala-lang.modules_scala-collection-compat_2.12-2.11.0.jar to /tmp/spark-92639818-1c8d-4646-a540-4944b2570402/userFiles-44688188-36c8-4634-8395-264a6a608c89/fetchFileTemp2232524405642703390.tmp
[2024-12-03T20:12:43.432+0000] {subprocess.py:93} INFO - 24/12/03 20:12:43 INFO Utils: /tmp/spark-92639818-1c8d-4646-a540-4944b2570402/userFiles-44688188-36c8-4634-8395-264a6a608c89/fetchFileTemp2232524405642703390.tmp has been previously copied to /tmp/spark-92639818-1c8d-4646-a540-4944b2570402/userFiles-44688188-36c8-4634-8395-264a6a608c89/org.scala-lang.modules_scala-collection-compat_2.12-2.11.0.jar
[2024-12-03T20:12:43.438+0000] {subprocess.py:93} INFO - 24/12/03 20:12:43 INFO Executor: Adding file:/tmp/spark-92639818-1c8d-4646-a540-4944b2570402/userFiles-44688188-36c8-4634-8395-264a6a608c89/org.scala-lang.modules_scala-collection-compat_2.12-2.11.0.jar to class loader default
[2024-12-03T20:12:43.439+0000] {subprocess.py:93} INFO - 24/12/03 20:12:43 INFO Executor: Fetching spark://cea96c144870:32817/jars/com.datastax.spark_spark-cassandra-connector-driver_2.12-3.5.1.jar with timestamp 1733256760413
[2024-12-03T20:12:43.440+0000] {subprocess.py:93} INFO - 24/12/03 20:12:43 INFO Utils: Fetching spark://cea96c144870:32817/jars/com.datastax.spark_spark-cassandra-connector-driver_2.12-3.5.1.jar to /tmp/spark-92639818-1c8d-4646-a540-4944b2570402/userFiles-44688188-36c8-4634-8395-264a6a608c89/fetchFileTemp5228626529145842488.tmp
[2024-12-03T20:12:43.448+0000] {subprocess.py:93} INFO - 24/12/03 20:12:43 INFO Utils: /tmp/spark-92639818-1c8d-4646-a540-4944b2570402/userFiles-44688188-36c8-4634-8395-264a6a608c89/fetchFileTemp5228626529145842488.tmp has been previously copied to /tmp/spark-92639818-1c8d-4646-a540-4944b2570402/userFiles-44688188-36c8-4634-8395-264a6a608c89/com.datastax.spark_spark-cassandra-connector-driver_2.12-3.5.1.jar
[2024-12-03T20:12:43.455+0000] {subprocess.py:93} INFO - 24/12/03 20:12:43 INFO Executor: Adding file:/tmp/spark-92639818-1c8d-4646-a540-4944b2570402/userFiles-44688188-36c8-4634-8395-264a6a608c89/com.datastax.spark_spark-cassandra-connector-driver_2.12-3.5.1.jar to class loader default
[2024-12-03T20:12:43.457+0000] {subprocess.py:93} INFO - 24/12/03 20:12:43 INFO Executor: Fetching spark://cea96c144870:32817/jars/org.scala-lang_scala-reflect-2.12.19.jar with timestamp 1733256760413
[2024-12-03T20:12:43.458+0000] {subprocess.py:93} INFO - 24/12/03 20:12:43 INFO Utils: Fetching spark://cea96c144870:32817/jars/org.scala-lang_scala-reflect-2.12.19.jar to /tmp/spark-92639818-1c8d-4646-a540-4944b2570402/userFiles-44688188-36c8-4634-8395-264a6a608c89/fetchFileTemp10807560090798829404.tmp
[2024-12-03T20:12:43.480+0000] {subprocess.py:93} INFO - 24/12/03 20:12:43 INFO Utils: /tmp/spark-92639818-1c8d-4646-a540-4944b2570402/userFiles-44688188-36c8-4634-8395-264a6a608c89/fetchFileTemp10807560090798829404.tmp has been previously copied to /tmp/spark-92639818-1c8d-4646-a540-4944b2570402/userFiles-44688188-36c8-4634-8395-264a6a608c89/org.scala-lang_scala-reflect-2.12.19.jar
[2024-12-03T20:12:43.490+0000] {subprocess.py:93} INFO - 24/12/03 20:12:43 INFO Executor: Adding file:/tmp/spark-92639818-1c8d-4646-a540-4944b2570402/userFiles-44688188-36c8-4634-8395-264a6a608c89/org.scala-lang_scala-reflect-2.12.19.jar to class loader default
[2024-12-03T20:12:43.491+0000] {subprocess.py:93} INFO - 24/12/03 20:12:43 INFO Executor: Fetching spark://cea96c144870:32817/jars/com.typesafe_config-1.4.1.jar with timestamp 1733256760413
[2024-12-03T20:12:43.492+0000] {subprocess.py:93} INFO - 24/12/03 20:12:43 INFO Utils: Fetching spark://cea96c144870:32817/jars/com.typesafe_config-1.4.1.jar to /tmp/spark-92639818-1c8d-4646-a540-4944b2570402/userFiles-44688188-36c8-4634-8395-264a6a608c89/fetchFileTemp1527093511797449228.tmp
[2024-12-03T20:12:43.495+0000] {subprocess.py:93} INFO - 24/12/03 20:12:43 INFO Utils: /tmp/spark-92639818-1c8d-4646-a540-4944b2570402/userFiles-44688188-36c8-4634-8395-264a6a608c89/fetchFileTemp1527093511797449228.tmp has been previously copied to /tmp/spark-92639818-1c8d-4646-a540-4944b2570402/userFiles-44688188-36c8-4634-8395-264a6a608c89/com.typesafe_config-1.4.1.jar
[2024-12-03T20:12:43.501+0000] {subprocess.py:93} INFO - 24/12/03 20:12:43 INFO Executor: Adding file:/tmp/spark-92639818-1c8d-4646-a540-4944b2570402/userFiles-44688188-36c8-4634-8395-264a6a608c89/com.typesafe_config-1.4.1.jar to class loader default
[2024-12-03T20:12:43.516+0000] {subprocess.py:93} INFO - 24/12/03 20:12:43 INFO Utils: Successfully started service 'org.apache.spark.network.netty.NettyBlockTransferService' on port 37661.
[2024-12-03T20:12:43.517+0000] {subprocess.py:93} INFO - 24/12/03 20:12:43 INFO NettyBlockTransferService: Server created on cea96c144870:37661
[2024-12-03T20:12:43.520+0000] {subprocess.py:93} INFO - 24/12/03 20:12:43 INFO BlockManager: Using org.apache.spark.storage.RandomBlockReplicationPolicy for block replication policy
[2024-12-03T20:12:43.531+0000] {subprocess.py:93} INFO - 24/12/03 20:12:43 INFO BlockManagerMaster: Registering BlockManager BlockManagerId(driver, cea96c144870, 37661, None)
[2024-12-03T20:12:43.537+0000] {subprocess.py:93} INFO - 24/12/03 20:12:43 INFO BlockManagerMasterEndpoint: Registering block manager cea96c144870:37661 with 434.4 MiB RAM, BlockManagerId(driver, cea96c144870, 37661, None)
[2024-12-03T20:12:43.540+0000] {subprocess.py:93} INFO - 24/12/03 20:12:43 INFO BlockManagerMaster: Registered BlockManager BlockManagerId(driver, cea96c144870, 37661, None)
[2024-12-03T20:12:43.542+0000] {subprocess.py:93} INFO - 24/12/03 20:12:43 INFO BlockManager: Initialized BlockManager: BlockManagerId(driver, cea96c144870, 37661, None)
[2024-12-03T20:12:44.205+0000] {subprocess.py:93} INFO - 2024-12-03 20:12:44,201 - __main__ - INFO - Spark connection created successfully
[2024-12-03T20:12:53.617+0000] {subprocess.py:93} INFO - 2024-12-03 20:12:53,612 - __main__ - INFO - Number of rows in merged_df: 32
[2024-12-03T20:12:57.889+0000] {subprocess.py:93} INFO - +----------+--------+---------+-------------------+-----+----------+--------+--------+---------+----------+----------+----------+--------+----------+-------+----------+----------+-------------------+--------------------+------+----+-------------+-------+--------+------------------+--------------------+------------+----------------+---------+----------------------+
[2024-12-03T20:12:57.890+0000] {subprocess.py:93} INFO - | city_name|latitude|longitude|weather_description| temp|feels_like|humidity|pressure|sea_level|grnd_level|visibility|wind_speed|wind_deg|clouds_all|country|   sunrise|    sunset|               time|apparent_temperature|is_day|rain|precipitation|showers|snowfall|    temperature_2m|relative_humidity_2m|pressure_msl|surface_pressure|elevation|temperature_feels_like|
[2024-12-03T20:12:57.891+0000] {subprocess.py:93} INFO - +----------+--------+---------+-------------------+-----+----------+--------+--------+---------+----------+----------+----------+--------+----------+-------+----------+----------+-------------------+--------------------+------+----+-------------+-------+--------+------------------+--------------------+------------+----------------+---------+----------------------+
[2024-12-03T20:12:57.892+0000] {subprocess.py:93} INFO - |Casablanca| 33.5928|  -7.6192|       [few clouds]|18.07|     18.07|    80.5|    1027|     1027|      1018|      6000|      2.06|      40|        20|     MA|1733210336|1733246537|2024-12-03 19:57:28|                18.3|     0| 0.0|          0.0|    0.0|     0.0|            18.035|                  79|      1026.1|          1023.6|     21.0|    18.185000000000002|
[2024-12-03T20:12:57.893+0000] {subprocess.py:93} INFO - |     Rabat| 33.9911|  -6.8401| [scattered clouds]|18.04|      18.2|    83.5|    1026|     1026|      1019|      5000|      2.57|     360|        40|     MA|1733210206|1733246293|2024-12-03 20:02:01|                18.3|     0| 0.0|          0.0|    0.0|     0.0|             17.92|                  79|      1026.0|          1017.6|     70.0|                 18.25|
[2024-12-03T20:12:57.893+0000] {subprocess.py:93} INFO - |       Fes| 34.0372|  -4.9998|        [clear sky]|13.14|     12.96|    89.0|    1026|     1026|       977|     10000|      2.57|     230|         0|     MA|1733209771|1733245845|2024-12-03 20:02:39|                14.7|     0| 0.0|          0.0|    0.0|     0.0|             14.02|                  84|      1025.7|           978.4|    400.0|                 13.83|
[2024-12-03T20:12:57.895+0000] {subprocess.py:93} INFO - | Marrakesh| 31.6315|  -8.0083|        [clear sky]|19.04|      18.1|    44.0|    1025|     1025|       970|     10000|      1.03|       0|         0|     MA|1733210157|1733246903|2024-12-03 20:03:39|                16.6|     0| 0.0|          0.0|    0.0|     0.0|             18.57|                  46|      1024.6|           971.5|    456.0|                 17.35|
[2024-12-03T20:12:57.896+0000] {subprocess.py:93} INFO - |    Agadir| 30.4202|  -9.5982|        [clear sky]|20.25|     19.51|    41.0|    1023|     1023|      1006|     10000|      0.48|       6|         0|     MA|1733210376|1733247447|2024-12-03 20:06:24|                18.6|     0| 0.0|          0.0|    0.0|     0.0|            20.375|                  37|      1022.9|          1018.7|     35.0|                19.055|
[2024-12-03T20:12:57.897+0000] {subprocess.py:93} INFO - |   Tangier| 35.7806|  -5.8137| [scattered clouds]|17.64|     17.76|    88.5|    1025|     1025|      1019|      6000|      4.12|     310|        40|     MA|1733210223|1733245783|2024-12-03 19:57:31|                17.0|     0| 0.0|          0.0|    0.0|     0.0|             16.87|                  89|      1024.9|          1016.2|     72.0|    17.380000000000003|
[2024-12-03T20:12:57.898+0000] {subprocess.py:93} INFO - |    Meknes| 33.9776|   -5.525|        [clear sky]|16.49|     16.34|    87.0|    1027|     1027|       969|     10000|      4.63|     330|         0|     MA|1733209888|1733245979|2024-12-03 20:06:02|                14.9|     0| 0.0|          0.0|    0.0|     0.0|15.594999999999999|                  92|      1026.2|           964.5|    526.0|    15.620000000000001|
[2024-12-03T20:12:57.898+0000] {subprocess.py:93} INFO - |     Oujda| 34.6805|  -1.9076|        [clear sky]|14.35|     13.98|    84.0|    1023|     1023|       945|     10000|      5.14|     350|         0|     MA|1733209122|1733245009|2024-12-03 20:05:42|                12.1|     0| 0.0|          0.0|    0.0|     0.0|            13.575|                  86|      1024.1|           958.8|    555.0|                 13.04|
[2024-12-03T20:12:57.899+0000] {subprocess.py:93} INFO - |   Kenitra|  34.261|  -6.5802| [scattered clouds]|18.42|     18.43|    81.5|    1026|     1026|      1023|     10000|      2.98|     324|        31|     MA|1733210182|1733246192|2024-12-03 20:06:28|                18.4|     0| 0.0|          0.0|    0.0|     0.0|             17.91|                  82|      1025.8|          1024.5|     11.0|                18.415|
[2024-12-03T20:12:57.900+0000] {subprocess.py:93} INFO - |      Safi| 32.1667|  -8.8333|        [clear sky]|16.39|     16.15|    82.0|    1026|     1026|       990|     10000|      5.24|      31|         0|     MA|1733210428|1733247028|2024-12-03 20:06:30|                16.6|     0| 0.0|          0.0|    0.0|     0.0|            16.945|                  85|      1025.5|          1021.3|     35.0|                16.375|
[2024-12-03T20:12:57.901+0000] {subprocess.py:93} INFO - +----------+--------+---------+-------------------+-----+----------+--------+--------+---------+----------+----------+----------+--------+----------+-------+----------+----------+-------------------+--------------------+------+----+-------------+-------+--------+------------------+--------------------+------------+----------------+---------+----------------------+
[2024-12-03T20:12:57.901+0000] {subprocess.py:93} INFO - only showing top 10 rows
[2024-12-03T20:12:57.903+0000] {subprocess.py:93} INFO - 
[2024-12-03T20:12:58.046+0000] {subprocess.py:93} INFO - 2024-12-03 20:12:58,043 - cassandra.cluster - WARNING - Cluster.__init__ called with contact_points specified, but no load_balancing_policy. In the next major version, this will raise an error; please specify a load-balancing policy. (contact_points = ['cassandra_db'], lbp = None)
[2024-12-03T20:12:58.059+0000] {subprocess.py:93} INFO - 2024-12-03 20:12:58,057 - cassandra.cluster - WARNING - Downgrading core protocol version from 66 to 65 for 172.18.0.8:9042. To avoid this, it is best practice to explicitly set Cluster(protocol_version) to the version supported by your cluster. http://datastax.github.io/python-driver/api/cassandra/cluster.html#cassandra.cluster.Cluster.protocol_version
[2024-12-03T20:12:58.063+0000] {subprocess.py:93} INFO - 2024-12-03 20:12:58,060 - cassandra.cluster - WARNING - Downgrading core protocol version from 65 to 5 for 172.18.0.8:9042. To avoid this, it is best practice to explicitly set Cluster(protocol_version) to the version supported by your cluster. http://datastax.github.io/python-driver/api/cassandra/cluster.html#cassandra.cluster.Cluster.protocol_version
[2024-12-03T20:12:58.084+0000] {subprocess.py:93} INFO - 2024-12-03 20:12:58,082 - cassandra.policies - INFO - Using datacenter 'datacenter1' for DCAwareRoundRobinPolicy (via host '172.18.0.8:9042'); if incorrect, please specify a local_dc to the constructor, or limit contact points to local cluster nodes
[2024-12-03T20:12:58.149+0000] {subprocess.py:93} INFO - 2024-12-03 20:12:58,147 - __main__ - INFO - Cassandra connection created successfully
[2024-12-03T20:12:58.154+0000] {subprocess.py:93} INFO - 2024-12-03 20:12:58,151 - __main__ - INFO - Keyspace created successfully
[2024-12-03T20:12:58.158+0000] {subprocess.py:93} INFO - 2024-12-03 20:12:58,156 - __main__ - INFO - Table created successfully
[2024-12-03T20:12:58.975+0000] {subprocess.py:93} INFO - 2024-12-03 20:12:58,973 - __main__ - INFO - Inserted data: Casablanca at 2024-12-03 19:57:28
[2024-12-03T20:12:58.984+0000] {subprocess.py:93} INFO - 2024-12-03 20:12:58,982 - __main__ - INFO - Data inserted successfully for Casablanca at 2024-12-03 19:57:28
[2024-12-03T20:12:58.990+0000] {subprocess.py:93} INFO - 2024-12-03 20:12:58,988 - __main__ - INFO - Inserted data: Rabat at 2024-12-03 20:02:01
[2024-12-03T20:12:59.001+0000] {subprocess.py:93} INFO - 2024-12-03 20:12:58,998 - __main__ - INFO - Data inserted successfully for Rabat at 2024-12-03 20:02:01
[2024-12-03T20:12:59.008+0000] {subprocess.py:93} INFO - 2024-12-03 20:12:59,005 - __main__ - INFO - Inserted data: Fes at 2024-12-03 20:02:39
[2024-12-03T20:12:59.016+0000] {subprocess.py:93} INFO - 2024-12-03 20:12:59,014 - __main__ - INFO - Data inserted successfully for Fes at 2024-12-03 20:02:39
[2024-12-03T20:12:59.021+0000] {subprocess.py:93} INFO - 2024-12-03 20:12:59,019 - __main__ - INFO - Inserted data: Marrakesh at 2024-12-03 20:03:39
[2024-12-03T20:12:59.030+0000] {subprocess.py:93} INFO - 2024-12-03 20:12:59,026 - __main__ - INFO - Data inserted successfully for Marrakesh at 2024-12-03 20:03:39
[2024-12-03T20:12:59.034+0000] {subprocess.py:93} INFO - 2024-12-03 20:12:59,032 - __main__ - INFO - Inserted data: Agadir at 2024-12-03 20:06:24
[2024-12-03T20:12:59.043+0000] {subprocess.py:93} INFO - 2024-12-03 20:12:59,041 - __main__ - INFO - Data inserted successfully for Agadir at 2024-12-03 20:06:24
[2024-12-03T20:12:59.051+0000] {subprocess.py:93} INFO - 2024-12-03 20:12:59,048 - __main__ - INFO - Inserted data: Tangier at 2024-12-03 19:57:31
[2024-12-03T20:12:59.058+0000] {subprocess.py:93} INFO - 2024-12-03 20:12:59,056 - __main__ - INFO - Data inserted successfully for Tangier at 2024-12-03 19:57:31
[2024-12-03T20:12:59.067+0000] {subprocess.py:93} INFO - 2024-12-03 20:12:59,065 - __main__ - INFO - Inserted data: Meknes at 2024-12-03 20:06:02
[2024-12-03T20:12:59.074+0000] {subprocess.py:93} INFO - 2024-12-03 20:12:59,072 - __main__ - INFO - Data inserted successfully for Meknes at 2024-12-03 20:06:02
[2024-12-03T20:12:59.083+0000] {subprocess.py:93} INFO - 2024-12-03 20:12:59,081 - __main__ - INFO - Inserted data: Oujda at 2024-12-03 20:05:42
[2024-12-03T20:12:59.090+0000] {subprocess.py:93} INFO - 2024-12-03 20:12:59,088 - __main__ - INFO - Data inserted successfully for Oujda at 2024-12-03 20:05:42
[2024-12-03T20:12:59.097+0000] {subprocess.py:93} INFO - 2024-12-03 20:12:59,093 - __main__ - INFO - Inserted data: Kenitra at 2024-12-03 20:06:28
[2024-12-03T20:12:59.102+0000] {subprocess.py:93} INFO - 2024-12-03 20:12:59,100 - __main__ - INFO - Data inserted successfully for Kenitra at 2024-12-03 20:06:28
[2024-12-03T20:12:59.109+0000] {subprocess.py:93} INFO - 2024-12-03 20:12:59,107 - __main__ - INFO - Inserted data: Safi at 2024-12-03 20:06:30
[2024-12-03T20:12:59.119+0000] {subprocess.py:93} INFO - 2024-12-03 20:12:59,116 - __main__ - INFO - Data inserted successfully for Safi at 2024-12-03 20:06:30
[2024-12-03T20:12:59.125+0000] {subprocess.py:93} INFO - 2024-12-03 20:12:59,122 - __main__ - INFO - Inserted data: El Jadida at 2024-12-03 20:03:29
[2024-12-03T20:12:59.137+0000] {subprocess.py:93} INFO - 2024-12-03 20:12:59,134 - __main__ - INFO - Data inserted successfully for El Jadida at 2024-12-03 20:03:29
[2024-12-03T20:12:59.142+0000] {subprocess.py:93} INFO - 2024-12-03 20:12:59,140 - __main__ - INFO - Inserted data: Nador at 2024-12-03 20:06:32
[2024-12-03T20:12:59.151+0000] {subprocess.py:93} INFO - 2024-12-03 20:12:59,149 - __main__ - INFO - Data inserted successfully for Nador at 2024-12-03 20:06:32
[2024-12-03T20:12:59.157+0000] {subprocess.py:93} INFO - 2024-12-03 20:12:59,155 - __main__ - INFO - Inserted data: Khemisset at 2024-12-03 20:06:35
[2024-12-03T20:12:59.165+0000] {subprocess.py:93} INFO - 2024-12-03 20:12:59,163 - __main__ - INFO - Data inserted successfully for Khemisset at 2024-12-03 20:06:35
[2024-12-03T20:12:59.170+0000] {subprocess.py:93} INFO - 2024-12-03 20:12:59,168 - __main__ - INFO - Inserted data: Settat at 2024-12-03 20:06:36
[2024-12-03T20:12:59.178+0000] {subprocess.py:93} INFO - 2024-12-03 20:12:59,175 - __main__ - INFO - Data inserted successfully for Settat at 2024-12-03 20:06:36
[2024-12-03T20:12:59.184+0000] {subprocess.py:93} INFO - 2024-12-03 20:12:59,182 - __main__ - INFO - Inserted data: Larache at 2024-12-03 20:06:37
[2024-12-03T20:12:59.190+0000] {subprocess.py:93} INFO - 2024-12-03 20:12:59,188 - __main__ - INFO - Data inserted successfully for Larache at 2024-12-03 20:06:37
[2024-12-03T20:12:59.196+0000] {subprocess.py:93} INFO - 2024-12-03 20:12:59,193 - __main__ - INFO - Inserted data: Guelmim at 2024-12-03 20:01:51
[2024-12-03T20:12:59.203+0000] {subprocess.py:93} INFO - 2024-12-03 20:12:59,200 - __main__ - INFO - Data inserted successfully for Guelmim at 2024-12-03 20:01:51
[2024-12-03T20:12:59.208+0000] {subprocess.py:93} INFO - 2024-12-03 20:12:59,206 - __main__ - INFO - Inserted data: Taza at 2024-12-03 20:06:51
[2024-12-03T20:12:59.216+0000] {subprocess.py:93} INFO - 2024-12-03 20:12:59,213 - __main__ - INFO - Data inserted successfully for Taza at 2024-12-03 20:06:51
[2024-12-03T20:12:59.221+0000] {subprocess.py:93} INFO - 2024-12-03 20:12:59,219 - __main__ - INFO - Inserted data: Beni Mellal at 2024-12-03 20:06:54
[2024-12-03T20:12:59.231+0000] {subprocess.py:93} INFO - 2024-12-03 20:12:59,228 - __main__ - INFO - Data inserted successfully for Beni Mellal at 2024-12-03 20:06:54
[2024-12-03T20:12:59.238+0000] {subprocess.py:93} INFO - 2024-12-03 20:12:59,236 - __main__ - INFO - Inserted data: Mohammedia at 2024-12-03 20:06:22
[2024-12-03T20:12:59.246+0000] {subprocess.py:93} INFO - 2024-12-03 20:12:59,244 - __main__ - INFO - Data inserted successfully for Mohammedia at 2024-12-03 20:06:22
[2024-12-03T20:12:59.252+0000] {subprocess.py:93} INFO - 2024-12-03 20:12:59,250 - __main__ - INFO - Inserted data: Ksar el-Kebir at 2024-12-03 20:06:57
[2024-12-03T20:12:59.258+0000] {subprocess.py:93} INFO - 2024-12-03 20:12:59,256 - __main__ - INFO - Data inserted successfully for Ksar el-Kebir at 2024-12-03 20:06:57
[2024-12-03T20:12:59.264+0000] {subprocess.py:93} INFO - 2024-12-03 20:12:59,262 - __main__ - INFO - Inserted data: Al Hoceima at 2024-12-03 20:06:59
[2024-12-03T20:12:59.270+0000] {subprocess.py:93} INFO - 2024-12-03 20:12:59,268 - __main__ - INFO - Data inserted successfully for Al Hoceima at 2024-12-03 20:06:59
[2024-12-03T20:12:59.275+0000] {subprocess.py:93} INFO - 2024-12-03 20:12:59,273 - __main__ - INFO - Inserted data: Berkane at 2024-12-03 20:07:00
[2024-12-03T20:12:59.283+0000] {subprocess.py:93} INFO - 2024-12-03 20:12:59,281 - __main__ - INFO - Data inserted successfully for Berkane at 2024-12-03 20:07:00
[2024-12-03T20:12:59.288+0000] {subprocess.py:93} INFO - 2024-12-03 20:12:59,286 - __main__ - INFO - Inserted data: Taourirt at 2024-12-03 20:07:01
[2024-12-03T20:12:59.296+0000] {subprocess.py:93} INFO - 2024-12-03 20:12:59,292 - __main__ - INFO - Data inserted successfully for Taourirt at 2024-12-03 20:07:01
[2024-12-03T20:12:59.300+0000] {subprocess.py:93} INFO - 2024-12-03 20:12:59,298 - __main__ - INFO - Inserted data: Errachidia at 2024-12-03 20:02:33
[2024-12-03T20:12:59.307+0000] {subprocess.py:93} INFO - 2024-12-03 20:12:59,305 - __main__ - INFO - Data inserted successfully for Errachidia at 2024-12-03 20:02:33
[2024-12-03T20:12:59.313+0000] {subprocess.py:93} INFO - 2024-12-03 20:12:59,310 - __main__ - INFO - Inserted data: Oued Zem at 2024-12-03 20:06:38
[2024-12-03T20:12:59.319+0000] {subprocess.py:93} INFO - 2024-12-03 20:12:59,317 - __main__ - INFO - Data inserted successfully for Oued Zem at 2024-12-03 20:06:38
[2024-12-03T20:12:59.324+0000] {subprocess.py:93} INFO - 2024-12-03 20:12:59,323 - __main__ - INFO - Inserted data: Sidi Slimane at 2024-12-03 20:06:43
[2024-12-03T20:12:59.333+0000] {subprocess.py:93} INFO - 2024-12-03 20:12:59,331 - __main__ - INFO - Data inserted successfully for Sidi Slimane at 2024-12-03 20:06:43
[2024-12-03T20:12:59.338+0000] {subprocess.py:93} INFO - 2024-12-03 20:12:59,336 - __main__ - INFO - Inserted data: Sidi Kacem at 2024-12-03 20:03:41
[2024-12-03T20:12:59.346+0000] {subprocess.py:93} INFO - 2024-12-03 20:12:59,344 - __main__ - INFO - Data inserted successfully for Sidi Kacem at 2024-12-03 20:03:41
[2024-12-03T20:12:59.352+0000] {subprocess.py:93} INFO - 2024-12-03 20:12:59,350 - __main__ - INFO - Inserted data: Azrou at 2024-12-03 20:07:10
[2024-12-03T20:12:59.358+0000] {subprocess.py:93} INFO - 2024-12-03 20:12:59,356 - __main__ - INFO - Data inserted successfully for Azrou at 2024-12-03 20:07:10
[2024-12-03T20:12:59.366+0000] {subprocess.py:93} INFO - 2024-12-03 20:12:59,364 - __main__ - INFO - Inserted data: Midelt at 2024-12-03 20:07:11
[2024-12-03T20:12:59.371+0000] {subprocess.py:93} INFO - 2024-12-03 20:12:59,369 - __main__ - INFO - Data inserted successfully for Midelt at 2024-12-03 20:07:11
[2024-12-03T20:12:59.381+0000] {subprocess.py:93} INFO - 2024-12-03 20:12:59,378 - __main__ - INFO - Inserted data: Ifrane at 2024-12-03 20:07:12
[2024-12-03T20:12:59.387+0000] {subprocess.py:93} INFO - 2024-12-03 20:12:59,385 - __main__ - INFO - Data inserted successfully for Ifrane at 2024-12-03 20:07:12
[2024-12-03T20:12:59.393+0000] {subprocess.py:93} INFO - 2024-12-03 20:12:59,390 - __main__ - INFO - Inserted data: Chefchaouen at 2024-12-03 20:07:13
[2024-12-03T20:12:59.402+0000] {subprocess.py:93} INFO - 2024-12-03 20:12:59,399 - __main__ - INFO - Data inserted successfully for Chefchaouen at 2024-12-03 20:07:13
[2024-12-03T20:12:59.406+0000] {subprocess.py:93} INFO - 2024-12-03 20:12:59,405 - __main__ - INFO - Inserted data: Laayoune at 2024-12-03 20:07:14
[2024-12-03T20:12:59.414+0000] {subprocess.py:93} INFO - 2024-12-03 20:12:59,412 - __main__ - INFO - Data inserted successfully for Laayoune at 2024-12-03 20:07:14
[2024-12-03T20:12:59.417+0000] {subprocess.py:93} INFO - 2024-12-03 20:12:59,415 - py4j.clientserver - INFO - Closing down clientserver connection
[2024-12-03T20:12:59.823+0000] {subprocess.py:97} INFO - Command exited with return code 0
[2024-12-03T20:12:59.828+0000] {taskinstance.py:441} INFO - ::group::Post task execution logs
[2024-12-03T20:12:59.923+0000] {taskinstance.py:1206} INFO - Marking task as SUCCESS. dag_id=weather_data_kafka_dag, task_id=spark_submit, run_id=manual__2024-12-03T20:06:00.526510+00:00, execution_date=20241203T200600, start_date=20241203T201230, end_date=20241203T201259
[2024-12-03T20:12:59.996+0000] {local_task_job_runner.py:243} INFO - Task exited with return code 0
[2024-12-03T20:13:00.104+0000] {taskinstance.py:3503} INFO - 0 downstream tasks scheduled from follow-on schedule check
[2024-12-03T20:13:00.107+0000] {local_task_job_runner.py:222} INFO - ::endgroup::
