[2024-12-03T20:14:42.134+0000] {local_task_job_runner.py:120} INFO - ::group::Pre task execution logs
[2024-12-03T20:14:42.182+0000] {taskinstance.py:2076} INFO - Dependencies all met for dep_context=non-requeueable deps ti=<TaskInstance: weather_data_kafka_dag.copy_openmeteo manual__2024-12-03T20:10:45.760339+00:00 [queued]>
[2024-12-03T20:14:42.196+0000] {taskinstance.py:2076} INFO - Dependencies all met for dep_context=requeueable deps ti=<TaskInstance: weather_data_kafka_dag.copy_openmeteo manual__2024-12-03T20:10:45.760339+00:00 [queued]>
[2024-12-03T20:14:42.197+0000] {taskinstance.py:2306} INFO - Starting attempt 1 of 4
[2024-12-03T20:14:42.218+0000] {taskinstance.py:2330} INFO - Executing <Task(BashOperator): copy_openmeteo> on 2024-12-03 20:10:45.760339+00:00
[2024-12-03T20:14:42.229+0000] {logging_mixin.py:188} WARNING - /home/***/.local/lib/python3.12/site-packages/***/task/task_runner/standard_task_runner.py:62 DeprecationWarning: This process (pid=3785) is multi-threaded, use of fork() may lead to deadlocks in the child.
[2024-12-03T20:14:42.228+0000] {standard_task_runner.py:90} INFO - Running: ['***', 'tasks', 'run', 'weather_data_kafka_dag', 'copy_openmeteo', 'manual__2024-12-03T20:10:45.760339+00:00', '--job-id', '794', '--raw', '--subdir', 'DAGS_FOLDER/kafka_stream.py', '--cfg-path', '/tmp/tmp9bmx3y_7']
[2024-12-03T20:14:42.230+0000] {standard_task_runner.py:64} INFO - Started process 3790 to run task
[2024-12-03T20:14:42.231+0000] {standard_task_runner.py:91} INFO - Job 794: Subtask copy_openmeteo
[2024-12-03T20:14:42.299+0000] {task_command.py:426} INFO - Running <TaskInstance: weather_data_kafka_dag.copy_openmeteo manual__2024-12-03T20:10:45.760339+00:00 [running]> on host 0f9edd113eb4
[2024-12-03T20:14:42.444+0000] {taskinstance.py:2648} INFO - Exporting env vars: AIRFLOW_CTX_DAG_OWNER='admin' AIRFLOW_CTX_DAG_ID='weather_data_kafka_dag' AIRFLOW_CTX_TASK_ID='copy_openmeteo' AIRFLOW_CTX_EXECUTION_DATE='2024-12-03T20:10:45.760339+00:00' AIRFLOW_CTX_TRY_NUMBER='1' AIRFLOW_CTX_DAG_RUN_ID='manual__2024-12-03T20:10:45.760339+00:00'
[2024-12-03T20:14:42.446+0000] {taskinstance.py:430} INFO - ::endgroup::
[2024-12-03T20:14:42.471+0000] {subprocess.py:63} INFO - Tmp dir root location: /tmp
[2024-12-03T20:14:42.473+0000] {subprocess.py:75} INFO - Running command: ['/usr/bin/bash', '-c', 'docker cp /opt/***/data/parquet_files/openmeteo_data.parquet spark-master:/openmeteo_data.parquet']
[2024-12-03T20:14:42.491+0000] {subprocess.py:86} INFO - Output:
[2024-12-03T20:14:42.565+0000] {subprocess.py:97} INFO - Command exited with return code 0
[2024-12-03T20:14:42.567+0000] {taskinstance.py:441} INFO - ::group::Post task execution logs
[2024-12-03T20:14:42.610+0000] {taskinstance.py:1206} INFO - Marking task as SUCCESS. dag_id=weather_data_kafka_dag, task_id=copy_openmeteo, run_id=manual__2024-12-03T20:10:45.760339+00:00, execution_date=20241203T201045, start_date=20241203T201442, end_date=20241203T201442
[2024-12-03T20:14:42.647+0000] {local_task_job_runner.py:243} INFO - Task exited with return code 0
[2024-12-03T20:14:42.678+0000] {taskinstance.py:3503} INFO - 1 downstream tasks scheduled from follow-on schedule check
[2024-12-03T20:14:42.682+0000] {local_task_job_runner.py:222} INFO - ::endgroup::
