[2024-11-30T08:49:18.956+0000] {processor.py:161} INFO - Started process (PID=7541) to work on /opt/airflow/dags/kafka_stream.py
[2024-11-30T08:49:18.994+0000] {processor.py:830} INFO - Processing file /opt/airflow/dags/kafka_stream.py for tasks to queue
[2024-11-30T08:49:19.058+0000] {logging_mixin.py:188} INFO - [2024-11-30T08:49:19.057+0000] {dagbag.py:545} INFO - Filling up the DagBag from /opt/airflow/dags/kafka_stream.py
[2024-11-30T08:49:27.398+0000] {processor.py:840} INFO - DAG(s) 'weather_data_kafka_dag' retrieved from /opt/airflow/dags/kafka_stream.py
[2024-11-30T08:49:27.611+0000] {logging_mixin.py:188} INFO - [2024-11-30T08:49:27.610+0000] {dag.py:3089} INFO - Sync 1 DAGs
[2024-11-30T08:49:27.773+0000] {logging_mixin.py:188} INFO - [2024-11-30T08:49:27.772+0000] {dag.py:3947} INFO - Setting next_dagrun for weather_data_kafka_dag to 2024-11-30 08:00:00+00:00, run_after=2024-11-30 09:00:00+00:00
[2024-11-30T08:49:27.894+0000] {processor.py:183} INFO - Processing /opt/airflow/dags/kafka_stream.py took 8.981 seconds
[2024-11-30T08:49:59.456+0000] {processor.py:161} INFO - Started process (PID=7626) to work on /opt/airflow/dags/kafka_stream.py
[2024-11-30T08:49:59.491+0000] {processor.py:830} INFO - Processing file /opt/airflow/dags/kafka_stream.py for tasks to queue
[2024-11-30T08:49:59.523+0000] {logging_mixin.py:188} INFO - [2024-11-30T08:49:59.522+0000] {dagbag.py:545} INFO - Filling up the DagBag from /opt/airflow/dags/kafka_stream.py
[2024-11-30T08:50:07.375+0000] {processor.py:840} INFO - DAG(s) 'weather_data_kafka_dag' retrieved from /opt/airflow/dags/kafka_stream.py
[2024-11-30T08:50:07.618+0000] {logging_mixin.py:188} INFO - [2024-11-30T08:50:07.608+0000] {dag.py:3089} INFO - Sync 1 DAGs
[2024-11-30T08:50:08.124+0000] {logging_mixin.py:188} INFO - [2024-11-30T08:50:08.112+0000] {dag.py:3947} INFO - Setting next_dagrun for weather_data_kafka_dag to 2024-11-30 08:00:00+00:00, run_after=2024-11-30 09:00:00+00:00
[2024-11-30T08:50:08.710+0000] {processor.py:183} INFO - Processing /opt/airflow/dags/kafka_stream.py took 9.297 seconds
[2024-11-30T08:50:39.475+0000] {processor.py:161} INFO - Started process (PID=7827) to work on /opt/airflow/dags/kafka_stream.py
[2024-11-30T08:50:39.490+0000] {processor.py:830} INFO - Processing file /opt/airflow/dags/kafka_stream.py for tasks to queue
[2024-11-30T08:50:39.493+0000] {logging_mixin.py:188} INFO - [2024-11-30T08:50:39.492+0000] {dagbag.py:545} INFO - Filling up the DagBag from /opt/airflow/dags/kafka_stream.py
[2024-11-30T08:50:44.379+0000] {processor.py:840} INFO - DAG(s) 'weather_data_kafka_dag' retrieved from /opt/airflow/dags/kafka_stream.py
[2024-11-30T08:50:44.530+0000] {logging_mixin.py:188} INFO - [2024-11-30T08:50:44.529+0000] {dag.py:3089} INFO - Sync 1 DAGs
[2024-11-30T08:50:44.678+0000] {logging_mixin.py:188} INFO - [2024-11-30T08:50:44.677+0000] {dag.py:3947} INFO - Setting next_dagrun for weather_data_kafka_dag to 2024-11-30 08:00:00+00:00, run_after=2024-11-30 09:00:00+00:00
[2024-11-30T08:50:44.849+0000] {processor.py:183} INFO - Processing /opt/airflow/dags/kafka_stream.py took 5.406 seconds
[2024-11-30T08:51:15.311+0000] {processor.py:161} INFO - Started process (PID=8068) to work on /opt/airflow/dags/kafka_stream.py
[2024-11-30T08:51:15.315+0000] {processor.py:830} INFO - Processing file /opt/airflow/dags/kafka_stream.py for tasks to queue
[2024-11-30T08:51:15.317+0000] {logging_mixin.py:188} INFO - [2024-11-30T08:51:15.316+0000] {dagbag.py:545} INFO - Filling up the DagBag from /opt/airflow/dags/kafka_stream.py
[2024-11-30T08:51:16.468+0000] {processor.py:840} INFO - DAG(s) 'weather_data_kafka_dag' retrieved from /opt/airflow/dags/kafka_stream.py
[2024-11-30T08:51:16.697+0000] {logging_mixin.py:188} INFO - [2024-11-30T08:51:16.696+0000] {dag.py:3089} INFO - Sync 1 DAGs
[2024-11-30T08:51:16.754+0000] {logging_mixin.py:188} INFO - [2024-11-30T08:51:16.753+0000] {dag.py:3947} INFO - Setting next_dagrun for weather_data_kafka_dag to 2024-11-30 08:00:00+00:00, run_after=2024-11-30 09:00:00+00:00
[2024-11-30T08:51:16.791+0000] {processor.py:183} INFO - Processing /opt/airflow/dags/kafka_stream.py took 1.494 seconds
[2024-11-30T08:51:46.915+0000] {processor.py:161} INFO - Started process (PID=8297) to work on /opt/airflow/dags/kafka_stream.py
[2024-11-30T08:51:46.916+0000] {processor.py:830} INFO - Processing file /opt/airflow/dags/kafka_stream.py for tasks to queue
[2024-11-30T08:51:46.918+0000] {logging_mixin.py:188} INFO - [2024-11-30T08:51:46.917+0000] {dagbag.py:545} INFO - Filling up the DagBag from /opt/airflow/dags/kafka_stream.py
[2024-11-30T08:51:48.511+0000] {processor.py:840} INFO - DAG(s) 'weather_data_kafka_dag' retrieved from /opt/airflow/dags/kafka_stream.py
[2024-11-30T08:51:48.579+0000] {logging_mixin.py:188} INFO - [2024-11-30T08:51:48.578+0000] {dag.py:3089} INFO - Sync 1 DAGs
[2024-11-30T08:51:48.705+0000] {logging_mixin.py:188} INFO - [2024-11-30T08:51:48.698+0000] {dag.py:3947} INFO - Setting next_dagrun for weather_data_kafka_dag to 2024-11-30 08:00:00+00:00, run_after=2024-11-30 09:00:00+00:00
[2024-11-30T08:51:48.792+0000] {processor.py:183} INFO - Processing /opt/airflow/dags/kafka_stream.py took 1.888 seconds
[2024-11-30T08:52:19.424+0000] {processor.py:161} INFO - Started process (PID=8335) to work on /opt/airflow/dags/kafka_stream.py
[2024-11-30T08:52:19.425+0000] {processor.py:830} INFO - Processing file /opt/airflow/dags/kafka_stream.py for tasks to queue
[2024-11-30T08:52:19.428+0000] {logging_mixin.py:188} INFO - [2024-11-30T08:52:19.427+0000] {dagbag.py:545} INFO - Filling up the DagBag from /opt/airflow/dags/kafka_stream.py
[2024-11-30T08:52:21.795+0000] {processor.py:840} INFO - DAG(s) 'weather_data_kafka_dag' retrieved from /opt/airflow/dags/kafka_stream.py
[2024-11-30T08:52:21.842+0000] {logging_mixin.py:188} INFO - [2024-11-30T08:52:21.841+0000] {dag.py:3089} INFO - Sync 1 DAGs
[2024-11-30T08:52:21.882+0000] {logging_mixin.py:188} INFO - [2024-11-30T08:52:21.882+0000] {dag.py:3947} INFO - Setting next_dagrun for weather_data_kafka_dag to 2024-11-30 08:00:00+00:00, run_after=2024-11-30 09:00:00+00:00
[2024-11-30T08:52:21.920+0000] {processor.py:183} INFO - Processing /opt/airflow/dags/kafka_stream.py took 2.555 seconds
[2024-11-30T08:52:52.223+0000] {processor.py:161} INFO - Started process (PID=8352) to work on /opt/airflow/dags/kafka_stream.py
[2024-11-30T08:52:52.225+0000] {processor.py:830} INFO - Processing file /opt/airflow/dags/kafka_stream.py for tasks to queue
[2024-11-30T08:52:52.227+0000] {logging_mixin.py:188} INFO - [2024-11-30T08:52:52.226+0000] {dagbag.py:545} INFO - Filling up the DagBag from /opt/airflow/dags/kafka_stream.py
[2024-11-30T08:52:53.024+0000] {processor.py:840} INFO - DAG(s) 'weather_data_kafka_dag' retrieved from /opt/airflow/dags/kafka_stream.py
[2024-11-30T08:52:53.073+0000] {logging_mixin.py:188} INFO - [2024-11-30T08:52:53.072+0000] {dag.py:3089} INFO - Sync 1 DAGs
[2024-11-30T08:52:53.121+0000] {logging_mixin.py:188} INFO - [2024-11-30T08:52:53.120+0000] {dag.py:3947} INFO - Setting next_dagrun for weather_data_kafka_dag to 2024-11-30 08:00:00+00:00, run_after=2024-11-30 09:00:00+00:00
[2024-11-30T08:52:53.152+0000] {processor.py:183} INFO - Processing /opt/airflow/dags/kafka_stream.py took 0.938 seconds
[2024-11-30T08:53:23.451+0000] {processor.py:161} INFO - Started process (PID=8364) to work on /opt/airflow/dags/kafka_stream.py
[2024-11-30T08:53:23.452+0000] {processor.py:830} INFO - Processing file /opt/airflow/dags/kafka_stream.py for tasks to queue
[2024-11-30T08:53:23.454+0000] {logging_mixin.py:188} INFO - [2024-11-30T08:53:23.453+0000] {dagbag.py:545} INFO - Filling up the DagBag from /opt/airflow/dags/kafka_stream.py
[2024-11-30T08:53:24.227+0000] {processor.py:840} INFO - DAG(s) 'weather_data_kafka_dag' retrieved from /opt/airflow/dags/kafka_stream.py
[2024-11-30T08:53:24.269+0000] {logging_mixin.py:188} INFO - [2024-11-30T08:53:24.268+0000] {dag.py:3089} INFO - Sync 1 DAGs
[2024-11-30T08:53:24.305+0000] {logging_mixin.py:188} INFO - [2024-11-30T08:53:24.305+0000] {dag.py:3947} INFO - Setting next_dagrun for weather_data_kafka_dag to 2024-11-30 08:00:00+00:00, run_after=2024-11-30 09:00:00+00:00
[2024-11-30T08:53:24.337+0000] {processor.py:183} INFO - Processing /opt/airflow/dags/kafka_stream.py took 0.895 seconds
[2024-11-30T08:53:54.784+0000] {processor.py:161} INFO - Started process (PID=8377) to work on /opt/airflow/dags/kafka_stream.py
[2024-11-30T08:53:54.785+0000] {processor.py:830} INFO - Processing file /opt/airflow/dags/kafka_stream.py for tasks to queue
[2024-11-30T08:53:54.787+0000] {logging_mixin.py:188} INFO - [2024-11-30T08:53:54.787+0000] {dagbag.py:545} INFO - Filling up the DagBag from /opt/airflow/dags/kafka_stream.py
[2024-11-30T08:53:55.985+0000] {processor.py:840} INFO - DAG(s) 'weather_data_kafka_dag' retrieved from /opt/airflow/dags/kafka_stream.py
[2024-11-30T08:53:56.062+0000] {logging_mixin.py:188} INFO - [2024-11-30T08:53:56.061+0000] {dag.py:3089} INFO - Sync 1 DAGs
[2024-11-30T08:53:56.107+0000] {logging_mixin.py:188} INFO - [2024-11-30T08:53:56.107+0000] {dag.py:3947} INFO - Setting next_dagrun for weather_data_kafka_dag to 2024-11-30 08:00:00+00:00, run_after=2024-11-30 09:00:00+00:00
[2024-11-30T08:53:56.171+0000] {processor.py:183} INFO - Processing /opt/airflow/dags/kafka_stream.py took 1.399 seconds
[2024-11-30T08:54:26.806+0000] {processor.py:161} INFO - Started process (PID=8389) to work on /opt/airflow/dags/kafka_stream.py
[2024-11-30T08:54:26.819+0000] {processor.py:830} INFO - Processing file /opt/airflow/dags/kafka_stream.py for tasks to queue
[2024-11-30T08:54:26.821+0000] {logging_mixin.py:188} INFO - [2024-11-30T08:54:26.820+0000] {dagbag.py:545} INFO - Filling up the DagBag from /opt/airflow/dags/kafka_stream.py
[2024-11-30T08:54:28.332+0000] {processor.py:840} INFO - DAG(s) 'weather_data_kafka_dag' retrieved from /opt/airflow/dags/kafka_stream.py
[2024-11-30T08:54:28.429+0000] {logging_mixin.py:188} INFO - [2024-11-30T08:54:28.428+0000] {dag.py:3089} INFO - Sync 1 DAGs
[2024-11-30T08:54:28.562+0000] {logging_mixin.py:188} INFO - [2024-11-30T08:54:28.561+0000] {dag.py:3947} INFO - Setting next_dagrun for weather_data_kafka_dag to 2024-11-30 08:00:00+00:00, run_after=2024-11-30 09:00:00+00:00
[2024-11-30T08:54:28.645+0000] {processor.py:183} INFO - Processing /opt/airflow/dags/kafka_stream.py took 1.858 seconds
[2024-11-30T08:54:58.938+0000] {processor.py:161} INFO - Started process (PID=8401) to work on /opt/airflow/dags/kafka_stream.py
[2024-11-30T08:54:58.939+0000] {processor.py:830} INFO - Processing file /opt/airflow/dags/kafka_stream.py for tasks to queue
[2024-11-30T08:54:58.941+0000] {logging_mixin.py:188} INFO - [2024-11-30T08:54:58.940+0000] {dagbag.py:545} INFO - Filling up the DagBag from /opt/airflow/dags/kafka_stream.py
[2024-11-30T08:55:00.079+0000] {processor.py:840} INFO - DAG(s) 'weather_data_kafka_dag' retrieved from /opt/airflow/dags/kafka_stream.py
[2024-11-30T08:55:00.131+0000] {logging_mixin.py:188} INFO - [2024-11-30T08:55:00.130+0000] {dag.py:3089} INFO - Sync 1 DAGs
[2024-11-30T08:55:00.182+0000] {logging_mixin.py:188} INFO - [2024-11-30T08:55:00.182+0000] {dag.py:3947} INFO - Setting next_dagrun for weather_data_kafka_dag to 2024-11-30 08:00:00+00:00, run_after=2024-11-30 09:00:00+00:00
[2024-11-30T08:55:00.227+0000] {processor.py:183} INFO - Processing /opt/airflow/dags/kafka_stream.py took 1.298 seconds
[2024-11-30T08:55:30.505+0000] {processor.py:161} INFO - Started process (PID=8413) to work on /opt/airflow/dags/kafka_stream.py
[2024-11-30T08:55:30.506+0000] {processor.py:830} INFO - Processing file /opt/airflow/dags/kafka_stream.py for tasks to queue
[2024-11-30T08:55:30.507+0000] {logging_mixin.py:188} INFO - [2024-11-30T08:55:30.507+0000] {dagbag.py:545} INFO - Filling up the DagBag from /opt/airflow/dags/kafka_stream.py
[2024-11-30T08:55:31.420+0000] {processor.py:840} INFO - DAG(s) 'weather_data_kafka_dag' retrieved from /opt/airflow/dags/kafka_stream.py
[2024-11-30T08:55:31.465+0000] {logging_mixin.py:188} INFO - [2024-11-30T08:55:31.464+0000] {dag.py:3089} INFO - Sync 1 DAGs
[2024-11-30T08:55:31.504+0000] {logging_mixin.py:188} INFO - [2024-11-30T08:55:31.504+0000] {dag.py:3947} INFO - Setting next_dagrun for weather_data_kafka_dag to 2024-11-30 08:00:00+00:00, run_after=2024-11-30 09:00:00+00:00
[2024-11-30T08:55:31.538+0000] {processor.py:183} INFO - Processing /opt/airflow/dags/kafka_stream.py took 1.042 seconds
[2024-11-30T08:56:01.729+0000] {processor.py:161} INFO - Started process (PID=8425) to work on /opt/airflow/dags/kafka_stream.py
[2024-11-30T08:56:01.731+0000] {processor.py:830} INFO - Processing file /opt/airflow/dags/kafka_stream.py for tasks to queue
[2024-11-30T08:56:01.732+0000] {logging_mixin.py:188} INFO - [2024-11-30T08:56:01.732+0000] {dagbag.py:545} INFO - Filling up the DagBag from /opt/airflow/dags/kafka_stream.py
[2024-11-30T08:56:02.454+0000] {processor.py:840} INFO - DAG(s) 'weather_data_kafka_dag' retrieved from /opt/airflow/dags/kafka_stream.py
[2024-11-30T08:56:02.496+0000] {logging_mixin.py:188} INFO - [2024-11-30T08:56:02.496+0000] {dag.py:3089} INFO - Sync 1 DAGs
[2024-11-30T08:56:02.535+0000] {logging_mixin.py:188} INFO - [2024-11-30T08:56:02.535+0000] {dag.py:3947} INFO - Setting next_dagrun for weather_data_kafka_dag to 2024-11-30 08:00:00+00:00, run_after=2024-11-30 09:00:00+00:00
[2024-11-30T08:56:02.566+0000] {processor.py:183} INFO - Processing /opt/airflow/dags/kafka_stream.py took 0.847 seconds
[2024-11-30T08:56:32.861+0000] {processor.py:161} INFO - Started process (PID=8437) to work on /opt/airflow/dags/kafka_stream.py
[2024-11-30T08:56:32.862+0000] {processor.py:830} INFO - Processing file /opt/airflow/dags/kafka_stream.py for tasks to queue
[2024-11-30T08:56:32.864+0000] {logging_mixin.py:188} INFO - [2024-11-30T08:56:32.863+0000] {dagbag.py:545} INFO - Filling up the DagBag from /opt/airflow/dags/kafka_stream.py
[2024-11-30T08:56:35.346+0000] {processor.py:840} INFO - DAG(s) 'weather_data_kafka_dag' retrieved from /opt/airflow/dags/kafka_stream.py
[2024-11-30T08:56:35.445+0000] {logging_mixin.py:188} INFO - [2024-11-30T08:56:35.444+0000] {dag.py:3089} INFO - Sync 1 DAGs
[2024-11-30T08:56:35.552+0000] {logging_mixin.py:188} INFO - [2024-11-30T08:56:35.552+0000] {dag.py:3947} INFO - Setting next_dagrun for weather_data_kafka_dag to 2024-11-30 08:00:00+00:00, run_after=2024-11-30 09:00:00+00:00
[2024-11-30T08:56:35.633+0000] {processor.py:183} INFO - Processing /opt/airflow/dags/kafka_stream.py took 2.806 seconds
[2024-11-30T08:57:05.958+0000] {processor.py:161} INFO - Started process (PID=8449) to work on /opt/airflow/dags/kafka_stream.py
[2024-11-30T08:57:05.959+0000] {processor.py:830} INFO - Processing file /opt/airflow/dags/kafka_stream.py for tasks to queue
[2024-11-30T08:57:05.961+0000] {logging_mixin.py:188} INFO - [2024-11-30T08:57:05.960+0000] {dagbag.py:545} INFO - Filling up the DagBag from /opt/airflow/dags/kafka_stream.py
[2024-11-30T08:57:06.701+0000] {processor.py:840} INFO - DAG(s) 'weather_data_kafka_dag' retrieved from /opt/airflow/dags/kafka_stream.py
[2024-11-30T08:57:06.737+0000] {logging_mixin.py:188} INFO - [2024-11-30T08:57:06.737+0000] {dag.py:3089} INFO - Sync 1 DAGs
[2024-11-30T08:57:06.769+0000] {logging_mixin.py:188} INFO - [2024-11-30T08:57:06.769+0000] {dag.py:3947} INFO - Setting next_dagrun for weather_data_kafka_dag to 2024-11-30 08:00:00+00:00, run_after=2024-11-30 09:00:00+00:00
[2024-11-30T08:57:06.801+0000] {processor.py:183} INFO - Processing /opt/airflow/dags/kafka_stream.py took 0.852 seconds
[2024-11-30T08:57:37.060+0000] {processor.py:161} INFO - Started process (PID=8461) to work on /opt/airflow/dags/kafka_stream.py
[2024-11-30T08:57:37.062+0000] {processor.py:830} INFO - Processing file /opt/airflow/dags/kafka_stream.py for tasks to queue
[2024-11-30T08:57:37.063+0000] {logging_mixin.py:188} INFO - [2024-11-30T08:57:37.063+0000] {dagbag.py:545} INFO - Filling up the DagBag from /opt/airflow/dags/kafka_stream.py
[2024-11-30T08:57:37.683+0000] {processor.py:840} INFO - DAG(s) 'weather_data_kafka_dag' retrieved from /opt/airflow/dags/kafka_stream.py
[2024-11-30T08:57:37.717+0000] {logging_mixin.py:188} INFO - [2024-11-30T08:57:37.716+0000] {dag.py:3089} INFO - Sync 1 DAGs
[2024-11-30T08:57:37.750+0000] {logging_mixin.py:188} INFO - [2024-11-30T08:57:37.750+0000] {dag.py:3947} INFO - Setting next_dagrun for weather_data_kafka_dag to 2024-11-30 08:00:00+00:00, run_after=2024-11-30 09:00:00+00:00
[2024-11-30T08:57:37.782+0000] {processor.py:183} INFO - Processing /opt/airflow/dags/kafka_stream.py took 0.730 seconds
[2024-11-30T08:58:08.026+0000] {processor.py:161} INFO - Started process (PID=8473) to work on /opt/airflow/dags/kafka_stream.py
[2024-11-30T08:58:08.027+0000] {processor.py:830} INFO - Processing file /opt/airflow/dags/kafka_stream.py for tasks to queue
[2024-11-30T08:58:08.029+0000] {logging_mixin.py:188} INFO - [2024-11-30T08:58:08.028+0000] {dagbag.py:545} INFO - Filling up the DagBag from /opt/airflow/dags/kafka_stream.py
[2024-11-30T08:58:08.929+0000] {processor.py:840} INFO - DAG(s) 'weather_data_kafka_dag' retrieved from /opt/airflow/dags/kafka_stream.py
[2024-11-30T08:58:08.964+0000] {logging_mixin.py:188} INFO - [2024-11-30T08:58:08.963+0000] {dag.py:3089} INFO - Sync 1 DAGs
[2024-11-30T08:58:08.998+0000] {logging_mixin.py:188} INFO - [2024-11-30T08:58:08.998+0000] {dag.py:3947} INFO - Setting next_dagrun for weather_data_kafka_dag to 2024-11-30 08:00:00+00:00, run_after=2024-11-30 09:00:00+00:00
[2024-11-30T08:58:09.031+0000] {processor.py:183} INFO - Processing /opt/airflow/dags/kafka_stream.py took 1.017 seconds
[2024-11-30T08:58:39.248+0000] {processor.py:161} INFO - Started process (PID=8485) to work on /opt/airflow/dags/kafka_stream.py
[2024-11-30T08:58:39.250+0000] {processor.py:830} INFO - Processing file /opt/airflow/dags/kafka_stream.py for tasks to queue
[2024-11-30T08:58:39.251+0000] {logging_mixin.py:188} INFO - [2024-11-30T08:58:39.251+0000] {dagbag.py:545} INFO - Filling up the DagBag from /opt/airflow/dags/kafka_stream.py
[2024-11-30T08:58:40.025+0000] {processor.py:840} INFO - DAG(s) 'weather_data_kafka_dag' retrieved from /opt/airflow/dags/kafka_stream.py
[2024-11-30T08:58:40.065+0000] {logging_mixin.py:188} INFO - [2024-11-30T08:58:40.064+0000] {dag.py:3089} INFO - Sync 1 DAGs
[2024-11-30T08:58:40.105+0000] {logging_mixin.py:188} INFO - [2024-11-30T08:58:40.105+0000] {dag.py:3947} INFO - Setting next_dagrun for weather_data_kafka_dag to 2024-11-30 08:00:00+00:00, run_after=2024-11-30 09:00:00+00:00
[2024-11-30T08:58:40.139+0000] {processor.py:183} INFO - Processing /opt/airflow/dags/kafka_stream.py took 0.903 seconds
[2024-11-30T08:59:10.417+0000] {processor.py:161} INFO - Started process (PID=8497) to work on /opt/airflow/dags/kafka_stream.py
[2024-11-30T08:59:10.418+0000] {processor.py:830} INFO - Processing file /opt/airflow/dags/kafka_stream.py for tasks to queue
[2024-11-30T08:59:10.421+0000] {logging_mixin.py:188} INFO - [2024-11-30T08:59:10.420+0000] {dagbag.py:545} INFO - Filling up the DagBag from /opt/airflow/dags/kafka_stream.py
[2024-11-30T08:59:11.392+0000] {processor.py:840} INFO - DAG(s) 'weather_data_kafka_dag' retrieved from /opt/airflow/dags/kafka_stream.py
[2024-11-30T08:59:11.442+0000] {logging_mixin.py:188} INFO - [2024-11-30T08:59:11.442+0000] {dag.py:3089} INFO - Sync 1 DAGs
[2024-11-30T08:59:11.486+0000] {logging_mixin.py:188} INFO - [2024-11-30T08:59:11.486+0000] {dag.py:3947} INFO - Setting next_dagrun for weather_data_kafka_dag to 2024-11-30 08:00:00+00:00, run_after=2024-11-30 09:00:00+00:00
[2024-11-30T08:59:11.521+0000] {processor.py:183} INFO - Processing /opt/airflow/dags/kafka_stream.py took 1.116 seconds
[2024-11-30T08:59:41.705+0000] {processor.py:161} INFO - Started process (PID=8509) to work on /opt/airflow/dags/kafka_stream.py
[2024-11-30T08:59:41.706+0000] {processor.py:830} INFO - Processing file /opt/airflow/dags/kafka_stream.py for tasks to queue
[2024-11-30T08:59:41.708+0000] {logging_mixin.py:188} INFO - [2024-11-30T08:59:41.707+0000] {dagbag.py:545} INFO - Filling up the DagBag from /opt/airflow/dags/kafka_stream.py
[2024-11-30T08:59:42.350+0000] {processor.py:840} INFO - DAG(s) 'weather_data_kafka_dag' retrieved from /opt/airflow/dags/kafka_stream.py
[2024-11-30T08:59:42.387+0000] {logging_mixin.py:188} INFO - [2024-11-30T08:59:42.387+0000] {dag.py:3089} INFO - Sync 1 DAGs
[2024-11-30T08:59:42.420+0000] {logging_mixin.py:188} INFO - [2024-11-30T08:59:42.420+0000] {dag.py:3947} INFO - Setting next_dagrun for weather_data_kafka_dag to 2024-11-30 08:00:00+00:00, run_after=2024-11-30 09:00:00+00:00
[2024-11-30T08:59:42.449+0000] {processor.py:183} INFO - Processing /opt/airflow/dags/kafka_stream.py took 0.753 seconds
[2024-11-30T09:00:12.826+0000] {processor.py:161} INFO - Started process (PID=8541) to work on /opt/airflow/dags/kafka_stream.py
[2024-11-30T09:00:12.833+0000] {processor.py:830} INFO - Processing file /opt/airflow/dags/kafka_stream.py for tasks to queue
[2024-11-30T09:00:12.840+0000] {logging_mixin.py:188} INFO - [2024-11-30T09:00:12.839+0000] {dagbag.py:545} INFO - Filling up the DagBag from /opt/airflow/dags/kafka_stream.py
[2024-11-30T09:00:15.628+0000] {processor.py:840} INFO - DAG(s) 'weather_data_kafka_dag' retrieved from /opt/airflow/dags/kafka_stream.py
[2024-11-30T09:00:15.767+0000] {logging_mixin.py:188} INFO - [2024-11-30T09:00:15.766+0000] {dag.py:3089} INFO - Sync 1 DAGs
[2024-11-30T09:00:15.909+0000] {logging_mixin.py:188} INFO - [2024-11-30T09:00:15.898+0000] {dag.py:3947} INFO - Setting next_dagrun for weather_data_kafka_dag to 2024-11-30 09:00:00+00:00, run_after=2024-11-30 10:00:00+00:00
[2024-11-30T09:00:16.009+0000] {processor.py:183} INFO - Processing /opt/airflow/dags/kafka_stream.py took 3.218 seconds
[2024-11-30T09:00:46.451+0000] {processor.py:161} INFO - Started process (PID=8606) to work on /opt/airflow/dags/kafka_stream.py
[2024-11-30T09:00:46.453+0000] {processor.py:830} INFO - Processing file /opt/airflow/dags/kafka_stream.py for tasks to queue
[2024-11-30T09:00:46.456+0000] {logging_mixin.py:188} INFO - [2024-11-30T09:00:46.455+0000] {dagbag.py:545} INFO - Filling up the DagBag from /opt/airflow/dags/kafka_stream.py
[2024-11-30T09:00:49.310+0000] {processor.py:840} INFO - DAG(s) 'weather_data_kafka_dag' retrieved from /opt/airflow/dags/kafka_stream.py
[2024-11-30T09:00:49.476+0000] {logging_mixin.py:188} INFO - [2024-11-30T09:00:49.475+0000] {dag.py:3089} INFO - Sync 1 DAGs
[2024-11-30T09:00:49.607+0000] {logging_mixin.py:188} INFO - [2024-11-30T09:00:49.606+0000] {dag.py:3947} INFO - Setting next_dagrun for weather_data_kafka_dag to 2024-11-30 09:00:00+00:00, run_after=2024-11-30 10:00:00+00:00
[2024-11-30T09:00:49.754+0000] {processor.py:183} INFO - Processing /opt/airflow/dags/kafka_stream.py took 3.335 seconds
[2024-11-30T09:01:20.385+0000] {processor.py:161} INFO - Started process (PID=8668) to work on /opt/airflow/dags/kafka_stream.py
[2024-11-30T09:01:20.387+0000] {processor.py:830} INFO - Processing file /opt/airflow/dags/kafka_stream.py for tasks to queue
[2024-11-30T09:01:20.389+0000] {logging_mixin.py:188} INFO - [2024-11-30T09:01:20.389+0000] {dagbag.py:545} INFO - Filling up the DagBag from /opt/airflow/dags/kafka_stream.py
[2024-11-30T09:01:22.812+0000] {processor.py:840} INFO - DAG(s) 'weather_data_kafka_dag' retrieved from /opt/airflow/dags/kafka_stream.py
[2024-11-30T09:01:22.944+0000] {logging_mixin.py:188} INFO - [2024-11-30T09:01:22.943+0000] {dag.py:3089} INFO - Sync 1 DAGs
[2024-11-30T09:01:23.066+0000] {logging_mixin.py:188} INFO - [2024-11-30T09:01:23.065+0000] {dag.py:3947} INFO - Setting next_dagrun for weather_data_kafka_dag to 2024-11-30 09:00:00+00:00, run_after=2024-11-30 10:00:00+00:00
[2024-11-30T09:01:23.160+0000] {processor.py:183} INFO - Processing /opt/airflow/dags/kafka_stream.py took 2.806 seconds
[2024-11-30T09:01:53.752+0000] {processor.py:161} INFO - Started process (PID=8726) to work on /opt/airflow/dags/kafka_stream.py
[2024-11-30T09:01:53.754+0000] {processor.py:830} INFO - Processing file /opt/airflow/dags/kafka_stream.py for tasks to queue
[2024-11-30T09:01:53.756+0000] {logging_mixin.py:188} INFO - [2024-11-30T09:01:53.755+0000] {dagbag.py:545} INFO - Filling up the DagBag from /opt/airflow/dags/kafka_stream.py
[2024-11-30T09:01:56.532+0000] {processor.py:840} INFO - DAG(s) 'weather_data_kafka_dag' retrieved from /opt/airflow/dags/kafka_stream.py
[2024-11-30T09:01:56.684+0000] {logging_mixin.py:188} INFO - [2024-11-30T09:01:56.682+0000] {dag.py:3089} INFO - Sync 1 DAGs
[2024-11-30T09:01:56.813+0000] {logging_mixin.py:188} INFO - [2024-11-30T09:01:56.813+0000] {dag.py:3947} INFO - Setting next_dagrun for weather_data_kafka_dag to 2024-11-30 09:00:00+00:00, run_after=2024-11-30 10:00:00+00:00
[2024-11-30T09:01:56.940+0000] {processor.py:183} INFO - Processing /opt/airflow/dags/kafka_stream.py took 3.223 seconds
[2024-11-30T09:02:27.236+0000] {processor.py:161} INFO - Started process (PID=8754) to work on /opt/airflow/dags/kafka_stream.py
[2024-11-30T09:02:27.237+0000] {processor.py:830} INFO - Processing file /opt/airflow/dags/kafka_stream.py for tasks to queue
[2024-11-30T09:02:27.238+0000] {logging_mixin.py:188} INFO - [2024-11-30T09:02:27.238+0000] {dagbag.py:545} INFO - Filling up the DagBag from /opt/airflow/dags/kafka_stream.py
[2024-11-30T09:02:28.043+0000] {processor.py:840} INFO - DAG(s) 'weather_data_kafka_dag' retrieved from /opt/airflow/dags/kafka_stream.py
[2024-11-30T09:02:28.080+0000] {logging_mixin.py:188} INFO - [2024-11-30T09:02:28.080+0000] {dag.py:3089} INFO - Sync 1 DAGs
[2024-11-30T09:02:28.115+0000] {logging_mixin.py:188} INFO - [2024-11-30T09:02:28.115+0000] {dag.py:3947} INFO - Setting next_dagrun for weather_data_kafka_dag to 2024-11-30 09:00:00+00:00, run_after=2024-11-30 10:00:00+00:00
[2024-11-30T09:02:28.152+0000] {processor.py:183} INFO - Processing /opt/airflow/dags/kafka_stream.py took 0.927 seconds
[2024-11-30T09:02:58.602+0000] {processor.py:161} INFO - Started process (PID=8766) to work on /opt/airflow/dags/kafka_stream.py
[2024-11-30T09:02:58.614+0000] {processor.py:830} INFO - Processing file /opt/airflow/dags/kafka_stream.py for tasks to queue
[2024-11-30T09:02:58.624+0000] {logging_mixin.py:188} INFO - [2024-11-30T09:02:58.623+0000] {dagbag.py:545} INFO - Filling up the DagBag from /opt/airflow/dags/kafka_stream.py
[2024-11-30T09:03:00.008+0000] {processor.py:840} INFO - DAG(s) 'weather_data_kafka_dag' retrieved from /opt/airflow/dags/kafka_stream.py
[2024-11-30T09:03:00.087+0000] {logging_mixin.py:188} INFO - [2024-11-30T09:03:00.086+0000] {dag.py:3089} INFO - Sync 1 DAGs
[2024-11-30T09:03:00.133+0000] {logging_mixin.py:188} INFO - [2024-11-30T09:03:00.133+0000] {dag.py:3947} INFO - Setting next_dagrun for weather_data_kafka_dag to 2024-11-30 09:00:00+00:00, run_after=2024-11-30 10:00:00+00:00
[2024-11-30T09:03:00.179+0000] {processor.py:183} INFO - Processing /opt/airflow/dags/kafka_stream.py took 1.610 seconds
[2024-11-30T09:03:30.997+0000] {processor.py:161} INFO - Started process (PID=8778) to work on /opt/airflow/dags/kafka_stream.py
[2024-11-30T09:03:30.998+0000] {processor.py:830} INFO - Processing file /opt/airflow/dags/kafka_stream.py for tasks to queue
[2024-11-30T09:03:31.000+0000] {logging_mixin.py:188} INFO - [2024-11-30T09:03:30.999+0000] {dagbag.py:545} INFO - Filling up the DagBag from /opt/airflow/dags/kafka_stream.py
[2024-11-30T09:03:32.238+0000] {processor.py:840} INFO - DAG(s) 'weather_data_kafka_dag' retrieved from /opt/airflow/dags/kafka_stream.py
[2024-11-30T09:03:32.307+0000] {logging_mixin.py:188} INFO - [2024-11-30T09:03:32.306+0000] {dag.py:3089} INFO - Sync 1 DAGs
[2024-11-30T09:03:32.352+0000] {logging_mixin.py:188} INFO - [2024-11-30T09:03:32.351+0000] {dag.py:3947} INFO - Setting next_dagrun for weather_data_kafka_dag to 2024-11-30 09:00:00+00:00, run_after=2024-11-30 10:00:00+00:00
[2024-11-30T09:03:32.387+0000] {processor.py:183} INFO - Processing /opt/airflow/dags/kafka_stream.py took 1.401 seconds
[2024-11-30T09:04:02.748+0000] {processor.py:161} INFO - Started process (PID=8791) to work on /opt/airflow/dags/kafka_stream.py
[2024-11-30T09:04:02.750+0000] {processor.py:830} INFO - Processing file /opt/airflow/dags/kafka_stream.py for tasks to queue
[2024-11-30T09:04:02.751+0000] {logging_mixin.py:188} INFO - [2024-11-30T09:04:02.751+0000] {dagbag.py:545} INFO - Filling up the DagBag from /opt/airflow/dags/kafka_stream.py
[2024-11-30T09:04:03.480+0000] {processor.py:840} INFO - DAG(s) 'weather_data_kafka_dag' retrieved from /opt/airflow/dags/kafka_stream.py
[2024-11-30T09:04:03.525+0000] {logging_mixin.py:188} INFO - [2024-11-30T09:04:03.524+0000] {dag.py:3089} INFO - Sync 1 DAGs
[2024-11-30T09:04:03.571+0000] {logging_mixin.py:188} INFO - [2024-11-30T09:04:03.571+0000] {dag.py:3947} INFO - Setting next_dagrun for weather_data_kafka_dag to 2024-11-30 09:00:00+00:00, run_after=2024-11-30 10:00:00+00:00
[2024-11-30T09:04:03.607+0000] {processor.py:183} INFO - Processing /opt/airflow/dags/kafka_stream.py took 0.867 seconds
[2024-11-30T09:04:33.925+0000] {processor.py:161} INFO - Started process (PID=8803) to work on /opt/airflow/dags/kafka_stream.py
[2024-11-30T09:04:33.926+0000] {processor.py:830} INFO - Processing file /opt/airflow/dags/kafka_stream.py for tasks to queue
[2024-11-30T09:04:33.928+0000] {logging_mixin.py:188} INFO - [2024-11-30T09:04:33.927+0000] {dagbag.py:545} INFO - Filling up the DagBag from /opt/airflow/dags/kafka_stream.py
[2024-11-30T09:04:34.612+0000] {processor.py:840} INFO - DAG(s) 'weather_data_kafka_dag' retrieved from /opt/airflow/dags/kafka_stream.py
[2024-11-30T09:04:34.650+0000] {logging_mixin.py:188} INFO - [2024-11-30T09:04:34.650+0000] {dag.py:3089} INFO - Sync 1 DAGs
[2024-11-30T09:04:34.682+0000] {logging_mixin.py:188} INFO - [2024-11-30T09:04:34.682+0000] {dag.py:3947} INFO - Setting next_dagrun for weather_data_kafka_dag to 2024-11-30 09:00:00+00:00, run_after=2024-11-30 10:00:00+00:00
[2024-11-30T09:04:34.715+0000] {processor.py:183} INFO - Processing /opt/airflow/dags/kafka_stream.py took 0.799 seconds
[2024-11-30T09:05:04.874+0000] {processor.py:161} INFO - Started process (PID=8815) to work on /opt/airflow/dags/kafka_stream.py
[2024-11-30T09:05:04.875+0000] {processor.py:830} INFO - Processing file /opt/airflow/dags/kafka_stream.py for tasks to queue
[2024-11-30T09:05:04.877+0000] {logging_mixin.py:188} INFO - [2024-11-30T09:05:04.876+0000] {dagbag.py:545} INFO - Filling up the DagBag from /opt/airflow/dags/kafka_stream.py
[2024-11-30T09:05:05.541+0000] {processor.py:840} INFO - DAG(s) 'weather_data_kafka_dag' retrieved from /opt/airflow/dags/kafka_stream.py
[2024-11-30T09:05:05.580+0000] {logging_mixin.py:188} INFO - [2024-11-30T09:05:05.579+0000] {dag.py:3089} INFO - Sync 1 DAGs
[2024-11-30T09:05:05.613+0000] {logging_mixin.py:188} INFO - [2024-11-30T09:05:05.613+0000] {dag.py:3947} INFO - Setting next_dagrun for weather_data_kafka_dag to 2024-11-30 09:00:00+00:00, run_after=2024-11-30 10:00:00+00:00
[2024-11-30T09:05:05.650+0000] {processor.py:183} INFO - Processing /opt/airflow/dags/kafka_stream.py took 0.783 seconds
[2024-11-30T09:05:35.943+0000] {processor.py:161} INFO - Started process (PID=8828) to work on /opt/airflow/dags/kafka_stream.py
[2024-11-30T09:05:35.944+0000] {processor.py:830} INFO - Processing file /opt/airflow/dags/kafka_stream.py for tasks to queue
[2024-11-30T09:05:35.946+0000] {logging_mixin.py:188} INFO - [2024-11-30T09:05:35.946+0000] {dagbag.py:545} INFO - Filling up the DagBag from /opt/airflow/dags/kafka_stream.py
[2024-11-30T09:05:36.720+0000] {processor.py:840} INFO - DAG(s) 'weather_data_kafka_dag' retrieved from /opt/airflow/dags/kafka_stream.py
[2024-11-30T09:05:36.764+0000] {logging_mixin.py:188} INFO - [2024-11-30T09:05:36.764+0000] {dag.py:3089} INFO - Sync 1 DAGs
[2024-11-30T09:05:36.807+0000] {logging_mixin.py:188} INFO - [2024-11-30T09:05:36.806+0000] {dag.py:3947} INFO - Setting next_dagrun for weather_data_kafka_dag to 2024-11-30 09:00:00+00:00, run_after=2024-11-30 10:00:00+00:00
[2024-11-30T09:05:36.854+0000] {processor.py:183} INFO - Processing /opt/airflow/dags/kafka_stream.py took 0.920 seconds
[2024-11-30T09:06:07.133+0000] {processor.py:161} INFO - Started process (PID=8840) to work on /opt/airflow/dags/kafka_stream.py
[2024-11-30T09:06:07.134+0000] {processor.py:830} INFO - Processing file /opt/airflow/dags/kafka_stream.py for tasks to queue
[2024-11-30T09:06:07.136+0000] {logging_mixin.py:188} INFO - [2024-11-30T09:06:07.136+0000] {dagbag.py:545} INFO - Filling up the DagBag from /opt/airflow/dags/kafka_stream.py
[2024-11-30T09:06:07.807+0000] {processor.py:840} INFO - DAG(s) 'weather_data_kafka_dag' retrieved from /opt/airflow/dags/kafka_stream.py
[2024-11-30T09:06:07.845+0000] {logging_mixin.py:188} INFO - [2024-11-30T09:06:07.845+0000] {dag.py:3089} INFO - Sync 1 DAGs
[2024-11-30T09:06:07.880+0000] {logging_mixin.py:188} INFO - [2024-11-30T09:06:07.880+0000] {dag.py:3947} INFO - Setting next_dagrun for weather_data_kafka_dag to 2024-11-30 09:00:00+00:00, run_after=2024-11-30 10:00:00+00:00
[2024-11-30T09:06:07.920+0000] {processor.py:183} INFO - Processing /opt/airflow/dags/kafka_stream.py took 0.795 seconds
[2024-11-30T09:06:38.215+0000] {processor.py:161} INFO - Started process (PID=8852) to work on /opt/airflow/dags/kafka_stream.py
[2024-11-30T09:06:38.216+0000] {processor.py:830} INFO - Processing file /opt/airflow/dags/kafka_stream.py for tasks to queue
[2024-11-30T09:06:38.218+0000] {logging_mixin.py:188} INFO - [2024-11-30T09:06:38.217+0000] {dagbag.py:545} INFO - Filling up the DagBag from /opt/airflow/dags/kafka_stream.py
[2024-11-30T09:06:39.294+0000] {processor.py:840} INFO - DAG(s) 'weather_data_kafka_dag' retrieved from /opt/airflow/dags/kafka_stream.py
[2024-11-30T09:06:39.330+0000] {logging_mixin.py:188} INFO - [2024-11-30T09:06:39.329+0000] {dag.py:3089} INFO - Sync 1 DAGs
[2024-11-30T09:06:39.369+0000] {logging_mixin.py:188} INFO - [2024-11-30T09:06:39.369+0000] {dag.py:3947} INFO - Setting next_dagrun for weather_data_kafka_dag to 2024-11-30 09:00:00+00:00, run_after=2024-11-30 10:00:00+00:00
[2024-11-30T09:06:39.405+0000] {processor.py:183} INFO - Processing /opt/airflow/dags/kafka_stream.py took 1.203 seconds
[2024-11-30T09:07:09.937+0000] {processor.py:161} INFO - Started process (PID=8864) to work on /opt/airflow/dags/kafka_stream.py
[2024-11-30T09:07:09.940+0000] {processor.py:830} INFO - Processing file /opt/airflow/dags/kafka_stream.py for tasks to queue
[2024-11-30T09:07:09.943+0000] {logging_mixin.py:188} INFO - [2024-11-30T09:07:09.942+0000] {dagbag.py:545} INFO - Filling up the DagBag from /opt/airflow/dags/kafka_stream.py
[2024-11-30T09:07:11.455+0000] {processor.py:840} INFO - DAG(s) 'weather_data_kafka_dag' retrieved from /opt/airflow/dags/kafka_stream.py
[2024-11-30T09:07:11.510+0000] {logging_mixin.py:188} INFO - [2024-11-30T09:07:11.509+0000] {dag.py:3089} INFO - Sync 1 DAGs
[2024-11-30T09:07:11.571+0000] {logging_mixin.py:188} INFO - [2024-11-30T09:07:11.571+0000] {dag.py:3947} INFO - Setting next_dagrun for weather_data_kafka_dag to 2024-11-30 09:00:00+00:00, run_after=2024-11-30 10:00:00+00:00
[2024-11-30T09:07:11.616+0000] {processor.py:183} INFO - Processing /opt/airflow/dags/kafka_stream.py took 1.697 seconds
[2024-11-30T09:07:42.095+0000] {processor.py:161} INFO - Started process (PID=8876) to work on /opt/airflow/dags/kafka_stream.py
[2024-11-30T09:07:42.096+0000] {processor.py:830} INFO - Processing file /opt/airflow/dags/kafka_stream.py for tasks to queue
[2024-11-30T09:07:42.098+0000] {logging_mixin.py:188} INFO - [2024-11-30T09:07:42.097+0000] {dagbag.py:545} INFO - Filling up the DagBag from /opt/airflow/dags/kafka_stream.py
[2024-11-30T09:07:42.961+0000] {processor.py:840} INFO - DAG(s) 'weather_data_kafka_dag' retrieved from /opt/airflow/dags/kafka_stream.py
[2024-11-30T09:07:43.026+0000] {logging_mixin.py:188} INFO - [2024-11-30T09:07:43.023+0000] {dag.py:3089} INFO - Sync 1 DAGs
[2024-11-30T09:07:43.082+0000] {logging_mixin.py:188} INFO - [2024-11-30T09:07:43.082+0000] {dag.py:3947} INFO - Setting next_dagrun for weather_data_kafka_dag to 2024-11-30 09:00:00+00:00, run_after=2024-11-30 10:00:00+00:00
[2024-11-30T09:07:43.126+0000] {processor.py:183} INFO - Processing /opt/airflow/dags/kafka_stream.py took 1.042 seconds
[2024-11-30T09:08:13.339+0000] {processor.py:161} INFO - Started process (PID=8887) to work on /opt/airflow/dags/kafka_stream.py
[2024-11-30T09:08:13.340+0000] {processor.py:830} INFO - Processing file /opt/airflow/dags/kafka_stream.py for tasks to queue
[2024-11-30T09:08:13.342+0000] {logging_mixin.py:188} INFO - [2024-11-30T09:08:13.342+0000] {dagbag.py:545} INFO - Filling up the DagBag from /opt/airflow/dags/kafka_stream.py
[2024-11-30T09:08:14.079+0000] {processor.py:840} INFO - DAG(s) 'weather_data_kafka_dag' retrieved from /opt/airflow/dags/kafka_stream.py
[2024-11-30T09:08:14.117+0000] {logging_mixin.py:188} INFO - [2024-11-30T09:08:14.116+0000] {dag.py:3089} INFO - Sync 1 DAGs
[2024-11-30T09:08:14.152+0000] {logging_mixin.py:188} INFO - [2024-11-30T09:08:14.152+0000] {dag.py:3947} INFO - Setting next_dagrun for weather_data_kafka_dag to 2024-11-30 09:00:00+00:00, run_after=2024-11-30 10:00:00+00:00
[2024-11-30T09:08:14.185+0000] {processor.py:183} INFO - Processing /opt/airflow/dags/kafka_stream.py took 0.856 seconds
[2024-11-30T09:08:44.534+0000] {processor.py:161} INFO - Started process (PID=8900) to work on /opt/airflow/dags/kafka_stream.py
[2024-11-30T09:08:44.535+0000] {processor.py:830} INFO - Processing file /opt/airflow/dags/kafka_stream.py for tasks to queue
[2024-11-30T09:08:44.538+0000] {logging_mixin.py:188} INFO - [2024-11-30T09:08:44.537+0000] {dagbag.py:545} INFO - Filling up the DagBag from /opt/airflow/dags/kafka_stream.py
[2024-11-30T09:08:45.707+0000] {processor.py:840} INFO - DAG(s) 'weather_data_kafka_dag' retrieved from /opt/airflow/dags/kafka_stream.py
[2024-11-30T09:08:45.767+0000] {logging_mixin.py:188} INFO - [2024-11-30T09:08:45.766+0000] {dag.py:3089} INFO - Sync 1 DAGs
[2024-11-30T09:08:45.833+0000] {logging_mixin.py:188} INFO - [2024-11-30T09:08:45.833+0000] {dag.py:3947} INFO - Setting next_dagrun for weather_data_kafka_dag to 2024-11-30 09:00:00+00:00, run_after=2024-11-30 10:00:00+00:00
[2024-11-30T09:08:45.891+0000] {processor.py:183} INFO - Processing /opt/airflow/dags/kafka_stream.py took 1.369 seconds
[2024-11-30T09:09:16.247+0000] {processor.py:161} INFO - Started process (PID=8912) to work on /opt/airflow/dags/kafka_stream.py
[2024-11-30T09:09:16.249+0000] {processor.py:830} INFO - Processing file /opt/airflow/dags/kafka_stream.py for tasks to queue
[2024-11-30T09:09:16.251+0000] {logging_mixin.py:188} INFO - [2024-11-30T09:09:16.250+0000] {dagbag.py:545} INFO - Filling up the DagBag from /opt/airflow/dags/kafka_stream.py
[2024-11-30T09:09:16.964+0000] {processor.py:840} INFO - DAG(s) 'weather_data_kafka_dag' retrieved from /opt/airflow/dags/kafka_stream.py
[2024-11-30T09:09:17.001+0000] {logging_mixin.py:188} INFO - [2024-11-30T09:09:17.000+0000] {dag.py:3089} INFO - Sync 1 DAGs
[2024-11-30T09:09:17.038+0000] {logging_mixin.py:188} INFO - [2024-11-30T09:09:17.037+0000] {dag.py:3947} INFO - Setting next_dagrun for weather_data_kafka_dag to 2024-11-30 09:00:00+00:00, run_after=2024-11-30 10:00:00+00:00
[2024-11-30T09:09:17.072+0000] {processor.py:183} INFO - Processing /opt/airflow/dags/kafka_stream.py took 0.846 seconds
[2024-11-30T09:09:47.341+0000] {processor.py:161} INFO - Started process (PID=8924) to work on /opt/airflow/dags/kafka_stream.py
[2024-11-30T09:09:47.342+0000] {processor.py:830} INFO - Processing file /opt/airflow/dags/kafka_stream.py for tasks to queue
[2024-11-30T09:09:47.344+0000] {logging_mixin.py:188} INFO - [2024-11-30T09:09:47.343+0000] {dagbag.py:545} INFO - Filling up the DagBag from /opt/airflow/dags/kafka_stream.py
[2024-11-30T09:09:47.970+0000] {processor.py:840} INFO - DAG(s) 'weather_data_kafka_dag' retrieved from /opt/airflow/dags/kafka_stream.py
[2024-11-30T09:09:48.008+0000] {logging_mixin.py:188} INFO - [2024-11-30T09:09:48.007+0000] {dag.py:3089} INFO - Sync 1 DAGs
[2024-11-30T09:09:48.044+0000] {logging_mixin.py:188} INFO - [2024-11-30T09:09:48.044+0000] {dag.py:3947} INFO - Setting next_dagrun for weather_data_kafka_dag to 2024-11-30 09:00:00+00:00, run_after=2024-11-30 10:00:00+00:00
[2024-11-30T09:09:48.077+0000] {processor.py:183} INFO - Processing /opt/airflow/dags/kafka_stream.py took 0.746 seconds
[2024-11-30T09:10:18.395+0000] {processor.py:161} INFO - Started process (PID=8936) to work on /opt/airflow/dags/kafka_stream.py
[2024-11-30T09:10:18.396+0000] {processor.py:830} INFO - Processing file /opt/airflow/dags/kafka_stream.py for tasks to queue
[2024-11-30T09:10:18.398+0000] {logging_mixin.py:188} INFO - [2024-11-30T09:10:18.397+0000] {dagbag.py:545} INFO - Filling up the DagBag from /opt/airflow/dags/kafka_stream.py
[2024-11-30T09:10:19.601+0000] {processor.py:840} INFO - DAG(s) 'weather_data_kafka_dag' retrieved from /opt/airflow/dags/kafka_stream.py
[2024-11-30T09:10:19.640+0000] {logging_mixin.py:188} INFO - [2024-11-30T09:10:19.640+0000] {dag.py:3089} INFO - Sync 1 DAGs
[2024-11-30T09:10:19.679+0000] {logging_mixin.py:188} INFO - [2024-11-30T09:10:19.679+0000] {dag.py:3947} INFO - Setting next_dagrun for weather_data_kafka_dag to 2024-11-30 09:00:00+00:00, run_after=2024-11-30 10:00:00+00:00
[2024-11-30T09:10:19.711+0000] {processor.py:183} INFO - Processing /opt/airflow/dags/kafka_stream.py took 1.327 seconds
[2024-11-30T09:10:49.915+0000] {processor.py:161} INFO - Started process (PID=8948) to work on /opt/airflow/dags/kafka_stream.py
[2024-11-30T09:10:49.918+0000] {processor.py:830} INFO - Processing file /opt/airflow/dags/kafka_stream.py for tasks to queue
[2024-11-30T09:10:49.921+0000] {logging_mixin.py:188} INFO - [2024-11-30T09:10:49.920+0000] {dagbag.py:545} INFO - Filling up the DagBag from /opt/airflow/dags/kafka_stream.py
[2024-11-30T09:10:51.406+0000] {processor.py:840} INFO - DAG(s) 'weather_data_kafka_dag' retrieved from /opt/airflow/dags/kafka_stream.py
[2024-11-30T09:10:51.455+0000] {logging_mixin.py:188} INFO - [2024-11-30T09:10:51.454+0000] {dag.py:3089} INFO - Sync 1 DAGs
[2024-11-30T09:10:51.490+0000] {logging_mixin.py:188} INFO - [2024-11-30T09:10:51.490+0000] {dag.py:3947} INFO - Setting next_dagrun for weather_data_kafka_dag to 2024-11-30 09:00:00+00:00, run_after=2024-11-30 10:00:00+00:00
[2024-11-30T09:10:51.523+0000] {processor.py:183} INFO - Processing /opt/airflow/dags/kafka_stream.py took 1.622 seconds
[2024-11-30T09:11:22.068+0000] {processor.py:161} INFO - Started process (PID=8960) to work on /opt/airflow/dags/kafka_stream.py
[2024-11-30T09:11:22.070+0000] {processor.py:830} INFO - Processing file /opt/airflow/dags/kafka_stream.py for tasks to queue
[2024-11-30T09:11:22.072+0000] {logging_mixin.py:188} INFO - [2024-11-30T09:11:22.071+0000] {dagbag.py:545} INFO - Filling up the DagBag from /opt/airflow/dags/kafka_stream.py
[2024-11-30T09:11:23.157+0000] {processor.py:840} INFO - DAG(s) 'weather_data_kafka_dag' retrieved from /opt/airflow/dags/kafka_stream.py
[2024-11-30T09:11:23.215+0000] {logging_mixin.py:188} INFO - [2024-11-30T09:11:23.214+0000] {dag.py:3089} INFO - Sync 1 DAGs
[2024-11-30T09:11:23.257+0000] {logging_mixin.py:188} INFO - [2024-11-30T09:11:23.257+0000] {dag.py:3947} INFO - Setting next_dagrun for weather_data_kafka_dag to 2024-11-30 09:00:00+00:00, run_after=2024-11-30 10:00:00+00:00
[2024-11-30T09:11:23.298+0000] {processor.py:183} INFO - Processing /opt/airflow/dags/kafka_stream.py took 1.249 seconds
[2024-11-30T09:11:53.400+0000] {processor.py:161} INFO - Started process (PID=8979) to work on /opt/airflow/dags/kafka_stream.py
[2024-11-30T09:11:53.401+0000] {processor.py:830} INFO - Processing file /opt/airflow/dags/kafka_stream.py for tasks to queue
[2024-11-30T09:11:53.403+0000] {logging_mixin.py:188} INFO - [2024-11-30T09:11:53.402+0000] {dagbag.py:545} INFO - Filling up the DagBag from /opt/airflow/dags/kafka_stream.py
[2024-11-30T09:11:54.309+0000] {processor.py:840} INFO - DAG(s) 'weather_data_kafka_dag' retrieved from /opt/airflow/dags/kafka_stream.py
[2024-11-30T09:11:54.355+0000] {logging_mixin.py:188} INFO - [2024-11-30T09:11:54.355+0000] {dag.py:3089} INFO - Sync 1 DAGs
[2024-11-30T09:11:54.395+0000] {logging_mixin.py:188} INFO - [2024-11-30T09:11:54.394+0000] {dag.py:3947} INFO - Setting next_dagrun for weather_data_kafka_dag to 2024-11-30 09:00:00+00:00, run_after=2024-11-30 10:00:00+00:00
[2024-11-30T09:11:54.429+0000] {processor.py:183} INFO - Processing /opt/airflow/dags/kafka_stream.py took 1.045 seconds
[2024-11-30T09:12:24.658+0000] {processor.py:161} INFO - Started process (PID=8991) to work on /opt/airflow/dags/kafka_stream.py
[2024-11-30T09:12:24.660+0000] {processor.py:830} INFO - Processing file /opt/airflow/dags/kafka_stream.py for tasks to queue
[2024-11-30T09:12:24.661+0000] {logging_mixin.py:188} INFO - [2024-11-30T09:12:24.661+0000] {dagbag.py:545} INFO - Filling up the DagBag from /opt/airflow/dags/kafka_stream.py
[2024-11-30T09:12:25.698+0000] {processor.py:840} INFO - DAG(s) 'weather_data_kafka_dag' retrieved from /opt/airflow/dags/kafka_stream.py
[2024-11-30T09:12:25.747+0000] {logging_mixin.py:188} INFO - [2024-11-30T09:12:25.746+0000] {dag.py:3089} INFO - Sync 1 DAGs
[2024-11-30T09:12:25.794+0000] {logging_mixin.py:188} INFO - [2024-11-30T09:12:25.794+0000] {dag.py:3947} INFO - Setting next_dagrun for weather_data_kafka_dag to 2024-11-30 09:00:00+00:00, run_after=2024-11-30 10:00:00+00:00
[2024-11-30T09:12:25.839+0000] {processor.py:183} INFO - Processing /opt/airflow/dags/kafka_stream.py took 1.197 seconds
[2024-11-30T09:12:55.929+0000] {processor.py:161} INFO - Started process (PID=9003) to work on /opt/airflow/dags/kafka_stream.py
[2024-11-30T09:12:55.930+0000] {processor.py:830} INFO - Processing file /opt/airflow/dags/kafka_stream.py for tasks to queue
[2024-11-30T09:12:55.931+0000] {logging_mixin.py:188} INFO - [2024-11-30T09:12:55.931+0000] {dagbag.py:545} INFO - Filling up the DagBag from /opt/airflow/dags/kafka_stream.py
[2024-11-30T09:12:56.577+0000] {processor.py:840} INFO - DAG(s) 'weather_data_kafka_dag' retrieved from /opt/airflow/dags/kafka_stream.py
[2024-11-30T09:12:56.616+0000] {logging_mixin.py:188} INFO - [2024-11-30T09:12:56.615+0000] {dag.py:3089} INFO - Sync 1 DAGs
[2024-11-30T09:12:56.651+0000] {logging_mixin.py:188} INFO - [2024-11-30T09:12:56.650+0000] {dag.py:3947} INFO - Setting next_dagrun for weather_data_kafka_dag to 2024-11-30 09:00:00+00:00, run_after=2024-11-30 10:00:00+00:00
[2024-11-30T09:12:56.683+0000] {processor.py:183} INFO - Processing /opt/airflow/dags/kafka_stream.py took 0.763 seconds
[2024-11-30T09:13:27.613+0000] {processor.py:161} INFO - Started process (PID=9014) to work on /opt/airflow/dags/kafka_stream.py
[2024-11-30T09:13:27.615+0000] {processor.py:830} INFO - Processing file /opt/airflow/dags/kafka_stream.py for tasks to queue
[2024-11-30T09:13:27.627+0000] {logging_mixin.py:188} INFO - [2024-11-30T09:13:27.617+0000] {dagbag.py:545} INFO - Filling up the DagBag from /opt/airflow/dags/kafka_stream.py
[2024-11-30T09:13:30.416+0000] {processor.py:840} INFO - DAG(s) 'weather_data_kafka_dag' retrieved from /opt/airflow/dags/kafka_stream.py
[2024-11-30T09:13:30.541+0000] {logging_mixin.py:188} INFO - [2024-11-30T09:13:30.540+0000] {dag.py:3089} INFO - Sync 1 DAGs
[2024-11-30T09:13:30.633+0000] {logging_mixin.py:188} INFO - [2024-11-30T09:13:30.631+0000] {dag.py:3947} INFO - Setting next_dagrun for weather_data_kafka_dag to 2024-11-30 09:00:00+00:00, run_after=2024-11-30 10:00:00+00:00
[2024-11-30T09:13:30.734+0000] {processor.py:183} INFO - Processing /opt/airflow/dags/kafka_stream.py took 3.144 seconds
[2024-11-30T09:14:01.531+0000] {processor.py:161} INFO - Started process (PID=9027) to work on /opt/airflow/dags/kafka_stream.py
[2024-11-30T09:14:01.532+0000] {processor.py:830} INFO - Processing file /opt/airflow/dags/kafka_stream.py for tasks to queue
[2024-11-30T09:14:01.534+0000] {logging_mixin.py:188} INFO - [2024-11-30T09:14:01.534+0000] {dagbag.py:545} INFO - Filling up the DagBag from /opt/airflow/dags/kafka_stream.py
[2024-11-30T09:14:02.235+0000] {processor.py:840} INFO - DAG(s) 'weather_data_kafka_dag' retrieved from /opt/airflow/dags/kafka_stream.py
[2024-11-30T09:14:02.271+0000] {logging_mixin.py:188} INFO - [2024-11-30T09:14:02.270+0000] {dag.py:3089} INFO - Sync 1 DAGs
[2024-11-30T09:14:02.307+0000] {logging_mixin.py:188} INFO - [2024-11-30T09:14:02.306+0000] {dag.py:3947} INFO - Setting next_dagrun for weather_data_kafka_dag to 2024-11-30 09:00:00+00:00, run_after=2024-11-30 10:00:00+00:00
[2024-11-30T09:14:02.340+0000] {processor.py:183} INFO - Processing /opt/airflow/dags/kafka_stream.py took 0.821 seconds
[2024-11-30T09:14:32.725+0000] {processor.py:161} INFO - Started process (PID=9039) to work on /opt/airflow/dags/kafka_stream.py
[2024-11-30T09:14:32.727+0000] {processor.py:830} INFO - Processing file /opt/airflow/dags/kafka_stream.py for tasks to queue
[2024-11-30T09:14:32.729+0000] {logging_mixin.py:188} INFO - [2024-11-30T09:14:32.728+0000] {dagbag.py:545} INFO - Filling up the DagBag from /opt/airflow/dags/kafka_stream.py
[2024-11-30T09:14:33.417+0000] {processor.py:840} INFO - DAG(s) 'weather_data_kafka_dag' retrieved from /opt/airflow/dags/kafka_stream.py
[2024-11-30T09:14:33.455+0000] {logging_mixin.py:188} INFO - [2024-11-30T09:14:33.454+0000] {dag.py:3089} INFO - Sync 1 DAGs
[2024-11-30T09:14:33.491+0000] {logging_mixin.py:188} INFO - [2024-11-30T09:14:33.490+0000] {dag.py:3947} INFO - Setting next_dagrun for weather_data_kafka_dag to 2024-11-30 09:00:00+00:00, run_after=2024-11-30 10:00:00+00:00
[2024-11-30T09:14:33.523+0000] {processor.py:183} INFO - Processing /opt/airflow/dags/kafka_stream.py took 0.817 seconds
[2024-11-30T09:15:03.792+0000] {processor.py:161} INFO - Started process (PID=9051) to work on /opt/airflow/dags/kafka_stream.py
[2024-11-30T09:15:03.794+0000] {processor.py:830} INFO - Processing file /opt/airflow/dags/kafka_stream.py for tasks to queue
[2024-11-30T09:15:03.795+0000] {logging_mixin.py:188} INFO - [2024-11-30T09:15:03.795+0000] {dagbag.py:545} INFO - Filling up the DagBag from /opt/airflow/dags/kafka_stream.py
[2024-11-30T09:15:04.641+0000] {processor.py:840} INFO - DAG(s) 'weather_data_kafka_dag' retrieved from /opt/airflow/dags/kafka_stream.py
[2024-11-30T09:15:04.692+0000] {logging_mixin.py:188} INFO - [2024-11-30T09:15:04.691+0000] {dag.py:3089} INFO - Sync 1 DAGs
[2024-11-30T09:15:04.736+0000] {logging_mixin.py:188} INFO - [2024-11-30T09:15:04.735+0000] {dag.py:3947} INFO - Setting next_dagrun for weather_data_kafka_dag to 2024-11-30 09:00:00+00:00, run_after=2024-11-30 10:00:00+00:00
[2024-11-30T09:15:04.782+0000] {processor.py:183} INFO - Processing /opt/airflow/dags/kafka_stream.py took 0.998 seconds
[2024-11-30T09:15:35.081+0000] {processor.py:161} INFO - Started process (PID=9064) to work on /opt/airflow/dags/kafka_stream.py
[2024-11-30T09:15:35.083+0000] {processor.py:830} INFO - Processing file /opt/airflow/dags/kafka_stream.py for tasks to queue
[2024-11-30T09:15:35.085+0000] {logging_mixin.py:188} INFO - [2024-11-30T09:15:35.084+0000] {dagbag.py:545} INFO - Filling up the DagBag from /opt/airflow/dags/kafka_stream.py
[2024-11-30T09:15:36.118+0000] {processor.py:840} INFO - DAG(s) 'weather_data_kafka_dag' retrieved from /opt/airflow/dags/kafka_stream.py
[2024-11-30T09:15:36.171+0000] {logging_mixin.py:188} INFO - [2024-11-30T09:15:36.171+0000] {dag.py:3089} INFO - Sync 1 DAGs
[2024-11-30T09:15:36.228+0000] {logging_mixin.py:188} INFO - [2024-11-30T09:15:36.227+0000] {dag.py:3947} INFO - Setting next_dagrun for weather_data_kafka_dag to 2024-11-30 09:00:00+00:00, run_after=2024-11-30 10:00:00+00:00
[2024-11-30T09:15:36.272+0000] {processor.py:183} INFO - Processing /opt/airflow/dags/kafka_stream.py took 1.205 seconds
[2024-11-30T09:16:06.606+0000] {processor.py:161} INFO - Started process (PID=9077) to work on /opt/airflow/dags/kafka_stream.py
[2024-11-30T09:16:06.608+0000] {processor.py:830} INFO - Processing file /opt/airflow/dags/kafka_stream.py for tasks to queue
[2024-11-30T09:16:06.609+0000] {logging_mixin.py:188} INFO - [2024-11-30T09:16:06.609+0000] {dagbag.py:545} INFO - Filling up the DagBag from /opt/airflow/dags/kafka_stream.py
[2024-11-30T09:16:07.549+0000] {processor.py:840} INFO - DAG(s) 'weather_data_kafka_dag' retrieved from /opt/airflow/dags/kafka_stream.py
[2024-11-30T09:16:07.609+0000] {logging_mixin.py:188} INFO - [2024-11-30T09:16:07.608+0000] {dag.py:3089} INFO - Sync 1 DAGs
[2024-11-30T09:16:07.663+0000] {logging_mixin.py:188} INFO - [2024-11-30T09:16:07.662+0000] {dag.py:3947} INFO - Setting next_dagrun for weather_data_kafka_dag to 2024-11-30 09:00:00+00:00, run_after=2024-11-30 10:00:00+00:00
[2024-11-30T09:16:07.701+0000] {processor.py:183} INFO - Processing /opt/airflow/dags/kafka_stream.py took 1.103 seconds
[2024-11-30T09:16:37.847+0000] {processor.py:161} INFO - Started process (PID=9089) to work on /opt/airflow/dags/kafka_stream.py
[2024-11-30T09:16:37.848+0000] {processor.py:830} INFO - Processing file /opt/airflow/dags/kafka_stream.py for tasks to queue
[2024-11-30T09:16:37.851+0000] {logging_mixin.py:188} INFO - [2024-11-30T09:16:37.850+0000] {dagbag.py:545} INFO - Filling up the DagBag from /opt/airflow/dags/kafka_stream.py
[2024-11-30T09:16:38.609+0000] {processor.py:840} INFO - DAG(s) 'weather_data_kafka_dag' retrieved from /opt/airflow/dags/kafka_stream.py
[2024-11-30T09:16:38.672+0000] {logging_mixin.py:188} INFO - [2024-11-30T09:16:38.671+0000] {dag.py:3089} INFO - Sync 1 DAGs
[2024-11-30T09:16:38.744+0000] {logging_mixin.py:188} INFO - [2024-11-30T09:16:38.743+0000] {dag.py:3947} INFO - Setting next_dagrun for weather_data_kafka_dag to 2024-11-30 09:00:00+00:00, run_after=2024-11-30 10:00:00+00:00
[2024-11-30T09:16:38.795+0000] {processor.py:183} INFO - Processing /opt/airflow/dags/kafka_stream.py took 0.960 seconds
[2024-11-30T09:17:09.372+0000] {processor.py:161} INFO - Started process (PID=9101) to work on /opt/airflow/dags/kafka_stream.py
[2024-11-30T09:17:09.373+0000] {processor.py:830} INFO - Processing file /opt/airflow/dags/kafka_stream.py for tasks to queue
[2024-11-30T09:17:09.375+0000] {logging_mixin.py:188} INFO - [2024-11-30T09:17:09.374+0000] {dagbag.py:545} INFO - Filling up the DagBag from /opt/airflow/dags/kafka_stream.py
[2024-11-30T09:17:10.703+0000] {processor.py:840} INFO - DAG(s) 'weather_data_kafka_dag' retrieved from /opt/airflow/dags/kafka_stream.py
[2024-11-30T09:17:10.839+0000] {logging_mixin.py:188} INFO - [2024-11-30T09:17:10.838+0000] {dag.py:3089} INFO - Sync 1 DAGs
[2024-11-30T09:17:10.966+0000] {logging_mixin.py:188} INFO - [2024-11-30T09:17:10.965+0000] {dag.py:3947} INFO - Setting next_dagrun for weather_data_kafka_dag to 2024-11-30 09:00:00+00:00, run_after=2024-11-30 10:00:00+00:00
[2024-11-30T09:17:11.031+0000] {processor.py:183} INFO - Processing /opt/airflow/dags/kafka_stream.py took 1.671 seconds
[2024-11-30T09:17:41.375+0000] {processor.py:161} INFO - Started process (PID=9113) to work on /opt/airflow/dags/kafka_stream.py
[2024-11-30T09:17:41.377+0000] {processor.py:830} INFO - Processing file /opt/airflow/dags/kafka_stream.py for tasks to queue
[2024-11-30T09:17:41.379+0000] {logging_mixin.py:188} INFO - [2024-11-30T09:17:41.378+0000] {dagbag.py:545} INFO - Filling up the DagBag from /opt/airflow/dags/kafka_stream.py
[2024-11-30T09:17:42.107+0000] {processor.py:840} INFO - DAG(s) 'weather_data_kafka_dag' retrieved from /opt/airflow/dags/kafka_stream.py
[2024-11-30T09:17:42.144+0000] {logging_mixin.py:188} INFO - [2024-11-30T09:17:42.143+0000] {dag.py:3089} INFO - Sync 1 DAGs
[2024-11-30T09:17:42.177+0000] {logging_mixin.py:188} INFO - [2024-11-30T09:17:42.177+0000] {dag.py:3947} INFO - Setting next_dagrun for weather_data_kafka_dag to 2024-11-30 09:00:00+00:00, run_after=2024-11-30 10:00:00+00:00
[2024-11-30T09:17:42.211+0000] {processor.py:183} INFO - Processing /opt/airflow/dags/kafka_stream.py took 0.847 seconds
[2024-11-30T09:18:12.301+0000] {processor.py:161} INFO - Started process (PID=9125) to work on /opt/airflow/dags/kafka_stream.py
[2024-11-30T09:18:12.302+0000] {processor.py:830} INFO - Processing file /opt/airflow/dags/kafka_stream.py for tasks to queue
[2024-11-30T09:18:12.304+0000] {logging_mixin.py:188} INFO - [2024-11-30T09:18:12.303+0000] {dagbag.py:545} INFO - Filling up the DagBag from /opt/airflow/dags/kafka_stream.py
[2024-11-30T09:18:13.325+0000] {processor.py:840} INFO - DAG(s) 'weather_data_kafka_dag' retrieved from /opt/airflow/dags/kafka_stream.py
[2024-11-30T09:18:13.370+0000] {logging_mixin.py:188} INFO - [2024-11-30T09:18:13.370+0000] {dag.py:3089} INFO - Sync 1 DAGs
[2024-11-30T09:18:13.408+0000] {logging_mixin.py:188} INFO - [2024-11-30T09:18:13.408+0000] {dag.py:3947} INFO - Setting next_dagrun for weather_data_kafka_dag to 2024-11-30 09:00:00+00:00, run_after=2024-11-30 10:00:00+00:00
[2024-11-30T09:18:13.601+0000] {processor.py:183} INFO - Processing /opt/airflow/dags/kafka_stream.py took 1.308 seconds
[2024-11-30T09:18:43.861+0000] {processor.py:161} INFO - Started process (PID=9136) to work on /opt/airflow/dags/kafka_stream.py
[2024-11-30T09:18:43.862+0000] {processor.py:830} INFO - Processing file /opt/airflow/dags/kafka_stream.py for tasks to queue
[2024-11-30T09:18:43.864+0000] {logging_mixin.py:188} INFO - [2024-11-30T09:18:43.864+0000] {dagbag.py:545} INFO - Filling up the DagBag from /opt/airflow/dags/kafka_stream.py
[2024-11-30T09:18:44.857+0000] {processor.py:840} INFO - DAG(s) 'weather_data_kafka_dag' retrieved from /opt/airflow/dags/kafka_stream.py
[2024-11-30T09:18:44.905+0000] {logging_mixin.py:188} INFO - [2024-11-30T09:18:44.904+0000] {dag.py:3089} INFO - Sync 1 DAGs
[2024-11-30T09:18:44.945+0000] {logging_mixin.py:188} INFO - [2024-11-30T09:18:44.945+0000] {dag.py:3947} INFO - Setting next_dagrun for weather_data_kafka_dag to 2024-11-30 09:00:00+00:00, run_after=2024-11-30 10:00:00+00:00
[2024-11-30T09:18:44.978+0000] {processor.py:183} INFO - Processing /opt/airflow/dags/kafka_stream.py took 1.127 seconds
[2024-11-30T09:19:15.120+0000] {processor.py:161} INFO - Started process (PID=9149) to work on /opt/airflow/dags/kafka_stream.py
[2024-11-30T09:19:15.122+0000] {processor.py:830} INFO - Processing file /opt/airflow/dags/kafka_stream.py for tasks to queue
[2024-11-30T09:19:15.123+0000] {logging_mixin.py:188} INFO - [2024-11-30T09:19:15.123+0000] {dagbag.py:545} INFO - Filling up the DagBag from /opt/airflow/dags/kafka_stream.py
[2024-11-30T09:19:15.950+0000] {processor.py:840} INFO - DAG(s) 'weather_data_kafka_dag' retrieved from /opt/airflow/dags/kafka_stream.py
[2024-11-30T09:19:16.001+0000] {logging_mixin.py:188} INFO - [2024-11-30T09:19:16.000+0000] {dag.py:3089} INFO - Sync 1 DAGs
[2024-11-30T09:19:16.060+0000] {logging_mixin.py:188} INFO - [2024-11-30T09:19:16.059+0000] {dag.py:3947} INFO - Setting next_dagrun for weather_data_kafka_dag to 2024-11-30 09:00:00+00:00, run_after=2024-11-30 10:00:00+00:00
[2024-11-30T09:19:16.205+0000] {processor.py:183} INFO - Processing /opt/airflow/dags/kafka_stream.py took 1.095 seconds
[2024-11-30T09:19:46.487+0000] {processor.py:161} INFO - Started process (PID=9161) to work on /opt/airflow/dags/kafka_stream.py
[2024-11-30T09:19:46.488+0000] {processor.py:830} INFO - Processing file /opt/airflow/dags/kafka_stream.py for tasks to queue
[2024-11-30T09:19:46.490+0000] {logging_mixin.py:188} INFO - [2024-11-30T09:19:46.489+0000] {dagbag.py:545} INFO - Filling up the DagBag from /opt/airflow/dags/kafka_stream.py
[2024-11-30T09:19:47.435+0000] {processor.py:840} INFO - DAG(s) 'weather_data_kafka_dag' retrieved from /opt/airflow/dags/kafka_stream.py
[2024-11-30T09:19:47.473+0000] {logging_mixin.py:188} INFO - [2024-11-30T09:19:47.473+0000] {dag.py:3089} INFO - Sync 1 DAGs
[2024-11-30T09:19:47.506+0000] {logging_mixin.py:188} INFO - [2024-11-30T09:19:47.506+0000] {dag.py:3947} INFO - Setting next_dagrun for weather_data_kafka_dag to 2024-11-30 09:00:00+00:00, run_after=2024-11-30 10:00:00+00:00
[2024-11-30T09:19:47.555+0000] {processor.py:183} INFO - Processing /opt/airflow/dags/kafka_stream.py took 1.077 seconds
[2024-11-30T09:20:17.729+0000] {processor.py:161} INFO - Started process (PID=9173) to work on /opt/airflow/dags/kafka_stream.py
[2024-11-30T09:20:17.730+0000] {processor.py:830} INFO - Processing file /opt/airflow/dags/kafka_stream.py for tasks to queue
[2024-11-30T09:20:17.732+0000] {logging_mixin.py:188} INFO - [2024-11-30T09:20:17.732+0000] {dagbag.py:545} INFO - Filling up the DagBag from /opt/airflow/dags/kafka_stream.py
[2024-11-30T09:20:18.540+0000] {processor.py:840} INFO - DAG(s) 'weather_data_kafka_dag' retrieved from /opt/airflow/dags/kafka_stream.py
[2024-11-30T09:20:18.578+0000] {logging_mixin.py:188} INFO - [2024-11-30T09:20:18.577+0000] {dag.py:3089} INFO - Sync 1 DAGs
[2024-11-30T09:20:18.610+0000] {logging_mixin.py:188} INFO - [2024-11-30T09:20:18.610+0000] {dag.py:3947} INFO - Setting next_dagrun for weather_data_kafka_dag to 2024-11-30 09:00:00+00:00, run_after=2024-11-30 10:00:00+00:00
[2024-11-30T09:20:18.842+0000] {processor.py:183} INFO - Processing /opt/airflow/dags/kafka_stream.py took 1.121 seconds
[2024-11-30T09:20:49.173+0000] {processor.py:161} INFO - Started process (PID=9186) to work on /opt/airflow/dags/kafka_stream.py
[2024-11-30T09:20:49.175+0000] {processor.py:830} INFO - Processing file /opt/airflow/dags/kafka_stream.py for tasks to queue
[2024-11-30T09:20:49.177+0000] {logging_mixin.py:188} INFO - [2024-11-30T09:20:49.176+0000] {dagbag.py:545} INFO - Filling up the DagBag from /opt/airflow/dags/kafka_stream.py
[2024-11-30T09:20:51.192+0000] {processor.py:840} INFO - DAG(s) 'weather_data_kafka_dag' retrieved from /opt/airflow/dags/kafka_stream.py
[2024-11-30T09:20:51.286+0000] {logging_mixin.py:188} INFO - [2024-11-30T09:20:51.285+0000] {dag.py:3089} INFO - Sync 1 DAGs
[2024-11-30T09:20:51.354+0000] {logging_mixin.py:188} INFO - [2024-11-30T09:20:51.347+0000] {dag.py:3947} INFO - Setting next_dagrun for weather_data_kafka_dag to 2024-11-30 09:00:00+00:00, run_after=2024-11-30 10:00:00+00:00
[2024-11-30T09:20:51.416+0000] {processor.py:183} INFO - Processing /opt/airflow/dags/kafka_stream.py took 2.257 seconds
[2024-11-30T09:20:55.392+0000] {processor.py:161} INFO - Started process (PID=9198) to work on /opt/airflow/dags/kafka_stream.py
[2024-11-30T09:20:55.394+0000] {processor.py:830} INFO - Processing file /opt/airflow/dags/kafka_stream.py for tasks to queue
[2024-11-30T09:20:55.396+0000] {logging_mixin.py:188} INFO - [2024-11-30T09:20:55.395+0000] {dagbag.py:545} INFO - Filling up the DagBag from /opt/airflow/dags/kafka_stream.py
[2024-11-30T09:20:58.231+0000] {processor.py:840} INFO - DAG(s) 'weather_data_kafka_dag' retrieved from /opt/airflow/dags/kafka_stream.py
[2024-11-30T09:20:58.433+0000] {logging_mixin.py:188} INFO - [2024-11-30T09:20:58.432+0000] {dag.py:3089} INFO - Sync 1 DAGs
[2024-11-30T09:20:58.595+0000] {logging_mixin.py:188} INFO - [2024-11-30T09:20:58.595+0000] {dag.py:3947} INFO - Setting next_dagrun for weather_data_kafka_dag to 2024-11-30 09:00:00+00:00, run_after=2024-11-30 10:00:00+00:00
[2024-11-30T09:20:58.817+0000] {processor.py:183} INFO - Processing /opt/airflow/dags/kafka_stream.py took 3.439 seconds
[2024-11-30T09:20:59.720+0000] {processor.py:161} INFO - Started process (PID=9204) to work on /opt/airflow/dags/kafka_stream.py
[2024-11-30T09:20:59.724+0000] {processor.py:830} INFO - Processing file /opt/airflow/dags/kafka_stream.py for tasks to queue
[2024-11-30T09:20:59.726+0000] {logging_mixin.py:188} INFO - [2024-11-30T09:20:59.725+0000] {dagbag.py:545} INFO - Filling up the DagBag from /opt/airflow/dags/kafka_stream.py
[2024-11-30T09:21:03.198+0000] {processor.py:840} INFO - DAG(s) 'weather_data_kafka_dag' retrieved from /opt/airflow/dags/kafka_stream.py
[2024-11-30T09:21:03.321+0000] {logging_mixin.py:188} INFO - [2024-11-30T09:21:03.320+0000] {dag.py:3089} INFO - Sync 1 DAGs
[2024-11-30T09:21:03.415+0000] {logging_mixin.py:188} INFO - [2024-11-30T09:21:03.415+0000] {dag.py:3947} INFO - Setting next_dagrun for weather_data_kafka_dag to 2024-11-30 09:00:00+00:00, run_after=2024-11-30 10:00:00+00:00
[2024-11-30T09:21:03.519+0000] {processor.py:183} INFO - Processing /opt/airflow/dags/kafka_stream.py took 3.816 seconds
[2024-11-30T09:21:34.037+0000] {processor.py:161} INFO - Started process (PID=9215) to work on /opt/airflow/dags/kafka_stream.py
[2024-11-30T09:21:34.038+0000] {processor.py:830} INFO - Processing file /opt/airflow/dags/kafka_stream.py for tasks to queue
[2024-11-30T09:21:34.040+0000] {logging_mixin.py:188} INFO - [2024-11-30T09:21:34.039+0000] {dagbag.py:545} INFO - Filling up the DagBag from /opt/airflow/dags/kafka_stream.py
[2024-11-30T09:21:34.855+0000] {processor.py:840} INFO - DAG(s) 'weather_data_kafka_dag' retrieved from /opt/airflow/dags/kafka_stream.py
[2024-11-30T09:21:34.893+0000] {logging_mixin.py:188} INFO - [2024-11-30T09:21:34.892+0000] {dag.py:3089} INFO - Sync 1 DAGs
[2024-11-30T09:21:34.930+0000] {logging_mixin.py:188} INFO - [2024-11-30T09:21:34.929+0000] {dag.py:3947} INFO - Setting next_dagrun for weather_data_kafka_dag to 2024-11-30 09:00:00+00:00, run_after=2024-11-30 10:00:00+00:00
[2024-11-30T09:21:34.959+0000] {processor.py:183} INFO - Processing /opt/airflow/dags/kafka_stream.py took 0.932 seconds
[2024-11-30T09:22:05.383+0000] {processor.py:161} INFO - Started process (PID=9227) to work on /opt/airflow/dags/kafka_stream.py
[2024-11-30T09:22:05.386+0000] {processor.py:830} INFO - Processing file /opt/airflow/dags/kafka_stream.py for tasks to queue
[2024-11-30T09:22:05.388+0000] {logging_mixin.py:188} INFO - [2024-11-30T09:22:05.387+0000] {dagbag.py:545} INFO - Filling up the DagBag from /opt/airflow/dags/kafka_stream.py
[2024-11-30T09:22:06.652+0000] {processor.py:840} INFO - DAG(s) 'weather_data_kafka_dag' retrieved from /opt/airflow/dags/kafka_stream.py
[2024-11-30T09:22:06.732+0000] {logging_mixin.py:188} INFO - [2024-11-30T09:22:06.731+0000] {dag.py:3089} INFO - Sync 1 DAGs
[2024-11-30T09:22:06.823+0000] {logging_mixin.py:188} INFO - [2024-11-30T09:22:06.820+0000] {dag.py:3947} INFO - Setting next_dagrun for weather_data_kafka_dag to 2024-11-30 09:00:00+00:00, run_after=2024-11-30 10:00:00+00:00
[2024-11-30T09:22:06.866+0000] {processor.py:183} INFO - Processing /opt/airflow/dags/kafka_stream.py took 1.498 seconds
[2024-11-30T09:22:37.308+0000] {processor.py:161} INFO - Started process (PID=9239) to work on /opt/airflow/dags/kafka_stream.py
[2024-11-30T09:22:37.309+0000] {processor.py:830} INFO - Processing file /opt/airflow/dags/kafka_stream.py for tasks to queue
[2024-11-30T09:22:37.312+0000] {logging_mixin.py:188} INFO - [2024-11-30T09:22:37.311+0000] {dagbag.py:545} INFO - Filling up the DagBag from /opt/airflow/dags/kafka_stream.py
[2024-11-30T09:22:38.040+0000] {processor.py:840} INFO - DAG(s) 'weather_data_kafka_dag' retrieved from /opt/airflow/dags/kafka_stream.py
[2024-11-30T09:22:38.081+0000] {logging_mixin.py:188} INFO - [2024-11-30T09:22:38.080+0000] {dag.py:3089} INFO - Sync 1 DAGs
[2024-11-30T09:22:38.310+0000] {logging_mixin.py:188} INFO - [2024-11-30T09:22:38.310+0000] {dag.py:3947} INFO - Setting next_dagrun for weather_data_kafka_dag to 2024-11-30 09:00:00+00:00, run_after=2024-11-30 10:00:00+00:00
[2024-11-30T09:22:38.340+0000] {processor.py:183} INFO - Processing /opt/airflow/dags/kafka_stream.py took 1.042 seconds
[2024-11-30T09:22:47.589+0000] {processor.py:161} INFO - Started process (PID=9245) to work on /opt/airflow/dags/kafka_stream.py
[2024-11-30T09:22:47.590+0000] {processor.py:830} INFO - Processing file /opt/airflow/dags/kafka_stream.py for tasks to queue
[2024-11-30T09:22:47.592+0000] {logging_mixin.py:188} INFO - [2024-11-30T09:22:47.591+0000] {dagbag.py:545} INFO - Filling up the DagBag from /opt/airflow/dags/kafka_stream.py
[2024-11-30T09:22:48.469+0000] {processor.py:840} INFO - DAG(s) 'weather_data_kafka_dag' retrieved from /opt/airflow/dags/kafka_stream.py
[2024-11-30T09:22:48.511+0000] {logging_mixin.py:188} INFO - [2024-11-30T09:22:48.511+0000] {dag.py:3089} INFO - Sync 1 DAGs
[2024-11-30T09:22:48.739+0000] {logging_mixin.py:188} INFO - [2024-11-30T09:22:48.738+0000] {dag.py:3947} INFO - Setting next_dagrun for weather_data_kafka_dag to 2024-11-30 09:00:00+00:00, run_after=2024-11-30 10:00:00+00:00
[2024-11-30T09:22:48.783+0000] {processor.py:183} INFO - Processing /opt/airflow/dags/kafka_stream.py took 1.202 seconds
[2024-11-30T09:23:19.032+0000] {processor.py:161} INFO - Started process (PID=9257) to work on /opt/airflow/dags/kafka_stream.py
[2024-11-30T09:23:19.033+0000] {processor.py:830} INFO - Processing file /opt/airflow/dags/kafka_stream.py for tasks to queue
[2024-11-30T09:23:19.034+0000] {logging_mixin.py:188} INFO - [2024-11-30T09:23:19.034+0000] {dagbag.py:545} INFO - Filling up the DagBag from /opt/airflow/dags/kafka_stream.py
[2024-11-30T09:23:19.712+0000] {processor.py:840} INFO - DAG(s) 'weather_data_kafka_dag' retrieved from /opt/airflow/dags/kafka_stream.py
[2024-11-30T09:23:19.796+0000] {logging_mixin.py:188} INFO - [2024-11-30T09:23:19.795+0000] {dag.py:3089} INFO - Sync 1 DAGs
[2024-11-30T09:23:19.830+0000] {logging_mixin.py:188} INFO - [2024-11-30T09:23:19.830+0000] {dag.py:3947} INFO - Setting next_dagrun for weather_data_kafka_dag to 2024-11-30 09:00:00+00:00, run_after=2024-11-30 10:00:00+00:00
[2024-11-30T09:23:19.862+0000] {processor.py:183} INFO - Processing /opt/airflow/dags/kafka_stream.py took 0.840 seconds
[2024-11-30T09:23:50.235+0000] {processor.py:161} INFO - Started process (PID=9269) to work on /opt/airflow/dags/kafka_stream.py
[2024-11-30T09:23:50.236+0000] {processor.py:830} INFO - Processing file /opt/airflow/dags/kafka_stream.py for tasks to queue
[2024-11-30T09:23:50.238+0000] {logging_mixin.py:188} INFO - [2024-11-30T09:23:50.237+0000] {dagbag.py:545} INFO - Filling up the DagBag from /opt/airflow/dags/kafka_stream.py
[2024-11-30T09:23:51.382+0000] {processor.py:840} INFO - DAG(s) 'weather_data_kafka_dag' retrieved from /opt/airflow/dags/kafka_stream.py
[2024-11-30T09:23:51.421+0000] {logging_mixin.py:188} INFO - [2024-11-30T09:23:51.420+0000] {dag.py:3089} INFO - Sync 1 DAGs
[2024-11-30T09:23:51.453+0000] {logging_mixin.py:188} INFO - [2024-11-30T09:23:51.453+0000] {dag.py:3947} INFO - Setting next_dagrun for weather_data_kafka_dag to 2024-11-30 09:00:00+00:00, run_after=2024-11-30 10:00:00+00:00
[2024-11-30T09:23:51.486+0000] {processor.py:183} INFO - Processing /opt/airflow/dags/kafka_stream.py took 1.262 seconds
