[2024-12-03T20:27:55.814+0000] {local_task_job_runner.py:120} INFO - ::group::Pre task execution logs
[2024-12-03T20:27:55.861+0000] {taskinstance.py:2076} INFO - Dependencies all met for dep_context=non-requeueable deps ti=<TaskInstance: weather_data_kafka_dag.copy_openmeteo manual__2024-12-03T20:26:53.250868+00:00 [queued]>
[2024-12-03T20:27:55.877+0000] {taskinstance.py:2076} INFO - Dependencies all met for dep_context=requeueable deps ti=<TaskInstance: weather_data_kafka_dag.copy_openmeteo manual__2024-12-03T20:26:53.250868+00:00 [queued]>
[2024-12-03T20:27:55.878+0000] {taskinstance.py:2306} INFO - Starting attempt 1 of 4
[2024-12-03T20:27:55.903+0000] {taskinstance.py:2330} INFO - Executing <Task(BashOperator): copy_openmeteo> on 2024-12-03 20:26:53.250868+00:00
[2024-12-03T20:27:55.913+0000] {logging_mixin.py:188} WARNING - /home/***/.local/lib/python3.12/site-packages/***/task/task_runner/standard_task_runner.py:62 DeprecationWarning: This process (pid=4233) is multi-threaded, use of fork() may lead to deadlocks in the child.
[2024-12-03T20:27:55.913+0000] {standard_task_runner.py:90} INFO - Running: ['***', 'tasks', 'run', 'weather_data_kafka_dag', 'copy_openmeteo', 'manual__2024-12-03T20:26:53.250868+00:00', '--job-id', '803', '--raw', '--subdir', 'DAGS_FOLDER/kafka_stream.py', '--cfg-path', '/tmp/tmpmn00z8kj']
[2024-12-03T20:27:55.916+0000] {standard_task_runner.py:64} INFO - Started process 4238 to run task
[2024-12-03T20:27:55.917+0000] {standard_task_runner.py:91} INFO - Job 803: Subtask copy_openmeteo
[2024-12-03T20:27:55.987+0000] {task_command.py:426} INFO - Running <TaskInstance: weather_data_kafka_dag.copy_openmeteo manual__2024-12-03T20:26:53.250868+00:00 [running]> on host 0f9edd113eb4
[2024-12-03T20:27:56.192+0000] {taskinstance.py:2648} INFO - Exporting env vars: AIRFLOW_CTX_DAG_OWNER='admin' AIRFLOW_CTX_DAG_ID='weather_data_kafka_dag' AIRFLOW_CTX_TASK_ID='copy_openmeteo' AIRFLOW_CTX_EXECUTION_DATE='2024-12-03T20:26:53.250868+00:00' AIRFLOW_CTX_TRY_NUMBER='1' AIRFLOW_CTX_DAG_RUN_ID='manual__2024-12-03T20:26:53.250868+00:00'
[2024-12-03T20:27:56.196+0000] {taskinstance.py:430} INFO - ::endgroup::
[2024-12-03T20:27:56.228+0000] {subprocess.py:63} INFO - Tmp dir root location: /tmp
[2024-12-03T20:27:56.230+0000] {subprocess.py:75} INFO - Running command: ['/usr/bin/bash', '-c', 'docker cp /opt/***/data/parquet_files/openmeteo_data.parquet spark-master:/openmeteo_data.parquet']
[2024-12-03T20:27:56.248+0000] {subprocess.py:86} INFO - Output:
[2024-12-03T20:27:56.356+0000] {subprocess.py:97} INFO - Command exited with return code 0
[2024-12-03T20:27:56.360+0000] {taskinstance.py:441} INFO - ::group::Post task execution logs
[2024-12-03T20:27:56.415+0000] {taskinstance.py:1206} INFO - Marking task as SUCCESS. dag_id=weather_data_kafka_dag, task_id=copy_openmeteo, run_id=manual__2024-12-03T20:26:53.250868+00:00, execution_date=20241203T202653, start_date=20241203T202755, end_date=20241203T202756
[2024-12-03T20:27:56.494+0000] {local_task_job_runner.py:243} INFO - Task exited with return code 0
[2024-12-03T20:27:56.523+0000] {taskinstance.py:3503} INFO - 0 downstream tasks scheduled from follow-on schedule check
[2024-12-03T20:27:56.527+0000] {local_task_job_runner.py:222} INFO - ::endgroup::
