[2024-11-30T10:43:48.758+0000] {local_task_job_runner.py:120} INFO - ::group::Pre task execution logs
[2024-11-30T10:43:48.840+0000] {taskinstance.py:2076} INFO - Dependencies all met for dep_context=non-requeueable deps ti=<TaskInstance: weather_data_kafka_dag.store_openweathermap_data manual__2024-11-29T22:53:11.511432+00:00 [queued]>
[2024-11-30T10:43:48.858+0000] {taskinstance.py:2076} INFO - Dependencies all met for dep_context=requeueable deps ti=<TaskInstance: weather_data_kafka_dag.store_openweathermap_data manual__2024-11-29T22:53:11.511432+00:00 [queued]>
[2024-11-30T10:43:48.859+0000] {taskinstance.py:2306} INFO - Starting attempt 2 of 4
[2024-11-30T10:43:48.904+0000] {taskinstance.py:2330} INFO - Executing <Task(PythonOperator): store_openweathermap_data> on 2024-11-29 22:53:11.511432+00:00
[2024-11-30T10:43:48.920+0000] {standard_task_runner.py:90} INFO - Running: ['***', 'tasks', 'run', 'weather_data_kafka_dag', 'store_openweathermap_data', 'manual__2024-11-29T22:53:11.511432+00:00', '--job-id', '112', '--raw', '--subdir', 'DAGS_FOLDER/kafka_stream.py', '--cfg-path', '/tmp/tmpuw3xxouf']
[2024-11-30T10:43:48.925+0000] {standard_task_runner.py:91} INFO - Job 112: Subtask store_openweathermap_data
[2024-11-30T10:43:48.933+0000] {logging_mixin.py:188} WARNING - /home/***/.local/lib/python3.12/site-packages/***/task/task_runner/standard_task_runner.py:62 DeprecationWarning: This process (pid=196) is multi-threaded, use of fork() may lead to deadlocks in the child.
[2024-11-30T10:43:48.935+0000] {standard_task_runner.py:64} INFO - Started process 207 to run task
[2024-11-30T10:43:49.023+0000] {task_command.py:426} INFO - Running <TaskInstance: weather_data_kafka_dag.store_openweathermap_data manual__2024-11-29T22:53:11.511432+00:00 [running]> on host 3f1fd27be0e9
[2024-11-30T10:43:49.272+0000] {taskinstance.py:2648} INFO - Exporting env vars: AIRFLOW_CTX_DAG_OWNER='admin' AIRFLOW_CTX_DAG_ID='weather_data_kafka_dag' AIRFLOW_CTX_TASK_ID='store_openweathermap_data' AIRFLOW_CTX_EXECUTION_DATE='2024-11-29T22:53:11.511432+00:00' AIRFLOW_CTX_TRY_NUMBER='2' AIRFLOW_CTX_DAG_RUN_ID='manual__2024-11-29T22:53:11.511432+00:00'
[2024-11-30T10:43:49.278+0000] {taskinstance.py:430} INFO - ::endgroup::
[2024-11-30T10:43:52.732+0000] {conn.py:1276} WARNING - DNS lookup failed for broker:9092, exception was [Errno -2] Name or service not known. Is your advertised.listeners (called advertised.host.name before Kafka 9) correct and resolvable?
[2024-11-30T10:43:52.734+0000] {conn.py:297} ERROR - DNS lookup failed for broker:9092 (0)
[2024-11-30T10:43:52.736+0000] {conn.py:957} INFO - Probing node bootstrap-0 broker version
[2024-11-30T10:43:59.696+0000] {conn.py:1276} WARNING - DNS lookup failed for broker:9092, exception was [Errno -2] Name or service not known. Is your advertised.listeners (called advertised.host.name before Kafka 9) correct and resolvable?
[2024-11-30T10:43:59.697+0000] {conn.py:297} ERROR - DNS lookup failed for broker:9092 (0)
[2024-11-30T10:43:59.698+0000] {kafka_stream.py:193} ERROR - Error reading from Kafka topic openweathermap_raw: NoBrokersAvailable
[2024-11-30T10:43:59.699+0000] {python.py:237} INFO - Done. Returned value was: None
[2024-11-30T10:43:59.700+0000] {taskinstance.py:441} INFO - ::group::Post task execution logs
[2024-11-30T10:43:59.720+0000] {taskinstance.py:1206} INFO - Marking task as SUCCESS. dag_id=weather_data_kafka_dag, task_id=store_openweathermap_data, run_id=manual__2024-11-29T22:53:11.511432+00:00, execution_date=20241129T225311, start_date=20241130T104348, end_date=20241130T104359
[2024-11-30T10:43:59.867+0000] {local_task_job_runner.py:243} INFO - Task exited with return code 0
[2024-11-30T10:43:59.896+0000] {taskinstance.py:3503} INFO - 0 downstream tasks scheduled from follow-on schedule check
[2024-11-30T10:44:00.004+0000] {local_task_job_runner.py:222} INFO - ::endgroup::
