[2024-11-27T23:24:39.665+0000] {local_task_job_runner.py:120} INFO - ::group::Pre task execution logs
[2024-11-27T23:24:39.697+0000] {taskinstance.py:2076} INFO - Dependencies all met for dep_context=non-requeueable deps ti=<TaskInstance: weather_data_kafka_dag.run_spark_kafka_to_parquet scheduled__2024-11-27T22:00:00+00:00 [queued]>
[2024-11-27T23:24:39.705+0000] {taskinstance.py:2076} INFO - Dependencies all met for dep_context=requeueable deps ti=<TaskInstance: weather_data_kafka_dag.run_spark_kafka_to_parquet scheduled__2024-11-27T22:00:00+00:00 [queued]>
[2024-11-27T23:24:39.706+0000] {taskinstance.py:2306} INFO - Starting attempt 3 of 4
[2024-11-27T23:24:39.719+0000] {taskinstance.py:2330} INFO - Executing <Task(BashOperator): run_spark_kafka_to_parquet> on 2024-11-27 22:00:00+00:00
[2024-11-27T23:24:39.727+0000] {logging_mixin.py:188} WARNING - /home/***/.local/lib/python3.12/site-packages/***/task/task_runner/standard_task_runner.py:62 DeprecationWarning: This process (pid=4612) is multi-threaded, use of fork() may lead to deadlocks in the child.
[2024-11-27T23:24:39.726+0000] {standard_task_runner.py:90} INFO - Running: ['***', 'tasks', 'run', 'weather_data_kafka_dag', 'run_spark_kafka_to_parquet', 'scheduled__2024-11-27T22:00:00+00:00', '--job-id', '39', '--raw', '--subdir', 'DAGS_FOLDER/kafka_stream.py', '--cfg-path', '/tmp/tmpv56j_baw']
[2024-11-27T23:24:39.728+0000] {standard_task_runner.py:64} INFO - Started process 4613 to run task
[2024-11-27T23:24:39.729+0000] {standard_task_runner.py:91} INFO - Job 39: Subtask run_spark_kafka_to_parquet
[2024-11-27T23:24:39.772+0000] {task_command.py:426} INFO - Running <TaskInstance: weather_data_kafka_dag.run_spark_kafka_to_parquet scheduled__2024-11-27T22:00:00+00:00 [running]> on host cc9ad6cea7ef
[2024-11-27T23:24:39.848+0000] {taskinstance.py:2648} INFO - Exporting env vars: AIRFLOW_CTX_DAG_OWNER='admin' AIRFLOW_CTX_DAG_ID='weather_data_kafka_dag' AIRFLOW_CTX_TASK_ID='run_spark_kafka_to_parquet' AIRFLOW_CTX_EXECUTION_DATE='2024-11-27T22:00:00+00:00' AIRFLOW_CTX_TRY_NUMBER='3' AIRFLOW_CTX_DAG_RUN_ID='scheduled__2024-11-27T22:00:00+00:00'
[2024-11-27T23:24:39.849+0000] {taskinstance.py:430} INFO - ::endgroup::
[2024-11-27T23:24:39.861+0000] {subprocess.py:63} INFO - Tmp dir root location: /tmp
[2024-11-27T23:24:39.862+0000] {subprocess.py:75} INFO - Running command: ['/usr/bin/bash', '-c', 'spark-submit ./kafka_to_parquet.py']
[2024-11-27T23:24:39.870+0000] {subprocess.py:86} INFO - Output:
[2024-11-27T23:24:39.871+0000] {subprocess.py:93} INFO - /usr/bin/bash: line 1: spark-submit: command not found
[2024-11-27T23:24:39.872+0000] {subprocess.py:97} INFO - Command exited with return code 127
[2024-11-27T23:24:39.873+0000] {taskinstance.py:441} INFO - ::group::Post task execution logs
[2024-11-27T23:24:39.882+0000] {taskinstance.py:2905} ERROR - Task failed with exception
Traceback (most recent call last):
  File "/home/airflow/.local/lib/python3.12/site-packages/airflow/models/taskinstance.py", line 465, in _execute_task
    result = _execute_callable(context=context, **execute_callable_kwargs)
             ^^^^^^^^^^^^^^^^^^^^^^^^^^^^^^^^^^^^^^^^^^^^^^^^^^^^^^^^^^^^^
  File "/home/airflow/.local/lib/python3.12/site-packages/airflow/models/taskinstance.py", line 432, in _execute_callable
    return execute_callable(context=context, **execute_callable_kwargs)
           ^^^^^^^^^^^^^^^^^^^^^^^^^^^^^^^^^^^^^^^^^^^^^^^^^^^^^^^^^^^^
  File "/home/airflow/.local/lib/python3.12/site-packages/airflow/models/baseoperator.py", line 401, in wrapper
    return func(self, *args, **kwargs)
           ^^^^^^^^^^^^^^^^^^^^^^^^^^^
  File "/home/airflow/.local/lib/python3.12/site-packages/airflow/operators/bash.py", line 243, in execute
    raise AirflowException(
airflow.exceptions.AirflowException: Bash command failed. The command returned a non-zero exit code 127.
[2024-11-27T23:24:39.886+0000] {taskinstance.py:1206} INFO - Marking task as UP_FOR_RETRY. dag_id=weather_data_kafka_dag, task_id=run_spark_kafka_to_parquet, run_id=scheduled__2024-11-27T22:00:00+00:00, execution_date=20241127T220000, start_date=20241127T232439, end_date=20241127T232439
[2024-11-27T23:24:39.907+0000] {standard_task_runner.py:110} ERROR - Failed to execute job 39 for task run_spark_kafka_to_parquet (Bash command failed. The command returned a non-zero exit code 127.; 4613)
[2024-11-27T23:24:39.943+0000] {local_task_job_runner.py:243} INFO - Task exited with return code 1
[2024-11-27T23:24:39.960+0000] {taskinstance.py:3503} INFO - 0 downstream tasks scheduled from follow-on schedule check
[2024-11-27T23:24:39.963+0000] {local_task_job_runner.py:222} INFO - ::endgroup::
