[2024-11-27T23:07:10.797+0000] {local_task_job_runner.py:120} INFO - ::group::Pre task execution logs
[2024-11-27T23:07:10.828+0000] {taskinstance.py:2076} INFO - Dependencies all met for dep_context=non-requeueable deps ti=<TaskInstance: weather_data_kafka_dag.run_spark_kafka_to_parquet scheduled__2024-11-27T22:00:00+00:00 [queued]>
[2024-11-27T23:07:10.836+0000] {taskinstance.py:2076} INFO - Dependencies all met for dep_context=requeueable deps ti=<TaskInstance: weather_data_kafka_dag.run_spark_kafka_to_parquet scheduled__2024-11-27T22:00:00+00:00 [queued]>
[2024-11-27T23:07:10.837+0000] {taskinstance.py:2306} INFO - Starting attempt 2 of 4
[2024-11-27T23:07:10.851+0000] {taskinstance.py:2330} INFO - Executing <Task(BashOperator): run_spark_kafka_to_parquet> on 2024-11-27 22:00:00+00:00
[2024-11-27T23:07:10.857+0000] {standard_task_runner.py:90} INFO - Running: ['***', 'tasks', 'run', 'weather_data_kafka_dag', 'run_spark_kafka_to_parquet', 'scheduled__2024-11-27T22:00:00+00:00', '--job-id', '31', '--raw', '--subdir', 'DAGS_FOLDER/kafka_stream.py', '--cfg-path', '/tmp/tmpdzjnoljj']
[2024-11-27T23:07:10.859+0000] {standard_task_runner.py:91} INFO - Job 31: Subtask run_spark_kafka_to_parquet
[2024-11-27T23:07:10.861+0000] {logging_mixin.py:188} WARNING - /home/***/.local/lib/python3.12/site-packages/***/task/task_runner/standard_task_runner.py:62 DeprecationWarning: This process (pid=4025) is multi-threaded, use of fork() may lead to deadlocks in the child.
[2024-11-27T23:07:10.862+0000] {standard_task_runner.py:64} INFO - Started process 4026 to run task
[2024-11-27T23:07:10.901+0000] {task_command.py:426} INFO - Running <TaskInstance: weather_data_kafka_dag.run_spark_kafka_to_parquet scheduled__2024-11-27T22:00:00+00:00 [running]> on host cc9ad6cea7ef
[2024-11-27T23:07:10.981+0000] {taskinstance.py:2648} INFO - Exporting env vars: AIRFLOW_CTX_DAG_OWNER='admin' AIRFLOW_CTX_DAG_ID='weather_data_kafka_dag' AIRFLOW_CTX_TASK_ID='run_spark_kafka_to_parquet' AIRFLOW_CTX_EXECUTION_DATE='2024-11-27T22:00:00+00:00' AIRFLOW_CTX_TRY_NUMBER='2' AIRFLOW_CTX_DAG_RUN_ID='scheduled__2024-11-27T22:00:00+00:00'
[2024-11-27T23:07:10.981+0000] {taskinstance.py:430} INFO - ::endgroup::
[2024-11-27T23:07:10.992+0000] {subprocess.py:63} INFO - Tmp dir root location: /tmp
[2024-11-27T23:07:10.994+0000] {subprocess.py:75} INFO - Running command: ['/usr/bin/bash', '-c', 'spark-submit ./kafka_to_parquet.py']
[2024-11-27T23:07:11.000+0000] {subprocess.py:86} INFO - Output:
[2024-11-27T23:07:11.002+0000] {subprocess.py:93} INFO - /usr/bin/bash: line 1: spark-submit: command not found
[2024-11-27T23:07:11.003+0000] {subprocess.py:97} INFO - Command exited with return code 127
[2024-11-27T23:07:11.003+0000] {taskinstance.py:441} INFO - ::group::Post task execution logs
[2024-11-27T23:07:11.012+0000] {taskinstance.py:2905} ERROR - Task failed with exception
Traceback (most recent call last):
  File "/home/airflow/.local/lib/python3.12/site-packages/airflow/models/taskinstance.py", line 465, in _execute_task
    result = _execute_callable(context=context, **execute_callable_kwargs)
             ^^^^^^^^^^^^^^^^^^^^^^^^^^^^^^^^^^^^^^^^^^^^^^^^^^^^^^^^^^^^^
  File "/home/airflow/.local/lib/python3.12/site-packages/airflow/models/taskinstance.py", line 432, in _execute_callable
    return execute_callable(context=context, **execute_callable_kwargs)
           ^^^^^^^^^^^^^^^^^^^^^^^^^^^^^^^^^^^^^^^^^^^^^^^^^^^^^^^^^^^^
  File "/home/airflow/.local/lib/python3.12/site-packages/airflow/models/baseoperator.py", line 401, in wrapper
    return func(self, *args, **kwargs)
           ^^^^^^^^^^^^^^^^^^^^^^^^^^^
  File "/home/airflow/.local/lib/python3.12/site-packages/airflow/operators/bash.py", line 243, in execute
    raise AirflowException(
airflow.exceptions.AirflowException: Bash command failed. The command returned a non-zero exit code 127.
[2024-11-27T23:07:11.016+0000] {taskinstance.py:1206} INFO - Marking task as UP_FOR_RETRY. dag_id=weather_data_kafka_dag, task_id=run_spark_kafka_to_parquet, run_id=scheduled__2024-11-27T22:00:00+00:00, execution_date=20241127T220000, start_date=20241127T230710, end_date=20241127T230711
[2024-11-27T23:07:11.036+0000] {standard_task_runner.py:110} ERROR - Failed to execute job 31 for task run_spark_kafka_to_parquet (Bash command failed. The command returned a non-zero exit code 127.; 4026)
[2024-11-27T23:07:11.077+0000] {local_task_job_runner.py:243} INFO - Task exited with return code 1
[2024-11-27T23:07:11.097+0000] {taskinstance.py:3503} INFO - 0 downstream tasks scheduled from follow-on schedule check
[2024-11-27T23:07:11.100+0000] {local_task_job_runner.py:222} INFO - ::endgroup::
[2024-11-27T23:19:39.033+0000] {local_task_job_runner.py:120} INFO - ::group::Pre task execution logs
[2024-11-27T23:19:39.063+0000] {taskinstance.py:2076} INFO - Dependencies all met for dep_context=non-requeueable deps ti=<TaskInstance: weather_data_kafka_dag.run_spark_kafka_to_parquet scheduled__2024-11-27T22:00:00+00:00 [queued]>
[2024-11-27T23:19:39.071+0000] {taskinstance.py:2076} INFO - Dependencies all met for dep_context=requeueable deps ti=<TaskInstance: weather_data_kafka_dag.run_spark_kafka_to_parquet scheduled__2024-11-27T22:00:00+00:00 [queued]>
[2024-11-27T23:19:39.072+0000] {taskinstance.py:2306} INFO - Starting attempt 2 of 4
[2024-11-27T23:19:39.092+0000] {taskinstance.py:2330} INFO - Executing <Task(BashOperator): run_spark_kafka_to_parquet> on 2024-11-27 22:00:00+00:00
[2024-11-27T23:19:39.098+0000] {logging_mixin.py:188} WARNING - /home/***/.local/lib/python3.12/site-packages/***/task/task_runner/standard_task_runner.py:62 DeprecationWarning: This process (pid=4496) is multi-threaded, use of fork() may lead to deadlocks in the child.
[2024-11-27T23:19:39.097+0000] {standard_task_runner.py:90} INFO - Running: ['***', 'tasks', 'run', 'weather_data_kafka_dag', 'run_spark_kafka_to_parquet', 'scheduled__2024-11-27T22:00:00+00:00', '--job-id', '37', '--raw', '--subdir', 'DAGS_FOLDER/kafka_stream.py', '--cfg-path', '/tmp/tmplkl4qpm2']
[2024-11-27T23:19:39.099+0000] {standard_task_runner.py:64} INFO - Started process 4497 to run task
[2024-11-27T23:19:39.099+0000] {standard_task_runner.py:91} INFO - Job 37: Subtask run_spark_kafka_to_parquet
[2024-11-27T23:19:39.141+0000] {task_command.py:426} INFO - Running <TaskInstance: weather_data_kafka_dag.run_spark_kafka_to_parquet scheduled__2024-11-27T22:00:00+00:00 [running]> on host cc9ad6cea7ef
[2024-11-27T23:19:39.212+0000] {taskinstance.py:2648} INFO - Exporting env vars: AIRFLOW_CTX_DAG_OWNER='admin' AIRFLOW_CTX_DAG_ID='weather_data_kafka_dag' AIRFLOW_CTX_TASK_ID='run_spark_kafka_to_parquet' AIRFLOW_CTX_EXECUTION_DATE='2024-11-27T22:00:00+00:00' AIRFLOW_CTX_TRY_NUMBER='2' AIRFLOW_CTX_DAG_RUN_ID='scheduled__2024-11-27T22:00:00+00:00'
[2024-11-27T23:19:39.213+0000] {taskinstance.py:430} INFO - ::endgroup::
[2024-11-27T23:19:39.224+0000] {subprocess.py:63} INFO - Tmp dir root location: /tmp
[2024-11-27T23:19:39.225+0000] {subprocess.py:75} INFO - Running command: ['/usr/bin/bash', '-c', 'spark-submit ./kafka_to_parquet.py']
[2024-11-27T23:19:39.232+0000] {subprocess.py:86} INFO - Output:
[2024-11-27T23:19:39.233+0000] {subprocess.py:93} INFO - /usr/bin/bash: line 1: spark-submit: command not found
[2024-11-27T23:19:39.234+0000] {subprocess.py:97} INFO - Command exited with return code 127
[2024-11-27T23:19:39.234+0000] {taskinstance.py:441} INFO - ::group::Post task execution logs
[2024-11-27T23:19:39.242+0000] {taskinstance.py:2905} ERROR - Task failed with exception
Traceback (most recent call last):
  File "/home/airflow/.local/lib/python3.12/site-packages/airflow/models/taskinstance.py", line 465, in _execute_task
    result = _execute_callable(context=context, **execute_callable_kwargs)
             ^^^^^^^^^^^^^^^^^^^^^^^^^^^^^^^^^^^^^^^^^^^^^^^^^^^^^^^^^^^^^
  File "/home/airflow/.local/lib/python3.12/site-packages/airflow/models/taskinstance.py", line 432, in _execute_callable
    return execute_callable(context=context, **execute_callable_kwargs)
           ^^^^^^^^^^^^^^^^^^^^^^^^^^^^^^^^^^^^^^^^^^^^^^^^^^^^^^^^^^^^
  File "/home/airflow/.local/lib/python3.12/site-packages/airflow/models/baseoperator.py", line 401, in wrapper
    return func(self, *args, **kwargs)
           ^^^^^^^^^^^^^^^^^^^^^^^^^^^
  File "/home/airflow/.local/lib/python3.12/site-packages/airflow/operators/bash.py", line 243, in execute
    raise AirflowException(
airflow.exceptions.AirflowException: Bash command failed. The command returned a non-zero exit code 127.
[2024-11-27T23:19:39.246+0000] {taskinstance.py:1206} INFO - Marking task as UP_FOR_RETRY. dag_id=weather_data_kafka_dag, task_id=run_spark_kafka_to_parquet, run_id=scheduled__2024-11-27T22:00:00+00:00, execution_date=20241127T220000, start_date=20241127T231939, end_date=20241127T231939
[2024-11-27T23:19:39.264+0000] {standard_task_runner.py:110} ERROR - Failed to execute job 37 for task run_spark_kafka_to_parquet (Bash command failed. The command returned a non-zero exit code 127.; 4497)
[2024-11-27T23:19:39.273+0000] {local_task_job_runner.py:243} INFO - Task exited with return code 1
[2024-11-27T23:19:39.287+0000] {taskinstance.py:3503} INFO - 0 downstream tasks scheduled from follow-on schedule check
[2024-11-27T23:19:39.291+0000] {local_task_job_runner.py:222} INFO - ::endgroup::
