[2024-11-30T10:43:48.884+0000] {local_task_job_runner.py:120} INFO - ::group::Pre task execution logs
[2024-11-30T10:43:48.966+0000] {taskinstance.py:2076} INFO - Dependencies all met for dep_context=non-requeueable deps ti=<TaskInstance: weather_data_kafka_dag.store_openmeteo_data manual__2024-11-29T22:53:11.511432+00:00 [queued]>
[2024-11-30T10:43:48.986+0000] {taskinstance.py:2076} INFO - Dependencies all met for dep_context=requeueable deps ti=<TaskInstance: weather_data_kafka_dag.store_openmeteo_data manual__2024-11-29T22:53:11.511432+00:00 [queued]>
[2024-11-30T10:43:48.987+0000] {taskinstance.py:2306} INFO - Starting attempt 2 of 4
[2024-11-30T10:43:49.024+0000] {taskinstance.py:2330} INFO - Executing <Task(PythonOperator): store_openmeteo_data> on 2024-11-29 22:53:11.511432+00:00
[2024-11-30T10:43:49.039+0000] {standard_task_runner.py:90} INFO - Running: ['***', 'tasks', 'run', 'weather_data_kafka_dag', 'store_openmeteo_data', 'manual__2024-11-29T22:53:11.511432+00:00', '--job-id', '114', '--raw', '--subdir', 'DAGS_FOLDER/kafka_stream.py', '--cfg-path', '/tmp/tmp0sdc_byl']
[2024-11-30T10:43:49.047+0000] {standard_task_runner.py:91} INFO - Job 114: Subtask store_openmeteo_data
[2024-11-30T10:43:49.046+0000] {logging_mixin.py:188} WARNING - /home/***/.local/lib/python3.12/site-packages/***/task/task_runner/standard_task_runner.py:62 DeprecationWarning: This process (pid=194) is multi-threaded, use of fork() may lead to deadlocks in the child.
[2024-11-30T10:43:49.048+0000] {standard_task_runner.py:64} INFO - Started process 209 to run task
[2024-11-30T10:43:49.164+0000] {task_command.py:426} INFO - Running <TaskInstance: weather_data_kafka_dag.store_openmeteo_data manual__2024-11-29T22:53:11.511432+00:00 [running]> on host 3f1fd27be0e9
[2024-11-30T10:43:49.397+0000] {taskinstance.py:2648} INFO - Exporting env vars: AIRFLOW_CTX_DAG_OWNER='admin' AIRFLOW_CTX_DAG_ID='weather_data_kafka_dag' AIRFLOW_CTX_TASK_ID='store_openmeteo_data' AIRFLOW_CTX_EXECUTION_DATE='2024-11-29T22:53:11.511432+00:00' AIRFLOW_CTX_TRY_NUMBER='2' AIRFLOW_CTX_DAG_RUN_ID='manual__2024-11-29T22:53:11.511432+00:00'
[2024-11-30T10:43:49.402+0000] {taskinstance.py:430} INFO - ::endgroup::
[2024-11-30T10:43:52.736+0000] {conn.py:1276} WARNING - DNS lookup failed for broker:9092, exception was [Errno -2] Name or service not known. Is your advertised.listeners (called advertised.host.name before Kafka 9) correct and resolvable?
[2024-11-30T10:43:52.737+0000] {conn.py:297} ERROR - DNS lookup failed for broker:9092 (0)
[2024-11-30T10:43:52.739+0000] {conn.py:957} INFO - Probing node bootstrap-0 broker version
[2024-11-30T10:43:56.742+0000] {conn.py:1276} WARNING - DNS lookup failed for broker:9092, exception was [Errno -2] Name or service not known. Is your advertised.listeners (called advertised.host.name before Kafka 9) correct and resolvable?
[2024-11-30T10:43:56.743+0000] {conn.py:297} ERROR - DNS lookup failed for broker:9092 (0)
[2024-11-30T10:43:56.746+0000] {kafka_stream.py:193} ERROR - Error reading from Kafka topic openmeteo_raw: NoBrokersAvailable
[2024-11-30T10:43:56.747+0000] {python.py:237} INFO - Done. Returned value was: None
[2024-11-30T10:43:56.748+0000] {taskinstance.py:441} INFO - ::group::Post task execution logs
[2024-11-30T10:43:56.772+0000] {taskinstance.py:1206} INFO - Marking task as SUCCESS. dag_id=weather_data_kafka_dag, task_id=store_openmeteo_data, run_id=manual__2024-11-29T22:53:11.511432+00:00, execution_date=20241129T225311, start_date=20241130T104348, end_date=20241130T104356
[2024-11-30T10:43:56.835+0000] {local_task_job_runner.py:243} INFO - Task exited with return code 0
[2024-11-30T10:43:56.849+0000] {local_task_job_runner.py:222} INFO - ::endgroup::
