[2024-12-03T11:17:48.460+0000] {local_task_job_runner.py:120} INFO - ::group::Pre task execution logs
[2024-12-03T11:17:48.486+0000] {taskinstance.py:2076} INFO - Dependencies all met for dep_context=non-requeueable deps ti=<TaskInstance: weather_data_kafka_dag.docker_cp_and_spark_submit scheduled__2024-12-02T00:00:00+00:00 [queued]>
[2024-12-03T11:17:48.495+0000] {taskinstance.py:2076} INFO - Dependencies all met for dep_context=requeueable deps ti=<TaskInstance: weather_data_kafka_dag.docker_cp_and_spark_submit scheduled__2024-12-02T00:00:00+00:00 [queued]>
[2024-12-03T11:17:48.496+0000] {taskinstance.py:2306} INFO - Starting attempt 2 of 4
[2024-12-03T11:17:48.508+0000] {taskinstance.py:2330} INFO - Executing <Task(BashOperator): docker_cp_and_spark_submit> on 2024-12-02 00:00:00+00:00
[2024-12-03T11:17:48.515+0000] {standard_task_runner.py:90} INFO - Running: ['***', 'tasks', 'run', 'weather_data_kafka_dag', 'docker_cp_and_spark_submit', 'scheduled__2024-12-02T00:00:00+00:00', '--job-id', '647', '--raw', '--subdir', 'DAGS_FOLDER/kafka_stream.py', '--cfg-path', '/tmp/tmp0wgdsgwa']
[2024-12-03T11:17:48.517+0000] {standard_task_runner.py:91} INFO - Job 647: Subtask docker_cp_and_spark_submit
[2024-12-03T11:17:48.518+0000] {logging_mixin.py:188} WARNING - /home/***/.local/lib/python3.12/site-packages/***/task/task_runner/standard_task_runner.py:62 DeprecationWarning: This process (pid=630) is multi-threaded, use of fork() may lead to deadlocks in the child.
[2024-12-03T11:17:48.519+0000] {standard_task_runner.py:64} INFO - Started process 632 to run task
[2024-12-03T11:17:48.563+0000] {task_command.py:426} INFO - Running <TaskInstance: weather_data_kafka_dag.docker_cp_and_spark_submit scheduled__2024-12-02T00:00:00+00:00 [running]> on host 0741a2a1545f
[2024-12-03T11:17:48.643+0000] {taskinstance.py:2648} INFO - Exporting env vars: AIRFLOW_CTX_DAG_OWNER='admin' AIRFLOW_CTX_DAG_ID='weather_data_kafka_dag' AIRFLOW_CTX_TASK_ID='docker_cp_and_spark_submit' AIRFLOW_CTX_EXECUTION_DATE='2024-12-02T00:00:00+00:00' AIRFLOW_CTX_TRY_NUMBER='2' AIRFLOW_CTX_DAG_RUN_ID='scheduled__2024-12-02T00:00:00+00:00'
[2024-12-03T11:17:48.645+0000] {taskinstance.py:430} INFO - ::endgroup::
[2024-12-03T11:17:48.657+0000] {subprocess.py:63} INFO - Tmp dir root location: /tmp
[2024-12-03T11:17:48.658+0000] {subprocess.py:75} INFO - Running command: ['/usr/bin/bash', '-c', '\n            docker cp ./***/data/parquet_files/openweathermap_data.parquet spark-master:/openweathermap_data.parquet\n            docker cp ./***/data/parquet_files/openmeteo_data.parquet spark-master:/openmeteo_data.parquet\n            docker cp spark_stream.py spark-master:/spark_stream.py\n            docker exec -it spark-master spark-submit                 --packages com.datastax.spark:spark-cassandra-connector_2.12:3.5.1                 --py-files /dependencies.zip                 /spark_stream.py\n        ']
[2024-12-03T11:17:48.667+0000] {subprocess.py:86} INFO - Output:
[2024-12-03T11:17:48.682+0000] {subprocess.py:93} INFO - lstat /tmp/***tmp9p5tpktr/***: no such file or directory
[2024-12-03T11:17:48.695+0000] {subprocess.py:93} INFO - lstat /tmp/***tmp9p5tpktr/***: no such file or directory
[2024-12-03T11:17:48.710+0000] {subprocess.py:93} INFO - lstat /tmp/***tmp9p5tpktr/spark_stream.py: no such file or directory
[2024-12-03T11:17:48.724+0000] {subprocess.py:93} INFO - Cannot connect to the Docker daemon at unix:///var/run/docker.sock. Is the docker daemon running?
[2024-12-03T11:17:48.725+0000] {subprocess.py:97} INFO - Command exited with return code 1
[2024-12-03T11:17:48.727+0000] {taskinstance.py:441} INFO - ::group::Post task execution logs
[2024-12-03T11:17:48.735+0000] {taskinstance.py:2905} ERROR - Task failed with exception
Traceback (most recent call last):
  File "/home/airflow/.local/lib/python3.12/site-packages/airflow/models/taskinstance.py", line 465, in _execute_task
    result = _execute_callable(context=context, **execute_callable_kwargs)
             ^^^^^^^^^^^^^^^^^^^^^^^^^^^^^^^^^^^^^^^^^^^^^^^^^^^^^^^^^^^^^
  File "/home/airflow/.local/lib/python3.12/site-packages/airflow/models/taskinstance.py", line 432, in _execute_callable
    return execute_callable(context=context, **execute_callable_kwargs)
           ^^^^^^^^^^^^^^^^^^^^^^^^^^^^^^^^^^^^^^^^^^^^^^^^^^^^^^^^^^^^
  File "/home/airflow/.local/lib/python3.12/site-packages/airflow/models/baseoperator.py", line 401, in wrapper
    return func(self, *args, **kwargs)
           ^^^^^^^^^^^^^^^^^^^^^^^^^^^
  File "/home/airflow/.local/lib/python3.12/site-packages/airflow/operators/bash.py", line 243, in execute
    raise AirflowException(
airflow.exceptions.AirflowException: Bash command failed. The command returned a non-zero exit code 1.
[2024-12-03T11:17:48.740+0000] {taskinstance.py:1206} INFO - Marking task as UP_FOR_RETRY. dag_id=weather_data_kafka_dag, task_id=docker_cp_and_spark_submit, run_id=scheduled__2024-12-02T00:00:00+00:00, execution_date=20241202T000000, start_date=20241203T111748, end_date=20241203T111748
[2024-12-03T11:17:48.759+0000] {standard_task_runner.py:110} ERROR - Failed to execute job 647 for task docker_cp_and_spark_submit (Bash command failed. The command returned a non-zero exit code 1.; 632)
[2024-12-03T11:17:48.774+0000] {local_task_job_runner.py:243} INFO - Task exited with return code 1
[2024-12-03T11:17:48.787+0000] {taskinstance.py:3503} INFO - 0 downstream tasks scheduled from follow-on schedule check
[2024-12-03T11:17:48.791+0000] {local_task_job_runner.py:222} INFO - ::endgroup::
