[2024-12-03T20:07:23.545+0000] {local_task_job_runner.py:120} INFO - ::group::Pre task execution logs
[2024-12-03T20:07:23.602+0000] {taskinstance.py:2076} INFO - Dependencies all met for dep_context=non-requeueable deps ti=<TaskInstance: weather_data_kafka_dag.copy_spark_stream manual__2024-12-03T20:06:00.526510+00:00 [queued]>
[2024-12-03T20:07:23.618+0000] {taskinstance.py:2076} INFO - Dependencies all met for dep_context=requeueable deps ti=<TaskInstance: weather_data_kafka_dag.copy_spark_stream manual__2024-12-03T20:06:00.526510+00:00 [queued]>
[2024-12-03T20:07:23.626+0000] {taskinstance.py:2306} INFO - Starting attempt 1 of 4
[2024-12-03T20:07:23.646+0000] {taskinstance.py:2330} INFO - Executing <Task(BashOperator): copy_spark_stream> on 2024-12-03 20:06:00.526510+00:00
[2024-12-03T20:07:23.656+0000] {standard_task_runner.py:90} INFO - Running: ['***', 'tasks', 'run', 'weather_data_kafka_dag', 'copy_spark_stream', 'manual__2024-12-03T20:06:00.526510+00:00', '--job-id', '784', '--raw', '--subdir', 'DAGS_FOLDER/kafka_stream.py', '--cfg-path', '/tmp/tmp4_gmftav']
[2024-12-03T20:07:23.660+0000] {standard_task_runner.py:91} INFO - Job 784: Subtask copy_spark_stream
[2024-12-03T20:07:23.660+0000] {logging_mixin.py:188} WARNING - /home/***/.local/lib/python3.12/site-packages/***/task/task_runner/standard_task_runner.py:62 DeprecationWarning: This process (pid=3437) is multi-threaded, use of fork() may lead to deadlocks in the child.
[2024-12-03T20:07:23.661+0000] {standard_task_runner.py:64} INFO - Started process 3441 to run task
[2024-12-03T20:07:23.726+0000] {task_command.py:426} INFO - Running <TaskInstance: weather_data_kafka_dag.copy_spark_stream manual__2024-12-03T20:06:00.526510+00:00 [running]> on host 0f9edd113eb4
[2024-12-03T20:07:23.872+0000] {taskinstance.py:2648} INFO - Exporting env vars: AIRFLOW_CTX_DAG_OWNER='admin' AIRFLOW_CTX_DAG_ID='weather_data_kafka_dag' AIRFLOW_CTX_TASK_ID='copy_spark_stream' AIRFLOW_CTX_EXECUTION_DATE='2024-12-03T20:06:00.526510+00:00' AIRFLOW_CTX_TRY_NUMBER='1' AIRFLOW_CTX_DAG_RUN_ID='manual__2024-12-03T20:06:00.526510+00:00'
[2024-12-03T20:07:23.874+0000] {taskinstance.py:430} INFO - ::endgroup::
[2024-12-03T20:07:23.898+0000] {subprocess.py:63} INFO - Tmp dir root location: /tmp
[2024-12-03T20:07:23.900+0000] {subprocess.py:75} INFO - Running command: ['/usr/bin/bash', '-c', 'docker cp ./data/spark_stream.py spark-master:/spark_stream.py']
[2024-12-03T20:07:23.913+0000] {subprocess.py:86} INFO - Output:
[2024-12-03T20:07:23.960+0000] {subprocess.py:93} INFO - lstat /tmp/***tmp2lg656ya/data: no such file or directory
[2024-12-03T20:07:23.962+0000] {subprocess.py:97} INFO - Command exited with return code 1
[2024-12-03T20:07:23.964+0000] {taskinstance.py:441} INFO - ::group::Post task execution logs
[2024-12-03T20:07:23.979+0000] {taskinstance.py:2905} ERROR - Task failed with exception
Traceback (most recent call last):
  File "/home/airflow/.local/lib/python3.12/site-packages/airflow/models/taskinstance.py", line 465, in _execute_task
    result = _execute_callable(context=context, **execute_callable_kwargs)
             ^^^^^^^^^^^^^^^^^^^^^^^^^^^^^^^^^^^^^^^^^^^^^^^^^^^^^^^^^^^^^
  File "/home/airflow/.local/lib/python3.12/site-packages/airflow/models/taskinstance.py", line 432, in _execute_callable
    return execute_callable(context=context, **execute_callable_kwargs)
           ^^^^^^^^^^^^^^^^^^^^^^^^^^^^^^^^^^^^^^^^^^^^^^^^^^^^^^^^^^^^
  File "/home/airflow/.local/lib/python3.12/site-packages/airflow/models/baseoperator.py", line 401, in wrapper
    return func(self, *args, **kwargs)
           ^^^^^^^^^^^^^^^^^^^^^^^^^^^
  File "/home/airflow/.local/lib/python3.12/site-packages/airflow/operators/bash.py", line 243, in execute
    raise AirflowException(
airflow.exceptions.AirflowException: Bash command failed. The command returned a non-zero exit code 1.
[2024-12-03T20:07:23.986+0000] {taskinstance.py:1206} INFO - Marking task as UP_FOR_RETRY. dag_id=weather_data_kafka_dag, task_id=copy_spark_stream, run_id=manual__2024-12-03T20:06:00.526510+00:00, execution_date=20241203T200600, start_date=20241203T200723, end_date=20241203T200723
[2024-12-03T20:07:24.011+0000] {standard_task_runner.py:110} ERROR - Failed to execute job 784 for task copy_spark_stream (Bash command failed. The command returned a non-zero exit code 1.; 3441)
[2024-12-03T20:07:24.035+0000] {local_task_job_runner.py:243} INFO - Task exited with return code 1
[2024-12-03T20:07:24.072+0000] {taskinstance.py:3503} INFO - 0 downstream tasks scheduled from follow-on schedule check
[2024-12-03T20:07:24.077+0000] {local_task_job_runner.py:222} INFO - ::endgroup::
