<<<<<<< HEAD
[2024-11-28T21:03:07.603+0000] {local_task_job_runner.py:120} INFO - ::group::Pre task execution logs
[2024-11-28T21:03:07.687+0000] {taskinstance.py:2076} INFO - Dependencies all met for dep_context=non-requeueable deps ti=<TaskInstance: weather_data_kafka_dag.store_openweathermap_data scheduled__2024-11-28T20:00:00+00:00 [queued]>
[2024-11-28T21:03:07.704+0000] {taskinstance.py:2076} INFO - Dependencies all met for dep_context=requeueable deps ti=<TaskInstance: weather_data_kafka_dag.store_openweathermap_data scheduled__2024-11-28T20:00:00+00:00 [queued]>
[2024-11-28T21:03:07.713+0000] {taskinstance.py:2306} INFO - Starting attempt 1 of 4
[2024-11-28T21:03:07.739+0000] {taskinstance.py:2330} INFO - Executing <Task(PythonOperator): store_openweathermap_data> on 2024-11-28 20:00:00+00:00
[2024-11-28T21:03:07.754+0000] {logging_mixin.py:188} WARNING - /home/***/.local/lib/python3.12/site-packages/***/task/task_runner/standard_task_runner.py:62 DeprecationWarning: This process (pid=19074) is multi-threaded, use of fork() may lead to deadlocks in the child.
[2024-11-28T21:03:07.757+0000] {standard_task_runner.py:64} INFO - Started process 19079 to run task
[2024-11-28T21:03:07.754+0000] {standard_task_runner.py:90} INFO - Running: ['***', 'tasks', 'run', 'weather_data_kafka_dag', 'store_openweathermap_data', 'scheduled__2024-11-28T20:00:00+00:00', '--job-id', '204', '--raw', '--subdir', 'DAGS_FOLDER/kafka_stream.py', '--cfg-path', '/tmp/tmp04c4jbv8']
[2024-11-28T21:03:07.759+0000] {standard_task_runner.py:91} INFO - Job 204: Subtask store_openweathermap_data
[2024-11-28T21:03:07.845+0000] {task_command.py:426} INFO - Running <TaskInstance: weather_data_kafka_dag.store_openweathermap_data scheduled__2024-11-28T20:00:00+00:00 [running]> on host cc9ad6cea7ef
[2024-11-28T21:03:08.057+0000] {taskinstance.py:2648} INFO - Exporting env vars: AIRFLOW_CTX_DAG_OWNER='admin' AIRFLOW_CTX_DAG_ID='weather_data_kafka_dag' AIRFLOW_CTX_TASK_ID='store_openweathermap_data' AIRFLOW_CTX_EXECUTION_DATE='2024-11-28T20:00:00+00:00' AIRFLOW_CTX_TRY_NUMBER='1' AIRFLOW_CTX_DAG_RUN_ID='scheduled__2024-11-28T20:00:00+00:00'
[2024-11-28T21:03:08.059+0000] {taskinstance.py:430} INFO - ::endgroup::
[2024-11-28T21:03:08.083+0000] {taskinstance.py:441} INFO - ::group::Post task execution logs
[2024-11-28T21:03:08.100+0000] {taskinstance.py:2905} ERROR - Task failed with exception
Traceback (most recent call last):
  File "/home/airflow/.local/lib/python3.12/site-packages/airflow/models/taskinstance.py", line 465, in _execute_task
    result = _execute_callable(context=context, **execute_callable_kwargs)
             ^^^^^^^^^^^^^^^^^^^^^^^^^^^^^^^^^^^^^^^^^^^^^^^^^^^^^^^^^^^^^
  File "/home/airflow/.local/lib/python3.12/site-packages/airflow/models/taskinstance.py", line 432, in _execute_callable
    return execute_callable(context=context, **execute_callable_kwargs)
           ^^^^^^^^^^^^^^^^^^^^^^^^^^^^^^^^^^^^^^^^^^^^^^^^^^^^^^^^^^^^
  File "/home/airflow/.local/lib/python3.12/site-packages/airflow/models/baseoperator.py", line 401, in wrapper
    return func(self, *args, **kwargs)
           ^^^^^^^^^^^^^^^^^^^^^^^^^^^
  File "/home/airflow/.local/lib/python3.12/site-packages/airflow/operators/python.py", line 235, in execute
    return_value = self.execute_callable()
                   ^^^^^^^^^^^^^^^^^^^^^^^
  File "/home/airflow/.local/lib/python3.12/site-packages/airflow/operators/python.py", line 252, in execute_callable
    return self.python_callable(*self.op_args, **self.op_kwargs)
           ^^^^^^^^^^^^^^^^^^^^^^^^^^^^^^^^^^^^^^^^^^^^^^^^^^^^^
  File "/opt/airflow/dags/kafka_stream.py", line 146, in store_openweathermap_data
    read_from_kafka_and_store(KAFKA_TOPIC_OPENWEATHER, "openweathermap_data.parquet")
  File "/opt/airflow/dags/kafka_stream.py", line 141, in read_from_kafka_and_store
    logging.error(f"Error reading from Kafka topic {topic_name}: {e}")
                                                                  ^
NameError: name 'e' is not defined
[2024-11-28T21:03:08.140+0000] {taskinstance.py:1206} INFO - Marking task as UP_FOR_RETRY. dag_id=weather_data_kafka_dag, task_id=store_openweathermap_data, run_id=scheduled__2024-11-28T20:00:00+00:00, execution_date=20241128T200000, start_date=20241128T210307, end_date=20241128T210308
[2024-11-28T21:03:08.162+0000] {standard_task_runner.py:110} ERROR - Failed to execute job 204 for task store_openweathermap_data (name 'e' is not defined; 19079)
[2024-11-28T21:03:08.181+0000] {local_task_job_runner.py:243} INFO - Task exited with return code 1
[2024-11-28T21:03:08.198+0000] {local_task_job_runner.py:222} INFO - ::endgroup::
=======
[2024-11-28T21:02:08.286+0000] {local_task_job_runner.py:120} INFO - ::group::Pre task execution logs
[2024-11-28T21:02:08.460+0000] {taskinstance.py:2076} INFO - Dependencies all met for dep_context=non-requeueable deps ti=<TaskInstance: weather_data_kafka_dag.store_openweathermap_data scheduled__2024-11-28T20:00:00+00:00 [queued]>
[2024-11-28T21:02:08.487+0000] {taskinstance.py:2076} INFO - Dependencies all met for dep_context=requeueable deps ti=<TaskInstance: weather_data_kafka_dag.store_openweathermap_data scheduled__2024-11-28T20:00:00+00:00 [queued]>
[2024-11-28T21:02:08.488+0000] {taskinstance.py:2306} INFO - Starting attempt 1 of 4
[2024-11-28T21:02:08.519+0000] {taskinstance.py:2330} INFO - Executing <Task(PythonOperator): store_openweathermap_data> on 2024-11-28 20:00:00+00:00
[2024-11-28T21:02:08.540+0000] {logging_mixin.py:188} WARNING - /home/***/.local/lib/python3.12/site-packages/***/task/task_runner/standard_task_runner.py:62 DeprecationWarning: This process (pid=6225) is multi-threaded, use of fork() may lead to deadlocks in the child.
[2024-11-28T21:02:08.542+0000] {standard_task_runner.py:64} INFO - Started process 6229 to run task
[2024-11-28T21:02:08.538+0000] {standard_task_runner.py:90} INFO - Running: ['***', 'tasks', 'run', 'weather_data_kafka_dag', 'store_openweathermap_data', 'scheduled__2024-11-28T20:00:00+00:00', '--job-id', '23', '--raw', '--subdir', 'DAGS_FOLDER/kafka_stream.py', '--cfg-path', '/tmp/tmpvckqe4md']
[2024-11-28T21:02:08.551+0000] {standard_task_runner.py:91} INFO - Job 23: Subtask store_openweathermap_data
[2024-11-28T21:02:08.701+0000] {task_command.py:426} INFO - Running <TaskInstance: weather_data_kafka_dag.store_openweathermap_data scheduled__2024-11-28T20:00:00+00:00 [running]> on host 0fc93f6e8c9e
[2024-11-28T21:02:09.188+0000] {taskinstance.py:2648} INFO - Exporting env vars: AIRFLOW_CTX_DAG_OWNER='admin' AIRFLOW_CTX_DAG_ID='weather_data_kafka_dag' AIRFLOW_CTX_TASK_ID='store_openweathermap_data' AIRFLOW_CTX_EXECUTION_DATE='2024-11-28T20:00:00+00:00' AIRFLOW_CTX_TRY_NUMBER='1' AIRFLOW_CTX_DAG_RUN_ID='scheduled__2024-11-28T20:00:00+00:00'
[2024-11-28T21:02:09.208+0000] {taskinstance.py:430} INFO - ::endgroup::
[2024-11-28T21:02:09.256+0000] {conn.py:362} INFO - <BrokerConnection node_id=bootstrap-0 host=broker:9092 <connecting> [IPv4 ('172.20.0.8', 9092)]>: connecting to broker:9092 [('172.20.0.8', 9092) IPv4]
[2024-11-28T21:02:09.262+0000] {conn.py:957} INFO - Probing node bootstrap-0 broker version
[2024-11-28T21:02:09.273+0000] {conn.py:393} INFO - <BrokerConnection node_id=bootstrap-0 host=broker:9092 <connecting> [IPv4 ('172.20.0.8', 9092)]>: Connection complete.
[2024-11-28T21:02:09.385+0000] {conn.py:1019} INFO - Broker version identified as 2.6.0
[2024-11-28T21:02:09.386+0000] {conn.py:1020} INFO - Set configuration api_version=(2, 6, 0) to skip auto check_version requests on startup
[2024-11-28T21:02:09.393+0000] {consumer.py:122} WARNING - group_id is None: disabling auto-commit.
[2024-11-28T21:02:09.396+0000] {subscription_state.py:167} INFO - Updating subscribed topics to: ('openweathermap_raw',)
[2024-11-28T21:02:09.405+0000] {subscription_state.py:253} INFO - Updated partition assignment: [('openweathermap_raw', 0)]
[2024-11-28T21:02:09.409+0000] {conn.py:362} INFO - <BrokerConnection node_id=1 host=broker:9092 <connecting> [IPv4 ('172.20.0.8', 9092)]>: connecting to broker:9092 [('172.20.0.8', 9092) IPv4]
[2024-11-28T21:02:09.410+0000] {conn.py:393} INFO - <BrokerConnection node_id=1 host=broker:9092 <connecting> [IPv4 ('172.20.0.8', 9092)]>: Connection complete.
[2024-11-28T21:02:09.411+0000] {conn.py:673} INFO - <BrokerConnection node_id=bootstrap-0 host=broker:9092 <connected> [IPv4 ('172.20.0.8', 9092)]>: Closing connection. 
[2024-11-28T21:02:09.581+0000] {logging_mixin.py:188} INFO - Consumed 100 records from topic openweathermap_raw
[2024-11-28T21:02:10.437+0000] {logging_mixin.py:188} INFO - Data from openweathermap_raw stored in /opt/***/data/parquet_files/openweathermap_data.parquet
[2024-11-28T21:02:10.457+0000] {python.py:237} INFO - Done. Returned value was: None
[2024-11-28T21:02:10.465+0000] {taskinstance.py:441} INFO - ::group::Post task execution logs
[2024-11-28T21:02:10.490+0000] {taskinstance.py:1206} INFO - Marking task as SUCCESS. dag_id=weather_data_kafka_dag, task_id=store_openweathermap_data, run_id=scheduled__2024-11-28T20:00:00+00:00, execution_date=20241128T200000, start_date=20241128T210208, end_date=20241128T210210
[2024-11-28T21:02:10.579+0000] {local_task_job_runner.py:243} INFO - Task exited with return code 0
[2024-11-28T21:02:10.635+0000] {taskinstance.py:3503} INFO - 0 downstream tasks scheduled from follow-on schedule check
[2024-11-28T21:02:10.645+0000] {local_task_job_runner.py:222} INFO - ::endgroup::
>>>>>>> 604b8b813e1d85ccda3063889c3dd1126b7c5791
