[2024-11-28T21:18:15.799+0000] {local_task_job_runner.py:120} INFO - ::group::Pre task execution logs
[2024-11-28T21:18:15.927+0000] {taskinstance.py:2076} INFO - Dependencies all met for dep_context=non-requeueable deps ti=<TaskInstance: weather_data_kafka_dag.store_openweathermap_data scheduled__2024-11-28T20:00:00+00:00 [queued]>
[2024-11-28T21:18:15.958+0000] {taskinstance.py:2076} INFO - Dependencies all met for dep_context=requeueable deps ti=<TaskInstance: weather_data_kafka_dag.store_openweathermap_data scheduled__2024-11-28T20:00:00+00:00 [queued]>
[2024-11-28T21:18:15.968+0000] {taskinstance.py:2306} INFO - Starting attempt 4 of 4
[2024-11-28T21:18:16.013+0000] {taskinstance.py:2330} INFO - Executing <Task(PythonOperator): store_openweathermap_data> on 2024-11-28 20:00:00+00:00
[2024-11-28T21:18:16.040+0000] {logging_mixin.py:188} WARNING - /home/***/.local/lib/python3.12/site-packages/***/task/task_runner/standard_task_runner.py:62 DeprecationWarning: This process (pid=19445) is multi-threaded, use of fork() may lead to deadlocks in the child.
[2024-11-28T21:18:16.044+0000] {standard_task_runner.py:64} INFO - Started process 19449 to run task
[2024-11-28T21:18:16.042+0000] {standard_task_runner.py:90} INFO - Running: ['***', 'tasks', 'run', 'weather_data_kafka_dag', 'store_openweathermap_data', 'scheduled__2024-11-28T20:00:00+00:00', '--job-id', '211', '--raw', '--subdir', 'DAGS_FOLDER/kafka_stream.py', '--cfg-path', '/tmp/tmpop7prfrb']
[2024-11-28T21:18:16.051+0000] {standard_task_runner.py:91} INFO - Job 211: Subtask store_openweathermap_data
[2024-11-28T21:18:16.219+0000] {task_command.py:426} INFO - Running <TaskInstance: weather_data_kafka_dag.store_openweathermap_data scheduled__2024-11-28T20:00:00+00:00 [running]> on host cc9ad6cea7ef
[2024-11-28T21:18:16.547+0000] {taskinstance.py:2648} INFO - Exporting env vars: AIRFLOW_CTX_DAG_OWNER='admin' AIRFLOW_CTX_DAG_ID='weather_data_kafka_dag' AIRFLOW_CTX_TASK_ID='store_openweathermap_data' AIRFLOW_CTX_EXECUTION_DATE='2024-11-28T20:00:00+00:00' AIRFLOW_CTX_TRY_NUMBER='4' AIRFLOW_CTX_DAG_RUN_ID='scheduled__2024-11-28T20:00:00+00:00'
[2024-11-28T21:18:16.551+0000] {taskinstance.py:430} INFO - ::endgroup::
[2024-11-28T21:18:16.610+0000] {taskinstance.py:441} INFO - ::group::Post task execution logs
[2024-11-28T21:18:16.613+0000] {taskinstance.py:2905} ERROR - Task failed with exception
Traceback (most recent call last):
  File "/home/airflow/.local/lib/python3.12/site-packages/airflow/models/taskinstance.py", line 465, in _execute_task
    result = _execute_callable(context=context, **execute_callable_kwargs)
             ^^^^^^^^^^^^^^^^^^^^^^^^^^^^^^^^^^^^^^^^^^^^^^^^^^^^^^^^^^^^^
  File "/home/airflow/.local/lib/python3.12/site-packages/airflow/models/taskinstance.py", line 432, in _execute_callable
    return execute_callable(context=context, **execute_callable_kwargs)
           ^^^^^^^^^^^^^^^^^^^^^^^^^^^^^^^^^^^^^^^^^^^^^^^^^^^^^^^^^^^^
  File "/home/airflow/.local/lib/python3.12/site-packages/airflow/models/baseoperator.py", line 401, in wrapper
    return func(self, *args, **kwargs)
           ^^^^^^^^^^^^^^^^^^^^^^^^^^^
  File "/home/airflow/.local/lib/python3.12/site-packages/airflow/operators/python.py", line 235, in execute
    return_value = self.execute_callable()
                   ^^^^^^^^^^^^^^^^^^^^^^^
  File "/home/airflow/.local/lib/python3.12/site-packages/airflow/operators/python.py", line 252, in execute_callable
    return self.python_callable(*self.op_args, **self.op_kwargs)
           ^^^^^^^^^^^^^^^^^^^^^^^^^^^^^^^^^^^^^^^^^^^^^^^^^^^^^
  File "/opt/airflow/dags/kafka_stream.py", line 146, in store_openweathermap_data
    read_from_kafka_and_store(KAFKA_TOPIC_OPENWEATHER, "openweathermap_data.parquet")
  File "/opt/airflow/dags/kafka_stream.py", line 141, in read_from_kafka_and_store
    logging.error(f"Error reading from Kafka topic {topic_name}: {e}")
                                                                  ^
NameError: name 'e' is not defined
[2024-11-28T21:18:16.662+0000] {taskinstance.py:1206} INFO - Marking task as FAILED. dag_id=weather_data_kafka_dag, task_id=store_openweathermap_data, run_id=scheduled__2024-11-28T20:00:00+00:00, execution_date=20241128T200000, start_date=20241128T211815, end_date=20241128T211816
[2024-11-28T21:18:16.703+0000] {standard_task_runner.py:110} ERROR - Failed to execute job 211 for task store_openweathermap_data (name 'e' is not defined; 19449)
[2024-11-28T21:18:16.748+0000] {local_task_job_runner.py:243} INFO - Task exited with return code 1
[2024-11-28T21:18:16.781+0000] {taskinstance.py:3503} INFO - 0 downstream tasks scheduled from follow-on schedule check
[2024-11-28T21:18:16.786+0000] {local_task_job_runner.py:222} INFO - ::endgroup::
