[2024-11-28T03:15:10.213+0000] {local_task_job_runner.py:120} INFO - ::group::Pre task execution logs
[2024-11-28T03:15:10.272+0000] {taskinstance.py:2076} INFO - Dependencies all met for dep_context=non-requeueable deps ti=<TaskInstance: weather_data_kafka_dag.stream_data_from_apis scheduled__2024-11-28T02:00:00+00:00 [queued]>
[2024-11-28T03:15:10.287+0000] {taskinstance.py:2076} INFO - Dependencies all met for dep_context=requeueable deps ti=<TaskInstance: weather_data_kafka_dag.stream_data_from_apis scheduled__2024-11-28T02:00:00+00:00 [queued]>
[2024-11-28T03:15:10.288+0000] {taskinstance.py:2306} INFO - Starting attempt 1 of 4
[2024-11-28T03:15:10.314+0000] {taskinstance.py:2330} INFO - Executing <Task(PythonOperator): stream_data_from_apis> on 2024-11-28 02:00:00+00:00
[2024-11-28T03:15:10.323+0000] {standard_task_runner.py:90} INFO - Running: ['***', 'tasks', 'run', 'weather_data_kafka_dag', 'stream_data_from_apis', 'scheduled__2024-11-28T02:00:00+00:00', '--job-id', '7', '--raw', '--subdir', 'DAGS_FOLDER/kafka_stream.py', '--cfg-path', '/tmp/tmpi_nvejxl']
[2024-11-28T03:15:10.327+0000] {standard_task_runner.py:91} INFO - Job 7: Subtask stream_data_from_apis
[2024-11-28T03:15:10.330+0000] {logging_mixin.py:188} WARNING - /home/***/.local/lib/python3.12/site-packages/***/task/task_runner/standard_task_runner.py:62 DeprecationWarning: This process (pid=708) is multi-threaded, use of fork() may lead to deadlocks in the child.
[2024-11-28T03:15:10.331+0000] {standard_task_runner.py:64} INFO - Started process 709 to run task
[2024-11-28T03:15:10.390+0000] {task_command.py:426} INFO - Running <TaskInstance: weather_data_kafka_dag.stream_data_from_apis scheduled__2024-11-28T02:00:00+00:00 [running]> on host 72d5a2936ea4
[2024-11-28T03:15:10.509+0000] {taskinstance.py:2648} INFO - Exporting env vars: AIRFLOW_CTX_DAG_OWNER='admin' AIRFLOW_CTX_DAG_ID='weather_data_kafka_dag' AIRFLOW_CTX_TASK_ID='stream_data_from_apis' AIRFLOW_CTX_EXECUTION_DATE='2024-11-28T02:00:00+00:00' AIRFLOW_CTX_TRY_NUMBER='1' AIRFLOW_CTX_DAG_RUN_ID='scheduled__2024-11-28T02:00:00+00:00'
[2024-11-28T03:15:10.510+0000] {taskinstance.py:430} INFO - ::endgroup::
[2024-11-28T03:15:10.538+0000] {conn.py:362} INFO - <BrokerConnection node_id=bootstrap-0 host=broker:9092 <connecting> [IPv4 ('192.168.0.9', 9092)]>: connecting to broker:9092 [('192.168.0.9', 9092) IPv4]
[2024-11-28T03:15:10.539+0000] {conn.py:957} INFO - Probing node bootstrap-0 broker version
[2024-11-28T03:15:10.540+0000] {conn.py:393} INFO - <BrokerConnection node_id=bootstrap-0 host=broker:9092 <connecting> [IPv4 ('192.168.0.9', 9092)]>: Connection complete.
[2024-11-28T03:15:10.643+0000] {conn.py:1019} INFO - Broker version identified as 2.6.0
[2024-11-28T03:15:10.644+0000] {conn.py:1020} INFO - Set configuration api_version=(2, 6, 0) to skip auto check_version requests on startup
[2024-11-28T03:15:10.657+0000] {kafka_stream.py:47} ERROR - Erreur lors de la récupération des données d'OpenWeatherMap: HTTPConnectionPool(host='api.openweathermap.org', port=80): Max retries exceeded with url: /data/2.5/weather?q=Paris%2Cfr&appid=8167e2dfee0bd9f28f8eafbd9e355ad3 (Caused by NameResolutionError("<urllib3.connection.HTTPConnection object at 0x7fe30f523860>: Failed to resolve 'api.openweathermap.org' ([Errno -2] Name or service not known)"))
[2024-11-28T03:15:10.664+0000] {kafka_stream.py:71} ERROR - Erreur lors de la récupération des données d'Open-Meteo: HTTPSConnectionPool(host='api.open-meteo.com', port=443): Max retries exceeded with url: /v1/forecast?latitude=48.8566&longitude=2.3522&hourly=temperature_2m (Caused by NameResolutionError("<urllib3.connection.HTTPSConnection object at 0x7fe30f505700>: Failed to resolve 'api.open-meteo.com' ([Errno -2] Name or service not known)"))
[2024-11-28T03:15:12.136+0000] {kafka_stream.py:47} ERROR - Erreur lors de la récupération des données d'OpenWeatherMap: HTTPConnectionPool(host='api.openweathermap.org', port=80): Max retries exceeded with url: /data/2.5/weather?q=Paris%2Cfr&appid=8167e2dfee0bd9f28f8eafbd9e355ad3 (Caused by NameResolutionError("<urllib3.connection.HTTPConnection object at 0x7fe30f588560>: Failed to resolve 'api.openweathermap.org' ([Errno -2] Name or service not known)"))
[2024-11-28T03:15:12.144+0000] {kafka_stream.py:71} ERROR - Erreur lors de la récupération des données d'Open-Meteo: HTTPSConnectionPool(host='api.open-meteo.com', port=443): Max retries exceeded with url: /v1/forecast?latitude=48.8566&longitude=2.3522&hourly=temperature_2m (Caused by NameResolutionError("<urllib3.connection.HTTPSConnection object at 0x7fe30f8a7b30>: Failed to resolve 'api.open-meteo.com' ([Errno -2] Name or service not known)"))
[2024-11-28T03:15:13.575+0000] {kafka_stream.py:47} ERROR - Erreur lors de la récupération des données d'OpenWeatherMap: HTTPConnectionPool(host='api.openweathermap.org', port=80): Max retries exceeded with url: /data/2.5/weather?q=Paris%2Cfr&appid=8167e2dfee0bd9f28f8eafbd9e355ad3 (Caused by NameResolutionError("<urllib3.connection.HTTPConnection object at 0x7fe30f521d30>: Failed to resolve 'api.openweathermap.org' ([Errno -2] Name or service not known)"))
[2024-11-28T03:15:13.580+0000] {kafka_stream.py:71} ERROR - Erreur lors de la récupération des données d'Open-Meteo: HTTPSConnectionPool(host='api.open-meteo.com', port=443): Max retries exceeded with url: /v1/forecast?latitude=48.8566&longitude=2.3522&hourly=temperature_2m (Caused by NameResolutionError("<urllib3.connection.HTTPSConnection object at 0x7fe30f588320>: Failed to resolve 'api.open-meteo.com' ([Errno -2] Name or service not known)"))
[2024-11-28T03:15:14.887+0000] {kafka_stream.py:47} ERROR - Erreur lors de la récupération des données d'OpenWeatherMap: HTTPConnectionPool(host='api.openweathermap.org', port=80): Max retries exceeded with url: /data/2.5/weather?q=Paris%2Cfr&appid=8167e2dfee0bd9f28f8eafbd9e355ad3 (Caused by NameResolutionError("<urllib3.connection.HTTPConnection object at 0x7fe30f5895e0>: Failed to resolve 'api.openweathermap.org' ([Errno -2] Name or service not known)"))
[2024-11-28T03:15:14.893+0000] {kafka_stream.py:71} ERROR - Erreur lors de la récupération des données d'Open-Meteo: HTTPSConnectionPool(host='api.open-meteo.com', port=443): Max retries exceeded with url: /v1/forecast?latitude=48.8566&longitude=2.3522&hourly=temperature_2m (Caused by NameResolutionError("<urllib3.connection.HTTPSConnection object at 0x7fe30f589fa0>: Failed to resolve 'api.open-meteo.com' ([Errno -2] Name or service not known)"))
[2024-11-28T03:15:16.183+0000] {kafka_stream.py:47} ERROR - Erreur lors de la récupération des données d'OpenWeatherMap: HTTPConnectionPool(host='api.openweathermap.org', port=80): Max retries exceeded with url: /data/2.5/weather?q=Paris%2Cfr&appid=8167e2dfee0bd9f28f8eafbd9e355ad3 (Caused by NameResolutionError("<urllib3.connection.HTTPConnection object at 0x7fe30f58a930>: Failed to resolve 'api.openweathermap.org' ([Errno -2] Name or service not known)"))
[2024-11-28T03:15:16.191+0000] {kafka_stream.py:71} ERROR - Erreur lors de la récupération des données d'Open-Meteo: HTTPSConnectionPool(host='api.open-meteo.com', port=443): Max retries exceeded with url: /v1/forecast?latitude=48.8566&longitude=2.3522&hourly=temperature_2m (Caused by NameResolutionError("<urllib3.connection.HTTPSConnection object at 0x7fe30f523350>: Failed to resolve 'api.open-meteo.com' ([Errno -2] Name or service not known)"))
[2024-11-28T03:15:18.138+0000] {kafka_stream.py:47} ERROR - Erreur lors de la récupération des données d'OpenWeatherMap: HTTPConnectionPool(host='api.openweathermap.org', port=80): Max retries exceeded with url: /data/2.5/weather?q=Paris%2Cfr&appid=8167e2dfee0bd9f28f8eafbd9e355ad3 (Caused by NameResolutionError("<urllib3.connection.HTTPConnection object at 0x7fe30f58a990>: Failed to resolve 'api.openweathermap.org' ([Errno -2] Name or service not known)"))
[2024-11-28T03:15:18.143+0000] {kafka_stream.py:71} ERROR - Erreur lors de la récupération des données d'Open-Meteo: HTTPSConnectionPool(host='api.open-meteo.com', port=443): Max retries exceeded with url: /v1/forecast?latitude=48.8566&longitude=2.3522&hourly=temperature_2m (Caused by NameResolutionError("<urllib3.connection.HTTPSConnection object at 0x7fe30f589ca0>: Failed to resolve 'api.open-meteo.com' ([Errno -2] Name or service not known)"))
[2024-11-28T03:15:20.127+0000] {kafka_stream.py:47} ERROR - Erreur lors de la récupération des données d'OpenWeatherMap: HTTPConnectionPool(host='api.openweathermap.org', port=80): Max retries exceeded with url: /data/2.5/weather?q=Paris%2Cfr&appid=8167e2dfee0bd9f28f8eafbd9e355ad3 (Caused by NameResolutionError("<urllib3.connection.HTTPConnection object at 0x7fe30f589010>: Failed to resolve 'api.openweathermap.org' ([Errno -2] Name or service not known)"))
[2024-11-28T03:15:20.133+0000] {kafka_stream.py:71} ERROR - Erreur lors de la récupération des données d'Open-Meteo: HTTPSConnectionPool(host='api.open-meteo.com', port=443): Max retries exceeded with url: /v1/forecast?latitude=48.8566&longitude=2.3522&hourly=temperature_2m (Caused by NameResolutionError("<urllib3.connection.HTTPSConnection object at 0x7fe30f588ad0>: Failed to resolve 'api.open-meteo.com' ([Errno -2] Name or service not known)"))
[2024-11-28T12:46:38.067+0000] {client_async.py:956} INFO - Closing idle connection bootstrap-0, last active 34287415 ms ago
[2024-11-28T12:46:38.814+0000] {kafka_stream.py:47} ERROR - Erreur lors de la récupération des données d'OpenWeatherMap: HTTPConnectionPool(host='api.openweathermap.org', port=80): Max retries exceeded with url: /data/2.5/weather?q=Paris%2Cfr&appid=8167e2dfee0bd9f28f8eafbd9e355ad3 (Caused by NameResolutionError("<urllib3.connection.HTTPConnection object at 0x7fe30f58b7a0>: Failed to resolve 'api.openweathermap.org' ([Errno -2] Name or service not known)"))
[2024-11-28T12:46:38.837+0000] {conn.py:673} INFO - <BrokerConnection node_id=bootstrap-0 host=broker:9092 <connected> [IPv4 ('192.168.0.9', 9092)]>: Closing connection. 
[2024-11-28T12:46:38.894+0000] {conn.py:362} INFO - <BrokerConnection node_id=1 host=broker:9092 <connecting> [IPv4 ('192.168.0.9', 9092)]>: connecting to broker:9092 [('192.168.0.9', 9092) IPv4]
[2024-11-28T12:46:38.965+0000] {local_task_job_runner.py:214} ERROR - Heartbeat time limit exceeded!
[2024-11-28T12:46:39.107+0000] {local_task_job_runner.py:222} INFO - ::endgroup::
[2024-11-28T12:46:39.107+0000] {conn.py:393} INFO - <BrokerConnection node_id=1 host=broker:9092 <connecting> [IPv4 ('192.168.0.9', 9092)]>: Connection complete.
[2024-11-28T12:46:38.855+0000] {kafka_stream.py:71} ERROR - Erreur lors de la récupération des données d'Open-Meteo: HTTPSConnectionPool(host='api.open-meteo.com', port=443): Max retries exceeded with url: /v1/forecast?latitude=48.8566&longitude=2.3522&hourly=temperature_2m (Caused by NameResolutionError("<urllib3.connection.HTTPSConnection object at 0x7fe30f5239b0>: Failed to resolve 'api.open-meteo.com' ([Errno -2] Name or service not known)"))
[2024-11-28T12:46:38.873+0000] {process_utils.py:132} INFO - Sending 15 to group 709. PIDs of all processes in the group: [709]
[2024-11-28T12:46:38.874+0000] {process_utils.py:87} INFO - Sending the signal 15 to group 709
[2024-11-28T12:46:38.876+0000] {taskinstance.py:2611} ERROR - Received SIGTERM. Terminating subprocesses.
[2024-11-28T12:46:38.877+0000] {taskinstance.py:441} INFO - ::group::Post task execution logs
[2024-11-28T12:46:38.926+0000] {taskinstance.py:2905} ERROR - Task failed with exception
Traceback (most recent call last):
  File "/home/airflow/.local/lib/python3.12/site-packages/airflow/models/taskinstance.py", line 465, in _execute_task
    result = _execute_callable(context=context, **execute_callable_kwargs)
             ^^^^^^^^^^^^^^^^^^^^^^^^^^^^^^^^^^^^^^^^^^^^^^^^^^^^^^^^^^^^^
  File "/home/airflow/.local/lib/python3.12/site-packages/airflow/models/taskinstance.py", line 432, in _execute_callable
    return execute_callable(context=context, **execute_callable_kwargs)
           ^^^^^^^^^^^^^^^^^^^^^^^^^^^^^^^^^^^^^^^^^^^^^^^^^^^^^^^^^^^^
  File "/home/airflow/.local/lib/python3.12/site-packages/airflow/models/baseoperator.py", line 401, in wrapper
    return func(self, *args, **kwargs)
           ^^^^^^^^^^^^^^^^^^^^^^^^^^^
  File "/home/airflow/.local/lib/python3.12/site-packages/airflow/operators/python.py", line 235, in execute
    return_value = self.execute_callable()
                   ^^^^^^^^^^^^^^^^^^^^^^^
  File "/home/airflow/.local/lib/python3.12/site-packages/airflow/operators/python.py", line 252, in execute_callable
    return self.python_callable(*self.op_args, **self.op_kwargs)
           ^^^^^^^^^^^^^^^^^^^^^^^^^^^^^^^^^^^^^^^^^^^^^^^^^^^^^
  File "/opt/airflow/dags/kafka_stream.py", line 88, in stream_data
    time.sleep(sleep_duration)
  File "/home/airflow/.local/lib/python3.12/site-packages/airflow/models/taskinstance.py", line 2613, in signal_handler
    raise AirflowTaskTerminated("Task received SIGTERM signal")
airflow.exceptions.AirflowTaskTerminated: Task received SIGTERM signal
[2024-11-28T12:46:38.995+0000] {taskinstance.py:1206} INFO - Marking task as UP_FOR_RETRY. dag_id=weather_data_kafka_dag, task_id=stream_data_from_apis, run_id=scheduled__2024-11-28T02:00:00+00:00, execution_date=20241128T020000, start_date=20241128T031510, end_date=20241128T124638
[2024-11-28T12:46:39.209+0000] {process_utils.py:80} INFO - Process psutil.Process(pid=709, status='terminated', exitcode=2, started='03:15:09') (709) terminated with exit code 2
