[2024-11-28T13:35:24.554+0000] {local_task_job_runner.py:120} INFO - ::group::Pre task execution logs
[2024-11-28T13:35:24.602+0000] {taskinstance.py:2076} INFO - Dependencies all met for dep_context=non-requeueable deps ti=<TaskInstance: weather_data_kafka_dag.stream_data_from_apis manual__2024-11-28T13:35:22.394205+00:00 [queued]>
[2024-11-28T13:35:24.615+0000] {taskinstance.py:2076} INFO - Dependencies all met for dep_context=requeueable deps ti=<TaskInstance: weather_data_kafka_dag.stream_data_from_apis manual__2024-11-28T13:35:22.394205+00:00 [queued]>
[2024-11-28T13:35:24.623+0000] {taskinstance.py:2306} INFO - Starting attempt 1 of 4
[2024-11-28T13:35:24.643+0000] {taskinstance.py:2330} INFO - Executing <Task(PythonOperator): stream_data_from_apis> on 2024-11-28 13:35:22.394205+00:00
[2024-11-28T13:35:24.654+0000] {logging_mixin.py:188} WARNING - /home/***/.local/lib/python3.12/site-packages/***/task/task_runner/standard_task_runner.py:62 DeprecationWarning: This process (pid=9397) is multi-threaded, use of fork() may lead to deadlocks in the child.
[2024-11-28T13:35:24.656+0000] {standard_task_runner.py:64} INFO - Started process 9399 to run task
[2024-11-28T13:35:24.654+0000] {standard_task_runner.py:90} INFO - Running: ['***', 'tasks', 'run', 'weather_data_kafka_dag', 'stream_data_from_apis', 'manual__2024-11-28T13:35:22.394205+00:00', '--job-id', '102', '--raw', '--subdir', 'DAGS_FOLDER/kafka_stream.py', '--cfg-path', '/tmp/tmpbzvr6m5z']
[2024-11-28T13:35:24.657+0000] {standard_task_runner.py:91} INFO - Job 102: Subtask stream_data_from_apis
[2024-11-28T13:35:24.724+0000] {task_command.py:426} INFO - Running <TaskInstance: weather_data_kafka_dag.stream_data_from_apis manual__2024-11-28T13:35:22.394205+00:00 [running]> on host cc9ad6cea7ef
[2024-11-28T13:35:24.860+0000] {taskinstance.py:2648} INFO - Exporting env vars: AIRFLOW_CTX_DAG_OWNER='admin' AIRFLOW_CTX_DAG_ID='weather_data_kafka_dag' AIRFLOW_CTX_TASK_ID='stream_data_from_apis' AIRFLOW_CTX_EXECUTION_DATE='2024-11-28T13:35:22.394205+00:00' AIRFLOW_CTX_TRY_NUMBER='1' AIRFLOW_CTX_DAG_RUN_ID='manual__2024-11-28T13:35:22.394205+00:00'
[2024-11-28T13:35:24.863+0000] {taskinstance.py:430} INFO - ::endgroup::
[2024-11-28T13:35:24.889+0000] {conn.py:362} INFO - <BrokerConnection node_id=bootstrap-0 host=broker:9092 <connecting> [IPv4 ('172.18.0.8', 9092)]>: connecting to broker:9092 [('172.18.0.8', 9092) IPv4]
[2024-11-28T13:35:24.890+0000] {conn.py:957} INFO - Probing node bootstrap-0 broker version
[2024-11-28T13:35:24.893+0000] {conn.py:393} INFO - <BrokerConnection node_id=bootstrap-0 host=broker:9092 <connecting> [IPv4 ('172.18.0.8', 9092)]>: Connection complete.
[2024-11-28T13:35:24.999+0000] {conn.py:1019} INFO - Broker version identified as 2.6.0
[2024-11-28T13:35:25.001+0000] {conn.py:1020} INFO - Set configuration api_version=(2, 6, 0) to skip auto check_version requests on startup
[2024-11-28T13:35:25.026+0000] {kafka_stream.py:34} ERROR - Erreur lors de la lecture du fichier CSV: [Errno 2] No such file or directory: './morocco_cities.csv'
[2024-11-28T13:35:25.028+0000] {kafka_stream.py:79} ERROR - Aucune ville trouvée dans le fichier CSV.
[2024-11-28T13:35:25.031+0000] {conn.py:673} INFO - <BrokerConnection node_id=bootstrap-0 host=broker:9092 <connected> [IPv4 ('172.18.0.8', 9092)]>: Closing connection. 
[2024-11-28T13:35:25.035+0000] {python.py:237} INFO - Done. Returned value was: None
[2024-11-28T13:35:25.038+0000] {taskinstance.py:441} INFO - ::group::Post task execution logs
[2024-11-28T13:35:25.067+0000] {taskinstance.py:1206} INFO - Marking task as SUCCESS. dag_id=weather_data_kafka_dag, task_id=stream_data_from_apis, run_id=manual__2024-11-28T13:35:22.394205+00:00, execution_date=20241128T133522, start_date=20241128T133524, end_date=20241128T133525
[2024-11-28T13:35:25.154+0000] {local_task_job_runner.py:243} INFO - Task exited with return code 0
[2024-11-28T13:35:25.185+0000] {local_task_job_runner.py:222} INFO - ::endgroup::
