[2024-11-29T02:14:39.962+0000] {local_task_job_runner.py:120} INFO - ::group::Pre task execution logs
[2024-11-29T02:14:40.169+0000] {taskinstance.py:2076} INFO - Dependencies all met for dep_context=non-requeueable deps ti=<TaskInstance: weather_data_kafka_dag.stream_data_from_apis scheduled__2024-11-28T23:00:00+00:00 [queued]>
[2024-11-29T02:14:40.214+0000] {taskinstance.py:2076} INFO - Dependencies all met for dep_context=requeueable deps ti=<TaskInstance: weather_data_kafka_dag.stream_data_from_apis scheduled__2024-11-28T23:00:00+00:00 [queued]>
[2024-11-29T02:14:40.218+0000] {taskinstance.py:2306} INFO - Starting attempt 1 of 4
[2024-11-29T02:14:40.309+0000] {taskinstance.py:2330} INFO - Executing <Task(PythonOperator): stream_data_from_apis> on 2024-11-28 23:00:00+00:00
[2024-11-29T02:14:40.331+0000] {standard_task_runner.py:90} INFO - Running: ['***', 'tasks', 'run', 'weather_data_kafka_dag', 'stream_data_from_apis', 'scheduled__2024-11-28T23:00:00+00:00', '--job-id', '37', '--raw', '--subdir', 'DAGS_FOLDER/kafka_stream.py', '--cfg-path', '/tmp/tmphystzm23']
[2024-11-29T02:14:40.344+0000] {standard_task_runner.py:91} INFO - Job 37: Subtask stream_data_from_apis
[2024-11-29T02:14:40.383+0000] {logging_mixin.py:188} WARNING - /home/***/.local/lib/python3.12/site-packages/***/task/task_runner/standard_task_runner.py:62 DeprecationWarning: This process (pid=1535) is multi-threaded, use of fork() may lead to deadlocks in the child.
[2024-11-29T02:14:40.397+0000] {standard_task_runner.py:64} INFO - Started process 1549 to run task
[2024-11-29T02:14:40.730+0000] {task_command.py:426} INFO - Running <TaskInstance: weather_data_kafka_dag.stream_data_from_apis scheduled__2024-11-28T23:00:00+00:00 [running]> on host 8885fe629c2f
[2024-11-29T02:14:41.733+0000] {taskinstance.py:2648} INFO - Exporting env vars: AIRFLOW_CTX_DAG_OWNER='admin' AIRFLOW_CTX_DAG_ID='weather_data_kafka_dag' AIRFLOW_CTX_TASK_ID='stream_data_from_apis' AIRFLOW_CTX_EXECUTION_DATE='2024-11-28T23:00:00+00:00' AIRFLOW_CTX_TRY_NUMBER='1' AIRFLOW_CTX_DAG_RUN_ID='scheduled__2024-11-28T23:00:00+00:00'
[2024-11-29T02:14:41.743+0000] {taskinstance.py:430} INFO - ::endgroup::
[2024-11-29T02:14:41.821+0000] {conn.py:362} INFO - <BrokerConnection node_id=bootstrap-0 host=broker:9092 <connecting> [IPv4 ('172.23.0.9', 9092)]>: connecting to broker:9092 [('172.23.0.9', 9092) IPv4]
[2024-11-29T02:14:41.825+0000] {conn.py:957} INFO - Probing node bootstrap-0 broker version
[2024-11-29T02:14:41.829+0000] {conn.py:393} INFO - <BrokerConnection node_id=bootstrap-0 host=broker:9092 <connecting> [IPv4 ('172.23.0.9', 9092)]>: Connection complete.
[2024-11-29T02:14:41.939+0000] {conn.py:1019} INFO - Broker version identified as 2.6.0
[2024-11-29T02:14:41.940+0000] {conn.py:1020} INFO - Set configuration api_version=(2, 6, 0) to skip auto check_version requests on startup
[2024-11-29T02:14:41.996+0000] {kafka_stream.py:52} ERROR - Erreur lors de la récupération des données d'OpenWeatherMap: HTTPConnectionPool(host='api.openweathermap.org', port=80): Max retries exceeded with url: /data/2.5/weather?q=Paris%2Cfr&appid=9a9d136898d1ab286f37101b7248c88a (Caused by NameResolutionError("<urllib3.connection.HTTPConnection object at 0x7f23fda678f0>: Failed to resolve 'api.openweathermap.org' ([Errno -2] Name or service not known)"))
[2024-11-29T02:14:42.013+0000] {kafka_stream.py:76} ERROR - Erreur lors de la récupération des données d'Open-Meteo: HTTPSConnectionPool(host='api.open-meteo.com', port=443): Max retries exceeded with url: /v1/forecast?latitude=48.8566&longitude=2.3522&hourly=temperature_2m (Caused by NameResolutionError("<urllib3.connection.HTTPSConnection object at 0x7f23fd5fe420>: Failed to resolve 'api.open-meteo.com' ([Errno -2] Name or service not known)"))
[2024-11-29T02:14:42.282+0000] {kafka_stream.py:52} ERROR - Erreur lors de la récupération des données d'OpenWeatherMap: HTTPConnectionPool(host='api.openweathermap.org', port=80): Max retries exceeded with url: /data/2.5/weather?q=Paris%2Cfr&appid=9a9d136898d1ab286f37101b7248c88a (Caused by NameResolutionError("<urllib3.connection.HTTPConnection object at 0x7f24154ebd10>: Failed to resolve 'api.openweathermap.org' ([Errno -2] Name or service not known)"))
[2024-11-29T02:14:42.298+0000] {kafka_stream.py:76} ERROR - Erreur lors de la récupération des données d'Open-Meteo: HTTPSConnectionPool(host='api.open-meteo.com', port=443): Max retries exceeded with url: /v1/forecast?latitude=48.8566&longitude=2.3522&hourly=temperature_2m (Caused by NameResolutionError("<urllib3.connection.HTTPSConnection object at 0x7f23fd5fde50>: Failed to resolve 'api.open-meteo.com' ([Errno -2] Name or service not known)"))
[2024-11-29T02:14:42.677+0000] {kafka_stream.py:52} ERROR - Erreur lors de la récupération des données d'OpenWeatherMap: HTTPConnectionPool(host='api.openweathermap.org', port=80): Max retries exceeded with url: /data/2.5/weather?q=Paris%2Cfr&appid=9a9d136898d1ab286f37101b7248c88a (Caused by NameResolutionError("<urllib3.connection.HTTPConnection object at 0x7f23fd5feea0>: Failed to resolve 'api.openweathermap.org' ([Errno -2] Name or service not known)"))
[2024-11-29T02:14:42.711+0000] {kafka_stream.py:76} ERROR - Erreur lors de la récupération des données d'Open-Meteo: HTTPSConnectionPool(host='api.open-meteo.com', port=443): Max retries exceeded with url: /v1/forecast?latitude=48.8566&longitude=2.3522&hourly=temperature_2m (Caused by NameResolutionError("<urllib3.connection.HTTPSConnection object at 0x7f23fd5ff890>: Failed to resolve 'api.open-meteo.com' ([Errno -2] Name or service not known)"))
[2024-11-29T02:14:43.016+0000] {kafka_stream.py:52} ERROR - Erreur lors de la récupération des données d'OpenWeatherMap: HTTPConnectionPool(host='api.openweathermap.org', port=80): Max retries exceeded with url: /data/2.5/weather?q=Paris%2Cfr&appid=9a9d136898d1ab286f37101b7248c88a (Caused by NameResolutionError("<urllib3.connection.HTTPConnection object at 0x7f23fd650050>: Failed to resolve 'api.openweathermap.org' ([Errno -2] Name or service not known)"))
[2024-11-29T02:14:43.039+0000] {kafka_stream.py:76} ERROR - Erreur lors de la récupération des données d'Open-Meteo: HTTPSConnectionPool(host='api.open-meteo.com', port=443): Max retries exceeded with url: /v1/forecast?latitude=48.8566&longitude=2.3522&hourly=temperature_2m (Caused by NameResolutionError("<urllib3.connection.HTTPSConnection object at 0x7f23fd6508c0>: Failed to resolve 'api.open-meteo.com' ([Errno -2] Name or service not known)"))
[2024-11-29T02:14:43.354+0000] {kafka_stream.py:52} ERROR - Erreur lors de la récupération des données d'OpenWeatherMap: HTTPConnectionPool(host='api.openweathermap.org', port=80): Max retries exceeded with url: /data/2.5/weather?q=Paris%2Cfr&appid=9a9d136898d1ab286f37101b7248c88a (Caused by NameResolutionError("<urllib3.connection.HTTPConnection object at 0x7f23fd5ff530>: Failed to resolve 'api.openweathermap.org' ([Errno -2] Name or service not known)"))
[2024-11-29T02:14:43.392+0000] {kafka_stream.py:76} ERROR - Erreur lors de la récupération des données d'Open-Meteo: HTTPSConnectionPool(host='api.open-meteo.com', port=443): Max retries exceeded with url: /v1/forecast?latitude=48.8566&longitude=2.3522&hourly=temperature_2m (Caused by NameResolutionError("<urllib3.connection.HTTPSConnection object at 0x7f23fd5fec00>: Failed to resolve 'api.open-meteo.com' ([Errno -2] Name or service not known)"))
[2024-11-29T15:43:14.666+0000] {client_async.py:956} INFO - Closing idle connection bootstrap-0, last active 48512694 ms ago
[2024-11-29T15:43:14.932+0000] {conn.py:673} INFO - <BrokerConnection node_id=bootstrap-0 host=broker:9092 <connected> [IPv4 ('172.23.0.9', 9092)]>: Closing connection. 
[2024-11-29T15:43:15.286+0000] {conn.py:362} INFO - <BrokerConnection node_id=1 host=broker:9092 <connecting> [IPv4 ('172.23.0.9', 9092)]>: connecting to broker:9092 [('172.23.0.9', 9092) IPv4]
[2024-11-29T15:43:15.351+0000] {conn.py:393} INFO - <BrokerConnection node_id=1 host=broker:9092 <connecting> [IPv4 ('172.23.0.9', 9092)]>: Connection complete.
[2024-11-29T15:43:16.735+0000] {kafka_stream.py:52} ERROR - Erreur lors de la récupération des données d'OpenWeatherMap: HTTPConnectionPool(host='api.openweathermap.org', port=80): Max retries exceeded with url: /data/2.5/weather?q=Paris%2Cfr&appid=9a9d136898d1ab286f37101b7248c88a (Caused by NameResolutionError("<urllib3.connection.HTTPConnection object at 0x7f23fd5fe630>: Failed to resolve 'api.openweathermap.org' ([Errno -2] Name or service not known)"))
[2024-11-29T15:43:16.990+0000] {kafka_stream.py:76} ERROR - Erreur lors de la récupération des données d'Open-Meteo: HTTPSConnectionPool(host='api.open-meteo.com', port=443): Max retries exceeded with url: /v1/forecast?latitude=48.8566&longitude=2.3522&hourly=temperature_2m (Caused by NameResolutionError("<urllib3.connection.HTTPSConnection object at 0x7f23fd6523c0>: Failed to resolve 'api.open-meteo.com' ([Errno -2] Name or service not known)"))
[2024-11-29T15:43:17.719+0000] {python.py:237} INFO - Done. Returned value was: None
[2024-11-29T15:43:18.751+0000] {taskinstance.py:441} INFO - ::group::Post task execution logs
[2024-11-29T15:43:19.002+0000] {taskinstance.py:1206} INFO - Marking task as SUCCESS. dag_id=weather_data_kafka_dag, task_id=stream_data_from_apis, run_id=scheduled__2024-11-28T23:00:00+00:00, execution_date=20241128T230000, start_date=20241129T021440, end_date=20241129T154319
[2024-11-29T15:43:19.500+0000] {local_task_job_runner.py:243} INFO - Task exited with return code 0
[2024-11-29T15:43:19.724+0000] {taskinstance.py:3503} INFO - 2 downstream tasks scheduled from follow-on schedule check
[2024-11-29T15:43:19.815+0000] {local_task_job_runner.py:222} INFO - ::endgroup::
